[2023-01-28 03:34:52,580] {taskinstance.py:1032} INFO - Dependencies all met for <TaskInstance: data_ingestion_gcs_dag.local_to_gcs_task scheduled__2019-04-01T00:00:00+00:00 [queued]>
[2023-01-28 03:34:52,592] {taskinstance.py:1032} INFO - Dependencies all met for <TaskInstance: data_ingestion_gcs_dag.local_to_gcs_task scheduled__2019-04-01T00:00:00+00:00 [queued]>
[2023-01-28 03:34:52,595] {taskinstance.py:1238} INFO - 
--------------------------------------------------------------------------------
[2023-01-28 03:34:52,599] {taskinstance.py:1239} INFO - Starting attempt 2 of 3
[2023-01-28 03:34:52,600] {taskinstance.py:1240} INFO - 
--------------------------------------------------------------------------------
[2023-01-28 03:34:52,612] {taskinstance.py:1259} INFO - Executing <Task(PythonOperator): local_to_gcs_task> on 2019-04-01 00:00:00+00:00
[2023-01-28 03:34:52,618] {standard_task_runner.py:52} INFO - Started process 19265 to run task
[2023-01-28 03:34:52,624] {standard_task_runner.py:76} INFO - Running: ['***', 'tasks', 'run', 'data_ingestion_gcs_dag', 'local_to_gcs_task', 'scheduled__2019-04-01T00:00:00+00:00', '--job-id', '127', '--raw', '--subdir', 'DAGS_FOLDER/data_ingestion_gcs_dag.py', '--cfg-path', '/tmp/tmp_7xy6fsi', '--error-file', '/tmp/tmpsuhjag5c']
[2023-01-28 03:34:52,625] {standard_task_runner.py:77} INFO - Job 127: Subtask local_to_gcs_task
[2023-01-28 03:34:52,696] {logging_mixin.py:109} INFO - Running <TaskInstance: data_ingestion_gcs_dag.local_to_gcs_task scheduled__2019-04-01T00:00:00+00:00 [running]> on host adbf820de9e6
[2023-01-28 03:34:52,762] {logging_mixin.py:109} WARNING - /home/***/.local/lib/python3.7/site-packages/***/utils/context.py:152 AirflowContextDeprecationWarning: Accessing 'execution_date' from the template is deprecated and will be removed in a future version. Please use 'data_interval_start' or 'logical_date' instead.
[2023-01-28 03:34:52,791] {taskinstance.py:1426} INFO - Exporting the following env vars:
AIRFLOW_CTX_DAG_OWNER=***
AIRFLOW_CTX_DAG_ID=data_ingestion_gcs_dag
AIRFLOW_CTX_TASK_ID=local_to_gcs_task
AIRFLOW_CTX_EXECUTION_DATE=2019-04-01T00:00:00+00:00
AIRFLOW_CTX_DAG_RUN_ID=scheduled__2019-04-01T00:00:00+00:00
[2023-01-28 03:35:06,970] {python.py:175} INFO - Done. Returned value was: None
[2023-01-28 03:35:06,985] {taskinstance.py:1277} INFO - Marking task as SUCCESS. dag_id=data_ingestion_gcs_dag, task_id=local_to_gcs_task, execution_date=20190401T000000, start_date=20230128T033452, end_date=20230128T033506
[2023-01-28 03:35:07,035] {local_task_job.py:154} INFO - Task exited with return code 0
[2023-01-28 03:35:07,073] {local_task_job.py:264} INFO - 1 downstream tasks scheduled from follow-on schedule check
