[2023-01-24 01:03:11,646] {taskinstance.py:1032} INFO - Dependencies all met for <TaskInstance: LocalIngestionDag.ingest scheduled__2021-05-02T06:00:00+00:00 [queued]>
[2023-01-24 01:03:11,697] {taskinstance.py:1032} INFO - Dependencies all met for <TaskInstance: LocalIngestionDag.ingest scheduled__2021-05-02T06:00:00+00:00 [queued]>
[2023-01-24 01:03:11,698] {taskinstance.py:1238} INFO - 
--------------------------------------------------------------------------------
[2023-01-24 01:03:11,698] {taskinstance.py:1239} INFO - Starting attempt 1 of 1
[2023-01-24 01:03:11,698] {taskinstance.py:1240} INFO - 
--------------------------------------------------------------------------------
[2023-01-24 01:03:11,728] {taskinstance.py:1259} INFO - Executing <Task(BashOperator): ingest> on 2021-05-02 06:00:00+00:00
[2023-01-24 01:03:11,734] {standard_task_runner.py:52} INFO - Started process 750 to run task
[2023-01-24 01:03:11,752] {standard_task_runner.py:76} INFO - Running: ['***', 'tasks', 'run', 'LocalIngestionDag', 'ingest', 'scheduled__2021-05-02T06:00:00+00:00', '--job-id', '18', '--raw', '--subdir', 'DAGS_FOLDER/data_ingestion_local.py', '--cfg-path', '/tmp/tmpikptmx9l', '--error-file', '/tmp/tmptkm3htsr']
[2023-01-24 01:03:11,755] {standard_task_runner.py:77} INFO - Job 18: Subtask ingest
[2023-01-24 01:03:11,937] {logging_mixin.py:109} INFO - Running <TaskInstance: LocalIngestionDag.ingest scheduled__2021-05-02T06:00:00+00:00 [running]> on host 6018d13d82e3
[2023-01-24 01:03:12,040] {taskinstance.py:1426} INFO - Exporting the following env vars:
AIRFLOW_CTX_DAG_OWNER=***
AIRFLOW_CTX_DAG_ID=LocalIngestionDag
AIRFLOW_CTX_TASK_ID=ingest
AIRFLOW_CTX_EXECUTION_DATE=2021-05-02T06:00:00+00:00
AIRFLOW_CTX_DAG_RUN_ID=scheduled__2021-05-02T06:00:00+00:00
[2023-01-24 01:03:12,041] {subprocess.py:62} INFO - Tmp dir root location: 
 /tmp
[2023-01-24 01:03:12,042] {subprocess.py:74} INFO - Running command: ['bash', '-c', 'echo "hello world"']
[2023-01-24 01:03:12,055] {subprocess.py:85} INFO - Output:
[2023-01-24 01:03:12,057] {subprocess.py:89} INFO - hello world
[2023-01-24 01:03:12,058] {subprocess.py:93} INFO - Command exited with return code 0
[2023-01-24 01:03:12,092] {taskinstance.py:1277} INFO - Marking task as SUCCESS. dag_id=LocalIngestionDag, task_id=ingest, execution_date=20210502T060000, start_date=20230124T010311, end_date=20230124T010312
[2023-01-24 01:03:12,146] {local_task_job.py:154} INFO - Task exited with return code 0
[2023-01-24 01:03:12,195] {local_task_job.py:264} INFO - 0 downstream tasks scheduled from follow-on schedule check
