[2023-01-24 09:27:55,574] {taskinstance.py:1032} INFO - Dependencies all met for <TaskInstance: LocalIngestionDag.ingest scheduled__2021-05-02T06:00:00+00:00 [queued]>
[2023-01-24 09:27:55,587] {taskinstance.py:1032} INFO - Dependencies all met for <TaskInstance: LocalIngestionDag.ingest scheduled__2021-05-02T06:00:00+00:00 [queued]>
[2023-01-24 09:27:55,587] {taskinstance.py:1238} INFO - 
--------------------------------------------------------------------------------
[2023-01-24 09:27:55,587] {taskinstance.py:1239} INFO - Starting attempt 4 of 4
[2023-01-24 09:27:55,587] {taskinstance.py:1240} INFO - 
--------------------------------------------------------------------------------
[2023-01-24 09:27:55,603] {taskinstance.py:1259} INFO - Executing <Task(PythonOperator): ingest> on 2021-05-02 06:00:00+00:00
[2023-01-24 09:27:55,611] {standard_task_runner.py:52} INFO - Started process 2313 to run task
[2023-01-24 09:27:55,617] {standard_task_runner.py:76} INFO - Running: ['***', 'tasks', 'run', 'LocalIngestionDag', 'ingest', 'scheduled__2021-05-02T06:00:00+00:00', '--job-id', '114', '--raw', '--subdir', 'DAGS_FOLDER/data_ingestion_local.py', '--cfg-path', '/tmp/tmppm2wgv9k', '--error-file', '/tmp/tmp_q0iqpeo']
[2023-01-24 09:27:55,618] {standard_task_runner.py:77} INFO - Job 114: Subtask ingest
[2023-01-24 09:27:55,700] {logging_mixin.py:109} INFO - Running <TaskInstance: LocalIngestionDag.ingest scheduled__2021-05-02T06:00:00+00:00 [running]> on host 7e31e7c7b196
[2023-01-24 09:27:55,793] {logging_mixin.py:109} WARNING - /home/***/.local/lib/python3.7/site-packages/***/utils/context.py:152 AirflowContextDeprecationWarning: Accessing 'execution_date' from the template is deprecated and will be removed in a future version. Please use 'data_interval_start' or 'logical_date' instead.
[2023-01-24 09:27:55,820] {taskinstance.py:1426} INFO - Exporting the following env vars:
AIRFLOW_CTX_DAG_OWNER=***
AIRFLOW_CTX_DAG_ID=LocalIngestionDag
AIRFLOW_CTX_TASK_ID=ingest
AIRFLOW_CTX_EXECUTION_DATE=2021-05-02T06:00:00+00:00
AIRFLOW_CTX_DAG_RUN_ID=scheduled__2021-05-02T06:00:00+00:00
[2023-01-24 09:27:55,821] {logging_mixin.py:109} INFO - yellow_taxi_2021_05 /opt/***/yellow_tripdata_2021-05.csv
[2023-01-24 09:27:55,832] {logging_mixin.py:109} INFO - Connection established...
[2023-01-24 09:28:31,419] {logging_mixin.py:109} INFO - Inserted first chunk, took 35.587 second
[2023-01-24 09:29:05,671] {logging_mixin.py:109} INFO - Inserted another chunk, took 34.251 second
[2023-01-24 09:29:40,916] {logging_mixin.py:109} INFO - Inserted another chunk, took 35.245 second
[2023-01-24 09:30:14,250] {logging_mixin.py:109} INFO - Inserted another chunk, took 33.333 second
[2023-01-24 09:30:48,425] {logging_mixin.py:109} INFO - Inserted another chunk, took 34.175 second
[2023-01-24 09:31:22,656] {logging_mixin.py:109} INFO - Inserted another chunk, took 34.230 second
[2023-01-24 09:31:58,267] {logging_mixin.py:109} INFO - Inserted another chunk, took 35.611 second
[2023-01-24 09:32:32,160] {logging_mixin.py:109} INFO - Inserted another chunk, took 33.893 second
[2023-01-24 09:33:06,719] {logging_mixin.py:109} INFO - Inserted another chunk, took 34.558 second
[2023-01-24 09:33:40,686] {logging_mixin.py:109} INFO - Inserted another chunk, took 33.967 second
[2023-01-24 09:34:16,596] {logging_mixin.py:109} INFO - Inserted another chunk, took 35.910 second
[2023-01-24 09:34:50,725] {logging_mixin.py:109} INFO - Inserted another chunk, took 34.128 second
[2023-01-24 09:35:25,752] {logging_mixin.py:109} INFO - Inserted another chunk, took 35.027 second
[2023-01-24 09:36:00,106] {logging_mixin.py:109} INFO - Inserted another chunk, took 34.353 second
[2023-01-24 09:36:35,799] {logging_mixin.py:109} INFO - Inserted another chunk, took 35.692 second
[2023-01-24 09:37:09,402] {logging_mixin.py:109} INFO - Inserted another chunk, took 33.603 second
[2023-01-24 09:37:44,703] {logging_mixin.py:109} INFO - Inserted another chunk, took 35.300 second
[2023-01-24 09:38:18,088] {logging_mixin.py:109} INFO - Inserted another chunk, took 33.385 second
[2023-01-24 09:38:53,054] {logging_mixin.py:109} INFO - Inserted another chunk, took 34.966 second
[2023-01-24 09:39:27,682] {logging_mixin.py:109} INFO - Inserted another chunk, took 34.627 second
[2023-01-24 09:40:03,155] {logging_mixin.py:109} INFO - Inserted another chunk, took 35.472 second
[2023-01-24 09:40:54,644] {logging_mixin.py:109} INFO - Inserted another chunk, took 51.488 second
[2023-01-24 09:41:25,031] {logging_mixin.py:109} INFO - Inserted another chunk, took 30.386 second
[2023-01-24 09:41:25,288] {logging_mixin.py:109} WARNING - /home/***/.local/lib/python3.7/site-packages/***/operators/python.py:174 DtypeWarning: Columns (6) have mixed types.Specify dtype option on import or set low_memory=False.
[2023-01-24 09:41:55,302] {logging_mixin.py:109} INFO - Inserted another chunk, took 30.271 second
[2023-01-24 09:42:24,402] {logging_mixin.py:109} INFO - Inserted another chunk, took 29.100 second
[2023-01-24 09:42:26,414] {logging_mixin.py:109} INFO - Inserted another chunk, took 2.011 second
[2023-01-24 09:42:26,414] {logging_mixin.py:109} INFO - Finished ingesting data into the postgres database
[2023-01-24 09:42:26,415] {python.py:175} INFO - Done. Returned value was: None
[2023-01-24 09:42:26,430] {taskinstance.py:1277} INFO - Marking task as SUCCESS. dag_id=LocalIngestionDag, task_id=ingest, execution_date=20210502T060000, start_date=20230124T092755, end_date=20230124T094226
[2023-01-24 09:42:26,485] {local_task_job.py:154} INFO - Task exited with return code 0
[2023-01-24 09:42:26,526] {local_task_job.py:264} INFO - 0 downstream tasks scheduled from follow-on schedule check
