[2023-01-22 09:07:49,694] {taskinstance.py:1032} INFO - Dependencies all met for <TaskInstance: data_ingestion_gcs_dag.download_dataset_task manual__2023-01-22T09:07:48.116565+00:00 [queued]>
[2023-01-22 09:07:49,710] {taskinstance.py:1032} INFO - Dependencies all met for <TaskInstance: data_ingestion_gcs_dag.download_dataset_task manual__2023-01-22T09:07:48.116565+00:00 [queued]>
[2023-01-22 09:07:49,712] {taskinstance.py:1238} INFO - 
--------------------------------------------------------------------------------
[2023-01-22 09:07:49,714] {taskinstance.py:1239} INFO - Starting attempt 1 of 2
[2023-01-22 09:07:49,715] {taskinstance.py:1240} INFO - 
--------------------------------------------------------------------------------
[2023-01-22 09:07:49,732] {taskinstance.py:1259} INFO - Executing <Task(BashOperator): download_dataset_task> on 2023-01-22 09:07:48.116565+00:00
[2023-01-22 09:07:49,741] {standard_task_runner.py:52} INFO - Started process 288 to run task
[2023-01-22 09:07:49,747] {standard_task_runner.py:76} INFO - Running: ['***', 'tasks', 'run', 'data_ingestion_gcs_dag', 'download_dataset_task', 'manual__2023-01-22T09:07:48.116565+00:00', '--job-id', '21', '--raw', '--subdir', 'DAGS_FOLDER/data_ingestion_gcs_dag.py', '--cfg-path', '/tmp/tmpc618wcrg', '--error-file', '/tmp/tmpty7ewq2p']
[2023-01-22 09:07:49,750] {standard_task_runner.py:77} INFO - Job 21: Subtask download_dataset_task
[2023-01-22 09:07:49,819] {logging_mixin.py:109} INFO - Running <TaskInstance: data_ingestion_gcs_dag.download_dataset_task manual__2023-01-22T09:07:48.116565+00:00 [running]> on host 5926dcc94fda
[2023-01-22 09:07:49,878] {taskinstance.py:1426} INFO - Exporting the following env vars:
AIRFLOW_CTX_DAG_OWNER=***
AIRFLOW_CTX_DAG_ID=data_ingestion_gcs_dag
AIRFLOW_CTX_TASK_ID=download_dataset_task
AIRFLOW_CTX_EXECUTION_DATE=2023-01-22T09:07:48.116565+00:00
AIRFLOW_CTX_DAG_RUN_ID=manual__2023-01-22T09:07:48.116565+00:00
[2023-01-22 09:07:49,882] {subprocess.py:62} INFO - Tmp dir root location: 
 /tmp
[2023-01-22 09:07:49,884] {subprocess.py:74} INFO - Running command: ['bash', '-c', 'curl -sSL https://s3.amazonaws.com/nyc-tlc/trip+data/yellow_tripdata_2021-01.csv > /opt/***/yellow_tripdata_2021-01.csv']
[2023-01-22 09:07:49,897] {subprocess.py:85} INFO - Output:
[2023-01-22 09:07:50,975] {subprocess.py:93} INFO - Command exited with return code 0
[2023-01-22 09:07:51,010] {taskinstance.py:1277} INFO - Marking task as SUCCESS. dag_id=data_ingestion_gcs_dag, task_id=download_dataset_task, execution_date=20230122T090748, start_date=20230122T090749, end_date=20230122T090751
[2023-01-22 09:07:51,054] {local_task_job.py:154} INFO - Task exited with return code 0
[2023-01-22 09:07:51,100] {local_task_job.py:264} INFO - 1 downstream tasks scheduled from follow-on schedule check
