[2023-01-24 01:03:22,875] {taskinstance.py:1032} INFO - Dependencies all met for <TaskInstance: LocalIngestionDag.ingest scheduled__2022-06-02T06:00:00+00:00 [queued]>
[2023-01-24 01:03:22,896] {taskinstance.py:1032} INFO - Dependencies all met for <TaskInstance: LocalIngestionDag.ingest scheduled__2022-06-02T06:00:00+00:00 [queued]>
[2023-01-24 01:03:22,897] {taskinstance.py:1238} INFO - 
--------------------------------------------------------------------------------
[2023-01-24 01:03:22,898] {taskinstance.py:1239} INFO - Starting attempt 1 of 1
[2023-01-24 01:03:22,899] {taskinstance.py:1240} INFO - 
--------------------------------------------------------------------------------
[2023-01-24 01:03:22,943] {taskinstance.py:1259} INFO - Executing <Task(BashOperator): ingest> on 2022-06-02 06:00:00+00:00
[2023-01-24 01:03:22,951] {standard_task_runner.py:52} INFO - Started process 843 to run task
[2023-01-24 01:03:22,977] {standard_task_runner.py:76} INFO - Running: ['***', 'tasks', 'run', 'LocalIngestionDag', 'ingest', 'scheduled__2022-06-02T06:00:00+00:00', '--job-id', '45', '--raw', '--subdir', 'DAGS_FOLDER/data_ingestion_local.py', '--cfg-path', '/tmp/tmpzroswzoe', '--error-file', '/tmp/tmp5a05oalf']
[2023-01-24 01:03:22,989] {standard_task_runner.py:77} INFO - Job 45: Subtask ingest
[2023-01-24 01:03:23,189] {logging_mixin.py:109} INFO - Running <TaskInstance: LocalIngestionDag.ingest scheduled__2022-06-02T06:00:00+00:00 [running]> on host 6018d13d82e3
[2023-01-24 01:03:23,381] {taskinstance.py:1426} INFO - Exporting the following env vars:
AIRFLOW_CTX_DAG_OWNER=***
AIRFLOW_CTX_DAG_ID=LocalIngestionDag
AIRFLOW_CTX_TASK_ID=ingest
AIRFLOW_CTX_EXECUTION_DATE=2022-06-02T06:00:00+00:00
AIRFLOW_CTX_DAG_RUN_ID=scheduled__2022-06-02T06:00:00+00:00
[2023-01-24 01:03:23,383] {subprocess.py:62} INFO - Tmp dir root location: 
 /tmp
[2023-01-24 01:03:23,387] {subprocess.py:74} INFO - Running command: ['bash', '-c', 'echo "hello world"']
[2023-01-24 01:03:23,401] {subprocess.py:85} INFO - Output:
[2023-01-24 01:03:23,406] {subprocess.py:89} INFO - hello world
[2023-01-24 01:03:23,407] {subprocess.py:93} INFO - Command exited with return code 0
[2023-01-24 01:03:23,462] {taskinstance.py:1277} INFO - Marking task as SUCCESS. dag_id=LocalIngestionDag, task_id=ingest, execution_date=20220602T060000, start_date=20230124T010322, end_date=20230124T010323
[2023-01-24 01:03:23,544] {local_task_job.py:154} INFO - Task exited with return code 0
[2023-01-24 01:03:23,619] {local_task_job.py:264} INFO - 0 downstream tasks scheduled from follow-on schedule check
