[2023-01-28 01:06:50,175] {taskinstance.py:1032} INFO - Dependencies all met for <TaskInstance: data_ingestion_gcs_dag.download_dataset_task scheduled__2019-07-01T00:00:00+00:00 [queued]>
[2023-01-28 01:06:50,185] {taskinstance.py:1032} INFO - Dependencies all met for <TaskInstance: data_ingestion_gcs_dag.download_dataset_task scheduled__2019-07-01T00:00:00+00:00 [queued]>
[2023-01-28 01:06:50,186] {taskinstance.py:1238} INFO - 
--------------------------------------------------------------------------------
[2023-01-28 01:06:50,187] {taskinstance.py:1239} INFO - Starting attempt 1 of 2
[2023-01-28 01:06:50,188] {taskinstance.py:1240} INFO - 
--------------------------------------------------------------------------------
[2023-01-28 01:06:50,200] {taskinstance.py:1259} INFO - Executing <Task(BashOperator): download_dataset_task> on 2019-07-01 00:00:00+00:00
[2023-01-28 01:06:50,205] {standard_task_runner.py:52} INFO - Started process 2092 to run task
[2023-01-28 01:06:50,215] {standard_task_runner.py:76} INFO - Running: ['***', 'tasks', 'run', 'data_ingestion_gcs_dag', 'download_dataset_task', 'scheduled__2019-07-01T00:00:00+00:00', '--job-id', '88', '--raw', '--subdir', 'DAGS_FOLDER/data_ingestion_gcs_dag.py', '--cfg-path', '/tmp/tmpsz1f5x0n', '--error-file', '/tmp/tmpa48hx20m']
[2023-01-28 01:06:50,217] {standard_task_runner.py:77} INFO - Job 88: Subtask download_dataset_task
[2023-01-28 01:06:50,286] {logging_mixin.py:109} INFO - Running <TaskInstance: data_ingestion_gcs_dag.download_dataset_task scheduled__2019-07-01T00:00:00+00:00 [running]> on host adbf820de9e6
[2023-01-28 01:06:50,347] {logging_mixin.py:109} WARNING - /home/***/.local/lib/python3.7/site-packages/***/utils/context.py:152 AirflowContextDeprecationWarning: Accessing 'execution_date' from the template is deprecated and will be removed in a future version. Please use 'data_interval_start' or 'logical_date' instead.
[2023-01-28 01:06:50,371] {taskinstance.py:1426} INFO - Exporting the following env vars:
AIRFLOW_CTX_DAG_OWNER=***
AIRFLOW_CTX_DAG_ID=data_ingestion_gcs_dag
AIRFLOW_CTX_TASK_ID=download_dataset_task
AIRFLOW_CTX_EXECUTION_DATE=2019-07-01T00:00:00+00:00
AIRFLOW_CTX_DAG_RUN_ID=scheduled__2019-07-01T00:00:00+00:00
[2023-01-28 01:06:50,374] {subprocess.py:62} INFO - Tmp dir root location: 
 /tmp
[2023-01-28 01:06:50,375] {subprocess.py:74} INFO - Running command: ['bash', '-c', 'curl -sSL https://d37ci6vzurychx.cloudfront.net/trip-data/yellow_tripdata_2019-07.parquet > /opt/***/yellow_tripdata_2019-07.parquet']
[2023-01-28 01:06:50,389] {subprocess.py:85} INFO - Output:
[2023-01-28 01:07:21,097] {subprocess.py:93} INFO - Command exited with return code 0
[2023-01-28 01:07:21,123] {taskinstance.py:1277} INFO - Marking task as SUCCESS. dag_id=data_ingestion_gcs_dag, task_id=download_dataset_task, execution_date=20190701T000000, start_date=20230128T010650, end_date=20230128T010721
[2023-01-28 01:07:21,178] {local_task_job.py:154} INFO - Task exited with return code 0
[2023-01-28 01:07:21,219] {local_task_job.py:264} INFO - 1 downstream tasks scheduled from follow-on schedule check
[2023-01-29 12:44:05,047] {taskinstance.py:1032} INFO - Dependencies all met for <TaskInstance: data_ingestion_gcs_dag.download_dataset_task scheduled__2019-07-01T00:00:00+00:00 [queued]>
[2023-01-29 12:44:05,061] {taskinstance.py:1032} INFO - Dependencies all met for <TaskInstance: data_ingestion_gcs_dag.download_dataset_task scheduled__2019-07-01T00:00:00+00:00 [queued]>
[2023-01-29 12:44:05,062] {taskinstance.py:1238} INFO - 
--------------------------------------------------------------------------------
[2023-01-29 12:44:05,063] {taskinstance.py:1239} INFO - Starting attempt 1 of 2
[2023-01-29 12:44:05,063] {taskinstance.py:1240} INFO - 
--------------------------------------------------------------------------------
[2023-01-29 12:44:05,076] {taskinstance.py:1259} INFO - Executing <Task(BashOperator): download_dataset_task> on 2019-07-01 00:00:00+00:00
[2023-01-29 12:44:05,082] {standard_task_runner.py:52} INFO - Started process 7097 to run task
[2023-01-29 12:44:05,086] {standard_task_runner.py:76} INFO - Running: ['***', 'tasks', 'run', 'data_ingestion_gcs_dag', 'download_dataset_task', 'scheduled__2019-07-01T00:00:00+00:00', '--job-id', '404', '--raw', '--subdir', 'DAGS_FOLDER/data_ingestion_gcs_dag.py', '--cfg-path', '/tmp/tmp0l1nun_u', '--error-file', '/tmp/tmpo_vcped_']
[2023-01-29 12:44:05,088] {standard_task_runner.py:77} INFO - Job 404: Subtask download_dataset_task
[2023-01-29 12:44:05,160] {logging_mixin.py:109} INFO - Running <TaskInstance: data_ingestion_gcs_dag.download_dataset_task scheduled__2019-07-01T00:00:00+00:00 [running]> on host 2530f37057aa
[2023-01-29 12:44:05,213] {logging_mixin.py:109} WARNING - /home/***/.local/lib/python3.7/site-packages/***/utils/context.py:152 AirflowContextDeprecationWarning: Accessing 'execution_date' from the template is deprecated and will be removed in a future version. Please use 'data_interval_start' or 'logical_date' instead.
[2023-01-29 12:44:05,241] {taskinstance.py:1426} INFO - Exporting the following env vars:
AIRFLOW_CTX_DAG_OWNER=***
AIRFLOW_CTX_DAG_ID=data_ingestion_gcs_dag
AIRFLOW_CTX_TASK_ID=download_dataset_task
AIRFLOW_CTX_EXECUTION_DATE=2019-07-01T00:00:00+00:00
AIRFLOW_CTX_DAG_RUN_ID=scheduled__2019-07-01T00:00:00+00:00
[2023-01-29 12:44:05,244] {subprocess.py:62} INFO - Tmp dir root location: 
 /tmp
[2023-01-29 12:44:05,246] {subprocess.py:74} INFO - Running command: ['bash', '-c', 'curl -sSL https://d37ci6vzurychx.cloudfront.net/trip-data/fhv_tripdata_2019-07.parquet > /opt/***/fhv_tripdata_2019-07.parquet']
[2023-01-29 12:44:05,262] {subprocess.py:85} INFO - Output:
[2023-01-29 12:44:11,872] {subprocess.py:93} INFO - Command exited with return code 0
[2023-01-29 12:44:11,910] {taskinstance.py:1277} INFO - Marking task as SUCCESS. dag_id=data_ingestion_gcs_dag, task_id=download_dataset_task, execution_date=20190701T000000, start_date=20230129T124405, end_date=20230129T124411
[2023-01-29 12:44:11,980] {local_task_job.py:154} INFO - Task exited with return code 0
[2023-01-29 12:44:12,030] {local_task_job.py:264} INFO - 1 downstream tasks scheduled from follow-on schedule check
