[2023-01-22 09:36:42,616] {taskinstance.py:1032} INFO - Dependencies all met for <TaskInstance: data_ingestion_gcs_dag.download_dataset_task manual__2023-01-22T09:36:40.382152+00:00 [queued]>
[2023-01-22 09:36:42,630] {taskinstance.py:1032} INFO - Dependencies all met for <TaskInstance: data_ingestion_gcs_dag.download_dataset_task manual__2023-01-22T09:36:40.382152+00:00 [queued]>
[2023-01-22 09:36:42,632] {taskinstance.py:1238} INFO - 
--------------------------------------------------------------------------------
[2023-01-22 09:36:42,634] {taskinstance.py:1239} INFO - Starting attempt 1 of 2
[2023-01-22 09:36:42,637] {taskinstance.py:1240} INFO - 
--------------------------------------------------------------------------------
[2023-01-22 09:36:42,657] {taskinstance.py:1259} INFO - Executing <Task(BashOperator): download_dataset_task> on 2023-01-22 09:36:40.382152+00:00
[2023-01-22 09:36:42,666] {standard_task_runner.py:52} INFO - Started process 257 to run task
[2023-01-22 09:36:42,676] {standard_task_runner.py:76} INFO - Running: ['***', 'tasks', 'run', 'data_ingestion_gcs_dag', 'download_dataset_task', 'manual__2023-01-22T09:36:40.382152+00:00', '--job-id', '36', '--raw', '--subdir', 'DAGS_FOLDER/data_ingestion_gcs_dag.py', '--cfg-path', '/tmp/tmp1u4_kbj8', '--error-file', '/tmp/tmpt4gdkm0q']
[2023-01-22 09:36:42,687] {standard_task_runner.py:77} INFO - Job 36: Subtask download_dataset_task
[2023-01-22 09:36:42,760] {logging_mixin.py:109} INFO - Running <TaskInstance: data_ingestion_gcs_dag.download_dataset_task manual__2023-01-22T09:36:40.382152+00:00 [running]> on host a0e75fa915af
[2023-01-22 09:36:42,830] {taskinstance.py:1426} INFO - Exporting the following env vars:
AIRFLOW_CTX_DAG_OWNER=***
AIRFLOW_CTX_DAG_ID=data_ingestion_gcs_dag
AIRFLOW_CTX_TASK_ID=download_dataset_task
AIRFLOW_CTX_EXECUTION_DATE=2023-01-22T09:36:40.382152+00:00
AIRFLOW_CTX_DAG_RUN_ID=manual__2023-01-22T09:36:40.382152+00:00
[2023-01-22 09:36:42,833] {subprocess.py:62} INFO - Tmp dir root location: 
 /tmp
[2023-01-22 09:36:42,835] {subprocess.py:74} INFO - Running command: ['bash', '-c', 'curl -sSL https://s3.amazonaws.com/nyc-tlc/trip+data/yellow_tripdata_2021-01.csv > /opt/***/yellow_tripdata_2021-01.csv']
[2023-01-22 09:36:42,851] {subprocess.py:85} INFO - Output:
[2023-01-22 09:36:43,989] {subprocess.py:93} INFO - Command exited with return code 0
[2023-01-22 09:36:44,019] {taskinstance.py:1277} INFO - Marking task as SUCCESS. dag_id=data_ingestion_gcs_dag, task_id=download_dataset_task, execution_date=20230122T093640, start_date=20230122T093642, end_date=20230122T093644
[2023-01-22 09:36:44,079] {local_task_job.py:154} INFO - Task exited with return code 0
[2023-01-22 09:36:44,121] {local_task_job.py:264} INFO - 1 downstream tasks scheduled from follow-on schedule check
