[2023-01-28 04:34:03,595] {taskinstance.py:1032} INFO - Dependencies all met for <TaskInstance: data_ingestion_fhv_dag.bq_fhv_external_table_task scheduled__2019-12-01T00:00:00+00:00 [queued]>
[2023-01-28 04:34:03,614] {taskinstance.py:1032} INFO - Dependencies all met for <TaskInstance: data_ingestion_fhv_dag.bq_fhv_external_table_task scheduled__2019-12-01T00:00:00+00:00 [queued]>
[2023-01-28 04:34:03,616] {taskinstance.py:1238} INFO - 
--------------------------------------------------------------------------------
[2023-01-28 04:34:03,618] {taskinstance.py:1239} INFO - Starting attempt 1 of 2
[2023-01-28 04:34:03,620] {taskinstance.py:1240} INFO - 
--------------------------------------------------------------------------------
[2023-01-28 04:34:03,636] {taskinstance.py:1259} INFO - Executing <Task(BigQueryCreateExternalTableOperator): bq_fhv_external_table_task> on 2019-12-01 00:00:00+00:00
[2023-01-28 04:34:03,644] {standard_task_runner.py:52} INFO - Started process 26843 to run task
[2023-01-28 04:34:03,650] {standard_task_runner.py:76} INFO - Running: ['***', 'tasks', 'run', 'data_ingestion_fhv_dag', 'bq_fhv_external_table_task', 'scheduled__2019-12-01T00:00:00+00:00', '--job-id', '239', '--raw', '--subdir', 'DAGS_FOLDER/data_ingestion_fhv_dag.py', '--cfg-path', '/tmp/tmp__j09_0l', '--error-file', '/tmp/tmptoc39x9e']
[2023-01-28 04:34:03,652] {standard_task_runner.py:77} INFO - Job 239: Subtask bq_fhv_external_table_task
[2023-01-28 04:34:03,753] {logging_mixin.py:109} INFO - Running <TaskInstance: data_ingestion_fhv_dag.bq_fhv_external_table_task scheduled__2019-12-01T00:00:00+00:00 [running]> on host adbf820de9e6
[2023-01-28 04:34:03,818] {logging_mixin.py:109} WARNING - /home/***/.local/lib/python3.7/site-packages/***/utils/context.py:152 AirflowContextDeprecationWarning: Accessing 'execution_date' from the template is deprecated and will be removed in a future version. Please use 'data_interval_start' or 'logical_date' instead.
[2023-01-28 04:34:03,854] {taskinstance.py:1426} INFO - Exporting the following env vars:
AIRFLOW_CTX_DAG_OWNER=***
AIRFLOW_CTX_DAG_ID=data_ingestion_fhv_dag
AIRFLOW_CTX_TASK_ID=bq_fhv_external_table_task
AIRFLOW_CTX_EXECUTION_DATE=2019-12-01T00:00:00+00:00
AIRFLOW_CTX_DAG_RUN_ID=scheduled__2019-12-01T00:00:00+00:00
[2023-01-28 04:34:03,857] {crypto.py:82} WARNING - empty cryptography key - values will not be stored encrypted.
[2023-01-28 04:34:04,758] {taskinstance.py:1277} INFO - Marking task as SUCCESS. dag_id=data_ingestion_fhv_dag, task_id=bq_fhv_external_table_task, execution_date=20191201T000000, start_date=20230128T043403, end_date=20230128T043404
[2023-01-28 04:34:04,793] {local_task_job.py:154} INFO - Task exited with return code 0
[2023-01-28 04:34:04,831] {local_task_job.py:264} INFO - 0 downstream tasks scheduled from follow-on schedule check
[2023-01-29 13:29:47,435] {taskinstance.py:1032} INFO - Dependencies all met for <TaskInstance: data_ingestion_fhv_dag.bq_fhv_external_table_task scheduled__2019-12-01T00:00:00+00:00 [queued]>
[2023-01-29 13:29:47,450] {taskinstance.py:1032} INFO - Dependencies all met for <TaskInstance: data_ingestion_fhv_dag.bq_fhv_external_table_task scheduled__2019-12-01T00:00:00+00:00 [queued]>
[2023-01-29 13:29:47,450] {taskinstance.py:1238} INFO - 
--------------------------------------------------------------------------------
[2023-01-29 13:29:47,451] {taskinstance.py:1239} INFO - Starting attempt 1 of 2
[2023-01-29 13:29:47,452] {taskinstance.py:1240} INFO - 
--------------------------------------------------------------------------------
[2023-01-29 13:29:47,464] {taskinstance.py:1259} INFO - Executing <Task(BigQueryCreateExternalTableOperator): bq_fhv_external_table_task> on 2019-12-01 00:00:00+00:00
[2023-01-29 13:29:47,469] {standard_task_runner.py:52} INFO - Started process 2452 to run task
[2023-01-29 13:29:47,474] {standard_task_runner.py:76} INFO - Running: ['***', 'tasks', 'run', 'data_ingestion_fhv_dag', 'bq_fhv_external_table_task', 'scheduled__2019-12-01T00:00:00+00:00', '--job-id', '516', '--raw', '--subdir', 'DAGS_FOLDER/data_ingestion_fhv_dag.py', '--cfg-path', '/tmp/tmpmykntgc9', '--error-file', '/tmp/tmpxzu1f4dt']
[2023-01-29 13:29:47,476] {standard_task_runner.py:77} INFO - Job 516: Subtask bq_fhv_external_table_task
[2023-01-29 13:29:47,533] {logging_mixin.py:109} INFO - Running <TaskInstance: data_ingestion_fhv_dag.bq_fhv_external_table_task scheduled__2019-12-01T00:00:00+00:00 [running]> on host 2530f37057aa
[2023-01-29 13:29:47,588] {taskinstance.py:1426} INFO - Exporting the following env vars:
AIRFLOW_CTX_DAG_OWNER=***
AIRFLOW_CTX_DAG_ID=data_ingestion_fhv_dag
AIRFLOW_CTX_TASK_ID=bq_fhv_external_table_task
AIRFLOW_CTX_EXECUTION_DATE=2019-12-01T00:00:00+00:00
AIRFLOW_CTX_DAG_RUN_ID=scheduled__2019-12-01T00:00:00+00:00
[2023-01-29 13:29:47,590] {crypto.py:82} WARNING - empty cryptography key - values will not be stored encrypted.
[2023-01-29 13:29:48,577] {taskinstance.py:1277} INFO - Marking task as SUCCESS. dag_id=data_ingestion_fhv_dag, task_id=bq_fhv_external_table_task, execution_date=20191201T000000, start_date=20230129T132947, end_date=20230129T132948
[2023-01-29 13:29:48,629] {local_task_job.py:154} INFO - Task exited with return code 0
[2023-01-29 13:29:48,666] {local_task_job.py:264} INFO - 1 downstream tasks scheduled from follow-on schedule check
