[2023-01-28 04:34:00,078] {taskinstance.py:1032} INFO - Dependencies all met for <TaskInstance: data_ingestion_fhv_dag.bq_fhv_external_table_task scheduled__2019-10-01T00:00:00+00:00 [queued]>
[2023-01-28 04:34:00,093] {taskinstance.py:1032} INFO - Dependencies all met for <TaskInstance: data_ingestion_fhv_dag.bq_fhv_external_table_task scheduled__2019-10-01T00:00:00+00:00 [queued]>
[2023-01-28 04:34:00,094] {taskinstance.py:1238} INFO - 
--------------------------------------------------------------------------------
[2023-01-28 04:34:00,095] {taskinstance.py:1239} INFO - Starting attempt 1 of 2
[2023-01-28 04:34:00,096] {taskinstance.py:1240} INFO - 
--------------------------------------------------------------------------------
[2023-01-28 04:34:00,108] {taskinstance.py:1259} INFO - Executing <Task(BigQueryCreateExternalTableOperator): bq_fhv_external_table_task> on 2019-10-01 00:00:00+00:00
[2023-01-28 04:34:00,118] {standard_task_runner.py:52} INFO - Started process 26835 to run task
[2023-01-28 04:34:00,123] {standard_task_runner.py:76} INFO - Running: ['***', 'tasks', 'run', 'data_ingestion_fhv_dag', 'bq_fhv_external_table_task', 'scheduled__2019-10-01T00:00:00+00:00', '--job-id', '237', '--raw', '--subdir', 'DAGS_FOLDER/data_ingestion_fhv_dag.py', '--cfg-path', '/tmp/tmp_qvmd3h2', '--error-file', '/tmp/tmpfb68cm6f']
[2023-01-28 04:34:00,125] {standard_task_runner.py:77} INFO - Job 237: Subtask bq_fhv_external_table_task
[2023-01-28 04:34:00,192] {logging_mixin.py:109} INFO - Running <TaskInstance: data_ingestion_fhv_dag.bq_fhv_external_table_task scheduled__2019-10-01T00:00:00+00:00 [running]> on host adbf820de9e6
[2023-01-28 04:34:00,242] {logging_mixin.py:109} WARNING - /home/***/.local/lib/python3.7/site-packages/***/utils/context.py:152 AirflowContextDeprecationWarning: Accessing 'execution_date' from the template is deprecated and will be removed in a future version. Please use 'data_interval_start' or 'logical_date' instead.
[2023-01-28 04:34:00,264] {taskinstance.py:1426} INFO - Exporting the following env vars:
AIRFLOW_CTX_DAG_OWNER=***
AIRFLOW_CTX_DAG_ID=data_ingestion_fhv_dag
AIRFLOW_CTX_TASK_ID=bq_fhv_external_table_task
AIRFLOW_CTX_EXECUTION_DATE=2019-10-01T00:00:00+00:00
AIRFLOW_CTX_DAG_RUN_ID=scheduled__2019-10-01T00:00:00+00:00
[2023-01-28 04:34:00,266] {crypto.py:82} WARNING - empty cryptography key - values will not be stored encrypted.
[2023-01-28 04:34:01,217] {taskinstance.py:1277} INFO - Marking task as SUCCESS. dag_id=data_ingestion_fhv_dag, task_id=bq_fhv_external_table_task, execution_date=20191001T000000, start_date=20230128T043400, end_date=20230128T043401
[2023-01-28 04:34:01,272] {local_task_job.py:154} INFO - Task exited with return code 0
[2023-01-28 04:34:01,313] {local_task_job.py:264} INFO - 0 downstream tasks scheduled from follow-on schedule check
[2023-01-29 13:29:47,270] {taskinstance.py:1032} INFO - Dependencies all met for <TaskInstance: data_ingestion_fhv_dag.bq_fhv_external_table_task scheduled__2019-10-01T00:00:00+00:00 [queued]>
[2023-01-29 13:29:47,288] {taskinstance.py:1032} INFO - Dependencies all met for <TaskInstance: data_ingestion_fhv_dag.bq_fhv_external_table_task scheduled__2019-10-01T00:00:00+00:00 [queued]>
[2023-01-29 13:29:47,290] {taskinstance.py:1238} INFO - 
--------------------------------------------------------------------------------
[2023-01-29 13:29:47,291] {taskinstance.py:1239} INFO - Starting attempt 1 of 2
[2023-01-29 13:29:47,291] {taskinstance.py:1240} INFO - 
--------------------------------------------------------------------------------
[2023-01-29 13:29:47,307] {taskinstance.py:1259} INFO - Executing <Task(BigQueryCreateExternalTableOperator): bq_fhv_external_table_task> on 2019-10-01 00:00:00+00:00
[2023-01-29 13:29:47,314] {standard_task_runner.py:52} INFO - Started process 2450 to run task
[2023-01-29 13:29:47,319] {standard_task_runner.py:76} INFO - Running: ['***', 'tasks', 'run', 'data_ingestion_fhv_dag', 'bq_fhv_external_table_task', 'scheduled__2019-10-01T00:00:00+00:00', '--job-id', '514', '--raw', '--subdir', 'DAGS_FOLDER/data_ingestion_fhv_dag.py', '--cfg-path', '/tmp/tmpla7f7wsm', '--error-file', '/tmp/tmpjzp3te6_']
[2023-01-29 13:29:47,321] {standard_task_runner.py:77} INFO - Job 514: Subtask bq_fhv_external_table_task
[2023-01-29 13:29:47,393] {logging_mixin.py:109} INFO - Running <TaskInstance: data_ingestion_fhv_dag.bq_fhv_external_table_task scheduled__2019-10-01T00:00:00+00:00 [running]> on host 2530f37057aa
[2023-01-29 13:29:47,451] {taskinstance.py:1426} INFO - Exporting the following env vars:
AIRFLOW_CTX_DAG_OWNER=***
AIRFLOW_CTX_DAG_ID=data_ingestion_fhv_dag
AIRFLOW_CTX_TASK_ID=bq_fhv_external_table_task
AIRFLOW_CTX_EXECUTION_DATE=2019-10-01T00:00:00+00:00
AIRFLOW_CTX_DAG_RUN_ID=scheduled__2019-10-01T00:00:00+00:00
[2023-01-29 13:29:47,457] {crypto.py:82} WARNING - empty cryptography key - values will not be stored encrypted.
[2023-01-29 13:29:48,295] {taskinstance.py:1277} INFO - Marking task as SUCCESS. dag_id=data_ingestion_fhv_dag, task_id=bq_fhv_external_table_task, execution_date=20191001T000000, start_date=20230129T132947, end_date=20230129T132948
[2023-01-29 13:29:48,344] {local_task_job.py:154} INFO - Task exited with return code 0
[2023-01-29 13:29:48,381] {local_task_job.py:264} INFO - 1 downstream tasks scheduled from follow-on schedule check
