[2023-01-24 02:30:40,033] {taskinstance.py:1032} INFO - Dependencies all met for <TaskInstance: LocalIngestionDag.curl manual__2023-01-24T02:30:38.716816+00:00 [queued]>
[2023-01-24 02:30:40,048] {taskinstance.py:1032} INFO - Dependencies all met for <TaskInstance: LocalIngestionDag.curl manual__2023-01-24T02:30:38.716816+00:00 [queued]>
[2023-01-24 02:30:40,049] {taskinstance.py:1238} INFO - 
--------------------------------------------------------------------------------
[2023-01-24 02:30:40,049] {taskinstance.py:1239} INFO - Starting attempt 1 of 1
[2023-01-24 02:30:40,049] {taskinstance.py:1240} INFO - 
--------------------------------------------------------------------------------
[2023-01-24 02:30:40,072] {taskinstance.py:1259} INFO - Executing <Task(BashOperator): curl> on 2023-01-24 02:30:38.716816+00:00
[2023-01-24 02:30:40,079] {standard_task_runner.py:52} INFO - Started process 5721 to run task
[2023-01-24 02:30:40,085] {standard_task_runner.py:76} INFO - Running: ['***', 'tasks', 'run', 'LocalIngestionDag', 'curl', 'manual__2023-01-24T02:30:38.716816+00:00', '--job-id', '62', '--raw', '--subdir', 'DAGS_FOLDER/data_ingestion_local.py', '--cfg-path', '/tmp/tmpbh6pgboq', '--error-file', '/tmp/tmpfdsp1u02']
[2023-01-24 02:30:40,086] {standard_task_runner.py:77} INFO - Job 62: Subtask curl
[2023-01-24 02:30:40,175] {logging_mixin.py:109} INFO - Running <TaskInstance: LocalIngestionDag.curl manual__2023-01-24T02:30:38.716816+00:00 [running]> on host 6018d13d82e3
[2023-01-24 02:30:40,250] {taskinstance.py:1426} INFO - Exporting the following env vars:
AIRFLOW_CTX_DAG_OWNER=***
AIRFLOW_CTX_DAG_ID=LocalIngestionDag
AIRFLOW_CTX_TASK_ID=curl
AIRFLOW_CTX_EXECUTION_DATE=2023-01-24T02:30:38.716816+00:00
AIRFLOW_CTX_DAG_RUN_ID=manual__2023-01-24T02:30:38.716816+00:00
[2023-01-24 02:30:40,252] {subprocess.py:62} INFO - Tmp dir root location: 
 /tmp
[2023-01-24 02:30:40,252] {subprocess.py:74} INFO - Running command: ['bash', '-c', 'curl -sSL https://d37ci6vzurychx.cloudfront.net/trip-data/yellow_tripdata_2021-01.parquet > /opt/***/yellow_tripdata_2021-01.parquet']
[2023-01-24 02:30:40,266] {subprocess.py:85} INFO - Output:
[2023-01-24 02:30:44,667] {subprocess.py:93} INFO - Command exited with return code 0
[2023-01-24 02:30:44,717] {taskinstance.py:1277} INFO - Marking task as SUCCESS. dag_id=LocalIngestionDag, task_id=curl, execution_date=20230124T023038, start_date=20230124T023040, end_date=20230124T023044
[2023-01-24 02:30:44,760] {local_task_job.py:154} INFO - Task exited with return code 0
[2023-01-24 02:30:44,808] {local_task_job.py:264} INFO - 1 downstream tasks scheduled from follow-on schedule check
