[2023-01-24 02:31:05,149] {taskinstance.py:1032} INFO - Dependencies all met for <TaskInstance: LocalIngestionDag.ingest manual__2023-01-24T02:30:38.716816+00:00 [queued]>
[2023-01-24 02:31:05,161] {taskinstance.py:1032} INFO - Dependencies all met for <TaskInstance: LocalIngestionDag.ingest manual__2023-01-24T02:30:38.716816+00:00 [queued]>
[2023-01-24 02:31:05,162] {taskinstance.py:1238} INFO - 
--------------------------------------------------------------------------------
[2023-01-24 02:31:05,162] {taskinstance.py:1239} INFO - Starting attempt 1 of 1
[2023-01-24 02:31:05,162] {taskinstance.py:1240} INFO - 
--------------------------------------------------------------------------------
[2023-01-24 02:31:05,175] {taskinstance.py:1259} INFO - Executing <Task(BashOperator): ingest> on 2023-01-24 02:30:38.716816+00:00
[2023-01-24 02:31:05,182] {standard_task_runner.py:52} INFO - Started process 5768 to run task
[2023-01-24 02:31:05,190] {standard_task_runner.py:76} INFO - Running: ['***', 'tasks', 'run', 'LocalIngestionDag', 'ingest', 'manual__2023-01-24T02:30:38.716816+00:00', '--job-id', '64', '--raw', '--subdir', 'DAGS_FOLDER/data_ingestion_local.py', '--cfg-path', '/tmp/tmpumt0z9xb', '--error-file', '/tmp/tmp9r4zxw9q']
[2023-01-24 02:31:05,191] {standard_task_runner.py:77} INFO - Job 64: Subtask ingest
[2023-01-24 02:31:05,268] {logging_mixin.py:109} INFO - Running <TaskInstance: LocalIngestionDag.ingest manual__2023-01-24T02:30:38.716816+00:00 [running]> on host 6018d13d82e3
[2023-01-24 02:31:05,343] {taskinstance.py:1426} INFO - Exporting the following env vars:
AIRFLOW_CTX_DAG_OWNER=***
AIRFLOW_CTX_DAG_ID=LocalIngestionDag
AIRFLOW_CTX_TASK_ID=ingest
AIRFLOW_CTX_EXECUTION_DATE=2023-01-24T02:30:38.716816+00:00
AIRFLOW_CTX_DAG_RUN_ID=manual__2023-01-24T02:30:38.716816+00:00
[2023-01-24 02:31:05,346] {subprocess.py:62} INFO - Tmp dir root location: 
 /tmp
[2023-01-24 02:31:05,346] {subprocess.py:74} INFO - Running command: ['bash', '-c', 'ls /opt/***']
[2023-01-24 02:31:05,360] {subprocess.py:85} INFO - Output:
[2023-01-24 02:31:05,365] {subprocess.py:89} INFO - ***.cfg
[2023-01-24 02:31:05,365] {subprocess.py:89} INFO - dags
[2023-01-24 02:31:05,366] {subprocess.py:89} INFO - logs
[2023-01-24 02:31:05,366] {subprocess.py:89} INFO - plugins
[2023-01-24 02:31:05,366] {subprocess.py:89} INFO - requirements.txt
[2023-01-24 02:31:05,366] {subprocess.py:89} INFO - webserver_config.py
[2023-01-24 02:31:05,366] {subprocess.py:89} INFO - yellow_tripdata_2021-01.csv
[2023-01-24 02:31:05,366] {subprocess.py:89} INFO - yellow_tripdata_2021-01.parquet
[2023-01-24 02:31:05,366] {subprocess.py:93} INFO - Command exited with return code 0
[2023-01-24 02:31:05,399] {taskinstance.py:1277} INFO - Marking task as SUCCESS. dag_id=LocalIngestionDag, task_id=ingest, execution_date=20230124T023038, start_date=20230124T023105, end_date=20230124T023105
[2023-01-24 02:31:05,443] {local_task_job.py:154} INFO - Task exited with return code 0
[2023-01-24 02:31:05,490] {local_task_job.py:264} INFO - 0 downstream tasks scheduled from follow-on schedule check
