[2023-01-22 09:15:53,836] {taskinstance.py:1032} INFO - Dependencies all met for <TaskInstance: data_ingestion_gcs_dag.format_to_parquet_task manual__2023-01-22T09:15:46.186181+00:00 [queued]>
[2023-01-22 09:15:53,850] {taskinstance.py:1032} INFO - Dependencies all met for <TaskInstance: data_ingestion_gcs_dag.format_to_parquet_task manual__2023-01-22T09:15:46.186181+00:00 [queued]>
[2023-01-22 09:15:53,852] {taskinstance.py:1238} INFO - 
--------------------------------------------------------------------------------
[2023-01-22 09:15:53,853] {taskinstance.py:1239} INFO - Starting attempt 1 of 2
[2023-01-22 09:15:53,855] {taskinstance.py:1240} INFO - 
--------------------------------------------------------------------------------
[2023-01-22 09:15:53,873] {taskinstance.py:1259} INFO - Executing <Task(PythonOperator): format_to_parquet_task> on 2023-01-22 09:15:46.186181+00:00
[2023-01-22 09:15:53,882] {standard_task_runner.py:52} INFO - Started process 323 to run task
[2023-01-22 09:15:53,889] {standard_task_runner.py:76} INFO - Running: ['***', 'tasks', 'run', 'data_ingestion_gcs_dag', 'format_to_parquet_task', 'manual__2023-01-22T09:15:46.186181+00:00', '--job-id', '27', '--raw', '--subdir', 'DAGS_FOLDER/data_ingestion_gcs_dag.py', '--cfg-path', '/tmp/tmp1zbiktdv', '--error-file', '/tmp/tmp7cwaxl4y']
[2023-01-22 09:15:53,902] {standard_task_runner.py:77} INFO - Job 27: Subtask format_to_parquet_task
[2023-01-22 09:15:53,981] {logging_mixin.py:109} INFO - Running <TaskInstance: data_ingestion_gcs_dag.format_to_parquet_task manual__2023-01-22T09:15:46.186181+00:00 [running]> on host b53971f6aa43
[2023-01-22 09:15:54,043] {taskinstance.py:1426} INFO - Exporting the following env vars:
AIRFLOW_CTX_DAG_OWNER=***
AIRFLOW_CTX_DAG_ID=data_ingestion_gcs_dag
AIRFLOW_CTX_TASK_ID=format_to_parquet_task
AIRFLOW_CTX_EXECUTION_DATE=2023-01-22T09:15:46.186181+00:00
AIRFLOW_CTX_DAG_RUN_ID=manual__2023-01-22T09:15:46.186181+00:00
[2023-01-22 09:15:54,127] {python.py:175} INFO - Done. Returned value was: None
[2023-01-22 09:15:54,141] {taskinstance.py:1277} INFO - Marking task as SUCCESS. dag_id=data_ingestion_gcs_dag, task_id=format_to_parquet_task, execution_date=20230122T091546, start_date=20230122T091553, end_date=20230122T091554
[2023-01-22 09:15:54,203] {local_task_job.py:154} INFO - Task exited with return code 0
[2023-01-22 09:15:54,245] {local_task_job.py:264} INFO - 1 downstream tasks scheduled from follow-on schedule check
