[2023-01-24 01:03:21,903] {taskinstance.py:1032} INFO - Dependencies all met for <TaskInstance: LocalIngestionDag.wget scheduled__2022-07-02T06:00:00+00:00 [queued]>
[2023-01-24 01:03:21,921] {taskinstance.py:1032} INFO - Dependencies all met for <TaskInstance: LocalIngestionDag.wget scheduled__2022-07-02T06:00:00+00:00 [queued]>
[2023-01-24 01:03:21,921] {taskinstance.py:1238} INFO - 
--------------------------------------------------------------------------------
[2023-01-24 01:03:21,921] {taskinstance.py:1239} INFO - Starting attempt 1 of 1
[2023-01-24 01:03:21,921] {taskinstance.py:1240} INFO - 
--------------------------------------------------------------------------------
[2023-01-24 01:03:21,950] {taskinstance.py:1259} INFO - Executing <Task(BashOperator): wget> on 2022-07-02 06:00:00+00:00
[2023-01-24 01:03:21,956] {standard_task_runner.py:52} INFO - Started process 829 to run task
[2023-01-24 01:03:21,967] {standard_task_runner.py:76} INFO - Running: ['***', 'tasks', 'run', 'LocalIngestionDag', 'wget', 'scheduled__2022-07-02T06:00:00+00:00', '--job-id', '42', '--raw', '--subdir', 'DAGS_FOLDER/data_ingestion_local.py', '--cfg-path', '/tmp/tmpzvpzbu66', '--error-file', '/tmp/tmpq59jjp35']
[2023-01-24 01:03:21,970] {standard_task_runner.py:77} INFO - Job 42: Subtask wget
[2023-01-24 01:03:22,129] {logging_mixin.py:109} INFO - Running <TaskInstance: LocalIngestionDag.wget scheduled__2022-07-02T06:00:00+00:00 [running]> on host 6018d13d82e3
[2023-01-24 01:03:22,272] {taskinstance.py:1426} INFO - Exporting the following env vars:
AIRFLOW_CTX_DAG_OWNER=***
AIRFLOW_CTX_DAG_ID=LocalIngestionDag
AIRFLOW_CTX_TASK_ID=wget
AIRFLOW_CTX_EXECUTION_DATE=2022-07-02T06:00:00+00:00
AIRFLOW_CTX_DAG_RUN_ID=scheduled__2022-07-02T06:00:00+00:00
[2023-01-24 01:03:22,274] {subprocess.py:62} INFO - Tmp dir root location: 
 /tmp
[2023-01-24 01:03:22,275] {subprocess.py:74} INFO - Running command: ['bash', '-c', 'echo "hello world"']
[2023-01-24 01:03:22,290] {subprocess.py:85} INFO - Output:
[2023-01-24 01:03:22,297] {subprocess.py:89} INFO - hello world
[2023-01-24 01:03:22,297] {subprocess.py:93} INFO - Command exited with return code 0
[2023-01-24 01:03:22,420] {taskinstance.py:1277} INFO - Marking task as SUCCESS. dag_id=LocalIngestionDag, task_id=wget, execution_date=20220702T060000, start_date=20230124T010321, end_date=20230124T010322
[2023-01-24 01:03:22,497] {local_task_job.py:154} INFO - Task exited with return code 0
[2023-01-24 01:03:22,609] {local_task_job.py:264} INFO - 1 downstream tasks scheduled from follow-on schedule check
