[2023-01-24 01:03:19,444] {taskinstance.py:1032} INFO - Dependencies all met for <TaskInstance: LocalIngestionDag.ingest scheduled__2022-05-02T06:00:00+00:00 [queued]>
[2023-01-24 01:03:19,456] {taskinstance.py:1032} INFO - Dependencies all met for <TaskInstance: LocalIngestionDag.ingest scheduled__2022-05-02T06:00:00+00:00 [queued]>
[2023-01-24 01:03:19,457] {taskinstance.py:1238} INFO - 
--------------------------------------------------------------------------------
[2023-01-24 01:03:19,457] {taskinstance.py:1239} INFO - Starting attempt 1 of 1
[2023-01-24 01:03:19,457] {taskinstance.py:1240} INFO - 
--------------------------------------------------------------------------------
[2023-01-24 01:03:19,475] {taskinstance.py:1259} INFO - Executing <Task(BashOperator): ingest> on 2022-05-02 06:00:00+00:00
[2023-01-24 01:03:19,480] {standard_task_runner.py:52} INFO - Started process 823 to run task
[2023-01-24 01:03:19,486] {standard_task_runner.py:76} INFO - Running: ['***', 'tasks', 'run', 'LocalIngestionDag', 'ingest', 'scheduled__2022-05-02T06:00:00+00:00', '--job-id', '40', '--raw', '--subdir', 'DAGS_FOLDER/data_ingestion_local.py', '--cfg-path', '/tmp/tmp8u2k0mdr', '--error-file', '/tmp/tmpqueotviu']
[2023-01-24 01:03:19,487] {standard_task_runner.py:77} INFO - Job 40: Subtask ingest
[2023-01-24 01:03:19,571] {logging_mixin.py:109} INFO - Running <TaskInstance: LocalIngestionDag.ingest scheduled__2022-05-02T06:00:00+00:00 [running]> on host 6018d13d82e3
[2023-01-24 01:03:19,651] {taskinstance.py:1426} INFO - Exporting the following env vars:
AIRFLOW_CTX_DAG_OWNER=***
AIRFLOW_CTX_DAG_ID=LocalIngestionDag
AIRFLOW_CTX_TASK_ID=ingest
AIRFLOW_CTX_EXECUTION_DATE=2022-05-02T06:00:00+00:00
AIRFLOW_CTX_DAG_RUN_ID=scheduled__2022-05-02T06:00:00+00:00
[2023-01-24 01:03:19,653] {subprocess.py:62} INFO - Tmp dir root location: 
 /tmp
[2023-01-24 01:03:19,654] {subprocess.py:74} INFO - Running command: ['bash', '-c', 'echo "hello world"']
[2023-01-24 01:03:19,665] {subprocess.py:85} INFO - Output:
[2023-01-24 01:03:19,668] {subprocess.py:89} INFO - hello world
[2023-01-24 01:03:19,669] {subprocess.py:93} INFO - Command exited with return code 0
[2023-01-24 01:03:19,703] {taskinstance.py:1277} INFO - Marking task as SUCCESS. dag_id=LocalIngestionDag, task_id=ingest, execution_date=20220502T060000, start_date=20230124T010319, end_date=20230124T010319
[2023-01-24 01:03:19,740] {local_task_job.py:154} INFO - Task exited with return code 0
[2023-01-24 01:03:19,785] {local_task_job.py:264} INFO - 0 downstream tasks scheduled from follow-on schedule check
