[2023-01-28 01:07:22,568] {taskinstance.py:1032} INFO - Dependencies all met for <TaskInstance: data_ingestion_gcs_dag.local_to_gcs_task scheduled__2019-07-01T00:00:00+00:00 [queued]>
[2023-01-28 01:07:22,589] {taskinstance.py:1032} INFO - Dependencies all met for <TaskInstance: data_ingestion_gcs_dag.local_to_gcs_task scheduled__2019-07-01T00:00:00+00:00 [queued]>
[2023-01-28 01:07:22,591] {taskinstance.py:1238} INFO - 
--------------------------------------------------------------------------------
[2023-01-28 01:07:22,593] {taskinstance.py:1239} INFO - Starting attempt 1 of 2
[2023-01-28 01:07:22,594] {taskinstance.py:1240} INFO - 
--------------------------------------------------------------------------------
[2023-01-28 01:07:22,626] {taskinstance.py:1259} INFO - Executing <Task(PythonOperator): local_to_gcs_task> on 2019-07-01 00:00:00+00:00
[2023-01-28 01:07:22,635] {standard_task_runner.py:52} INFO - Started process 2190 to run task
[2023-01-28 01:07:22,640] {standard_task_runner.py:76} INFO - Running: ['***', 'tasks', 'run', 'data_ingestion_gcs_dag', 'local_to_gcs_task', 'scheduled__2019-07-01T00:00:00+00:00', '--job-id', '91', '--raw', '--subdir', 'DAGS_FOLDER/data_ingestion_gcs_dag.py', '--cfg-path', '/tmp/tmpomwsh5zz', '--error-file', '/tmp/tmpnfmlak12']
[2023-01-28 01:07:22,642] {standard_task_runner.py:77} INFO - Job 91: Subtask local_to_gcs_task
[2023-01-28 01:07:22,747] {logging_mixin.py:109} INFO - Running <TaskInstance: data_ingestion_gcs_dag.local_to_gcs_task scheduled__2019-07-01T00:00:00+00:00 [running]> on host adbf820de9e6
[2023-01-28 01:07:22,800] {logging_mixin.py:109} WARNING - /home/***/.local/lib/python3.7/site-packages/***/utils/context.py:152 AirflowContextDeprecationWarning: Accessing 'execution_date' from the template is deprecated and will be removed in a future version. Please use 'data_interval_start' or 'logical_date' instead.
[2023-01-28 01:07:22,822] {taskinstance.py:1426} INFO - Exporting the following env vars:
AIRFLOW_CTX_DAG_OWNER=***
AIRFLOW_CTX_DAG_ID=data_ingestion_gcs_dag
AIRFLOW_CTX_TASK_ID=local_to_gcs_task
AIRFLOW_CTX_EXECUTION_DATE=2019-07-01T00:00:00+00:00
AIRFLOW_CTX_DAG_RUN_ID=scheduled__2019-07-01T00:00:00+00:00
[2023-01-28 01:09:33,199] {python.py:175} INFO - Done. Returned value was: None
[2023-01-28 01:09:33,212] {taskinstance.py:1277} INFO - Marking task as SUCCESS. dag_id=data_ingestion_gcs_dag, task_id=local_to_gcs_task, execution_date=20190701T000000, start_date=20230128T010722, end_date=20230128T010933
[2023-01-28 01:09:33,271] {local_task_job.py:154} INFO - Task exited with return code 0
[2023-01-28 01:09:33,301] {local_task_job.py:264} INFO - 1 downstream tasks scheduled from follow-on schedule check
[2023-01-29 12:44:17,952] {taskinstance.py:1032} INFO - Dependencies all met for <TaskInstance: data_ingestion_gcs_dag.local_to_gcs_task scheduled__2019-07-01T00:00:00+00:00 [queued]>
[2023-01-29 12:44:17,962] {taskinstance.py:1032} INFO - Dependencies all met for <TaskInstance: data_ingestion_gcs_dag.local_to_gcs_task scheduled__2019-07-01T00:00:00+00:00 [queued]>
[2023-01-29 12:44:17,963] {taskinstance.py:1238} INFO - 
--------------------------------------------------------------------------------
[2023-01-29 12:44:17,964] {taskinstance.py:1239} INFO - Starting attempt 1 of 2
[2023-01-29 12:44:17,965] {taskinstance.py:1240} INFO - 
--------------------------------------------------------------------------------
[2023-01-29 12:44:17,976] {taskinstance.py:1259} INFO - Executing <Task(PythonOperator): local_to_gcs_task> on 2019-07-01 00:00:00+00:00
[2023-01-29 12:44:17,981] {standard_task_runner.py:52} INFO - Started process 7173 to run task
[2023-01-29 12:44:17,984] {standard_task_runner.py:76} INFO - Running: ['***', 'tasks', 'run', 'data_ingestion_gcs_dag', 'local_to_gcs_task', 'scheduled__2019-07-01T00:00:00+00:00', '--job-id', '407', '--raw', '--subdir', 'DAGS_FOLDER/data_ingestion_gcs_dag.py', '--cfg-path', '/tmp/tmpckwkjuip', '--error-file', '/tmp/tmp1jkhi3el']
[2023-01-29 12:44:17,985] {standard_task_runner.py:77} INFO - Job 407: Subtask local_to_gcs_task
[2023-01-29 12:44:18,045] {logging_mixin.py:109} INFO - Running <TaskInstance: data_ingestion_gcs_dag.local_to_gcs_task scheduled__2019-07-01T00:00:00+00:00 [running]> on host 2530f37057aa
[2023-01-29 12:44:18,101] {logging_mixin.py:109} WARNING - /home/***/.local/lib/python3.7/site-packages/***/utils/context.py:152 AirflowContextDeprecationWarning: Accessing 'execution_date' from the template is deprecated and will be removed in a future version. Please use 'data_interval_start' or 'logical_date' instead.
[2023-01-29 12:44:18,125] {taskinstance.py:1426} INFO - Exporting the following env vars:
AIRFLOW_CTX_DAG_OWNER=***
AIRFLOW_CTX_DAG_ID=data_ingestion_gcs_dag
AIRFLOW_CTX_TASK_ID=local_to_gcs_task
AIRFLOW_CTX_EXECUTION_DATE=2019-07-01T00:00:00+00:00
AIRFLOW_CTX_DAG_RUN_ID=scheduled__2019-07-01T00:00:00+00:00
[2023-01-29 12:44:29,129] {python.py:175} INFO - Done. Returned value was: None
[2023-01-29 12:44:29,147] {taskinstance.py:1277} INFO - Marking task as SUCCESS. dag_id=data_ingestion_gcs_dag, task_id=local_to_gcs_task, execution_date=20190701T000000, start_date=20230129T124417, end_date=20230129T124429
[2023-01-29 12:44:29,181] {local_task_job.py:154} INFO - Task exited with return code 0
[2023-01-29 12:44:29,221] {local_task_job.py:264} INFO - 1 downstream tasks scheduled from follow-on schedule check
