[2023-01-24 09:27:45,532] {taskinstance.py:1032} INFO - Dependencies all met for <TaskInstance: LocalIngestionDag.ingest scheduled__2021-04-02T06:00:00+00:00 [queued]>
[2023-01-24 09:27:45,551] {taskinstance.py:1032} INFO - Dependencies all met for <TaskInstance: LocalIngestionDag.ingest scheduled__2021-04-02T06:00:00+00:00 [queued]>
[2023-01-24 09:27:45,552] {taskinstance.py:1238} INFO - 
--------------------------------------------------------------------------------
[2023-01-24 09:27:45,552] {taskinstance.py:1239} INFO - Starting attempt 12 of 12
[2023-01-24 09:27:45,552] {taskinstance.py:1240} INFO - 
--------------------------------------------------------------------------------
[2023-01-24 09:27:45,573] {taskinstance.py:1259} INFO - Executing <Task(PythonOperator): ingest> on 2021-04-02 06:00:00+00:00
[2023-01-24 09:27:45,581] {standard_task_runner.py:52} INFO - Started process 2307 to run task
[2023-01-24 09:27:45,587] {standard_task_runner.py:76} INFO - Running: ['***', 'tasks', 'run', 'LocalIngestionDag', 'ingest', 'scheduled__2021-04-02T06:00:00+00:00', '--job-id', '113', '--raw', '--subdir', 'DAGS_FOLDER/data_ingestion_local.py', '--cfg-path', '/tmp/tmpl0v6mt7i', '--error-file', '/tmp/tmpekhm82xs']
[2023-01-24 09:27:45,588] {standard_task_runner.py:77} INFO - Job 113: Subtask ingest
[2023-01-24 09:27:45,697] {logging_mixin.py:109} INFO - Running <TaskInstance: LocalIngestionDag.ingest scheduled__2021-04-02T06:00:00+00:00 [running]> on host 7e31e7c7b196
[2023-01-24 09:27:45,795] {logging_mixin.py:109} WARNING - /home/***/.local/lib/python3.7/site-packages/***/utils/context.py:152 AirflowContextDeprecationWarning: Accessing 'execution_date' from the template is deprecated and will be removed in a future version. Please use 'data_interval_start' or 'logical_date' instead.
[2023-01-24 09:27:45,830] {taskinstance.py:1426} INFO - Exporting the following env vars:
AIRFLOW_CTX_DAG_OWNER=***
AIRFLOW_CTX_DAG_ID=LocalIngestionDag
AIRFLOW_CTX_TASK_ID=ingest
AIRFLOW_CTX_EXECUTION_DATE=2021-04-02T06:00:00+00:00
AIRFLOW_CTX_DAG_RUN_ID=scheduled__2021-04-02T06:00:00+00:00
[2023-01-24 09:27:45,832] {logging_mixin.py:109} INFO - yellow_taxi_2021_04 /opt/***/yellow_tripdata_2021-04.csv
[2023-01-24 09:27:45,844] {logging_mixin.py:109} INFO - Connection established...
[2023-01-24 09:28:20,657] {logging_mixin.py:109} INFO - Inserted first chunk, took 34.813 second
[2023-01-24 09:28:56,001] {logging_mixin.py:109} INFO - Inserted another chunk, took 35.343 second
[2023-01-24 09:29:28,919] {logging_mixin.py:109} INFO - Inserted another chunk, took 32.917 second
[2023-01-24 09:30:03,121] {logging_mixin.py:109} INFO - Inserted another chunk, took 34.202 second
[2023-01-24 09:30:37,511] {logging_mixin.py:109} INFO - Inserted another chunk, took 34.389 second
[2023-01-24 09:31:10,793] {logging_mixin.py:109} INFO - Inserted another chunk, took 33.281 second
[2023-01-24 09:31:46,146] {logging_mixin.py:109} INFO - Inserted another chunk, took 35.352 second
[2023-01-24 09:32:20,912] {logging_mixin.py:109} INFO - Inserted another chunk, took 34.766 second
[2023-01-24 09:32:55,850] {logging_mixin.py:109} INFO - Inserted another chunk, took 34.938 second
[2023-01-24 09:33:29,761] {logging_mixin.py:109} INFO - Inserted another chunk, took 33.910 second
[2023-01-24 09:34:03,791] {logging_mixin.py:109} INFO - Inserted another chunk, took 34.030 second
[2023-01-24 09:34:38,006] {logging_mixin.py:109} INFO - Inserted another chunk, took 34.215 second
[2023-01-24 09:35:11,935] {logging_mixin.py:109} INFO - Inserted another chunk, took 33.928 second
[2023-01-24 09:35:46,142] {logging_mixin.py:109} INFO - Inserted another chunk, took 34.207 second
[2023-01-24 09:36:20,109] {logging_mixin.py:109} INFO - Inserted another chunk, took 33.967 second
[2023-01-24 09:36:54,676] {logging_mixin.py:109} INFO - Inserted another chunk, took 34.567 second
[2023-01-24 09:37:29,847] {logging_mixin.py:109} INFO - Inserted another chunk, took 35.171 second
[2023-01-24 09:38:03,566] {logging_mixin.py:109} INFO - Inserted another chunk, took 33.718 second
[2023-01-24 09:38:37,189] {logging_mixin.py:109} INFO - Inserted another chunk, took 33.623 second
[2023-01-24 09:39:10,716] {logging_mixin.py:109} INFO - Inserted another chunk, took 33.526 second
[2023-01-24 09:39:10,958] {logging_mixin.py:109} WARNING - /home/***/.local/lib/python3.7/site-packages/***/operators/python.py:174 DtypeWarning: Columns (6) have mixed types.Specify dtype option on import or set low_memory=False.
[2023-01-24 09:39:44,641] {logging_mixin.py:109} INFO - Inserted another chunk, took 33.925 second
[2023-01-24 09:40:06,921] {logging_mixin.py:109} INFO - Inserted another chunk, took 22.279 second
[2023-01-24 09:40:06,921] {logging_mixin.py:109} INFO - Finished ingesting data into the postgres database
[2023-01-24 09:40:06,922] {python.py:175} INFO - Done. Returned value was: None
[2023-01-24 09:40:06,936] {taskinstance.py:1277} INFO - Marking task as SUCCESS. dag_id=LocalIngestionDag, task_id=ingest, execution_date=20210402T060000, start_date=20230124T092745, end_date=20230124T094006
[2023-01-24 09:40:07,009] {local_task_job.py:154} INFO - Task exited with return code 0
[2023-01-24 09:40:07,044] {local_task_job.py:264} INFO - 0 downstream tasks scheduled from follow-on schedule check
