[2023-01-24 04:08:27,008] {taskinstance.py:1032} INFO - Dependencies all met for <TaskInstance: LocalIngestionDag.ingest scheduled__2021-04-02T06:00:00+00:00 [queued]>
[2023-01-24 04:08:27,021] {taskinstance.py:1032} INFO - Dependencies all met for <TaskInstance: LocalIngestionDag.ingest scheduled__2021-04-02T06:00:00+00:00 [queued]>
[2023-01-24 04:08:27,021] {taskinstance.py:1238} INFO - 
--------------------------------------------------------------------------------
[2023-01-24 04:08:27,021] {taskinstance.py:1239} INFO - Starting attempt 2 of 2
[2023-01-24 04:08:27,021] {taskinstance.py:1240} INFO - 
--------------------------------------------------------------------------------
[2023-01-24 04:08:27,035] {taskinstance.py:1259} INFO - Executing <Task(BashOperator): ingest> on 2021-04-02 06:00:00+00:00
[2023-01-24 04:08:27,041] {standard_task_runner.py:52} INFO - Started process 11740 to run task
[2023-01-24 04:08:27,047] {standard_task_runner.py:76} INFO - Running: ['***', 'tasks', 'run', 'LocalIngestionDag', 'ingest', 'scheduled__2021-04-02T06:00:00+00:00', '--job-id', '67', '--raw', '--subdir', 'DAGS_FOLDER/data_ingestion_local.py', '--cfg-path', '/tmp/tmpcahrwu4d', '--error-file', '/tmp/tmp2olf780o']
[2023-01-24 04:08:27,048] {standard_task_runner.py:77} INFO - Job 67: Subtask ingest
[2023-01-24 04:08:27,122] {logging_mixin.py:109} INFO - Running <TaskInstance: LocalIngestionDag.ingest scheduled__2021-04-02T06:00:00+00:00 [running]> on host 6018d13d82e3
[2023-01-24 04:08:27,203] {taskinstance.py:1426} INFO - Exporting the following env vars:
AIRFLOW_CTX_DAG_OWNER=***
AIRFLOW_CTX_DAG_ID=LocalIngestionDag
AIRFLOW_CTX_TASK_ID=ingest
AIRFLOW_CTX_EXECUTION_DATE=2021-04-02T06:00:00+00:00
AIRFLOW_CTX_DAG_RUN_ID=scheduled__2021-04-02T06:00:00+00:00
[2023-01-24 04:08:27,204] {subprocess.py:62} INFO - Tmp dir root location: 
 /tmp
[2023-01-24 04:08:27,205] {subprocess.py:74} INFO - Running command: ['bash', '-c', 'ls /opt/***']
[2023-01-24 04:08:27,218] {subprocess.py:85} INFO - Output:
[2023-01-24 04:08:27,223] {subprocess.py:89} INFO - ***.cfg
[2023-01-24 04:08:27,223] {subprocess.py:89} INFO - dags
[2023-01-24 04:08:27,223] {subprocess.py:89} INFO - logs
[2023-01-24 04:08:27,223] {subprocess.py:89} INFO - plugins
[2023-01-24 04:08:27,223] {subprocess.py:89} INFO - requirements.txt
[2023-01-24 04:08:27,223] {subprocess.py:89} INFO - webserver_config.py
[2023-01-24 04:08:27,223] {subprocess.py:89} INFO - yellow_tripdata_2021-01.csv
[2023-01-24 04:08:27,223] {subprocess.py:89} INFO - yellow_tripdata_2021-01.parquet
[2023-01-24 04:08:27,224] {subprocess.py:93} INFO - Command exited with return code 0
[2023-01-24 04:08:27,256] {taskinstance.py:1277} INFO - Marking task as SUCCESS. dag_id=LocalIngestionDag, task_id=ingest, execution_date=20210402T060000, start_date=20230124T040827, end_date=20230124T040827
[2023-01-24 04:08:27,299] {local_task_job.py:154} INFO - Task exited with return code 0
[2023-01-24 04:08:27,338] {local_task_job.py:264} INFO - 0 downstream tasks scheduled from follow-on schedule check
