[2023-01-24 05:26:42,447] {taskinstance.py:1032} INFO - Dependencies all met for <TaskInstance: LocalIngestionDag.ingest scheduled__2021-04-02T06:00:00+00:00 [queued]>
[2023-01-24 05:26:42,460] {taskinstance.py:1032} INFO - Dependencies all met for <TaskInstance: LocalIngestionDag.ingest scheduled__2021-04-02T06:00:00+00:00 [queued]>
[2023-01-24 05:26:42,460] {taskinstance.py:1238} INFO - 
--------------------------------------------------------------------------------
[2023-01-24 05:26:42,460] {taskinstance.py:1239} INFO - Starting attempt 8 of 8
[2023-01-24 05:26:42,460] {taskinstance.py:1240} INFO - 
--------------------------------------------------------------------------------
[2023-01-24 05:26:42,477] {taskinstance.py:1259} INFO - Executing <Task(BashOperator): ingest> on 2021-04-02 06:00:00+00:00
[2023-01-24 05:26:42,484] {standard_task_runner.py:52} INFO - Started process 16740 to run task
[2023-01-24 05:26:42,489] {standard_task_runner.py:76} INFO - Running: ['***', 'tasks', 'run', 'LocalIngestionDag', 'ingest', 'scheduled__2021-04-02T06:00:00+00:00', '--job-id', '91', '--raw', '--subdir', 'DAGS_FOLDER/data_ingestion_local.py', '--cfg-path', '/tmp/tmpf3_hg126', '--error-file', '/tmp/tmp20j4u8u2']
[2023-01-24 05:26:42,490] {standard_task_runner.py:77} INFO - Job 91: Subtask ingest
[2023-01-24 05:26:42,570] {logging_mixin.py:109} INFO - Running <TaskInstance: LocalIngestionDag.ingest scheduled__2021-04-02T06:00:00+00:00 [running]> on host 6018d13d82e3
[2023-01-24 05:26:42,649] {taskinstance.py:1426} INFO - Exporting the following env vars:
AIRFLOW_CTX_DAG_OWNER=***
AIRFLOW_CTX_DAG_ID=LocalIngestionDag
AIRFLOW_CTX_TASK_ID=ingest
AIRFLOW_CTX_EXECUTION_DATE=2021-04-02T06:00:00+00:00
AIRFLOW_CTX_DAG_RUN_ID=scheduled__2021-04-02T06:00:00+00:00
[2023-01-24 05:26:42,650] {subprocess.py:62} INFO - Tmp dir root location: 
 /tmp
[2023-01-24 05:26:42,651] {subprocess.py:74} INFO - Running command: ['bash', '-c', 'ls /opt/***']
[2023-01-24 05:26:42,665] {subprocess.py:85} INFO - Output:
[2023-01-24 05:26:42,670] {subprocess.py:89} INFO - ***.cfg
[2023-01-24 05:26:42,670] {subprocess.py:89} INFO - dags
[2023-01-24 05:26:42,671] {subprocess.py:89} INFO - logs
[2023-01-24 05:26:42,671] {subprocess.py:89} INFO - plugins
[2023-01-24 05:26:42,671] {subprocess.py:89} INFO - requirements.txt
[2023-01-24 05:26:42,671] {subprocess.py:89} INFO - webserver_config.py
[2023-01-24 05:26:42,671] {subprocess.py:89} INFO - yellow_tripdata_2021-01.csv
[2023-01-24 05:26:42,671] {subprocess.py:89} INFO - yellow_tripdata_2021-01.parquet
[2023-01-24 05:26:42,671] {subprocess.py:89} INFO - yellow_tripdata_2021-04.csv
[2023-01-24 05:26:42,672] {subprocess.py:89} INFO - yellow_tripdata_2021-04.parquet
[2023-01-24 05:26:42,672] {subprocess.py:89} INFO - yellow_tripdata_{{ execution_date.strftime('%Y-%m') }}.csv
[2023-01-24 05:26:42,672] {subprocess.py:93} INFO - Command exited with return code 0
[2023-01-24 05:26:42,706] {taskinstance.py:1277} INFO - Marking task as SUCCESS. dag_id=LocalIngestionDag, task_id=ingest, execution_date=20210402T060000, start_date=20230124T052642, end_date=20230124T052642
[2023-01-24 05:26:42,741] {local_task_job.py:154} INFO - Task exited with return code 0
[2023-01-24 05:26:42,780] {local_task_job.py:264} INFO - 0 downstream tasks scheduled from follow-on schedule check
