[2023-01-24 09:04:09,885] {taskinstance.py:1032} INFO - Dependencies all met for <TaskInstance: LocalIngestionDag.ingest scheduled__2021-04-02T06:00:00+00:00 [queued]>
[2023-01-24 09:04:09,896] {taskinstance.py:1032} INFO - Dependencies all met for <TaskInstance: LocalIngestionDag.ingest scheduled__2021-04-02T06:00:00+00:00 [queued]>
[2023-01-24 09:04:09,897] {taskinstance.py:1238} INFO - 
--------------------------------------------------------------------------------
[2023-01-24 09:04:09,897] {taskinstance.py:1239} INFO - Starting attempt 9 of 9
[2023-01-24 09:04:09,897] {taskinstance.py:1240} INFO - 
--------------------------------------------------------------------------------
[2023-01-24 09:04:09,909] {taskinstance.py:1259} INFO - Executing <Task(PythonOperator): ingest> on 2021-04-02 06:00:00+00:00
[2023-01-24 09:04:09,916] {standard_task_runner.py:52} INFO - Started process 702 to run task
[2023-01-24 09:04:09,921] {standard_task_runner.py:76} INFO - Running: ['***', 'tasks', 'run', 'LocalIngestionDag', 'ingest', 'scheduled__2021-04-02T06:00:00+00:00', '--job-id', '96', '--raw', '--subdir', 'DAGS_FOLDER/data_ingestion_local.py', '--cfg-path', '/tmp/tmp3sz8y5ez', '--error-file', '/tmp/tmpvrkljy3t']
[2023-01-24 09:04:09,922] {standard_task_runner.py:77} INFO - Job 96: Subtask ingest
[2023-01-24 09:04:09,998] {logging_mixin.py:109} INFO - Running <TaskInstance: LocalIngestionDag.ingest scheduled__2021-04-02T06:00:00+00:00 [running]> on host 7e31e7c7b196
[2023-01-24 09:04:10,062] {logging_mixin.py:109} WARNING - /home/***/.local/lib/python3.7/site-packages/***/utils/context.py:152 AirflowContextDeprecationWarning: Accessing 'execution_date' from the template is deprecated and will be removed in a future version. Please use 'data_interval_start' or 'logical_date' instead.
[2023-01-24 09:04:10,089] {taskinstance.py:1426} INFO - Exporting the following env vars:
AIRFLOW_CTX_DAG_OWNER=***
AIRFLOW_CTX_DAG_ID=LocalIngestionDag
AIRFLOW_CTX_TASK_ID=ingest
AIRFLOW_CTX_EXECUTION_DATE=2021-04-02T06:00:00+00:00
AIRFLOW_CTX_DAG_RUN_ID=scheduled__2021-04-02T06:00:00+00:00
[2023-01-24 09:04:10,090] {logging_mixin.py:109} INFO - ??? /opt/***/yellow_tripdata_2021-04.csv
[2023-01-24 09:04:10,099] {python.py:175} INFO - Done. Returned value was: None
[2023-01-24 09:04:10,113] {taskinstance.py:1277} INFO - Marking task as SUCCESS. dag_id=LocalIngestionDag, task_id=ingest, execution_date=20210402T060000, start_date=20230124T090409, end_date=20230124T090410
[2023-01-24 09:04:10,172] {local_task_job.py:154} INFO - Task exited with return code 0
[2023-01-24 09:04:10,212] {local_task_job.py:264} INFO - 0 downstream tasks scheduled from follow-on schedule check
