[2023-01-28 01:09:37,417] {taskinstance.py:1032} INFO - Dependencies all met for <TaskInstance: data_ingestion_gcs_dag.bigquery_external_table_task scheduled__2019-08-01T00:00:00+00:00 [queued]>
[2023-01-28 01:09:37,428] {taskinstance.py:1032} INFO - Dependencies all met for <TaskInstance: data_ingestion_gcs_dag.bigquery_external_table_task scheduled__2019-08-01T00:00:00+00:00 [queued]>
[2023-01-28 01:09:37,429] {taskinstance.py:1238} INFO - 
--------------------------------------------------------------------------------
[2023-01-28 01:09:37,430] {taskinstance.py:1239} INFO - Starting attempt 1 of 2
[2023-01-28 01:09:37,430] {taskinstance.py:1240} INFO - 
--------------------------------------------------------------------------------
[2023-01-28 01:09:37,444] {taskinstance.py:1259} INFO - Executing <Task(BigQueryCreateExternalTableOperator): bigquery_external_table_task> on 2019-08-01 00:00:00+00:00
[2023-01-28 01:09:37,451] {standard_task_runner.py:52} INFO - Started process 2503 to run task
[2023-01-28 01:09:37,456] {standard_task_runner.py:76} INFO - Running: ['***', 'tasks', 'run', 'data_ingestion_gcs_dag', 'bigquery_external_table_task', 'scheduled__2019-08-01T00:00:00+00:00', '--job-id', '98', '--raw', '--subdir', 'DAGS_FOLDER/data_ingestion_gcs_dag.py', '--cfg-path', '/tmp/tmpl1nt0ckz', '--error-file', '/tmp/tmptr7k7ekg']
[2023-01-28 01:09:37,457] {standard_task_runner.py:77} INFO - Job 98: Subtask bigquery_external_table_task
[2023-01-28 01:09:37,523] {logging_mixin.py:109} INFO - Running <TaskInstance: data_ingestion_gcs_dag.bigquery_external_table_task scheduled__2019-08-01T00:00:00+00:00 [running]> on host adbf820de9e6
[2023-01-28 01:09:37,570] {logging_mixin.py:109} WARNING - /home/***/.local/lib/python3.7/site-packages/***/utils/context.py:152 AirflowContextDeprecationWarning: Accessing 'execution_date' from the template is deprecated and will be removed in a future version. Please use 'data_interval_start' or 'logical_date' instead.
[2023-01-28 01:09:37,589] {taskinstance.py:1426} INFO - Exporting the following env vars:
AIRFLOW_CTX_DAG_OWNER=***
AIRFLOW_CTX_DAG_ID=data_ingestion_gcs_dag
AIRFLOW_CTX_TASK_ID=bigquery_external_table_task
AIRFLOW_CTX_EXECUTION_DATE=2019-08-01T00:00:00+00:00
AIRFLOW_CTX_DAG_RUN_ID=scheduled__2019-08-01T00:00:00+00:00
[2023-01-28 01:09:37,591] {crypto.py:82} WARNING - empty cryptography key - values will not be stored encrypted.
[2023-01-28 01:09:38,478] {taskinstance.py:1277} INFO - Marking task as SUCCESS. dag_id=data_ingestion_gcs_dag, task_id=bigquery_external_table_task, execution_date=20190801T000000, start_date=20230128T010937, end_date=20230128T010938
[2023-01-28 01:09:38,521] {local_task_job.py:154} INFO - Task exited with return code 0
[2023-01-28 01:09:38,548] {local_task_job.py:264} INFO - 0 downstream tasks scheduled from follow-on schedule check
