[2023-01-22 09:30:35,307] {taskinstance.py:1032} INFO - Dependencies all met for <TaskInstance: data_ingestion_gcs_dag.format_to_parquet_task manual__2023-01-22T09:30:29.286601+00:00 [queued]>
[2023-01-22 09:30:35,325] {taskinstance.py:1032} INFO - Dependencies all met for <TaskInstance: data_ingestion_gcs_dag.format_to_parquet_task manual__2023-01-22T09:30:29.286601+00:00 [queued]>
[2023-01-22 09:30:35,328] {taskinstance.py:1238} INFO - 
--------------------------------------------------------------------------------
[2023-01-22 09:30:35,329] {taskinstance.py:1239} INFO - Starting attempt 1 of 2
[2023-01-22 09:30:35,330] {taskinstance.py:1240} INFO - 
--------------------------------------------------------------------------------
[2023-01-22 09:30:35,355] {taskinstance.py:1259} INFO - Executing <Task(PythonOperator): format_to_parquet_task> on 2023-01-22 09:30:29.286601+00:00
[2023-01-22 09:30:35,365] {standard_task_runner.py:52} INFO - Started process 221 to run task
[2023-01-22 09:30:35,381] {standard_task_runner.py:76} INFO - Running: ['***', 'tasks', 'run', 'data_ingestion_gcs_dag', 'format_to_parquet_task', 'manual__2023-01-22T09:30:29.286601+00:00', '--job-id', '32', '--raw', '--subdir', 'DAGS_FOLDER/data_ingestion_gcs_dag.py', '--cfg-path', '/tmp/tmp91_gueuh', '--error-file', '/tmp/tmp3zija5ay']
[2023-01-22 09:30:35,383] {standard_task_runner.py:77} INFO - Job 32: Subtask format_to_parquet_task
[2023-01-22 09:30:35,462] {logging_mixin.py:109} INFO - Running <TaskInstance: data_ingestion_gcs_dag.format_to_parquet_task manual__2023-01-22T09:30:29.286601+00:00 [running]> on host 782ecd0cb088
[2023-01-22 09:30:35,520] {taskinstance.py:1426} INFO - Exporting the following env vars:
AIRFLOW_CTX_DAG_OWNER=***
AIRFLOW_CTX_DAG_ID=data_ingestion_gcs_dag
AIRFLOW_CTX_TASK_ID=format_to_parquet_task
AIRFLOW_CTX_EXECUTION_DATE=2023-01-22T09:30:29.286601+00:00
AIRFLOW_CTX_DAG_RUN_ID=manual__2023-01-22T09:30:29.286601+00:00
[2023-01-22 09:30:35,603] {python.py:175} INFO - Done. Returned value was: None
[2023-01-22 09:30:35,617] {taskinstance.py:1277} INFO - Marking task as SUCCESS. dag_id=data_ingestion_gcs_dag, task_id=format_to_parquet_task, execution_date=20230122T093029, start_date=20230122T093035, end_date=20230122T093035
[2023-01-22 09:30:35,670] {local_task_job.py:154} INFO - Task exited with return code 0
[2023-01-22 09:30:35,713] {local_task_job.py:264} INFO - 1 downstream tasks scheduled from follow-on schedule check
