[2023-01-28 04:33:18,789] {taskinstance.py:1032} INFO - Dependencies all met for <TaskInstance: data_ingestion_fhv_dag.bq_fhv_external_table_task scheduled__2019-07-01T00:00:00+00:00 [queued]>
[2023-01-28 04:33:18,802] {taskinstance.py:1032} INFO - Dependencies all met for <TaskInstance: data_ingestion_fhv_dag.bq_fhv_external_table_task scheduled__2019-07-01T00:00:00+00:00 [queued]>
[2023-01-28 04:33:18,803] {taskinstance.py:1238} INFO - 
--------------------------------------------------------------------------------
[2023-01-28 04:33:18,803] {taskinstance.py:1239} INFO - Starting attempt 1 of 2
[2023-01-28 04:33:18,804] {taskinstance.py:1240} INFO - 
--------------------------------------------------------------------------------
[2023-01-28 04:33:18,820] {taskinstance.py:1259} INFO - Executing <Task(BigQueryCreateExternalTableOperator): bq_fhv_external_table_task> on 2019-07-01 00:00:00+00:00
[2023-01-28 04:33:18,827] {standard_task_runner.py:52} INFO - Started process 26673 to run task
[2023-01-28 04:33:18,846] {standard_task_runner.py:76} INFO - Running: ['***', 'tasks', 'run', 'data_ingestion_fhv_dag', 'bq_fhv_external_table_task', 'scheduled__2019-07-01T00:00:00+00:00', '--job-id', '227', '--raw', '--subdir', 'DAGS_FOLDER/data_ingestion_fhv_dag.py', '--cfg-path', '/tmp/tmpq9qbij0z', '--error-file', '/tmp/tmpc9ebwc5g']
[2023-01-28 04:33:18,848] {standard_task_runner.py:77} INFO - Job 227: Subtask bq_fhv_external_table_task
[2023-01-28 04:33:18,941] {logging_mixin.py:109} INFO - Running <TaskInstance: data_ingestion_fhv_dag.bq_fhv_external_table_task scheduled__2019-07-01T00:00:00+00:00 [running]> on host adbf820de9e6
[2023-01-28 04:33:18,994] {logging_mixin.py:109} WARNING - /home/***/.local/lib/python3.7/site-packages/***/utils/context.py:152 AirflowContextDeprecationWarning: Accessing 'execution_date' from the template is deprecated and will be removed in a future version. Please use 'data_interval_start' or 'logical_date' instead.
[2023-01-28 04:33:19,024] {taskinstance.py:1426} INFO - Exporting the following env vars:
AIRFLOW_CTX_DAG_OWNER=***
AIRFLOW_CTX_DAG_ID=data_ingestion_fhv_dag
AIRFLOW_CTX_TASK_ID=bq_fhv_external_table_task
AIRFLOW_CTX_EXECUTION_DATE=2019-07-01T00:00:00+00:00
AIRFLOW_CTX_DAG_RUN_ID=scheduled__2019-07-01T00:00:00+00:00
[2023-01-28 04:33:19,026] {crypto.py:82} WARNING - empty cryptography key - values will not be stored encrypted.
[2023-01-28 04:33:20,737] {taskinstance.py:1277} INFO - Marking task as SUCCESS. dag_id=data_ingestion_fhv_dag, task_id=bq_fhv_external_table_task, execution_date=20190701T000000, start_date=20230128T043318, end_date=20230128T043320
[2023-01-28 04:33:20,793] {local_task_job.py:154} INFO - Task exited with return code 0
[2023-01-28 04:33:20,828] {local_task_job.py:264} INFO - 0 downstream tasks scheduled from follow-on schedule check
[2023-01-29 13:27:51,555] {taskinstance.py:1032} INFO - Dependencies all met for <TaskInstance: data_ingestion_fhv_dag.bq_fhv_external_table_task scheduled__2019-07-01T00:00:00+00:00 [queued]>
[2023-01-29 13:27:51,572] {taskinstance.py:1032} INFO - Dependencies all met for <TaskInstance: data_ingestion_fhv_dag.bq_fhv_external_table_task scheduled__2019-07-01T00:00:00+00:00 [queued]>
[2023-01-29 13:27:51,573] {taskinstance.py:1238} INFO - 
--------------------------------------------------------------------------------
[2023-01-29 13:27:51,574] {taskinstance.py:1239} INFO - Starting attempt 1 of 2
[2023-01-29 13:27:51,575] {taskinstance.py:1240} INFO - 
--------------------------------------------------------------------------------
[2023-01-29 13:27:51,591] {taskinstance.py:1259} INFO - Executing <Task(BigQueryCreateExternalTableOperator): bq_fhv_external_table_task> on 2019-07-01 00:00:00+00:00
[2023-01-29 13:27:51,599] {standard_task_runner.py:52} INFO - Started process 2102 to run task
[2023-01-29 13:27:51,604] {standard_task_runner.py:76} INFO - Running: ['***', 'tasks', 'run', 'data_ingestion_fhv_dag', 'bq_fhv_external_table_task', 'scheduled__2019-07-01T00:00:00+00:00', '--job-id', '505', '--raw', '--subdir', 'DAGS_FOLDER/data_ingestion_fhv_dag.py', '--cfg-path', '/tmp/tmpv5j6og87', '--error-file', '/tmp/tmpfq_twmd5']
[2023-01-29 13:27:51,607] {standard_task_runner.py:77} INFO - Job 505: Subtask bq_fhv_external_table_task
[2023-01-29 13:27:51,684] {logging_mixin.py:109} INFO - Running <TaskInstance: data_ingestion_fhv_dag.bq_fhv_external_table_task scheduled__2019-07-01T00:00:00+00:00 [running]> on host 2530f37057aa
[2023-01-29 13:27:51,752] {taskinstance.py:1426} INFO - Exporting the following env vars:
AIRFLOW_CTX_DAG_OWNER=***
AIRFLOW_CTX_DAG_ID=data_ingestion_fhv_dag
AIRFLOW_CTX_TASK_ID=bq_fhv_external_table_task
AIRFLOW_CTX_EXECUTION_DATE=2019-07-01T00:00:00+00:00
AIRFLOW_CTX_DAG_RUN_ID=scheduled__2019-07-01T00:00:00+00:00
[2023-01-29 13:27:51,754] {crypto.py:82} WARNING - empty cryptography key - values will not be stored encrypted.
[2023-01-29 13:27:52,774] {taskinstance.py:1277} INFO - Marking task as SUCCESS. dag_id=data_ingestion_fhv_dag, task_id=bq_fhv_external_table_task, execution_date=20190701T000000, start_date=20230129T132751, end_date=20230129T132752
[2023-01-29 13:27:52,813] {local_task_job.py:154} INFO - Task exited with return code 0
[2023-01-29 13:27:52,845] {local_task_job.py:264} INFO - 1 downstream tasks scheduled from follow-on schedule check
