[2023-01-22 13:21:49,839] {taskinstance.py:1032} INFO - Dependencies all met for <TaskInstance: data_ingestion_gcs_dag.local_to_gcs_task manual__2023-01-22T13:16:36.950937+00:00 [queued]>
[2023-01-22 13:21:49,854] {taskinstance.py:1032} INFO - Dependencies all met for <TaskInstance: data_ingestion_gcs_dag.local_to_gcs_task manual__2023-01-22T13:16:36.950937+00:00 [queued]>
[2023-01-22 13:21:49,856] {taskinstance.py:1238} INFO - 
--------------------------------------------------------------------------------
[2023-01-22 13:21:49,857] {taskinstance.py:1239} INFO - Starting attempt 1 of 2
[2023-01-22 13:21:49,859] {taskinstance.py:1240} INFO - 
--------------------------------------------------------------------------------
[2023-01-22 13:21:49,877] {taskinstance.py:1259} INFO - Executing <Task(PythonOperator): local_to_gcs_task> on 2023-01-22 13:16:36.950937+00:00
[2023-01-22 13:21:49,887] {standard_task_runner.py:52} INFO - Started process 3952 to run task
[2023-01-22 13:21:49,895] {standard_task_runner.py:76} INFO - Running: ['***', 'tasks', 'run', 'data_ingestion_gcs_dag', 'local_to_gcs_task', 'manual__2023-01-22T13:16:36.950937+00:00', '--job-id', '48', '--raw', '--subdir', 'DAGS_FOLDER/data_ingestion_gcs_dag.py', '--cfg-path', '/tmp/tmp94t835j5', '--error-file', '/tmp/tmpoh4rq8mz']
[2023-01-22 13:21:49,899] {standard_task_runner.py:77} INFO - Job 48: Subtask local_to_gcs_task
[2023-01-22 13:21:49,972] {logging_mixin.py:109} INFO - Running <TaskInstance: data_ingestion_gcs_dag.local_to_gcs_task manual__2023-01-22T13:16:36.950937+00:00 [running]> on host a0e75fa915af
[2023-01-22 13:21:50,093] {taskinstance.py:1426} INFO - Exporting the following env vars:
AIRFLOW_CTX_DAG_OWNER=***
AIRFLOW_CTX_DAG_ID=data_ingestion_gcs_dag
AIRFLOW_CTX_TASK_ID=local_to_gcs_task
AIRFLOW_CTX_EXECUTION_DATE=2023-01-22T13:16:36.950937+00:00
AIRFLOW_CTX_DAG_RUN_ID=manual__2023-01-22T13:16:36.950937+00:00
[2023-01-22 13:22:03,003] {python.py:175} INFO - Done. Returned value was: None
[2023-01-22 13:22:03,019] {taskinstance.py:1277} INFO - Marking task as SUCCESS. dag_id=data_ingestion_gcs_dag, task_id=local_to_gcs_task, execution_date=20230122T131636, start_date=20230122T132149, end_date=20230122T132203
[2023-01-22 13:22:03,053] {local_task_job.py:154} INFO - Task exited with return code 0
[2023-01-22 13:22:03,089] {local_task_job.py:264} INFO - 1 downstream tasks scheduled from follow-on schedule check
