[2023-01-28 01:09:41,454] {taskinstance.py:1032} INFO - Dependencies all met for <TaskInstance: data_ingestion_gcs_dag.download_dataset_task scheduled__2019-11-01T00:00:00+00:00 [queued]>
[2023-01-28 01:09:41,466] {taskinstance.py:1032} INFO - Dependencies all met for <TaskInstance: data_ingestion_gcs_dag.download_dataset_task scheduled__2019-11-01T00:00:00+00:00 [queued]>
[2023-01-28 01:09:41,466] {taskinstance.py:1238} INFO - 
--------------------------------------------------------------------------------
[2023-01-28 01:09:41,467] {taskinstance.py:1239} INFO - Starting attempt 1 of 2
[2023-01-28 01:09:41,468] {taskinstance.py:1240} INFO - 
--------------------------------------------------------------------------------
[2023-01-28 01:09:41,521] {taskinstance.py:1259} INFO - Executing <Task(BashOperator): download_dataset_task> on 2019-11-01 00:00:00+00:00
[2023-01-28 01:09:41,525] {standard_task_runner.py:52} INFO - Started process 2519 to run task
[2023-01-28 01:09:41,529] {standard_task_runner.py:76} INFO - Running: ['***', 'tasks', 'run', 'data_ingestion_gcs_dag', 'download_dataset_task', 'scheduled__2019-11-01T00:00:00+00:00', '--job-id', '100', '--raw', '--subdir', 'DAGS_FOLDER/data_ingestion_gcs_dag.py', '--cfg-path', '/tmp/tmp0sl66k5k', '--error-file', '/tmp/tmpz38pe6jb']
[2023-01-28 01:09:41,530] {standard_task_runner.py:77} INFO - Job 100: Subtask download_dataset_task
[2023-01-28 01:09:41,595] {logging_mixin.py:109} INFO - Running <TaskInstance: data_ingestion_gcs_dag.download_dataset_task scheduled__2019-11-01T00:00:00+00:00 [running]> on host adbf820de9e6
[2023-01-28 01:09:41,649] {logging_mixin.py:109} WARNING - /home/***/.local/lib/python3.7/site-packages/***/utils/context.py:152 AirflowContextDeprecationWarning: Accessing 'execution_date' from the template is deprecated and will be removed in a future version. Please use 'data_interval_start' or 'logical_date' instead.
[2023-01-28 01:09:41,672] {taskinstance.py:1426} INFO - Exporting the following env vars:
AIRFLOW_CTX_DAG_OWNER=***
AIRFLOW_CTX_DAG_ID=data_ingestion_gcs_dag
AIRFLOW_CTX_TASK_ID=download_dataset_task
AIRFLOW_CTX_EXECUTION_DATE=2019-11-01T00:00:00+00:00
AIRFLOW_CTX_DAG_RUN_ID=scheduled__2019-11-01T00:00:00+00:00
[2023-01-28 01:09:41,674] {subprocess.py:62} INFO - Tmp dir root location: 
 /tmp
[2023-01-28 01:09:41,675] {subprocess.py:74} INFO - Running command: ['bash', '-c', 'curl -sSL https://d37ci6vzurychx.cloudfront.net/trip-data/yellow_tripdata_2019-11.parquet > /opt/***/yellow_tripdata_2019-11.parquet']
[2023-01-28 01:09:41,685] {subprocess.py:85} INFO - Output:
[2023-01-28 01:10:01,437] {subprocess.py:93} INFO - Command exited with return code 0
[2023-01-28 01:10:01,486] {taskinstance.py:1277} INFO - Marking task as SUCCESS. dag_id=data_ingestion_gcs_dag, task_id=download_dataset_task, execution_date=20191101T000000, start_date=20230128T010941, end_date=20230128T011001
[2023-01-28 01:10:01,521] {local_task_job.py:154} INFO - Task exited with return code 0
[2023-01-28 01:10:01,553] {local_task_job.py:264} INFO - 1 downstream tasks scheduled from follow-on schedule check
[2023-01-29 12:46:39,824] {taskinstance.py:1032} INFO - Dependencies all met for <TaskInstance: data_ingestion_gcs_dag.download_dataset_task scheduled__2019-11-01T00:00:00+00:00 [queued]>
[2023-01-29 12:46:39,834] {taskinstance.py:1032} INFO - Dependencies all met for <TaskInstance: data_ingestion_gcs_dag.download_dataset_task scheduled__2019-11-01T00:00:00+00:00 [queued]>
[2023-01-29 12:46:39,835] {taskinstance.py:1238} INFO - 
--------------------------------------------------------------------------------
[2023-01-29 12:46:39,836] {taskinstance.py:1239} INFO - Starting attempt 1 of 2
[2023-01-29 12:46:39,837] {taskinstance.py:1240} INFO - 
--------------------------------------------------------------------------------
[2023-01-29 12:46:39,847] {taskinstance.py:1259} INFO - Executing <Task(BashOperator): download_dataset_task> on 2019-11-01 00:00:00+00:00
[2023-01-29 12:46:39,852] {standard_task_runner.py:52} INFO - Started process 7690 to run task
[2023-01-29 12:46:39,855] {standard_task_runner.py:76} INFO - Running: ['***', 'tasks', 'run', 'data_ingestion_gcs_dag', 'download_dataset_task', 'scheduled__2019-11-01T00:00:00+00:00', '--job-id', '423', '--raw', '--subdir', 'DAGS_FOLDER/data_ingestion_gcs_dag.py', '--cfg-path', '/tmp/tmpnlktb3su', '--error-file', '/tmp/tmplfmtill3']
[2023-01-29 12:46:39,857] {standard_task_runner.py:77} INFO - Job 423: Subtask download_dataset_task
[2023-01-29 12:46:39,914] {logging_mixin.py:109} INFO - Running <TaskInstance: data_ingestion_gcs_dag.download_dataset_task scheduled__2019-11-01T00:00:00+00:00 [running]> on host 2530f37057aa
[2023-01-29 12:46:39,962] {logging_mixin.py:109} WARNING - /home/***/.local/lib/python3.7/site-packages/***/utils/context.py:152 AirflowContextDeprecationWarning: Accessing 'execution_date' from the template is deprecated and will be removed in a future version. Please use 'data_interval_start' or 'logical_date' instead.
[2023-01-29 12:46:39,985] {taskinstance.py:1426} INFO - Exporting the following env vars:
AIRFLOW_CTX_DAG_OWNER=***
AIRFLOW_CTX_DAG_ID=data_ingestion_gcs_dag
AIRFLOW_CTX_TASK_ID=download_dataset_task
AIRFLOW_CTX_EXECUTION_DATE=2019-11-01T00:00:00+00:00
AIRFLOW_CTX_DAG_RUN_ID=scheduled__2019-11-01T00:00:00+00:00
[2023-01-29 12:46:39,987] {subprocess.py:62} INFO - Tmp dir root location: 
 /tmp
[2023-01-29 12:46:39,988] {subprocess.py:74} INFO - Running command: ['bash', '-c', 'curl -sSL https://d37ci6vzurychx.cloudfront.net/trip-data/fhv_tripdata_2019-11.parquet > /opt/***/fhv_tripdata_2019-11.parquet']
[2023-01-29 12:46:39,999] {subprocess.py:85} INFO - Output:
[2023-01-29 12:46:45,851] {subprocess.py:93} INFO - Command exited with return code 0
[2023-01-29 12:46:45,876] {taskinstance.py:1277} INFO - Marking task as SUCCESS. dag_id=data_ingestion_gcs_dag, task_id=download_dataset_task, execution_date=20191101T000000, start_date=20230129T124639, end_date=20230129T124645
[2023-01-29 12:46:45,922] {local_task_job.py:154} INFO - Task exited with return code 0
[2023-01-29 12:46:45,968] {local_task_job.py:264} INFO - 1 downstream tasks scheduled from follow-on schedule check
