[2023-01-24 01:03:22,501] {taskinstance.py:1032} INFO - Dependencies all met for <TaskInstance: LocalIngestionDag.wget scheduled__2022-09-02T06:00:00+00:00 [queued]>
[2023-01-24 01:03:22,534] {taskinstance.py:1032} INFO - Dependencies all met for <TaskInstance: LocalIngestionDag.wget scheduled__2022-09-02T06:00:00+00:00 [queued]>
[2023-01-24 01:03:22,534] {taskinstance.py:1238} INFO - 
--------------------------------------------------------------------------------
[2023-01-24 01:03:22,534] {taskinstance.py:1239} INFO - Starting attempt 1 of 1
[2023-01-24 01:03:22,534] {taskinstance.py:1240} INFO - 
--------------------------------------------------------------------------------
[2023-01-24 01:03:22,574] {taskinstance.py:1259} INFO - Executing <Task(BashOperator): wget> on 2022-09-02 06:00:00+00:00
[2023-01-24 01:03:22,584] {standard_task_runner.py:52} INFO - Started process 837 to run task
[2023-01-24 01:03:22,604] {standard_task_runner.py:76} INFO - Running: ['***', 'tasks', 'run', 'LocalIngestionDag', 'wget', 'scheduled__2022-09-02T06:00:00+00:00', '--job-id', '44', '--raw', '--subdir', 'DAGS_FOLDER/data_ingestion_local.py', '--cfg-path', '/tmp/tmpkj_1zj30', '--error-file', '/tmp/tmpysbue_y7']
[2023-01-24 01:03:22,606] {standard_task_runner.py:77} INFO - Job 44: Subtask wget
[2023-01-24 01:03:22,734] {logging_mixin.py:109} INFO - Running <TaskInstance: LocalIngestionDag.wget scheduled__2022-09-02T06:00:00+00:00 [running]> on host 6018d13d82e3
[2023-01-24 01:03:22,842] {taskinstance.py:1426} INFO - Exporting the following env vars:
AIRFLOW_CTX_DAG_OWNER=***
AIRFLOW_CTX_DAG_ID=LocalIngestionDag
AIRFLOW_CTX_TASK_ID=wget
AIRFLOW_CTX_EXECUTION_DATE=2022-09-02T06:00:00+00:00
AIRFLOW_CTX_DAG_RUN_ID=scheduled__2022-09-02T06:00:00+00:00
[2023-01-24 01:03:22,843] {subprocess.py:62} INFO - Tmp dir root location: 
 /tmp
[2023-01-24 01:03:22,848] {subprocess.py:74} INFO - Running command: ['bash', '-c', 'echo "hello world"']
[2023-01-24 01:03:22,874] {subprocess.py:85} INFO - Output:
[2023-01-24 01:03:22,874] {subprocess.py:89} INFO - hello world
[2023-01-24 01:03:22,875] {subprocess.py:93} INFO - Command exited with return code 0
[2023-01-24 01:03:22,940] {taskinstance.py:1277} INFO - Marking task as SUCCESS. dag_id=LocalIngestionDag, task_id=wget, execution_date=20220902T060000, start_date=20230124T010322, end_date=20230124T010322
[2023-01-24 01:03:23,022] {local_task_job.py:154} INFO - Task exited with return code 0
[2023-01-24 01:03:23,146] {local_task_job.py:264} INFO - 1 downstream tasks scheduled from follow-on schedule check
