[2023-01-27 22:47:55,033] {taskinstance.py:1032} INFO - Dependencies all met for <TaskInstance: data_ingestion_gcs_dag.bigquery_external_table_task manual__2023-01-27T22:46:42.288296+00:00 [queued]>
[2023-01-27 22:47:55,045] {taskinstance.py:1032} INFO - Dependencies all met for <TaskInstance: data_ingestion_gcs_dag.bigquery_external_table_task manual__2023-01-27T22:46:42.288296+00:00 [queued]>
[2023-01-27 22:47:55,047] {taskinstance.py:1238} INFO - 
--------------------------------------------------------------------------------
[2023-01-27 22:47:55,048] {taskinstance.py:1239} INFO - Starting attempt 1 of 2
[2023-01-27 22:47:55,048] {taskinstance.py:1240} INFO - 
--------------------------------------------------------------------------------
[2023-01-27 22:47:55,062] {taskinstance.py:1259} INFO - Executing <Task(BigQueryCreateExternalTableOperator): bigquery_external_table_task> on 2023-01-27 22:46:42.288296+00:00
[2023-01-27 22:47:55,068] {standard_task_runner.py:52} INFO - Started process 713 to run task
[2023-01-27 22:47:55,071] {standard_task_runner.py:76} INFO - Running: ['***', 'tasks', 'run', 'data_ingestion_gcs_dag', 'bigquery_external_table_task', 'manual__2023-01-27T22:46:42.288296+00:00', '--job-id', '9', '--raw', '--subdir', 'DAGS_FOLDER/data_ingestion_gcs_dag.py', '--cfg-path', '/tmp/tmpbd35kj56', '--error-file', '/tmp/tmpi5bpjj6c']
[2023-01-27 22:47:55,073] {standard_task_runner.py:77} INFO - Job 9: Subtask bigquery_external_table_task
[2023-01-27 22:47:55,140] {logging_mixin.py:109} INFO - Running <TaskInstance: data_ingestion_gcs_dag.bigquery_external_table_task manual__2023-01-27T22:46:42.288296+00:00 [running]> on host 5bfe79d65a6d
[2023-01-27 22:47:55,208] {taskinstance.py:1426} INFO - Exporting the following env vars:
AIRFLOW_CTX_DAG_OWNER=***
AIRFLOW_CTX_DAG_ID=data_ingestion_gcs_dag
AIRFLOW_CTX_TASK_ID=bigquery_external_table_task
AIRFLOW_CTX_EXECUTION_DATE=2023-01-27T22:46:42.288296+00:00
AIRFLOW_CTX_DAG_RUN_ID=manual__2023-01-27T22:46:42.288296+00:00
[2023-01-27 22:47:55,211] {crypto.py:82} WARNING - empty cryptography key - values will not be stored encrypted.
[2023-01-27 22:47:56,404] {taskinstance.py:1277} INFO - Marking task as SUCCESS. dag_id=data_ingestion_gcs_dag, task_id=bigquery_external_table_task, execution_date=20230127T224642, start_date=20230127T224755, end_date=20230127T224756
[2023-01-27 22:47:56,447] {local_task_job.py:154} INFO - Task exited with return code 0
[2023-01-27 22:47:56,484] {local_task_job.py:264} INFO - 0 downstream tasks scheduled from follow-on schedule check
