[2023-01-24 01:03:10,602] {taskinstance.py:1032} INFO - Dependencies all met for <TaskInstance: LocalIngestionDag.wget scheduled__2021-06-02T06:00:00+00:00 [queued]>
[2023-01-24 01:03:10,648] {taskinstance.py:1032} INFO - Dependencies all met for <TaskInstance: LocalIngestionDag.wget scheduled__2021-06-02T06:00:00+00:00 [queued]>
[2023-01-24 01:03:10,649] {taskinstance.py:1238} INFO - 
--------------------------------------------------------------------------------
[2023-01-24 01:03:10,649] {taskinstance.py:1239} INFO - Starting attempt 1 of 1
[2023-01-24 01:03:10,649] {taskinstance.py:1240} INFO - 
--------------------------------------------------------------------------------
[2023-01-24 01:03:10,706] {taskinstance.py:1259} INFO - Executing <Task(BashOperator): wget> on 2021-06-02 06:00:00+00:00
[2023-01-24 01:03:10,712] {standard_task_runner.py:52} INFO - Started process 737 to run task
[2023-01-24 01:03:10,721] {standard_task_runner.py:76} INFO - Running: ['***', 'tasks', 'run', 'LocalIngestionDag', 'wget', 'scheduled__2021-06-02T06:00:00+00:00', '--job-id', '13', '--raw', '--subdir', 'DAGS_FOLDER/data_ingestion_local.py', '--cfg-path', '/tmp/tmpem0e8nz7', '--error-file', '/tmp/tmpikzxc4z1']
[2023-01-24 01:03:10,723] {standard_task_runner.py:77} INFO - Job 13: Subtask wget
[2023-01-24 01:03:10,965] {logging_mixin.py:109} INFO - Running <TaskInstance: LocalIngestionDag.wget scheduled__2021-06-02T06:00:00+00:00 [running]> on host 6018d13d82e3
[2023-01-24 01:03:11,150] {taskinstance.py:1426} INFO - Exporting the following env vars:
AIRFLOW_CTX_DAG_OWNER=***
AIRFLOW_CTX_DAG_ID=LocalIngestionDag
AIRFLOW_CTX_TASK_ID=wget
AIRFLOW_CTX_EXECUTION_DATE=2021-06-02T06:00:00+00:00
AIRFLOW_CTX_DAG_RUN_ID=scheduled__2021-06-02T06:00:00+00:00
[2023-01-24 01:03:11,156] {subprocess.py:62} INFO - Tmp dir root location: 
 /tmp
[2023-01-24 01:03:11,162] {subprocess.py:74} INFO - Running command: ['bash', '-c', 'echo "hello world"']
[2023-01-24 01:03:11,216] {subprocess.py:85} INFO - Output:
[2023-01-24 01:03:11,223] {subprocess.py:89} INFO - hello world
[2023-01-24 01:03:11,227] {subprocess.py:93} INFO - Command exited with return code 0
[2023-01-24 01:03:11,630] {taskinstance.py:1277} INFO - Marking task as SUCCESS. dag_id=LocalIngestionDag, task_id=wget, execution_date=20210602T060000, start_date=20230124T010310, end_date=20230124T010311
[2023-01-24 01:03:11,683] {local_task_job.py:154} INFO - Task exited with return code 0
[2023-01-24 01:03:11,769] {local_task_job.py:264} INFO - 1 downstream tasks scheduled from follow-on schedule check
