[2023-01-24 11:04:27,381] {taskinstance.py:1032} INFO - Dependencies all met for <TaskInstance: data_ingestion_fhv_dag.download_dataset_task scheduled__2019-11-01T00:00:00+00:00 [queued]>
[2023-01-24 11:04:27,414] {taskinstance.py:1032} INFO - Dependencies all met for <TaskInstance: data_ingestion_fhv_dag.download_dataset_task scheduled__2019-11-01T00:00:00+00:00 [queued]>
[2023-01-24 11:04:27,415] {taskinstance.py:1238} INFO - 
--------------------------------------------------------------------------------
[2023-01-24 11:04:27,415] {taskinstance.py:1239} INFO - Starting attempt 1 of 2
[2023-01-24 11:04:27,415] {taskinstance.py:1240} INFO - 
--------------------------------------------------------------------------------
[2023-01-24 11:04:27,445] {taskinstance.py:1259} INFO - Executing <Task(BashOperator): download_dataset_task> on 2019-11-01 00:00:00+00:00
[2023-01-24 11:04:27,457] {standard_task_runner.py:52} INFO - Started process 1488 to run task
[2023-01-24 11:04:27,469] {standard_task_runner.py:76} INFO - Running: ['***', 'tasks', 'run', 'data_ingestion_fhv_dag', 'download_dataset_task', 'scheduled__2019-11-01T00:00:00+00:00', '--job-id', '144', '--raw', '--subdir', 'DAGS_FOLDER/data_ingestion_fhv_dag.py', '--cfg-path', '/tmp/tmpfuyshmqm', '--error-file', '/tmp/tmpp4z15o4v']
[2023-01-24 11:04:27,471] {standard_task_runner.py:77} INFO - Job 144: Subtask download_dataset_task
[2023-01-24 11:04:27,650] {logging_mixin.py:109} INFO - Running <TaskInstance: data_ingestion_fhv_dag.download_dataset_task scheduled__2019-11-01T00:00:00+00:00 [running]> on host 07340d4b95ab
[2023-01-24 11:04:27,774] {logging_mixin.py:109} WARNING - /home/***/.local/lib/python3.7/site-packages/***/utils/context.py:152 AirflowContextDeprecationWarning: Accessing 'execution_date' from the template is deprecated and will be removed in a future version. Please use 'data_interval_start' or 'logical_date' instead.
[2023-01-24 11:04:27,820] {taskinstance.py:1426} INFO - Exporting the following env vars:
AIRFLOW_CTX_DAG_OWNER=***
AIRFLOW_CTX_DAG_ID=data_ingestion_fhv_dag
AIRFLOW_CTX_TASK_ID=download_dataset_task
AIRFLOW_CTX_EXECUTION_DATE=2019-11-01T00:00:00+00:00
AIRFLOW_CTX_DAG_RUN_ID=scheduled__2019-11-01T00:00:00+00:00
[2023-01-24 11:04:27,823] {subprocess.py:62} INFO - Tmp dir root location: 
 /tmp
[2023-01-24 11:04:27,825] {subprocess.py:74} INFO - Running command: ['bash', '-c', 'curl -sSL https://d37ci6vzurychx.cloudfront.net/trip-data/fhv_tripdata_2019-11.parquet > /opt/***/fhv_tripdata_2019-11.parquet']
[2023-01-24 11:04:27,848] {subprocess.py:85} INFO - Output:
[2023-01-24 11:04:29,866] {subprocess.py:93} INFO - Command exited with return code 0
[2023-01-24 11:04:29,905] {taskinstance.py:1277} INFO - Marking task as SUCCESS. dag_id=data_ingestion_fhv_dag, task_id=download_dataset_task, execution_date=20191101T000000, start_date=20230124T110427, end_date=20230124T110429
[2023-01-24 11:04:29,938] {local_task_job.py:154} INFO - Task exited with return code 0
[2023-01-24 11:04:29,979] {local_task_job.py:264} INFO - 1 downstream tasks scheduled from follow-on schedule check
