[2023-01-28 01:07:09,765] {taskinstance.py:1032} INFO - Dependencies all met for <TaskInstance: data_ingestion_gcs_dag.download_dataset_task scheduled__2019-08-01T00:00:00+00:00 [queued]>
[2023-01-28 01:07:09,775] {taskinstance.py:1032} INFO - Dependencies all met for <TaskInstance: data_ingestion_gcs_dag.download_dataset_task scheduled__2019-08-01T00:00:00+00:00 [queued]>
[2023-01-28 01:07:09,775] {taskinstance.py:1238} INFO - 
--------------------------------------------------------------------------------
[2023-01-28 01:07:09,776] {taskinstance.py:1239} INFO - Starting attempt 1 of 2
[2023-01-28 01:07:09,777] {taskinstance.py:1240} INFO - 
--------------------------------------------------------------------------------
[2023-01-28 01:07:09,787] {taskinstance.py:1259} INFO - Executing <Task(BashOperator): download_dataset_task> on 2019-08-01 00:00:00+00:00
[2023-01-28 01:07:09,793] {standard_task_runner.py:52} INFO - Started process 2159 to run task
[2023-01-28 01:07:09,798] {standard_task_runner.py:76} INFO - Running: ['***', 'tasks', 'run', 'data_ingestion_gcs_dag', 'download_dataset_task', 'scheduled__2019-08-01T00:00:00+00:00', '--job-id', '90', '--raw', '--subdir', 'DAGS_FOLDER/data_ingestion_gcs_dag.py', '--cfg-path', '/tmp/tmp50_qyqyt', '--error-file', '/tmp/tmp5eblxccf']
[2023-01-28 01:07:09,800] {standard_task_runner.py:77} INFO - Job 90: Subtask download_dataset_task
[2023-01-28 01:07:09,875] {logging_mixin.py:109} INFO - Running <TaskInstance: data_ingestion_gcs_dag.download_dataset_task scheduled__2019-08-01T00:00:00+00:00 [running]> on host adbf820de9e6
[2023-01-28 01:07:09,923] {logging_mixin.py:109} WARNING - /home/***/.local/lib/python3.7/site-packages/***/utils/context.py:152 AirflowContextDeprecationWarning: Accessing 'execution_date' from the template is deprecated and will be removed in a future version. Please use 'data_interval_start' or 'logical_date' instead.
[2023-01-28 01:07:09,967] {taskinstance.py:1426} INFO - Exporting the following env vars:
AIRFLOW_CTX_DAG_OWNER=***
AIRFLOW_CTX_DAG_ID=data_ingestion_gcs_dag
AIRFLOW_CTX_TASK_ID=download_dataset_task
AIRFLOW_CTX_EXECUTION_DATE=2019-08-01T00:00:00+00:00
AIRFLOW_CTX_DAG_RUN_ID=scheduled__2019-08-01T00:00:00+00:00
[2023-01-28 01:07:09,970] {subprocess.py:62} INFO - Tmp dir root location: 
 /tmp
[2023-01-28 01:07:09,972] {subprocess.py:74} INFO - Running command: ['bash', '-c', 'curl -sSL https://d37ci6vzurychx.cloudfront.net/trip-data/yellow_tripdata_2019-08.parquet > /opt/***/yellow_tripdata_2019-08.parquet']
[2023-01-28 01:07:09,988] {subprocess.py:85} INFO - Output:
[2023-01-28 01:07:35,754] {subprocess.py:93} INFO - Command exited with return code 0
[2023-01-28 01:07:35,779] {taskinstance.py:1277} INFO - Marking task as SUCCESS. dag_id=data_ingestion_gcs_dag, task_id=download_dataset_task, execution_date=20190801T000000, start_date=20230128T010709, end_date=20230128T010735
[2023-01-28 01:07:35,809] {local_task_job.py:154} INFO - Task exited with return code 0
[2023-01-28 01:07:35,843] {local_task_job.py:264} INFO - 1 downstream tasks scheduled from follow-on schedule check
[2023-01-29 12:44:35,683] {taskinstance.py:1032} INFO - Dependencies all met for <TaskInstance: data_ingestion_gcs_dag.download_dataset_task scheduled__2019-08-01T00:00:00+00:00 [queued]>
[2023-01-29 12:44:35,696] {taskinstance.py:1032} INFO - Dependencies all met for <TaskInstance: data_ingestion_gcs_dag.download_dataset_task scheduled__2019-08-01T00:00:00+00:00 [queued]>
[2023-01-29 12:44:35,697] {taskinstance.py:1238} INFO - 
--------------------------------------------------------------------------------
[2023-01-29 12:44:35,699] {taskinstance.py:1239} INFO - Starting attempt 1 of 2
[2023-01-29 12:44:35,700] {taskinstance.py:1240} INFO - 
--------------------------------------------------------------------------------
[2023-01-29 12:44:35,715] {taskinstance.py:1259} INFO - Executing <Task(BashOperator): download_dataset_task> on 2019-08-01 00:00:00+00:00
[2023-01-29 12:44:35,720] {standard_task_runner.py:52} INFO - Started process 7278 to run task
[2023-01-29 12:44:35,728] {standard_task_runner.py:76} INFO - Running: ['***', 'tasks', 'run', 'data_ingestion_gcs_dag', 'download_dataset_task', 'scheduled__2019-08-01T00:00:00+00:00', '--job-id', '410', '--raw', '--subdir', 'DAGS_FOLDER/data_ingestion_gcs_dag.py', '--cfg-path', '/tmp/tmp_c9px19k', '--error-file', '/tmp/tmp38hrcfq0']
[2023-01-29 12:44:35,730] {standard_task_runner.py:77} INFO - Job 410: Subtask download_dataset_task
[2023-01-29 12:44:35,835] {logging_mixin.py:109} INFO - Running <TaskInstance: data_ingestion_gcs_dag.download_dataset_task scheduled__2019-08-01T00:00:00+00:00 [running]> on host 2530f37057aa
[2023-01-29 12:44:35,944] {logging_mixin.py:109} WARNING - /home/***/.local/lib/python3.7/site-packages/***/utils/context.py:152 AirflowContextDeprecationWarning: Accessing 'execution_date' from the template is deprecated and will be removed in a future version. Please use 'data_interval_start' or 'logical_date' instead.
[2023-01-29 12:44:36,000] {taskinstance.py:1426} INFO - Exporting the following env vars:
AIRFLOW_CTX_DAG_OWNER=***
AIRFLOW_CTX_DAG_ID=data_ingestion_gcs_dag
AIRFLOW_CTX_TASK_ID=download_dataset_task
AIRFLOW_CTX_EXECUTION_DATE=2019-08-01T00:00:00+00:00
AIRFLOW_CTX_DAG_RUN_ID=scheduled__2019-08-01T00:00:00+00:00
[2023-01-29 12:44:36,002] {subprocess.py:62} INFO - Tmp dir root location: 
 /tmp
[2023-01-29 12:44:36,004] {subprocess.py:74} INFO - Running command: ['bash', '-c', 'curl -sSL https://d37ci6vzurychx.cloudfront.net/trip-data/fhv_tripdata_2019-08.parquet > /opt/***/fhv_tripdata_2019-08.parquet']
[2023-01-29 12:44:36,018] {subprocess.py:85} INFO - Output:
[2023-01-29 12:45:18,015] {subprocess.py:93} INFO - Command exited with return code 0
[2023-01-29 12:45:18,041] {taskinstance.py:1277} INFO - Marking task as SUCCESS. dag_id=data_ingestion_gcs_dag, task_id=download_dataset_task, execution_date=20190801T000000, start_date=20230129T124435, end_date=20230129T124518
[2023-01-29 12:45:18,091] {local_task_job.py:154} INFO - Task exited with return code 0
[2023-01-29 12:45:18,133] {local_task_job.py:264} INFO - 1 downstream tasks scheduled from follow-on schedule check
