[2023-01-24 11:36:09,548] {taskinstance.py:1032} INFO - Dependencies all met for <TaskInstance: data_ingestion_zone_dag.local_to_gcs_task manual__2023-01-24T11:25:53.842431+00:00 [queued]>
[2023-01-24 11:36:09,567] {taskinstance.py:1032} INFO - Dependencies all met for <TaskInstance: data_ingestion_zone_dag.local_to_gcs_task manual__2023-01-24T11:25:53.842431+00:00 [queued]>
[2023-01-24 11:36:09,567] {taskinstance.py:1238} INFO - 
--------------------------------------------------------------------------------
[2023-01-24 11:36:09,567] {taskinstance.py:1239} INFO - Starting attempt 1 of 2
[2023-01-24 11:36:09,567] {taskinstance.py:1240} INFO - 
--------------------------------------------------------------------------------
[2023-01-24 11:36:09,584] {taskinstance.py:1259} INFO - Executing <Task(PythonOperator): local_to_gcs_task> on 2023-01-24 11:25:53.842431+00:00
[2023-01-24 11:36:09,592] {standard_task_runner.py:52} INFO - Started process 5084 to run task
[2023-01-24 11:36:09,599] {standard_task_runner.py:76} INFO - Running: ['***', 'tasks', 'run', 'data_ingestion_zone_dag', 'local_to_gcs_task', 'manual__2023-01-24T11:25:53.842431+00:00', '--job-id', '171', '--raw', '--subdir', 'DAGS_FOLDER/data_ingestion_zone_dag.py', '--cfg-path', '/tmp/tmp1o6gtpt1', '--error-file', '/tmp/tmph3dm2_gh']
[2023-01-24 11:36:09,600] {standard_task_runner.py:77} INFO - Job 171: Subtask local_to_gcs_task
[2023-01-24 11:36:09,679] {logging_mixin.py:109} INFO - Running <TaskInstance: data_ingestion_zone_dag.local_to_gcs_task manual__2023-01-24T11:25:53.842431+00:00 [running]> on host 07340d4b95ab
[2023-01-24 11:36:09,758] {taskinstance.py:1426} INFO - Exporting the following env vars:
AIRFLOW_CTX_DAG_OWNER=***
AIRFLOW_CTX_DAG_ID=data_ingestion_zone_dag
AIRFLOW_CTX_TASK_ID=local_to_gcs_task
AIRFLOW_CTX_EXECUTION_DATE=2023-01-24T11:25:53.842431+00:00
AIRFLOW_CTX_DAG_RUN_ID=manual__2023-01-24T11:25:53.842431+00:00
[2023-01-24 11:36:10,073] {python.py:175} INFO - Done. Returned value was: None
[2023-01-24 11:36:10,088] {taskinstance.py:1277} INFO - Marking task as SUCCESS. dag_id=data_ingestion_zone_dag, task_id=local_to_gcs_task, execution_date=20230124T112553, start_date=20230124T113609, end_date=20230124T113610
[2023-01-24 11:36:10,134] {local_task_job.py:154} INFO - Task exited with return code 0
[2023-01-24 11:36:10,172] {local_task_job.py:264} INFO - 0 downstream tasks scheduled from follow-on schedule check
