[2023-01-24 11:43:14,997] {taskinstance.py:1032} INFO - Dependencies all met for <TaskInstance: data_ingestion_zone_dag.local_to_gcs_task manual__2023-01-24T11:25:53.842431+00:00 [queued]>
[2023-01-24 11:43:15,012] {taskinstance.py:1032} INFO - Dependencies all met for <TaskInstance: data_ingestion_zone_dag.local_to_gcs_task manual__2023-01-24T11:25:53.842431+00:00 [queued]>
[2023-01-24 11:43:15,012] {taskinstance.py:1238} INFO - 
--------------------------------------------------------------------------------
[2023-01-24 11:43:15,012] {taskinstance.py:1239} INFO - Starting attempt 2 of 3
[2023-01-24 11:43:15,012] {taskinstance.py:1240} INFO - 
--------------------------------------------------------------------------------
[2023-01-24 11:43:15,031] {taskinstance.py:1259} INFO - Executing <Task(PythonOperator): local_to_gcs_task> on 2023-01-24 11:25:53.842431+00:00
[2023-01-24 11:43:15,039] {standard_task_runner.py:52} INFO - Started process 5997 to run task
[2023-01-24 11:43:15,046] {standard_task_runner.py:76} INFO - Running: ['***', 'tasks', 'run', 'data_ingestion_zone_dag', 'local_to_gcs_task', 'manual__2023-01-24T11:25:53.842431+00:00', '--job-id', '181', '--raw', '--subdir', 'DAGS_FOLDER/data_ingestion_zone_dag.py', '--cfg-path', '/tmp/tmpm35n8ted', '--error-file', '/tmp/tmpyy1bb_k5']
[2023-01-24 11:43:15,047] {standard_task_runner.py:77} INFO - Job 181: Subtask local_to_gcs_task
[2023-01-24 11:43:15,130] {logging_mixin.py:109} INFO - Running <TaskInstance: data_ingestion_zone_dag.local_to_gcs_task manual__2023-01-24T11:25:53.842431+00:00 [running]> on host 07340d4b95ab
[2023-01-24 11:43:15,212] {taskinstance.py:1426} INFO - Exporting the following env vars:
AIRFLOW_CTX_DAG_OWNER=***
AIRFLOW_CTX_DAG_ID=data_ingestion_zone_dag
AIRFLOW_CTX_TASK_ID=local_to_gcs_task
AIRFLOW_CTX_EXECUTION_DATE=2023-01-24T11:25:53.842431+00:00
AIRFLOW_CTX_DAG_RUN_ID=manual__2023-01-24T11:25:53.842431+00:00
[2023-01-24 11:43:15,517] {python.py:175} INFO - Done. Returned value was: None
[2023-01-24 11:43:15,537] {taskinstance.py:1277} INFO - Marking task as SUCCESS. dag_id=data_ingestion_zone_dag, task_id=local_to_gcs_task, execution_date=20230124T112553, start_date=20230124T114314, end_date=20230124T114315
[2023-01-24 11:43:15,581] {local_task_job.py:154} INFO - Task exited with return code 0
[2023-01-24 11:43:15,629] {local_task_job.py:264} INFO - 0 downstream tasks scheduled from follow-on schedule check
