[2023-01-28 04:17:20,850] {taskinstance.py:1032} INFO - Dependencies all met for <TaskInstance: data_ingestion_fhv_dag.bq_fhv_external_table_task scheduled__2019-03-01T00:00:00+00:00 [queued]>
[2023-01-28 04:17:20,863] {taskinstance.py:1032} INFO - Dependencies all met for <TaskInstance: data_ingestion_fhv_dag.bq_fhv_external_table_task scheduled__2019-03-01T00:00:00+00:00 [queued]>
[2023-01-28 04:17:20,864] {taskinstance.py:1238} INFO - 
--------------------------------------------------------------------------------
[2023-01-28 04:17:20,865] {taskinstance.py:1239} INFO - Starting attempt 1 of 2
[2023-01-28 04:17:20,866] {taskinstance.py:1240} INFO - 
--------------------------------------------------------------------------------
[2023-01-28 04:17:20,880] {taskinstance.py:1259} INFO - Executing <Task(BigQueryCreateExternalTableOperator): bq_fhv_external_table_task> on 2019-03-01 00:00:00+00:00
[2023-01-28 04:17:20,886] {standard_task_runner.py:52} INFO - Started process 24615 to run task
[2023-01-28 04:17:20,891] {standard_task_runner.py:76} INFO - Running: ['***', 'tasks', 'run', 'data_ingestion_fhv_dag', 'bq_fhv_external_table_task', 'scheduled__2019-03-01T00:00:00+00:00', '--job-id', '192', '--raw', '--subdir', 'DAGS_FOLDER/data_ingestion_fhv_dag.py', '--cfg-path', '/tmp/tmp1id3qj9k', '--error-file', '/tmp/tmp3s4lzzzn']
[2023-01-28 04:17:20,892] {standard_task_runner.py:77} INFO - Job 192: Subtask bq_fhv_external_table_task
[2023-01-28 04:17:20,961] {logging_mixin.py:109} INFO - Running <TaskInstance: data_ingestion_fhv_dag.bq_fhv_external_table_task scheduled__2019-03-01T00:00:00+00:00 [running]> on host adbf820de9e6
[2023-01-28 04:17:21,036] {taskinstance.py:1426} INFO - Exporting the following env vars:
AIRFLOW_CTX_DAG_OWNER=***
AIRFLOW_CTX_DAG_ID=data_ingestion_fhv_dag
AIRFLOW_CTX_TASK_ID=bq_fhv_external_table_task
AIRFLOW_CTX_EXECUTION_DATE=2019-03-01T00:00:00+00:00
AIRFLOW_CTX_DAG_RUN_ID=scheduled__2019-03-01T00:00:00+00:00
[2023-01-28 04:17:21,039] {crypto.py:82} WARNING - empty cryptography key - values will not be stored encrypted.
[2023-01-28 04:17:22,032] {taskinstance.py:1277} INFO - Marking task as SUCCESS. dag_id=data_ingestion_fhv_dag, task_id=bq_fhv_external_table_task, execution_date=20190301T000000, start_date=20230128T041720, end_date=20230128T041722
[2023-01-28 04:17:22,088] {local_task_job.py:154} INFO - Task exited with return code 0
[2023-01-28 04:17:22,122] {local_task_job.py:264} INFO - 0 downstream tasks scheduled from follow-on schedule check
[2023-01-29 13:24:05,006] {taskinstance.py:1032} INFO - Dependencies all met for <TaskInstance: data_ingestion_fhv_dag.bq_fhv_external_table_task scheduled__2019-03-01T00:00:00+00:00 [queued]>
[2023-01-29 13:24:05,016] {taskinstance.py:1032} INFO - Dependencies all met for <TaskInstance: data_ingestion_fhv_dag.bq_fhv_external_table_task scheduled__2019-03-01T00:00:00+00:00 [queued]>
[2023-01-29 13:24:05,017] {taskinstance.py:1238} INFO - 
--------------------------------------------------------------------------------
[2023-01-29 13:24:05,018] {taskinstance.py:1239} INFO - Starting attempt 1 of 2
[2023-01-29 13:24:05,018] {taskinstance.py:1240} INFO - 
--------------------------------------------------------------------------------
[2023-01-29 13:24:05,031] {taskinstance.py:1259} INFO - Executing <Task(BigQueryCreateExternalTableOperator): bq_fhv_external_table_task> on 2019-03-01 00:00:00+00:00
[2023-01-29 13:24:05,036] {standard_task_runner.py:52} INFO - Started process 1482 to run task
[2023-01-29 13:24:05,043] {standard_task_runner.py:76} INFO - Running: ['***', 'tasks', 'run', 'data_ingestion_fhv_dag', 'bq_fhv_external_table_task', 'scheduled__2019-03-01T00:00:00+00:00', '--job-id', '494', '--raw', '--subdir', 'DAGS_FOLDER/data_ingestion_fhv_dag.py', '--cfg-path', '/tmp/tmp2k7t6eef', '--error-file', '/tmp/tmp9ysm0179']
[2023-01-29 13:24:05,044] {standard_task_runner.py:77} INFO - Job 494: Subtask bq_fhv_external_table_task
[2023-01-29 13:24:05,106] {logging_mixin.py:109} INFO - Running <TaskInstance: data_ingestion_fhv_dag.bq_fhv_external_table_task scheduled__2019-03-01T00:00:00+00:00 [running]> on host 2530f37057aa
[2023-01-29 13:24:05,164] {taskinstance.py:1426} INFO - Exporting the following env vars:
AIRFLOW_CTX_DAG_OWNER=***
AIRFLOW_CTX_DAG_ID=data_ingestion_fhv_dag
AIRFLOW_CTX_TASK_ID=bq_fhv_external_table_task
AIRFLOW_CTX_EXECUTION_DATE=2019-03-01T00:00:00+00:00
AIRFLOW_CTX_DAG_RUN_ID=scheduled__2019-03-01T00:00:00+00:00
[2023-01-29 13:24:05,166] {crypto.py:82} WARNING - empty cryptography key - values will not be stored encrypted.
[2023-01-29 13:24:06,190] {taskinstance.py:1277} INFO - Marking task as SUCCESS. dag_id=data_ingestion_fhv_dag, task_id=bq_fhv_external_table_task, execution_date=20190301T000000, start_date=20230129T132405, end_date=20230129T132406
[2023-01-29 13:24:06,245] {local_task_job.py:154} INFO - Task exited with return code 0
[2023-01-29 13:24:06,290] {local_task_job.py:264} INFO - 1 downstream tasks scheduled from follow-on schedule check
