[2023-01-28 04:32:26,125] {taskinstance.py:1032} INFO - Dependencies all met for <TaskInstance: data_ingestion_fhv_dag.bq_fhv_external_table_task scheduled__2019-03-01T00:00:00+00:00 [queued]>
[2023-01-28 04:32:26,148] {taskinstance.py:1032} INFO - Dependencies all met for <TaskInstance: data_ingestion_fhv_dag.bq_fhv_external_table_task scheduled__2019-03-01T00:00:00+00:00 [queued]>
[2023-01-28 04:32:26,149] {taskinstance.py:1238} INFO - 
--------------------------------------------------------------------------------
[2023-01-28 04:32:26,150] {taskinstance.py:1239} INFO - Starting attempt 3 of 3
[2023-01-28 04:32:26,151] {taskinstance.py:1240} INFO - 
--------------------------------------------------------------------------------
[2023-01-28 04:32:26,168] {taskinstance.py:1259} INFO - Executing <Task(BigQueryCreateExternalTableOperator): bq_fhv_external_table_task> on 2019-03-01 00:00:00+00:00
[2023-01-28 04:32:26,181] {standard_task_runner.py:52} INFO - Started process 26439 to run task
[2023-01-28 04:32:26,186] {standard_task_runner.py:76} INFO - Running: ['***', 'tasks', 'run', 'data_ingestion_fhv_dag', 'bq_fhv_external_table_task', 'scheduled__2019-03-01T00:00:00+00:00', '--job-id', '211', '--raw', '--subdir', 'DAGS_FOLDER/data_ingestion_fhv_dag.py', '--cfg-path', '/tmp/tmp7rq0zwu3', '--error-file', '/tmp/tmpxl4q2hmh']
[2023-01-28 04:32:26,195] {standard_task_runner.py:77} INFO - Job 211: Subtask bq_fhv_external_table_task
[2023-01-28 04:32:26,285] {logging_mixin.py:109} INFO - Running <TaskInstance: data_ingestion_fhv_dag.bq_fhv_external_table_task scheduled__2019-03-01T00:00:00+00:00 [running]> on host adbf820de9e6
[2023-01-28 04:32:26,338] {logging_mixin.py:109} WARNING - /home/***/.local/lib/python3.7/site-packages/***/utils/context.py:152 AirflowContextDeprecationWarning: Accessing 'execution_date' from the template is deprecated and will be removed in a future version. Please use 'data_interval_start' or 'logical_date' instead.
[2023-01-28 04:32:26,367] {taskinstance.py:1426} INFO - Exporting the following env vars:
AIRFLOW_CTX_DAG_OWNER=***
AIRFLOW_CTX_DAG_ID=data_ingestion_fhv_dag
AIRFLOW_CTX_TASK_ID=bq_fhv_external_table_task
AIRFLOW_CTX_EXECUTION_DATE=2019-03-01T00:00:00+00:00
AIRFLOW_CTX_DAG_RUN_ID=scheduled__2019-03-01T00:00:00+00:00
[2023-01-28 04:32:26,369] {crypto.py:82} WARNING - empty cryptography key - values will not be stored encrypted.
[2023-01-28 04:32:27,671] {taskinstance.py:1277} INFO - Marking task as SUCCESS. dag_id=data_ingestion_fhv_dag, task_id=bq_fhv_external_table_task, execution_date=20190301T000000, start_date=20230128T043226, end_date=20230128T043227
[2023-01-28 04:32:27,706] {local_task_job.py:154} INFO - Task exited with return code 0
[2023-01-28 04:32:27,736] {local_task_job.py:264} INFO - 0 downstream tasks scheduled from follow-on schedule check
