[2023-01-24 10:53:42,848] {taskinstance.py:1032} INFO - Dependencies all met for <TaskInstance: data_ingestion_fhv_dag.download_dataset_task scheduled__2019-01-01T00:00:00+00:00 [queued]>
[2023-01-24 10:53:42,865] {taskinstance.py:1032} INFO - Dependencies all met for <TaskInstance: data_ingestion_fhv_dag.download_dataset_task scheduled__2019-01-01T00:00:00+00:00 [queued]>
[2023-01-24 10:53:42,866] {taskinstance.py:1238} INFO - 
--------------------------------------------------------------------------------
[2023-01-24 10:53:42,866] {taskinstance.py:1239} INFO - Starting attempt 1 of 2
[2023-01-24 10:53:42,866] {taskinstance.py:1240} INFO - 
--------------------------------------------------------------------------------
[2023-01-24 10:53:42,889] {taskinstance.py:1259} INFO - Executing <Task(BashOperator): download_dataset_task> on 2019-01-01 00:00:00+00:00
[2023-01-24 10:53:42,898] {standard_task_runner.py:52} INFO - Started process 279 to run task
[2023-01-24 10:53:42,918] {standard_task_runner.py:76} INFO - Running: ['***', 'tasks', 'run', 'data_ingestion_fhv_dag', 'download_dataset_task', 'scheduled__2019-01-01T00:00:00+00:00', '--job-id', '116', '--raw', '--subdir', 'DAGS_FOLDER/data_ingestion_fhv_dag.py', '--cfg-path', '/tmp/tmp33rv5bms', '--error-file', '/tmp/tmpu6npbrnr']
[2023-01-24 10:53:42,920] {standard_task_runner.py:77} INFO - Job 116: Subtask download_dataset_task
[2023-01-24 10:53:43,029] {logging_mixin.py:109} INFO - Running <TaskInstance: data_ingestion_fhv_dag.download_dataset_task scheduled__2019-01-01T00:00:00+00:00 [running]> on host 07340d4b95ab
[2023-01-24 10:53:43,105] {logging_mixin.py:109} WARNING - /home/***/.local/lib/python3.7/site-packages/***/utils/context.py:152 AirflowContextDeprecationWarning: Accessing 'execution_date' from the template is deprecated and will be removed in a future version. Please use 'data_interval_start' or 'logical_date' instead.
[2023-01-24 10:53:43,137] {taskinstance.py:1426} INFO - Exporting the following env vars:
AIRFLOW_CTX_DAG_OWNER=***
AIRFLOW_CTX_DAG_ID=data_ingestion_fhv_dag
AIRFLOW_CTX_TASK_ID=download_dataset_task
AIRFLOW_CTX_EXECUTION_DATE=2019-01-01T00:00:00+00:00
AIRFLOW_CTX_DAG_RUN_ID=scheduled__2019-01-01T00:00:00+00:00
[2023-01-24 10:53:43,139] {subprocess.py:62} INFO - Tmp dir root location: 
 /tmp
[2023-01-24 10:53:43,140] {subprocess.py:74} INFO - Running command: ['bash', '-c', 'curl -sSL https://d37ci6vzurychx.cloudfront.net/trip-data/fhv_tripdata_2019-01.parquet > /opt/***/fhv_tripdata_2019-01.parquet']
[2023-01-24 10:53:43,158] {subprocess.py:85} INFO - Output:
[2023-01-24 10:53:54,465] {subprocess.py:93} INFO - Command exited with return code 0
[2023-01-24 10:53:54,498] {taskinstance.py:1277} INFO - Marking task as SUCCESS. dag_id=data_ingestion_fhv_dag, task_id=download_dataset_task, execution_date=20190101T000000, start_date=20230124T105342, end_date=20230124T105354
[2023-01-24 10:53:54,549] {local_task_job.py:154} INFO - Task exited with return code 0
[2023-01-24 10:53:54,604] {local_task_job.py:264} INFO - 1 downstream tasks scheduled from follow-on schedule check
