[2023-01-24 02:30:46,162] {taskinstance.py:1032} INFO - Dependencies all met for <TaskInstance: LocalIngestionDag.parquet_to_csv manual__2023-01-24T02:30:38.716816+00:00 [queued]>
[2023-01-24 02:30:46,174] {taskinstance.py:1032} INFO - Dependencies all met for <TaskInstance: LocalIngestionDag.parquet_to_csv manual__2023-01-24T02:30:38.716816+00:00 [queued]>
[2023-01-24 02:30:46,175] {taskinstance.py:1238} INFO - 
--------------------------------------------------------------------------------
[2023-01-24 02:30:46,175] {taskinstance.py:1239} INFO - Starting attempt 1 of 1
[2023-01-24 02:30:46,175] {taskinstance.py:1240} INFO - 
--------------------------------------------------------------------------------
[2023-01-24 02:30:46,188] {taskinstance.py:1259} INFO - Executing <Task(PythonOperator): parquet_to_csv> on 2023-01-24 02:30:38.716816+00:00
[2023-01-24 02:30:46,195] {standard_task_runner.py:52} INFO - Started process 5730 to run task
[2023-01-24 02:30:46,200] {standard_task_runner.py:76} INFO - Running: ['***', 'tasks', 'run', 'LocalIngestionDag', 'parquet_to_csv', 'manual__2023-01-24T02:30:38.716816+00:00', '--job-id', '63', '--raw', '--subdir', 'DAGS_FOLDER/data_ingestion_local.py', '--cfg-path', '/tmp/tmptpxdooel', '--error-file', '/tmp/tmpzvcm3ckr']
[2023-01-24 02:30:46,201] {standard_task_runner.py:77} INFO - Job 63: Subtask parquet_to_csv
[2023-01-24 02:30:46,276] {logging_mixin.py:109} INFO - Running <TaskInstance: LocalIngestionDag.parquet_to_csv manual__2023-01-24T02:30:38.716816+00:00 [running]> on host 6018d13d82e3
[2023-01-24 02:30:46,353] {taskinstance.py:1426} INFO - Exporting the following env vars:
AIRFLOW_CTX_DAG_OWNER=***
AIRFLOW_CTX_DAG_ID=LocalIngestionDag
AIRFLOW_CTX_TASK_ID=parquet_to_csv
AIRFLOW_CTX_EXECUTION_DATE=2023-01-24T02:30:38.716816+00:00
AIRFLOW_CTX_DAG_RUN_ID=manual__2023-01-24T02:30:38.716816+00:00
[2023-01-24 02:31:03,262] {python.py:175} INFO - Done. Returned value was: None
[2023-01-24 02:31:03,281] {taskinstance.py:1277} INFO - Marking task as SUCCESS. dag_id=LocalIngestionDag, task_id=parquet_to_csv, execution_date=20230124T023038, start_date=20230124T023046, end_date=20230124T023103
[2023-01-24 02:31:03,372] {local_task_job.py:154} INFO - Task exited with return code 0
[2023-01-24 02:31:03,411] {local_task_job.py:264} INFO - 1 downstream tasks scheduled from follow-on schedule check
