[2023-01-24 11:36:07,829] {taskinstance.py:1032} INFO - Dependencies all met for <TaskInstance: data_ingestion_zone_dag.format_to_parquet_task manual__2023-01-24T11:25:53.842431+00:00 [queued]>
[2023-01-24 11:36:07,844] {taskinstance.py:1032} INFO - Dependencies all met for <TaskInstance: data_ingestion_zone_dag.format_to_parquet_task manual__2023-01-24T11:25:53.842431+00:00 [queued]>
[2023-01-24 11:36:07,844] {taskinstance.py:1238} INFO - 
--------------------------------------------------------------------------------
[2023-01-24 11:36:07,844] {taskinstance.py:1239} INFO - Starting attempt 1 of 2
[2023-01-24 11:36:07,844] {taskinstance.py:1240} INFO - 
--------------------------------------------------------------------------------
[2023-01-24 11:36:07,860] {taskinstance.py:1259} INFO - Executing <Task(PythonOperator): format_to_parquet_task> on 2023-01-24 11:25:53.842431+00:00
[2023-01-24 11:36:07,868] {standard_task_runner.py:52} INFO - Started process 5073 to run task
[2023-01-24 11:36:07,875] {standard_task_runner.py:76} INFO - Running: ['***', 'tasks', 'run', 'data_ingestion_zone_dag', 'format_to_parquet_task', 'manual__2023-01-24T11:25:53.842431+00:00', '--job-id', '170', '--raw', '--subdir', 'DAGS_FOLDER/data_ingestion_zone_dag.py', '--cfg-path', '/tmp/tmp8avv62v8', '--error-file', '/tmp/tmp26xalxg1']
[2023-01-24 11:36:07,876] {standard_task_runner.py:77} INFO - Job 170: Subtask format_to_parquet_task
[2023-01-24 11:36:07,947] {logging_mixin.py:109} INFO - Running <TaskInstance: data_ingestion_zone_dag.format_to_parquet_task manual__2023-01-24T11:25:53.842431+00:00 [running]> on host 07340d4b95ab
[2023-01-24 11:36:08,024] {taskinstance.py:1426} INFO - Exporting the following env vars:
AIRFLOW_CTX_DAG_OWNER=***
AIRFLOW_CTX_DAG_ID=data_ingestion_zone_dag
AIRFLOW_CTX_TASK_ID=format_to_parquet_task
AIRFLOW_CTX_EXECUTION_DATE=2023-01-24T11:25:53.842431+00:00
AIRFLOW_CTX_DAG_RUN_ID=manual__2023-01-24T11:25:53.842431+00:00
[2023-01-24 11:36:08,163] {python.py:175} INFO - Done. Returned value was: None
[2023-01-24 11:36:08,180] {taskinstance.py:1277} INFO - Marking task as SUCCESS. dag_id=data_ingestion_zone_dag, task_id=format_to_parquet_task, execution_date=20230124T112553, start_date=20230124T113607, end_date=20230124T113608
[2023-01-24 11:36:08,210] {local_task_job.py:154} INFO - Task exited with return code 0
[2023-01-24 11:36:08,256] {local_task_job.py:264} INFO - 1 downstream tasks scheduled from follow-on schedule check
