[2023-01-24 11:43:12,341] {taskinstance.py:1032} INFO - Dependencies all met for <TaskInstance: data_ingestion_zone_dag.format_to_parquet_task manual__2023-01-24T11:25:53.842431+00:00 [queued]>
[2023-01-24 11:43:12,354] {taskinstance.py:1032} INFO - Dependencies all met for <TaskInstance: data_ingestion_zone_dag.format_to_parquet_task manual__2023-01-24T11:25:53.842431+00:00 [queued]>
[2023-01-24 11:43:12,354] {taskinstance.py:1238} INFO - 
--------------------------------------------------------------------------------
[2023-01-24 11:43:12,355] {taskinstance.py:1239} INFO - Starting attempt 2 of 3
[2023-01-24 11:43:12,355] {taskinstance.py:1240} INFO - 
--------------------------------------------------------------------------------
[2023-01-24 11:43:12,369] {taskinstance.py:1259} INFO - Executing <Task(PythonOperator): format_to_parquet_task> on 2023-01-24 11:25:53.842431+00:00
[2023-01-24 11:43:12,377] {standard_task_runner.py:52} INFO - Started process 5966 to run task
[2023-01-24 11:43:12,384] {standard_task_runner.py:76} INFO - Running: ['***', 'tasks', 'run', 'data_ingestion_zone_dag', 'format_to_parquet_task', 'manual__2023-01-24T11:25:53.842431+00:00', '--job-id', '179', '--raw', '--subdir', 'DAGS_FOLDER/data_ingestion_zone_dag.py', '--cfg-path', '/tmp/tmp80i33tj6', '--error-file', '/tmp/tmpodny6q9x']
[2023-01-24 11:43:12,385] {standard_task_runner.py:77} INFO - Job 179: Subtask format_to_parquet_task
[2023-01-24 11:43:12,460] {logging_mixin.py:109} INFO - Running <TaskInstance: data_ingestion_zone_dag.format_to_parquet_task manual__2023-01-24T11:25:53.842431+00:00 [running]> on host 07340d4b95ab
[2023-01-24 11:43:12,542] {taskinstance.py:1426} INFO - Exporting the following env vars:
AIRFLOW_CTX_DAG_OWNER=***
AIRFLOW_CTX_DAG_ID=data_ingestion_zone_dag
AIRFLOW_CTX_TASK_ID=format_to_parquet_task
AIRFLOW_CTX_EXECUTION_DATE=2023-01-24T11:25:53.842431+00:00
AIRFLOW_CTX_DAG_RUN_ID=manual__2023-01-24T11:25:53.842431+00:00
[2023-01-24 11:43:12,657] {python.py:175} INFO - Done. Returned value was: None
[2023-01-24 11:43:12,672] {taskinstance.py:1277} INFO - Marking task as SUCCESS. dag_id=data_ingestion_zone_dag, task_id=format_to_parquet_task, execution_date=20230124T112553, start_date=20230124T114312, end_date=20230124T114312
[2023-01-24 11:43:12,716] {local_task_job.py:154} INFO - Task exited with return code 0
[2023-01-24 11:43:12,758] {local_task_job.py:264} INFO - 1 downstream tasks scheduled from follow-on schedule check
