[2023-01-29 12:37:51,586] {taskinstance.py:1032} INFO - Dependencies all met for <TaskInstance: data_ingestion_gcs_dag.local_to_gcs_casted_task scheduled__2019-02-01T00:00:00+00:00 [queued]>
[2023-01-29 12:37:51,601] {taskinstance.py:1032} INFO - Dependencies all met for <TaskInstance: data_ingestion_gcs_dag.local_to_gcs_casted_task scheduled__2019-02-01T00:00:00+00:00 [queued]>
[2023-01-29 12:37:51,602] {taskinstance.py:1238} INFO - 
--------------------------------------------------------------------------------
[2023-01-29 12:37:51,603] {taskinstance.py:1239} INFO - Starting attempt 1 of 2
[2023-01-29 12:37:51,604] {taskinstance.py:1240} INFO - 
--------------------------------------------------------------------------------
[2023-01-29 12:37:51,618] {taskinstance.py:1259} INFO - Executing <Task(PythonOperator): local_to_gcs_casted_task> on 2019-02-01 00:00:00+00:00
[2023-01-29 12:37:51,626] {standard_task_runner.py:52} INFO - Started process 5930 to run task
[2023-01-29 12:37:51,630] {standard_task_runner.py:76} INFO - Running: ['***', 'tasks', 'run', 'data_ingestion_gcs_dag', 'local_to_gcs_casted_task', 'scheduled__2019-02-01T00:00:00+00:00', '--job-id', '377', '--raw', '--subdir', 'DAGS_FOLDER/data_ingestion_gcs_dag.py', '--cfg-path', '/tmp/tmpet3lyd10', '--error-file', '/tmp/tmpvf5jok70']
[2023-01-29 12:37:51,632] {standard_task_runner.py:77} INFO - Job 377: Subtask local_to_gcs_casted_task
[2023-01-29 12:37:51,706] {logging_mixin.py:109} INFO - Running <TaskInstance: data_ingestion_gcs_dag.local_to_gcs_casted_task scheduled__2019-02-01T00:00:00+00:00 [running]> on host 2530f37057aa
[2023-01-29 12:37:51,764] {logging_mixin.py:109} WARNING - /home/***/.local/lib/python3.7/site-packages/***/utils/context.py:152 AirflowContextDeprecationWarning: Accessing 'execution_date' from the template is deprecated and will be removed in a future version. Please use 'data_interval_start' or 'logical_date' instead.
[2023-01-29 12:37:51,793] {taskinstance.py:1426} INFO - Exporting the following env vars:
AIRFLOW_CTX_DAG_OWNER=***
AIRFLOW_CTX_DAG_ID=data_ingestion_gcs_dag
AIRFLOW_CTX_TASK_ID=local_to_gcs_casted_task
AIRFLOW_CTX_EXECUTION_DATE=2019-02-01T00:00:00+00:00
AIRFLOW_CTX_DAG_RUN_ID=scheduled__2019-02-01T00:00:00+00:00
[2023-01-29 12:38:03,715] {python.py:175} INFO - Done. Returned value was: None
[2023-01-29 12:38:03,732] {taskinstance.py:1277} INFO - Marking task as SUCCESS. dag_id=data_ingestion_gcs_dag, task_id=local_to_gcs_casted_task, execution_date=20190201T000000, start_date=20230129T123751, end_date=20230129T123803
[2023-01-29 12:38:03,770] {local_task_job.py:154} INFO - Task exited with return code 0
[2023-01-29 12:38:03,809] {local_task_job.py:264} INFO - 1 downstream tasks scheduled from follow-on schedule check
[2023-01-29 12:42:56,070] {taskinstance.py:1032} INFO - Dependencies all met for <TaskInstance: data_ingestion_gcs_dag.local_to_gcs_casted_task scheduled__2019-02-01T00:00:00+00:00 [queued]>
[2023-01-29 12:42:56,081] {taskinstance.py:1032} INFO - Dependencies all met for <TaskInstance: data_ingestion_gcs_dag.local_to_gcs_casted_task scheduled__2019-02-01T00:00:00+00:00 [queued]>
[2023-01-29 12:42:56,082] {taskinstance.py:1238} INFO - 
--------------------------------------------------------------------------------
[2023-01-29 12:42:56,083] {taskinstance.py:1239} INFO - Starting attempt 1 of 2
[2023-01-29 12:42:56,084] {taskinstance.py:1240} INFO - 
--------------------------------------------------------------------------------
[2023-01-29 12:42:56,094] {taskinstance.py:1259} INFO - Executing <Task(PythonOperator): local_to_gcs_casted_task> on 2019-02-01 00:00:00+00:00
[2023-01-29 12:42:56,099] {standard_task_runner.py:52} INFO - Started process 6828 to run task
[2023-01-29 12:42:56,102] {standard_task_runner.py:76} INFO - Running: ['***', 'tasks', 'run', 'data_ingestion_gcs_dag', 'local_to_gcs_casted_task', 'scheduled__2019-02-01T00:00:00+00:00', '--job-id', '394', '--raw', '--subdir', 'DAGS_FOLDER/data_ingestion_gcs_dag.py', '--cfg-path', '/tmp/tmp6ohyyc8a', '--error-file', '/tmp/tmp6f_vnt5g']
[2023-01-29 12:42:56,103] {standard_task_runner.py:77} INFO - Job 394: Subtask local_to_gcs_casted_task
[2023-01-29 12:42:56,155] {logging_mixin.py:109} INFO - Running <TaskInstance: data_ingestion_gcs_dag.local_to_gcs_casted_task scheduled__2019-02-01T00:00:00+00:00 [running]> on host 2530f37057aa
[2023-01-29 12:42:56,193] {logging_mixin.py:109} WARNING - /home/***/.local/lib/python3.7/site-packages/***/utils/context.py:152 AirflowContextDeprecationWarning: Accessing 'execution_date' from the template is deprecated and will be removed in a future version. Please use 'data_interval_start' or 'logical_date' instead.
[2023-01-29 12:42:56,211] {taskinstance.py:1426} INFO - Exporting the following env vars:
AIRFLOW_CTX_DAG_OWNER=***
AIRFLOW_CTX_DAG_ID=data_ingestion_gcs_dag
AIRFLOW_CTX_TASK_ID=local_to_gcs_casted_task
AIRFLOW_CTX_EXECUTION_DATE=2019-02-01T00:00:00+00:00
AIRFLOW_CTX_DAG_RUN_ID=scheduled__2019-02-01T00:00:00+00:00
[2023-01-29 12:43:11,050] {python.py:175} INFO - Done. Returned value was: None
[2023-01-29 12:43:11,063] {taskinstance.py:1277} INFO - Marking task as SUCCESS. dag_id=data_ingestion_gcs_dag, task_id=local_to_gcs_casted_task, execution_date=20190201T000000, start_date=20230129T124256, end_date=20230129T124311
[2023-01-29 12:43:11,125] {local_task_job.py:154} INFO - Task exited with return code 0
[2023-01-29 12:43:11,151] {local_task_job.py:264} INFO - 0 downstream tasks scheduled from follow-on schedule check
