[2023-01-24 01:03:09,014] {taskinstance.py:1032} INFO - Dependencies all met for <TaskInstance: LocalIngestionDag.wget scheduled__2021-03-02T06:00:00+00:00 [queued]>
[2023-01-24 01:03:09,051] {taskinstance.py:1032} INFO - Dependencies all met for <TaskInstance: LocalIngestionDag.wget scheduled__2021-03-02T06:00:00+00:00 [queued]>
[2023-01-24 01:03:09,051] {taskinstance.py:1238} INFO - 
--------------------------------------------------------------------------------
[2023-01-24 01:03:09,051] {taskinstance.py:1239} INFO - Starting attempt 1 of 1
[2023-01-24 01:03:09,052] {taskinstance.py:1240} INFO - 
--------------------------------------------------------------------------------
[2023-01-24 01:03:09,075] {taskinstance.py:1259} INFO - Executing <Task(BashOperator): wget> on 2021-03-02 06:00:00+00:00
[2023-01-24 01:03:09,081] {standard_task_runner.py:52} INFO - Started process 718 to run task
[2023-01-24 01:03:09,090] {standard_task_runner.py:76} INFO - Running: ['***', 'tasks', 'run', 'LocalIngestionDag', 'wget', 'scheduled__2021-03-02T06:00:00+00:00', '--job-id', '8', '--raw', '--subdir', 'DAGS_FOLDER/data_ingestion_local.py', '--cfg-path', '/tmp/tmpk1zu98g0', '--error-file', '/tmp/tmp2mlie0bh']
[2023-01-24 01:03:09,091] {standard_task_runner.py:77} INFO - Job 8: Subtask wget
[2023-01-24 01:03:09,229] {logging_mixin.py:109} INFO - Running <TaskInstance: LocalIngestionDag.wget scheduled__2021-03-02T06:00:00+00:00 [running]> on host 6018d13d82e3
[2023-01-24 01:03:09,363] {taskinstance.py:1426} INFO - Exporting the following env vars:
AIRFLOW_CTX_DAG_OWNER=***
AIRFLOW_CTX_DAG_ID=LocalIngestionDag
AIRFLOW_CTX_TASK_ID=wget
AIRFLOW_CTX_EXECUTION_DATE=2021-03-02T06:00:00+00:00
AIRFLOW_CTX_DAG_RUN_ID=scheduled__2021-03-02T06:00:00+00:00
[2023-01-24 01:03:09,364] {subprocess.py:62} INFO - Tmp dir root location: 
 /tmp
[2023-01-24 01:03:09,365] {subprocess.py:74} INFO - Running command: ['bash', '-c', 'echo "hello world"']
[2023-01-24 01:03:09,378] {subprocess.py:85} INFO - Output:
[2023-01-24 01:03:09,383] {subprocess.py:89} INFO - hello world
[2023-01-24 01:03:09,384] {subprocess.py:93} INFO - Command exited with return code 0
[2023-01-24 01:03:09,456] {taskinstance.py:1277} INFO - Marking task as SUCCESS. dag_id=LocalIngestionDag, task_id=wget, execution_date=20210302T060000, start_date=20230124T010309, end_date=20230124T010309
[2023-01-24 01:03:09,592] {local_task_job.py:154} INFO - Task exited with return code 0
[2023-01-24 01:03:09,828] {local_task_job.py:264} INFO - 0 downstream tasks scheduled from follow-on schedule check
