[2023-01-29 13:27:21,722] {taskinstance.py:1032} INFO - Dependencies all met for <TaskInstance: data_ingestion_fhv_dag.bq_create_fhv_partitioned_clustered_table_task scheduled__2019-06-01T00:00:00+00:00 [queued]>
[2023-01-29 13:27:21,732] {taskinstance.py:1032} INFO - Dependencies all met for <TaskInstance: data_ingestion_fhv_dag.bq_create_fhv_partitioned_clustered_table_task scheduled__2019-06-01T00:00:00+00:00 [queued]>
[2023-01-29 13:27:21,733] {taskinstance.py:1238} INFO - 
--------------------------------------------------------------------------------
[2023-01-29 13:27:21,734] {taskinstance.py:1239} INFO - Starting attempt 1 of 2
[2023-01-29 13:27:21,734] {taskinstance.py:1240} INFO - 
--------------------------------------------------------------------------------
[2023-01-29 13:27:21,745] {taskinstance.py:1259} INFO - Executing <Task(BigQueryInsertJobOperator): bq_create_fhv_partitioned_clustered_table_task> on 2019-06-01 00:00:00+00:00
[2023-01-29 13:27:21,749] {standard_task_runner.py:52} INFO - Started process 1992 to run task
[2023-01-29 13:27:21,753] {standard_task_runner.py:76} INFO - Running: ['***', 'tasks', 'run', 'data_ingestion_fhv_dag', 'bq_create_fhv_partitioned_clustered_table_task', 'scheduled__2019-06-01T00:00:00+00:00', '--job-id', '504', '--raw', '--subdir', 'DAGS_FOLDER/data_ingestion_fhv_dag.py', '--cfg-path', '/tmp/tmp_mgmtvo0', '--error-file', '/tmp/tmpbuf65llv']
[2023-01-29 13:27:21,754] {standard_task_runner.py:77} INFO - Job 504: Subtask bq_create_fhv_partitioned_clustered_table_task
[2023-01-29 13:27:21,809] {logging_mixin.py:109} INFO - Running <TaskInstance: data_ingestion_fhv_dag.bq_create_fhv_partitioned_clustered_table_task scheduled__2019-06-01T00:00:00+00:00 [running]> on host 2530f37057aa
[2023-01-29 13:27:21,901] {taskinstance.py:1426} INFO - Exporting the following env vars:
AIRFLOW_CTX_DAG_OWNER=***
AIRFLOW_CTX_DAG_ID=data_ingestion_fhv_dag
AIRFLOW_CTX_TASK_ID=bq_create_fhv_partitioned_clustered_table_task
AIRFLOW_CTX_EXECUTION_DATE=2019-06-01T00:00:00+00:00
AIRFLOW_CTX_DAG_RUN_ID=scheduled__2019-06-01T00:00:00+00:00
[2023-01-29 13:27:21,903] {crypto.py:82} WARNING - empty cryptography key - values will not be stored encrypted.
[2023-01-29 13:27:21,912] {logging_mixin.py:109} WARNING - /home/***/.local/lib/python3.7/site-packages/***/utils/context.py:152 AirflowContextDeprecationWarning: Accessing 'execution_date' from the template is deprecated and will be removed in a future version. Please use 'data_interval_start' or 'logical_date' instead.
[2023-01-29 13:27:21,922] {bigquery.py:1637} INFO - Inserting job ***_data_ingestion_fhv_dag_bq_create_fhv_partitioned_clustered_table_task_2019_06_01T00_00_00_00_00_f7ed94abfcb7fd0270352567e021dade
[2023-01-29 13:27:48,488] {taskinstance.py:1277} INFO - Marking task as SUCCESS. dag_id=data_ingestion_fhv_dag, task_id=bq_create_fhv_partitioned_clustered_table_task, execution_date=20190601T000000, start_date=20230129T132721, end_date=20230129T132748
[2023-01-29 13:27:48,554] {local_task_job.py:154} INFO - Task exited with return code 0
[2023-01-29 13:27:48,583] {local_task_job.py:264} INFO - 0 downstream tasks scheduled from follow-on schedule check
