[2023-01-22 08:48:50,457] {taskinstance.py:1032} INFO - Dependencies all met for <TaskInstance: data_ingestion_gcs_dag.download_dataset_task scheduled__2023-01-21T00:00:00+00:00 [queued]>
[2023-01-22 08:48:50,472] {taskinstance.py:1032} INFO - Dependencies all met for <TaskInstance: data_ingestion_gcs_dag.download_dataset_task scheduled__2023-01-21T00:00:00+00:00 [queued]>
[2023-01-22 08:48:50,474] {taskinstance.py:1238} INFO - 
--------------------------------------------------------------------------------
[2023-01-22 08:48:50,475] {taskinstance.py:1239} INFO - Starting attempt 1 of 2
[2023-01-22 08:48:50,476] {taskinstance.py:1240} INFO - 
--------------------------------------------------------------------------------
[2023-01-22 08:48:50,494] {taskinstance.py:1259} INFO - Executing <Task(BashOperator): download_dataset_task> on 2023-01-21 00:00:00+00:00
[2023-01-22 08:48:50,501] {standard_task_runner.py:52} INFO - Started process 842 to run task
[2023-01-22 08:48:50,509] {standard_task_runner.py:76} INFO - Running: ['***', 'tasks', 'run', 'data_ingestion_gcs_dag', 'download_dataset_task', 'scheduled__2023-01-21T00:00:00+00:00', '--job-id', '4', '--raw', '--subdir', 'DAGS_FOLDER/data_ingestion_gcs_dag.py', '--cfg-path', '/tmp/tmp3t08ab39', '--error-file', '/tmp/tmpy2xlj1u7']
[2023-01-22 08:48:50,515] {standard_task_runner.py:77} INFO - Job 4: Subtask download_dataset_task
[2023-01-22 08:48:50,591] {logging_mixin.py:109} INFO - Running <TaskInstance: data_ingestion_gcs_dag.download_dataset_task scheduled__2023-01-21T00:00:00+00:00 [running]> on host bad92ee5c0e5
[2023-01-22 08:48:50,672] {taskinstance.py:1426} INFO - Exporting the following env vars:
AIRFLOW_CTX_DAG_OWNER=***
AIRFLOW_CTX_DAG_ID=data_ingestion_gcs_dag
AIRFLOW_CTX_TASK_ID=download_dataset_task
AIRFLOW_CTX_EXECUTION_DATE=2023-01-21T00:00:00+00:00
AIRFLOW_CTX_DAG_RUN_ID=scheduled__2023-01-21T00:00:00+00:00
[2023-01-22 08:48:50,674] {subprocess.py:62} INFO - Tmp dir root location: 
 /tmp
[2023-01-22 08:48:50,676] {subprocess.py:74} INFO - Running command: ['bash', '-c', 'curl -sSL https://s3.amazonaws.com/nyc-tlc/trip+data/yellow_tripdata_2021-01.csv > /opt/***/yellow_tripdata_2021-01.csv']
[2023-01-22 08:48:50,697] {subprocess.py:85} INFO - Output:
[2023-01-22 08:48:52,173] {subprocess.py:93} INFO - Command exited with return code 0
[2023-01-22 08:48:52,207] {taskinstance.py:1277} INFO - Marking task as SUCCESS. dag_id=data_ingestion_gcs_dag, task_id=download_dataset_task, execution_date=20230121T000000, start_date=20230122T084850, end_date=20230122T084852
[2023-01-22 08:48:52,271] {local_task_job.py:154} INFO - Task exited with return code 0
[2023-01-22 08:48:52,319] {local_task_job.py:264} INFO - 1 downstream tasks scheduled from follow-on schedule check
