[2023-01-24 01:03:08,651] {taskinstance.py:1032} INFO - Dependencies all met for <TaskInstance: LocalIngestionDag.wget manual__2023-01-24T01:03:07.827272+00:00 [queued]>
[2023-01-24 01:03:08,669] {taskinstance.py:1032} INFO - Dependencies all met for <TaskInstance: LocalIngestionDag.wget manual__2023-01-24T01:03:07.827272+00:00 [queued]>
[2023-01-24 01:03:08,670] {taskinstance.py:1238} INFO - 
--------------------------------------------------------------------------------
[2023-01-24 01:03:08,670] {taskinstance.py:1239} INFO - Starting attempt 1 of 1
[2023-01-24 01:03:08,670] {taskinstance.py:1240} INFO - 
--------------------------------------------------------------------------------
[2023-01-24 01:03:08,714] {taskinstance.py:1259} INFO - Executing <Task(BashOperator): wget> on 2023-01-24 01:03:07.827272+00:00
[2023-01-24 01:03:08,719] {standard_task_runner.py:52} INFO - Started process 713 to run task
[2023-01-24 01:03:08,731] {standard_task_runner.py:76} INFO - Running: ['***', 'tasks', 'run', 'LocalIngestionDag', 'wget', 'manual__2023-01-24T01:03:07.827272+00:00', '--job-id', '5', '--raw', '--subdir', 'DAGS_FOLDER/data_ingestion_local.py', '--cfg-path', '/tmp/tmp_9jkawak', '--error-file', '/tmp/tmpl08yi04p']
[2023-01-24 01:03:08,733] {standard_task_runner.py:77} INFO - Job 5: Subtask wget
[2023-01-24 01:03:08,831] {logging_mixin.py:109} INFO - Running <TaskInstance: LocalIngestionDag.wget manual__2023-01-24T01:03:07.827272+00:00 [running]> on host 6018d13d82e3
[2023-01-24 01:03:08,939] {taskinstance.py:1426} INFO - Exporting the following env vars:
AIRFLOW_CTX_DAG_OWNER=***
AIRFLOW_CTX_DAG_ID=LocalIngestionDag
AIRFLOW_CTX_TASK_ID=wget
AIRFLOW_CTX_EXECUTION_DATE=2023-01-24T01:03:07.827272+00:00
AIRFLOW_CTX_DAG_RUN_ID=manual__2023-01-24T01:03:07.827272+00:00
[2023-01-24 01:03:08,940] {subprocess.py:62} INFO - Tmp dir root location: 
 /tmp
[2023-01-24 01:03:08,941] {subprocess.py:74} INFO - Running command: ['bash', '-c', 'echo "hello world"']
[2023-01-24 01:03:08,958] {subprocess.py:85} INFO - Output:
[2023-01-24 01:03:08,963] {subprocess.py:89} INFO - hello world
[2023-01-24 01:03:08,964] {subprocess.py:93} INFO - Command exited with return code 0
[2023-01-24 01:03:09,018] {taskinstance.py:1277} INFO - Marking task as SUCCESS. dag_id=LocalIngestionDag, task_id=wget, execution_date=20230124T010307, start_date=20230124T010308, end_date=20230124T010309
[2023-01-24 01:03:09,098] {local_task_job.py:154} INFO - Task exited with return code 0
[2023-01-24 01:03:09,187] {local_task_job.py:264} INFO - 1 downstream tasks scheduled from follow-on schedule check
