[2023-01-22 13:24:19,561] {taskinstance.py:1032} INFO - Dependencies all met for <TaskInstance: data_ingestion_gcs_dag.bigquery_external_table_task manual__2023-01-22T13:23:54.217656+00:00 [queued]>
[2023-01-22 13:24:19,578] {taskinstance.py:1032} INFO - Dependencies all met for <TaskInstance: data_ingestion_gcs_dag.bigquery_external_table_task manual__2023-01-22T13:23:54.217656+00:00 [queued]>
[2023-01-22 13:24:19,580] {taskinstance.py:1238} INFO - 
--------------------------------------------------------------------------------
[2023-01-22 13:24:19,581] {taskinstance.py:1239} INFO - Starting attempt 1 of 2
[2023-01-22 13:24:19,583] {taskinstance.py:1240} INFO - 
--------------------------------------------------------------------------------
[2023-01-22 13:24:19,600] {taskinstance.py:1259} INFO - Executing <Task(BigQueryCreateExternalTableOperator): bigquery_external_table_task> on 2023-01-22 13:23:54.217656+00:00
[2023-01-22 13:24:19,610] {standard_task_runner.py:52} INFO - Started process 4118 to run task
[2023-01-22 13:24:19,619] {standard_task_runner.py:76} INFO - Running: ['***', 'tasks', 'run', 'data_ingestion_gcs_dag', 'bigquery_external_table_task', 'manual__2023-01-22T13:23:54.217656+00:00', '--job-id', '57', '--raw', '--subdir', 'DAGS_FOLDER/data_ingestion_gcs_dag.py', '--cfg-path', '/tmp/tmpwo0vfmkq', '--error-file', '/tmp/tmpqcx4vohl']
[2023-01-22 13:24:19,622] {standard_task_runner.py:77} INFO - Job 57: Subtask bigquery_external_table_task
[2023-01-22 13:24:19,780] {logging_mixin.py:109} INFO - Running <TaskInstance: data_ingestion_gcs_dag.bigquery_external_table_task manual__2023-01-22T13:23:54.217656+00:00 [running]> on host a0e75fa915af
[2023-01-22 13:24:20,196] {taskinstance.py:1426} INFO - Exporting the following env vars:
AIRFLOW_CTX_DAG_OWNER=***
AIRFLOW_CTX_DAG_ID=data_ingestion_gcs_dag
AIRFLOW_CTX_TASK_ID=bigquery_external_table_task
AIRFLOW_CTX_EXECUTION_DATE=2023-01-22T13:23:54.217656+00:00
AIRFLOW_CTX_DAG_RUN_ID=manual__2023-01-22T13:23:54.217656+00:00
[2023-01-22 13:24:20,233] {crypto.py:82} WARNING - empty cryptography key - values will not be stored encrypted.
[2023-01-22 13:24:21,417] {taskinstance.py:1277} INFO - Marking task as SUCCESS. dag_id=data_ingestion_gcs_dag, task_id=bigquery_external_table_task, execution_date=20230122T132354, start_date=20230122T132419, end_date=20230122T132421
[2023-01-22 13:24:21,493] {local_task_job.py:154} INFO - Task exited with return code 0
[2023-01-22 13:24:21,725] {local_task_job.py:264} INFO - 0 downstream tasks scheduled from follow-on schedule check
