[2023-01-22 08:48:53,850] {taskinstance.py:1032} INFO - Dependencies all met for <TaskInstance: data_ingestion_gcs_dag.format_to_parquet_task scheduled__2023-01-21T00:00:00+00:00 [queued]>
[2023-01-22 08:48:53,866] {taskinstance.py:1032} INFO - Dependencies all met for <TaskInstance: data_ingestion_gcs_dag.format_to_parquet_task scheduled__2023-01-21T00:00:00+00:00 [queued]>
[2023-01-22 08:48:53,868] {taskinstance.py:1238} INFO - 
--------------------------------------------------------------------------------
[2023-01-22 08:48:53,869] {taskinstance.py:1239} INFO - Starting attempt 1 of 2
[2023-01-22 08:48:53,871] {taskinstance.py:1240} INFO - 
--------------------------------------------------------------------------------
[2023-01-22 08:48:53,886] {taskinstance.py:1259} INFO - Executing <Task(PythonOperator): format_to_parquet_task> on 2023-01-21 00:00:00+00:00
[2023-01-22 08:48:53,895] {standard_task_runner.py:52} INFO - Started process 849 to run task
[2023-01-22 08:48:53,902] {standard_task_runner.py:76} INFO - Running: ['***', 'tasks', 'run', 'data_ingestion_gcs_dag', 'format_to_parquet_task', 'scheduled__2023-01-21T00:00:00+00:00', '--job-id', '5', '--raw', '--subdir', 'DAGS_FOLDER/data_ingestion_gcs_dag.py', '--cfg-path', '/tmp/tmplohkbhea', '--error-file', '/tmp/tmpro1ikjt1']
[2023-01-22 08:48:53,905] {standard_task_runner.py:77} INFO - Job 5: Subtask format_to_parquet_task
[2023-01-22 08:48:53,973] {logging_mixin.py:109} INFO - Running <TaskInstance: data_ingestion_gcs_dag.format_to_parquet_task scheduled__2023-01-21T00:00:00+00:00 [running]> on host bad92ee5c0e5
[2023-01-22 08:48:54,036] {taskinstance.py:1426} INFO - Exporting the following env vars:
AIRFLOW_CTX_DAG_OWNER=***
AIRFLOW_CTX_DAG_ID=data_ingestion_gcs_dag
AIRFLOW_CTX_TASK_ID=format_to_parquet_task
AIRFLOW_CTX_EXECUTION_DATE=2023-01-21T00:00:00+00:00
AIRFLOW_CTX_DAG_RUN_ID=scheduled__2023-01-21T00:00:00+00:00
[2023-01-22 08:48:54,198] {python.py:175} INFO - Done. Returned value was: None
[2023-01-22 08:48:54,215] {taskinstance.py:1277} INFO - Marking task as SUCCESS. dag_id=data_ingestion_gcs_dag, task_id=format_to_parquet_task, execution_date=20230121T000000, start_date=20230122T084853, end_date=20230122T084854
[2023-01-22 08:48:54,277] {local_task_job.py:154} INFO - Task exited with return code 0
[2023-01-22 08:48:54,399] {local_task_job.py:264} INFO - 0 downstream tasks scheduled from follow-on schedule check
