[2023-01-24 11:04:18,542] {taskinstance.py:1032} INFO - Dependencies all met for <TaskInstance: data_ingestion_fhv_dag.local_to_gcs_task scheduled__2019-09-01T00:00:00+00:00 [queued]>
[2023-01-24 11:04:18,612] {taskinstance.py:1032} INFO - Dependencies all met for <TaskInstance: data_ingestion_fhv_dag.local_to_gcs_task scheduled__2019-09-01T00:00:00+00:00 [queued]>
[2023-01-24 11:04:18,612] {taskinstance.py:1238} INFO - 
--------------------------------------------------------------------------------
[2023-01-24 11:04:18,613] {taskinstance.py:1239} INFO - Starting attempt 1 of 2
[2023-01-24 11:04:18,613] {taskinstance.py:1240} INFO - 
--------------------------------------------------------------------------------
[2023-01-24 11:04:18,669] {taskinstance.py:1259} INFO - Executing <Task(PythonOperator): local_to_gcs_task> on 2019-09-01 00:00:00+00:00
[2023-01-24 11:04:18,681] {standard_task_runner.py:52} INFO - Started process 1459 to run task
[2023-01-24 11:04:18,717] {standard_task_runner.py:76} INFO - Running: ['***', 'tasks', 'run', 'data_ingestion_fhv_dag', 'local_to_gcs_task', 'scheduled__2019-09-01T00:00:00+00:00', '--job-id', '141', '--raw', '--subdir', 'DAGS_FOLDER/data_ingestion_fhv_dag.py', '--cfg-path', '/tmp/tmpwnczkdlk', '--error-file', '/tmp/tmpzyuf2zio']
[2023-01-24 11:04:18,720] {standard_task_runner.py:77} INFO - Job 141: Subtask local_to_gcs_task
[2023-01-24 11:04:18,950] {logging_mixin.py:109} INFO - Running <TaskInstance: data_ingestion_fhv_dag.local_to_gcs_task scheduled__2019-09-01T00:00:00+00:00 [running]> on host 07340d4b95ab
[2023-01-24 11:04:19,142] {logging_mixin.py:109} WARNING - /home/***/.local/lib/python3.7/site-packages/***/utils/context.py:152 AirflowContextDeprecationWarning: Accessing 'execution_date' from the template is deprecated and will be removed in a future version. Please use 'data_interval_start' or 'logical_date' instead.
[2023-01-24 11:04:19,214] {taskinstance.py:1426} INFO - Exporting the following env vars:
AIRFLOW_CTX_DAG_OWNER=***
AIRFLOW_CTX_DAG_ID=data_ingestion_fhv_dag
AIRFLOW_CTX_TASK_ID=local_to_gcs_task
AIRFLOW_CTX_EXECUTION_DATE=2019-09-01T00:00:00+00:00
AIRFLOW_CTX_DAG_RUN_ID=scheduled__2019-09-01T00:00:00+00:00
[2023-01-24 11:04:21,216] {python.py:175} INFO - Done. Returned value was: None
[2023-01-24 11:04:21,270] {taskinstance.py:1277} INFO - Marking task as SUCCESS. dag_id=data_ingestion_fhv_dag, task_id=local_to_gcs_task, execution_date=20190901T000000, start_date=20230124T110418, end_date=20230124T110421
[2023-01-24 11:04:21,339] {local_task_job.py:154} INFO - Task exited with return code 0
[2023-01-24 11:04:21,456] {local_task_job.py:264} INFO - 0 downstream tasks scheduled from follow-on schedule check
