[2023-01-29 12:25:50,016] {taskinstance.py:1032} INFO - Dependencies all met for <TaskInstance: data_ingestion_gcs_dag.cast_parquet_columns_task scheduled__2019-02-01T00:00:00+00:00 [queued]>
[2023-01-29 12:25:50,026] {taskinstance.py:1032} INFO - Dependencies all met for <TaskInstance: data_ingestion_gcs_dag.cast_parquet_columns_task scheduled__2019-02-01T00:00:00+00:00 [queued]>
[2023-01-29 12:25:50,027] {taskinstance.py:1238} INFO - 
--------------------------------------------------------------------------------
[2023-01-29 12:25:50,028] {taskinstance.py:1239} INFO - Starting attempt 5 of 6
[2023-01-29 12:25:50,029] {taskinstance.py:1240} INFO - 
--------------------------------------------------------------------------------
[2023-01-29 12:25:50,041] {taskinstance.py:1259} INFO - Executing <Task(PythonOperator): cast_parquet_columns_task> on 2019-02-01 00:00:00+00:00
[2023-01-29 12:25:50,048] {standard_task_runner.py:52} INFO - Started process 4078 to run task
[2023-01-29 12:25:50,051] {standard_task_runner.py:76} INFO - Running: ['***', 'tasks', 'run', 'data_ingestion_gcs_dag', 'cast_parquet_columns_task', 'scheduled__2019-02-01T00:00:00+00:00', '--job-id', '365', '--raw', '--subdir', 'DAGS_FOLDER/data_ingestion_gcs_dag.py', '--cfg-path', '/tmp/tmp37wn6b44', '--error-file', '/tmp/tmpz04uvso6']
[2023-01-29 12:25:50,052] {standard_task_runner.py:77} INFO - Job 365: Subtask cast_parquet_columns_task
[2023-01-29 12:25:50,112] {logging_mixin.py:109} INFO - Running <TaskInstance: data_ingestion_gcs_dag.cast_parquet_columns_task scheduled__2019-02-01T00:00:00+00:00 [running]> on host 2530f37057aa
[2023-01-29 12:25:50,151] {logging_mixin.py:109} WARNING - /home/***/.local/lib/python3.7/site-packages/***/utils/context.py:152 AirflowContextDeprecationWarning: Accessing 'execution_date' from the template is deprecated and will be removed in a future version. Please use 'data_interval_start' or 'logical_date' instead.
[2023-01-29 12:25:50,169] {taskinstance.py:1426} INFO - Exporting the following env vars:
AIRFLOW_CTX_DAG_OWNER=***
AIRFLOW_CTX_DAG_ID=data_ingestion_gcs_dag
AIRFLOW_CTX_TASK_ID=cast_parquet_columns_task
AIRFLOW_CTX_EXECUTION_DATE=2019-02-01T00:00:00+00:00
AIRFLOW_CTX_DAG_RUN_ID=scheduled__2019-02-01T00:00:00+00:00
[2023-01-29 12:25:50,171] {logging_mixin.py:109} INFO - /opt/***
[2023-01-29 12:25:50,542] {taskinstance.py:1700} ERROR - Task failed with exception
Traceback (most recent call last):
  File "/home/airflow/.local/lib/python3.7/site-packages/airflow/models/taskinstance.py", line 1329, in _run_raw_task
    self._execute_task_with_callbacks(context)
  File "/home/airflow/.local/lib/python3.7/site-packages/airflow/models/taskinstance.py", line 1455, in _execute_task_with_callbacks
    result = self._execute_task(context, self.task)
  File "/home/airflow/.local/lib/python3.7/site-packages/airflow/models/taskinstance.py", line 1511, in _execute_task
    result = execute_callable(context=context)
  File "/home/airflow/.local/lib/python3.7/site-packages/airflow/operators/python.py", line 174, in execute
    return_value = self.execute_callable()
  File "/home/airflow/.local/lib/python3.7/site-packages/airflow/operators/python.py", line 185, in execute_callable
    return self.python_callable(*self.op_args, **self.op_kwargs)
  File "/opt/airflow/dags/data_ingestion_gcs_dag.py", line 64, in cast_parquet_columns
    pq.write_table(table, dataset_file.replace('.parquet', '_casted.parquet'))
  File "/home/airflow/.local/lib/python3.7/site-packages/pyarrow/parquet.py", line 1986, in write_table
    **kwargs) as writer:
  File "/home/airflow/.local/lib/python3.7/site-packages/pyarrow/parquet.py", line 638, in __init__
    where, filesystem, allow_legacy_filesystem=True
  File "/home/airflow/.local/lib/python3.7/site-packages/pyarrow/fs.py", line 174, in _resolve_filesystem_and_path
    filesystem, path = FileSystem.from_uri(path)
  File "pyarrow/_fs.pyx", line 347, in pyarrow._fs.FileSystem.from_uri
  File "pyarrow/error.pxi", line 143, in pyarrow.lib.pyarrow_internal_check_status
  File "pyarrow/error.pxi", line 99, in pyarrow.lib.check_status
pyarrow.lib.ArrowInvalid: Cannot parse URI: 'fhv_tripdata_{{ execution_date.strftime('%Y-%m') }}_casted.parquet'
[2023-01-29 12:25:50,616] {taskinstance.py:1277} INFO - Marking task as UP_FOR_RETRY. dag_id=data_ingestion_gcs_dag, task_id=cast_parquet_columns_task, execution_date=20190201T000000, start_date=20230129T122550, end_date=20230129T122550
[2023-01-29 12:25:50,742] {standard_task_runner.py:92} ERROR - Failed to execute job 365 for task cast_parquet_columns_task
Traceback (most recent call last):
  File "/home/airflow/.local/lib/python3.7/site-packages/airflow/task/task_runner/standard_task_runner.py", line 85, in _start_by_fork
    args.func(args, dag=self.dag)
  File "/home/airflow/.local/lib/python3.7/site-packages/airflow/cli/cli_parser.py", line 48, in command
    return func(*args, **kwargs)
  File "/home/airflow/.local/lib/python3.7/site-packages/airflow/utils/cli.py", line 92, in wrapper
    return f(*args, **kwargs)
  File "/home/airflow/.local/lib/python3.7/site-packages/airflow/cli/commands/task_command.py", line 298, in task_run
    _run_task_by_selected_method(args, dag, ti)
  File "/home/airflow/.local/lib/python3.7/site-packages/airflow/cli/commands/task_command.py", line 107, in _run_task_by_selected_method
    _run_raw_task(args, ti)
  File "/home/airflow/.local/lib/python3.7/site-packages/airflow/cli/commands/task_command.py", line 184, in _run_raw_task
    error_file=args.error_file,
  File "/home/airflow/.local/lib/python3.7/site-packages/airflow/utils/session.py", line 70, in wrapper
    return func(*args, session=session, **kwargs)
  File "/home/airflow/.local/lib/python3.7/site-packages/airflow/models/taskinstance.py", line 1329, in _run_raw_task
    self._execute_task_with_callbacks(context)
  File "/home/airflow/.local/lib/python3.7/site-packages/airflow/models/taskinstance.py", line 1455, in _execute_task_with_callbacks
    result = self._execute_task(context, self.task)
  File "/home/airflow/.local/lib/python3.7/site-packages/airflow/models/taskinstance.py", line 1511, in _execute_task
    result = execute_callable(context=context)
  File "/home/airflow/.local/lib/python3.7/site-packages/airflow/operators/python.py", line 174, in execute
    return_value = self.execute_callable()
  File "/home/airflow/.local/lib/python3.7/site-packages/airflow/operators/python.py", line 185, in execute_callable
    return self.python_callable(*self.op_args, **self.op_kwargs)
  File "/opt/airflow/dags/data_ingestion_gcs_dag.py", line 64, in cast_parquet_columns
    pq.write_table(table, dataset_file.replace('.parquet', '_casted.parquet'))
  File "/home/airflow/.local/lib/python3.7/site-packages/pyarrow/parquet.py", line 1986, in write_table
    **kwargs) as writer:
  File "/home/airflow/.local/lib/python3.7/site-packages/pyarrow/parquet.py", line 638, in __init__
    where, filesystem, allow_legacy_filesystem=True
  File "/home/airflow/.local/lib/python3.7/site-packages/pyarrow/fs.py", line 174, in _resolve_filesystem_and_path
    filesystem, path = FileSystem.from_uri(path)
  File "pyarrow/_fs.pyx", line 347, in pyarrow._fs.FileSystem.from_uri
  File "pyarrow/error.pxi", line 143, in pyarrow.lib.pyarrow_internal_check_status
  File "pyarrow/error.pxi", line 99, in pyarrow.lib.check_status
pyarrow.lib.ArrowInvalid: Cannot parse URI: 'fhv_tripdata_{{ execution_date.strftime('%Y-%m') }}_casted.parquet'
[2023-01-29 12:25:50,840] {local_task_job.py:154} INFO - Task exited with return code 1
[2023-01-29 12:25:50,875] {local_task_job.py:264} INFO - 0 downstream tasks scheduled from follow-on schedule check
