[2023-01-27 22:46:44,797] {taskinstance.py:1032} INFO - Dependencies all met for <TaskInstance: data_ingestion_gcs_dag.download_dataset_task scheduled__2023-01-26T00:00:00+00:00 [queued]>
[2023-01-27 22:46:44,808] {taskinstance.py:1032} INFO - Dependencies all met for <TaskInstance: data_ingestion_gcs_dag.download_dataset_task scheduled__2023-01-26T00:00:00+00:00 [queued]>
[2023-01-27 22:46:44,810] {taskinstance.py:1238} INFO - 
--------------------------------------------------------------------------------
[2023-01-27 22:46:44,818] {taskinstance.py:1239} INFO - Starting attempt 1 of 2
[2023-01-27 22:46:44,819] {taskinstance.py:1240} INFO - 
--------------------------------------------------------------------------------
[2023-01-27 22:46:44,832] {taskinstance.py:1259} INFO - Executing <Task(BashOperator): download_dataset_task> on 2023-01-26 00:00:00+00:00
[2023-01-27 22:46:44,844] {standard_task_runner.py:52} INFO - Started process 510 to run task
[2023-01-27 22:46:44,848] {standard_task_runner.py:76} INFO - Running: ['***', 'tasks', 'run', 'data_ingestion_gcs_dag', 'download_dataset_task', 'scheduled__2023-01-26T00:00:00+00:00', '--job-id', '2', '--raw', '--subdir', 'DAGS_FOLDER/data_ingestion_gcs_dag.py', '--cfg-path', '/tmp/tmpz6rns9_u', '--error-file', '/tmp/tmpasdc1vsm']
[2023-01-27 22:46:44,849] {standard_task_runner.py:77} INFO - Job 2: Subtask download_dataset_task
[2023-01-27 22:46:44,935] {logging_mixin.py:109} INFO - Running <TaskInstance: data_ingestion_gcs_dag.download_dataset_task scheduled__2023-01-26T00:00:00+00:00 [running]> on host 5bfe79d65a6d
[2023-01-27 22:46:45,009] {taskinstance.py:1426} INFO - Exporting the following env vars:
AIRFLOW_CTX_DAG_OWNER=***
AIRFLOW_CTX_DAG_ID=data_ingestion_gcs_dag
AIRFLOW_CTX_TASK_ID=download_dataset_task
AIRFLOW_CTX_EXECUTION_DATE=2023-01-26T00:00:00+00:00
AIRFLOW_CTX_DAG_RUN_ID=scheduled__2023-01-26T00:00:00+00:00
[2023-01-27 22:46:45,012] {subprocess.py:62} INFO - Tmp dir root location: 
 /tmp
[2023-01-27 22:46:45,013] {subprocess.py:74} INFO - Running command: ['bash', '-c', 'curl -sSL https://d37ci6vzurychx.cloudfront.net/trip-data/yellow_tripdata_2021-01.parquet > /opt/***/yellow_tripdata_2021-01.parquet']
[2023-01-27 22:46:45,029] {subprocess.py:85} INFO - Output:
[2023-01-27 22:46:49,729] {subprocess.py:93} INFO - Command exited with return code 0
[2023-01-27 22:46:49,755] {taskinstance.py:1277} INFO - Marking task as SUCCESS. dag_id=data_ingestion_gcs_dag, task_id=download_dataset_task, execution_date=20230126T000000, start_date=20230127T224644, end_date=20230127T224649
[2023-01-27 22:46:49,779] {local_task_job.py:154} INFO - Task exited with return code 0
[2023-01-27 22:46:49,813] {local_task_job.py:264} INFO - 1 downstream tasks scheduled from follow-on schedule check
