[2023-01-28 04:33:16,001] {taskinstance.py:1032} INFO - Dependencies all met for <TaskInstance: data_ingestion_fhv_dag.bq_fhv_external_table_task scheduled__2019-06-01T00:00:00+00:00 [queued]>
[2023-01-28 04:33:16,018] {taskinstance.py:1032} INFO - Dependencies all met for <TaskInstance: data_ingestion_fhv_dag.bq_fhv_external_table_task scheduled__2019-06-01T00:00:00+00:00 [queued]>
[2023-01-28 04:33:16,019] {taskinstance.py:1238} INFO - 
--------------------------------------------------------------------------------
[2023-01-28 04:33:16,020] {taskinstance.py:1239} INFO - Starting attempt 1 of 2
[2023-01-28 04:33:16,021] {taskinstance.py:1240} INFO - 
--------------------------------------------------------------------------------
[2023-01-28 04:33:16,034] {taskinstance.py:1259} INFO - Executing <Task(BigQueryCreateExternalTableOperator): bq_fhv_external_table_task> on 2019-06-01 00:00:00+00:00
[2023-01-28 04:33:16,045] {standard_task_runner.py:52} INFO - Started process 26639 to run task
[2023-01-28 04:33:16,050] {standard_task_runner.py:76} INFO - Running: ['***', 'tasks', 'run', 'data_ingestion_fhv_dag', 'bq_fhv_external_table_task', 'scheduled__2019-06-01T00:00:00+00:00', '--job-id', '224', '--raw', '--subdir', 'DAGS_FOLDER/data_ingestion_fhv_dag.py', '--cfg-path', '/tmp/tmpur_95om2', '--error-file', '/tmp/tmpcw4ynxob']
[2023-01-28 04:33:16,051] {standard_task_runner.py:77} INFO - Job 224: Subtask bq_fhv_external_table_task
[2023-01-28 04:33:16,122] {logging_mixin.py:109} INFO - Running <TaskInstance: data_ingestion_fhv_dag.bq_fhv_external_table_task scheduled__2019-06-01T00:00:00+00:00 [running]> on host adbf820de9e6
[2023-01-28 04:33:16,173] {logging_mixin.py:109} WARNING - /home/***/.local/lib/python3.7/site-packages/***/utils/context.py:152 AirflowContextDeprecationWarning: Accessing 'execution_date' from the template is deprecated and will be removed in a future version. Please use 'data_interval_start' or 'logical_date' instead.
[2023-01-28 04:33:16,201] {taskinstance.py:1426} INFO - Exporting the following env vars:
AIRFLOW_CTX_DAG_OWNER=***
AIRFLOW_CTX_DAG_ID=data_ingestion_fhv_dag
AIRFLOW_CTX_TASK_ID=bq_fhv_external_table_task
AIRFLOW_CTX_EXECUTION_DATE=2019-06-01T00:00:00+00:00
AIRFLOW_CTX_DAG_RUN_ID=scheduled__2019-06-01T00:00:00+00:00
[2023-01-28 04:33:16,204] {crypto.py:82} WARNING - empty cryptography key - values will not be stored encrypted.
[2023-01-28 04:33:17,156] {taskinstance.py:1277} INFO - Marking task as SUCCESS. dag_id=data_ingestion_fhv_dag, task_id=bq_fhv_external_table_task, execution_date=20190601T000000, start_date=20230128T043316, end_date=20230128T043317
[2023-01-28 04:33:17,194] {local_task_job.py:154} INFO - Task exited with return code 0
[2023-01-28 04:33:17,233] {local_task_job.py:264} INFO - 0 downstream tasks scheduled from follow-on schedule check
[2023-01-29 13:27:19,527] {taskinstance.py:1032} INFO - Dependencies all met for <TaskInstance: data_ingestion_fhv_dag.bq_fhv_external_table_task scheduled__2019-06-01T00:00:00+00:00 [queued]>
[2023-01-29 13:27:19,547] {taskinstance.py:1032} INFO - Dependencies all met for <TaskInstance: data_ingestion_fhv_dag.bq_fhv_external_table_task scheduled__2019-06-01T00:00:00+00:00 [queued]>
[2023-01-29 13:27:19,548] {taskinstance.py:1238} INFO - 
--------------------------------------------------------------------------------
[2023-01-29 13:27:19,548] {taskinstance.py:1239} INFO - Starting attempt 1 of 2
[2023-01-29 13:27:19,549] {taskinstance.py:1240} INFO - 
--------------------------------------------------------------------------------
[2023-01-29 13:27:19,558] {taskinstance.py:1259} INFO - Executing <Task(BigQueryCreateExternalTableOperator): bq_fhv_external_table_task> on 2019-06-01 00:00:00+00:00
[2023-01-29 13:27:19,562] {standard_task_runner.py:52} INFO - Started process 1978 to run task
[2023-01-29 13:27:19,566] {standard_task_runner.py:76} INFO - Running: ['***', 'tasks', 'run', 'data_ingestion_fhv_dag', 'bq_fhv_external_table_task', 'scheduled__2019-06-01T00:00:00+00:00', '--job-id', '503', '--raw', '--subdir', 'DAGS_FOLDER/data_ingestion_fhv_dag.py', '--cfg-path', '/tmp/tmpykon67wt', '--error-file', '/tmp/tmpsgwe6874']
[2023-01-29 13:27:19,567] {standard_task_runner.py:77} INFO - Job 503: Subtask bq_fhv_external_table_task
[2023-01-29 13:27:19,621] {logging_mixin.py:109} INFO - Running <TaskInstance: data_ingestion_fhv_dag.bq_fhv_external_table_task scheduled__2019-06-01T00:00:00+00:00 [running]> on host 2530f37057aa
[2023-01-29 13:27:19,671] {taskinstance.py:1426} INFO - Exporting the following env vars:
AIRFLOW_CTX_DAG_OWNER=***
AIRFLOW_CTX_DAG_ID=data_ingestion_fhv_dag
AIRFLOW_CTX_TASK_ID=bq_fhv_external_table_task
AIRFLOW_CTX_EXECUTION_DATE=2019-06-01T00:00:00+00:00
AIRFLOW_CTX_DAG_RUN_ID=scheduled__2019-06-01T00:00:00+00:00
[2023-01-29 13:27:19,673] {crypto.py:82} WARNING - empty cryptography key - values will not be stored encrypted.
[2023-01-29 13:27:20,633] {taskinstance.py:1277} INFO - Marking task as SUCCESS. dag_id=data_ingestion_fhv_dag, task_id=bq_fhv_external_table_task, execution_date=20190601T000000, start_date=20230129T132719, end_date=20230129T132720
[2023-01-29 13:27:20,658] {local_task_job.py:154} INFO - Task exited with return code 0
[2023-01-29 13:27:20,698] {local_task_job.py:264} INFO - 1 downstream tasks scheduled from follow-on schedule check
