[2023-01-22 13:12:33,717] {taskinstance.py:1032} INFO - Dependencies all met for <TaskInstance: data_ingestion_gcs_dag.format_to_parquet_task manual__2023-01-22T13:12:23.901772+00:00 [queued]>
[2023-01-22 13:12:33,773] {taskinstance.py:1032} INFO - Dependencies all met for <TaskInstance: data_ingestion_gcs_dag.format_to_parquet_task manual__2023-01-22T13:12:23.901772+00:00 [queued]>
[2023-01-22 13:12:33,776] {taskinstance.py:1238} INFO - 
--------------------------------------------------------------------------------
[2023-01-22 13:12:33,780] {taskinstance.py:1239} INFO - Starting attempt 1 of 2
[2023-01-22 13:12:33,781] {taskinstance.py:1240} INFO - 
--------------------------------------------------------------------------------
[2023-01-22 13:12:33,870] {taskinstance.py:1259} INFO - Executing <Task(PythonOperator): format_to_parquet_task> on 2023-01-22 13:12:23.901772+00:00
[2023-01-22 13:12:34,432] {standard_task_runner.py:52} INFO - Started process 3390 to run task
[2023-01-22 13:12:34,464] {standard_task_runner.py:76} INFO - Running: ['***', 'tasks', 'run', 'data_ingestion_gcs_dag', 'format_to_parquet_task', 'manual__2023-01-22T13:12:23.901772+00:00', '--job-id', '41', '--raw', '--subdir', 'DAGS_FOLDER/data_ingestion_gcs_dag.py', '--cfg-path', '/tmp/tmpe1hyhcbf', '--error-file', '/tmp/tmpsw88s9h8']
[2023-01-22 13:12:34,470] {standard_task_runner.py:77} INFO - Job 41: Subtask format_to_parquet_task
[2023-01-22 13:12:36,855] {logging_mixin.py:109} INFO - Running <TaskInstance: data_ingestion_gcs_dag.format_to_parquet_task manual__2023-01-22T13:12:23.901772+00:00 [running]> on host a0e75fa915af
[2023-01-22 13:12:38,966] {taskinstance.py:1426} INFO - Exporting the following env vars:
AIRFLOW_CTX_DAG_OWNER=***
AIRFLOW_CTX_DAG_ID=data_ingestion_gcs_dag
AIRFLOW_CTX_TASK_ID=format_to_parquet_task
AIRFLOW_CTX_EXECUTION_DATE=2023-01-22T13:12:23.901772+00:00
AIRFLOW_CTX_DAG_RUN_ID=manual__2023-01-22T13:12:23.901772+00:00
[2023-01-22 13:12:39,003] {data_ingestion_gcs_dag.py:31} ERROR - Can only accept source files in CSV format, for the moment
[2023-01-22 13:12:39,010] {python.py:175} INFO - Done. Returned value was: None
[2023-01-22 13:12:39,089] {taskinstance.py:1277} INFO - Marking task as SUCCESS. dag_id=data_ingestion_gcs_dag, task_id=format_to_parquet_task, execution_date=20230122T131223, start_date=20230122T131233, end_date=20230122T131239
[2023-01-22 13:12:40,382] {local_task_job.py:212} WARNING - State of this instance has been externally set to success. Terminating instance.
[2023-01-22 13:12:40,567] {process_utils.py:124} INFO - Sending Signals.SIGTERM to group 3390. PIDs of all processes in the group: [3390]
[2023-01-22 13:12:40,579] {process_utils.py:75} INFO - Sending the signal Signals.SIGTERM to group 3390
[2023-01-22 13:12:40,661] {process_utils.py:70} INFO - Process psutil.Process(pid=3390, status='terminated', exitcode=0, started='13:12:34') (3390) terminated with exit code 0
