[2023-01-28 03:57:18,135] {taskinstance.py:1032} INFO - Dependencies all met for <TaskInstance: data_ingestion_fhv_dag.bq_fhv_external_table_task scheduled__2019-01-01T00:00:00+00:00 [queued]>
[2023-01-28 03:57:18,148] {taskinstance.py:1032} INFO - Dependencies all met for <TaskInstance: data_ingestion_fhv_dag.bq_fhv_external_table_task scheduled__2019-01-01T00:00:00+00:00 [queued]>
[2023-01-28 03:57:18,149] {taskinstance.py:1238} INFO - 
--------------------------------------------------------------------------------
[2023-01-28 03:57:18,150] {taskinstance.py:1239} INFO - Starting attempt 1 of 2
[2023-01-28 03:57:18,150] {taskinstance.py:1240} INFO - 
--------------------------------------------------------------------------------
[2023-01-28 03:57:18,162] {taskinstance.py:1259} INFO - Executing <Task(BigQueryCreateExternalTableOperator): bq_fhv_external_table_task> on 2019-01-01 00:00:00+00:00
[2023-01-28 03:57:18,168] {standard_task_runner.py:52} INFO - Started process 22286 to run task
[2023-01-28 03:57:18,171] {standard_task_runner.py:76} INFO - Running: ['***', 'tasks', 'run', 'data_ingestion_fhv_dag', 'bq_fhv_external_table_task', 'scheduled__2019-01-01T00:00:00+00:00', '--job-id', '183', '--raw', '--subdir', 'DAGS_FOLDER/data_ingestion_fhv_dag.py', '--cfg-path', '/tmp/tmpyhsu56gc', '--error-file', '/tmp/tmp0n_lwlts']
[2023-01-28 03:57:18,173] {standard_task_runner.py:77} INFO - Job 183: Subtask bq_fhv_external_table_task
[2023-01-28 03:57:18,230] {logging_mixin.py:109} INFO - Running <TaskInstance: data_ingestion_fhv_dag.bq_fhv_external_table_task scheduled__2019-01-01T00:00:00+00:00 [running]> on host adbf820de9e6
[2023-01-28 03:57:18,271] {logging_mixin.py:109} WARNING - /home/***/.local/lib/python3.7/site-packages/***/utils/context.py:152 AirflowContextDeprecationWarning: Accessing 'execution_date' from the template is deprecated and will be removed in a future version. Please use 'data_interval_start' or 'logical_date' instead.
[2023-01-28 03:57:18,292] {taskinstance.py:1426} INFO - Exporting the following env vars:
AIRFLOW_CTX_DAG_OWNER=***
AIRFLOW_CTX_DAG_ID=data_ingestion_fhv_dag
AIRFLOW_CTX_TASK_ID=bq_fhv_external_table_task
AIRFLOW_CTX_EXECUTION_DATE=2019-01-01T00:00:00+00:00
AIRFLOW_CTX_DAG_RUN_ID=scheduled__2019-01-01T00:00:00+00:00
[2023-01-28 03:57:18,294] {crypto.py:82} WARNING - empty cryptography key - values will not be stored encrypted.
[2023-01-28 03:57:19,476] {taskinstance.py:1277} INFO - Marking task as SUCCESS. dag_id=data_ingestion_fhv_dag, task_id=bq_fhv_external_table_task, execution_date=20190101T000000, start_date=20230128T035718, end_date=20230128T035719
[2023-01-28 03:57:19,555] {local_task_job.py:154} INFO - Task exited with return code 0
[2023-01-28 03:57:19,596] {local_task_job.py:264} INFO - 0 downstream tasks scheduled from follow-on schedule check
[2023-01-29 13:24:04,729] {taskinstance.py:1032} INFO - Dependencies all met for <TaskInstance: data_ingestion_fhv_dag.bq_fhv_external_table_task scheduled__2019-01-01T00:00:00+00:00 [queued]>
[2023-01-29 13:24:04,744] {taskinstance.py:1032} INFO - Dependencies all met for <TaskInstance: data_ingestion_fhv_dag.bq_fhv_external_table_task scheduled__2019-01-01T00:00:00+00:00 [queued]>
[2023-01-29 13:24:04,745] {taskinstance.py:1238} INFO - 
--------------------------------------------------------------------------------
[2023-01-29 13:24:04,746] {taskinstance.py:1239} INFO - Starting attempt 1 of 2
[2023-01-29 13:24:04,747] {taskinstance.py:1240} INFO - 
--------------------------------------------------------------------------------
[2023-01-29 13:24:04,762] {taskinstance.py:1259} INFO - Executing <Task(BigQueryCreateExternalTableOperator): bq_fhv_external_table_task> on 2019-01-01 00:00:00+00:00
[2023-01-29 13:24:04,770] {standard_task_runner.py:52} INFO - Started process 1479 to run task
[2023-01-29 13:24:04,774] {standard_task_runner.py:76} INFO - Running: ['***', 'tasks', 'run', 'data_ingestion_fhv_dag', 'bq_fhv_external_table_task', 'scheduled__2019-01-01T00:00:00+00:00', '--job-id', '491', '--raw', '--subdir', 'DAGS_FOLDER/data_ingestion_fhv_dag.py', '--cfg-path', '/tmp/tmpngljpg2y', '--error-file', '/tmp/tmpdq5pnujc']
[2023-01-29 13:24:04,777] {standard_task_runner.py:77} INFO - Job 491: Subtask bq_fhv_external_table_task
[2023-01-29 13:24:04,845] {logging_mixin.py:109} INFO - Running <TaskInstance: data_ingestion_fhv_dag.bq_fhv_external_table_task scheduled__2019-01-01T00:00:00+00:00 [running]> on host 2530f37057aa
[2023-01-29 13:24:04,917] {taskinstance.py:1426} INFO - Exporting the following env vars:
AIRFLOW_CTX_DAG_OWNER=***
AIRFLOW_CTX_DAG_ID=data_ingestion_fhv_dag
AIRFLOW_CTX_TASK_ID=bq_fhv_external_table_task
AIRFLOW_CTX_EXECUTION_DATE=2019-01-01T00:00:00+00:00
AIRFLOW_CTX_DAG_RUN_ID=scheduled__2019-01-01T00:00:00+00:00
[2023-01-29 13:24:04,920] {crypto.py:82} WARNING - empty cryptography key - values will not be stored encrypted.
[2023-01-29 13:24:06,016] {taskinstance.py:1277} INFO - Marking task as SUCCESS. dag_id=data_ingestion_fhv_dag, task_id=bq_fhv_external_table_task, execution_date=20190101T000000, start_date=20230129T132404, end_date=20230129T132406
[2023-01-29 13:24:06,048] {local_task_job.py:154} INFO - Task exited with return code 0
[2023-01-29 13:24:06,080] {local_task_job.py:264} INFO - 1 downstream tasks scheduled from follow-on schedule check
