[2023-01-29 06:49:54,640] {taskinstance.py:1032} INFO - Dependencies all met for <TaskInstance: data_ingestion_fhv_dag.bq_fhv_external_table_task scheduled__2019-01-01T00:00:00+00:00 [queued]>
[2023-01-29 06:49:54,649] {taskinstance.py:1032} INFO - Dependencies all met for <TaskInstance: data_ingestion_fhv_dag.bq_fhv_external_table_task scheduled__2019-01-01T00:00:00+00:00 [queued]>
[2023-01-29 06:49:54,650] {taskinstance.py:1238} INFO - 
--------------------------------------------------------------------------------
[2023-01-29 06:49:54,650] {taskinstance.py:1239} INFO - Starting attempt 11 of 12
[2023-01-29 06:49:54,651] {taskinstance.py:1240} INFO - 
--------------------------------------------------------------------------------
[2023-01-29 06:49:54,663] {taskinstance.py:1259} INFO - Executing <Task(BigQueryCreateExternalTableOperator): bq_fhv_external_table_task> on 2019-01-01 00:00:00+00:00
[2023-01-29 06:49:54,667] {standard_task_runner.py:52} INFO - Started process 2731 to run task
[2023-01-29 06:49:54,671] {standard_task_runner.py:76} INFO - Running: ['***', 'tasks', 'run', 'data_ingestion_fhv_dag', 'bq_fhv_external_table_task', 'scheduled__2019-01-01T00:00:00+00:00', '--job-id', '275', '--raw', '--subdir', 'DAGS_FOLDER/data_ingestion_fhv_dag.py', '--cfg-path', '/tmp/tmpessol9u8', '--error-file', '/tmp/tmptdj8yag0']
[2023-01-29 06:49:54,672] {standard_task_runner.py:77} INFO - Job 275: Subtask bq_fhv_external_table_task
[2023-01-29 06:49:54,735] {logging_mixin.py:109} INFO - Running <TaskInstance: data_ingestion_fhv_dag.bq_fhv_external_table_task scheduled__2019-01-01T00:00:00+00:00 [running]> on host 066784a7791c
[2023-01-29 06:49:54,801] {taskinstance.py:1426} INFO - Exporting the following env vars:
AIRFLOW_CTX_DAG_OWNER=***
AIRFLOW_CTX_DAG_ID=data_ingestion_fhv_dag
AIRFLOW_CTX_TASK_ID=bq_fhv_external_table_task
AIRFLOW_CTX_EXECUTION_DATE=2019-01-01T00:00:00+00:00
AIRFLOW_CTX_DAG_RUN_ID=scheduled__2019-01-01T00:00:00+00:00
[2023-01-29 06:49:54,804] {crypto.py:82} WARNING - empty cryptography key - values will not be stored encrypted.
[2023-01-29 06:49:55,830] {taskinstance.py:1277} INFO - Marking task as SUCCESS. dag_id=data_ingestion_fhv_dag, task_id=bq_fhv_external_table_task, execution_date=20190101T000000, start_date=20230129T064954, end_date=20230129T064955
[2023-01-29 06:49:55,854] {local_task_job.py:154} INFO - Task exited with return code 0
[2023-01-29 06:49:55,891] {local_task_job.py:264} INFO - 1 downstream tasks scheduled from follow-on schedule check
