[2023-01-29 07:07:53,224] {taskinstance.py:1032} INFO - Dependencies all met for <TaskInstance: data_ingestion_fhv_dag.bq_fhv_external_table_task scheduled__2019-01-01T00:00:00+00:00 [queued]>
[2023-01-29 07:07:53,242] {taskinstance.py:1032} INFO - Dependencies all met for <TaskInstance: data_ingestion_fhv_dag.bq_fhv_external_table_task scheduled__2019-01-01T00:00:00+00:00 [queued]>
[2023-01-29 07:07:53,243] {taskinstance.py:1238} INFO - 
--------------------------------------------------------------------------------
[2023-01-29 07:07:53,245] {taskinstance.py:1239} INFO - Starting attempt 13 of 14
[2023-01-29 07:07:53,246] {taskinstance.py:1240} INFO - 
--------------------------------------------------------------------------------
[2023-01-29 07:07:53,272] {taskinstance.py:1259} INFO - Executing <Task(BigQueryCreateExternalTableOperator): bq_fhv_external_table_task> on 2019-01-01 00:00:00+00:00
[2023-01-29 07:07:53,283] {standard_task_runner.py:52} INFO - Started process 4835 to run task
[2023-01-29 07:07:53,292] {standard_task_runner.py:76} INFO - Running: ['***', 'tasks', 'run', 'data_ingestion_fhv_dag', 'bq_fhv_external_table_task', 'scheduled__2019-01-01T00:00:00+00:00', '--job-id', '281', '--raw', '--subdir', 'DAGS_FOLDER/data_ingestion_fhv_dag.py', '--cfg-path', '/tmp/tmp2hgwzqjg', '--error-file', '/tmp/tmplqjtkgz2']
[2023-01-29 07:07:53,294] {standard_task_runner.py:77} INFO - Job 281: Subtask bq_fhv_external_table_task
[2023-01-29 07:07:53,394] {logging_mixin.py:109} INFO - Running <TaskInstance: data_ingestion_fhv_dag.bq_fhv_external_table_task scheduled__2019-01-01T00:00:00+00:00 [running]> on host 066784a7791c
[2023-01-29 07:07:53,468] {taskinstance.py:1426} INFO - Exporting the following env vars:
AIRFLOW_CTX_DAG_OWNER=***
AIRFLOW_CTX_DAG_ID=data_ingestion_fhv_dag
AIRFLOW_CTX_TASK_ID=bq_fhv_external_table_task
AIRFLOW_CTX_EXECUTION_DATE=2019-01-01T00:00:00+00:00
AIRFLOW_CTX_DAG_RUN_ID=scheduled__2019-01-01T00:00:00+00:00
[2023-01-29 07:07:53,470] {crypto.py:82} WARNING - empty cryptography key - values will not be stored encrypted.
[2023-01-29 07:07:54,614] {taskinstance.py:1277} INFO - Marking task as SUCCESS. dag_id=data_ingestion_fhv_dag, task_id=bq_fhv_external_table_task, execution_date=20190101T000000, start_date=20230129T070753, end_date=20230129T070754
[2023-01-29 07:07:54,660] {local_task_job.py:154} INFO - Task exited with return code 0
[2023-01-29 07:07:54,692] {local_task_job.py:264} INFO - 1 downstream tasks scheduled from follow-on schedule check
