[2023-01-29 07:58:40,218] {taskinstance.py:1032} INFO - Dependencies all met for <TaskInstance: data_ingestion_fhv_dag.bq_fhv_external_table_task scheduled__2019-01-01T00:00:00+00:00 [queued]>
[2023-01-29 07:58:40,230] {taskinstance.py:1032} INFO - Dependencies all met for <TaskInstance: data_ingestion_fhv_dag.bq_fhv_external_table_task scheduled__2019-01-01T00:00:00+00:00 [queued]>
[2023-01-29 07:58:40,231] {taskinstance.py:1238} INFO - 
--------------------------------------------------------------------------------
[2023-01-29 07:58:40,232] {taskinstance.py:1239} INFO - Starting attempt 16 of 17
[2023-01-29 07:58:40,232] {taskinstance.py:1240} INFO - 
--------------------------------------------------------------------------------
[2023-01-29 07:58:40,243] {taskinstance.py:1259} INFO - Executing <Task(BigQueryCreateExternalTableOperator): bq_fhv_external_table_task> on 2019-01-01 00:00:00+00:00
[2023-01-29 07:58:40,248] {standard_task_runner.py:52} INFO - Started process 10640 to run task
[2023-01-29 07:58:40,251] {standard_task_runner.py:76} INFO - Running: ['***', 'tasks', 'run', 'data_ingestion_fhv_dag', 'bq_fhv_external_table_task', 'scheduled__2019-01-01T00:00:00+00:00', '--job-id', '289', '--raw', '--subdir', 'DAGS_FOLDER/data_ingestion_fhv_dag.py', '--cfg-path', '/tmp/tmp0ot5p5_c', '--error-file', '/tmp/tmp4cs7pgot']
[2023-01-29 07:58:40,253] {standard_task_runner.py:77} INFO - Job 289: Subtask bq_fhv_external_table_task
[2023-01-29 07:58:40,308] {logging_mixin.py:109} INFO - Running <TaskInstance: data_ingestion_fhv_dag.bq_fhv_external_table_task scheduled__2019-01-01T00:00:00+00:00 [running]> on host 066784a7791c
[2023-01-29 07:58:40,364] {taskinstance.py:1426} INFO - Exporting the following env vars:
AIRFLOW_CTX_DAG_OWNER=***
AIRFLOW_CTX_DAG_ID=data_ingestion_fhv_dag
AIRFLOW_CTX_TASK_ID=bq_fhv_external_table_task
AIRFLOW_CTX_EXECUTION_DATE=2019-01-01T00:00:00+00:00
AIRFLOW_CTX_DAG_RUN_ID=scheduled__2019-01-01T00:00:00+00:00
[2023-01-29 07:58:40,366] {crypto.py:82} WARNING - empty cryptography key - values will not be stored encrypted.
[2023-01-29 07:58:41,466] {taskinstance.py:1277} INFO - Marking task as SUCCESS. dag_id=data_ingestion_fhv_dag, task_id=bq_fhv_external_table_task, execution_date=20190101T000000, start_date=20230129T075840, end_date=20230129T075841
[2023-01-29 07:58:41,512] {local_task_job.py:154} INFO - Task exited with return code 0
[2023-01-29 07:58:41,549] {local_task_job.py:264} INFO - 1 downstream tasks scheduled from follow-on schedule check
