[2023-01-28 04:07:30,129] {taskinstance.py:1032} INFO - Dependencies all met for <TaskInstance: data_ingestion_fhv_dag.bq_fhv_external_table_task scheduled__2019-01-01T00:00:00+00:00 [queued]>
[2023-01-28 04:07:30,140] {taskinstance.py:1032} INFO - Dependencies all met for <TaskInstance: data_ingestion_fhv_dag.bq_fhv_external_table_task scheduled__2019-01-01T00:00:00+00:00 [queued]>
[2023-01-28 04:07:30,141] {taskinstance.py:1238} INFO - 
--------------------------------------------------------------------------------
[2023-01-28 04:07:30,142] {taskinstance.py:1239} INFO - Starting attempt 2 of 3
[2023-01-28 04:07:30,143] {taskinstance.py:1240} INFO - 
--------------------------------------------------------------------------------
[2023-01-28 04:07:30,155] {taskinstance.py:1259} INFO - Executing <Task(BigQueryCreateExternalTableOperator): bq_fhv_external_table_task> on 2019-01-01 00:00:00+00:00
[2023-01-28 04:07:30,160] {standard_task_runner.py:52} INFO - Started process 23447 to run task
[2023-01-28 04:07:30,164] {standard_task_runner.py:76} INFO - Running: ['***', 'tasks', 'run', 'data_ingestion_fhv_dag', 'bq_fhv_external_table_task', 'scheduled__2019-01-01T00:00:00+00:00', '--job-id', '184', '--raw', '--subdir', 'DAGS_FOLDER/data_ingestion_fhv_dag.py', '--cfg-path', '/tmp/tmpgfdor_2s', '--error-file', '/tmp/tmpkr9y43lh']
[2023-01-28 04:07:30,166] {standard_task_runner.py:77} INFO - Job 184: Subtask bq_fhv_external_table_task
[2023-01-28 04:07:30,220] {logging_mixin.py:109} INFO - Running <TaskInstance: data_ingestion_fhv_dag.bq_fhv_external_table_task scheduled__2019-01-01T00:00:00+00:00 [running]> on host adbf820de9e6
[2023-01-28 04:07:30,309] {taskinstance.py:1426} INFO - Exporting the following env vars:
AIRFLOW_CTX_DAG_OWNER=***
AIRFLOW_CTX_DAG_ID=data_ingestion_fhv_dag
AIRFLOW_CTX_TASK_ID=bq_fhv_external_table_task
AIRFLOW_CTX_EXECUTION_DATE=2019-01-01T00:00:00+00:00
AIRFLOW_CTX_DAG_RUN_ID=scheduled__2019-01-01T00:00:00+00:00
[2023-01-28 04:07:30,313] {crypto.py:82} WARNING - empty cryptography key - values will not be stored encrypted.
[2023-01-28 04:07:31,603] {taskinstance.py:1277} INFO - Marking task as SUCCESS. dag_id=data_ingestion_fhv_dag, task_id=bq_fhv_external_table_task, execution_date=20190101T000000, start_date=20230128T040730, end_date=20230128T040731
[2023-01-28 04:07:31,629] {local_task_job.py:154} INFO - Task exited with return code 0
[2023-01-28 04:07:31,665] {local_task_job.py:264} INFO - 0 downstream tasks scheduled from follow-on schedule check
[2023-01-29 13:25:31,800] {taskinstance.py:1032} INFO - Dependencies all met for <TaskInstance: data_ingestion_fhv_dag.bq_fhv_external_table_task scheduled__2019-01-01T00:00:00+00:00 [queued]>
[2023-01-29 13:25:31,810] {taskinstance.py:1032} INFO - Dependencies all met for <TaskInstance: data_ingestion_fhv_dag.bq_fhv_external_table_task scheduled__2019-01-01T00:00:00+00:00 [queued]>
[2023-01-29 13:25:31,811] {taskinstance.py:1238} INFO - 
--------------------------------------------------------------------------------
[2023-01-29 13:25:31,811] {taskinstance.py:1239} INFO - Starting attempt 2 of 3
[2023-01-29 13:25:31,812] {taskinstance.py:1240} INFO - 
--------------------------------------------------------------------------------
[2023-01-29 13:25:31,821] {taskinstance.py:1259} INFO - Executing <Task(BigQueryCreateExternalTableOperator): bq_fhv_external_table_task> on 2019-01-01 00:00:00+00:00
[2023-01-29 13:25:31,826] {standard_task_runner.py:52} INFO - Started process 1731 to run task
[2023-01-29 13:25:31,830] {standard_task_runner.py:76} INFO - Running: ['***', 'tasks', 'run', 'data_ingestion_fhv_dag', 'bq_fhv_external_table_task', 'scheduled__2019-01-01T00:00:00+00:00', '--job-id', '499', '--raw', '--subdir', 'DAGS_FOLDER/data_ingestion_fhv_dag.py', '--cfg-path', '/tmp/tmpcw1v4myg', '--error-file', '/tmp/tmpximbiyny']
[2023-01-29 13:25:31,831] {standard_task_runner.py:77} INFO - Job 499: Subtask bq_fhv_external_table_task
[2023-01-29 13:25:31,883] {logging_mixin.py:109} INFO - Running <TaskInstance: data_ingestion_fhv_dag.bq_fhv_external_table_task scheduled__2019-01-01T00:00:00+00:00 [running]> on host 2530f37057aa
[2023-01-29 13:25:31,933] {taskinstance.py:1426} INFO - Exporting the following env vars:
AIRFLOW_CTX_DAG_OWNER=***
AIRFLOW_CTX_DAG_ID=data_ingestion_fhv_dag
AIRFLOW_CTX_TASK_ID=bq_fhv_external_table_task
AIRFLOW_CTX_EXECUTION_DATE=2019-01-01T00:00:00+00:00
AIRFLOW_CTX_DAG_RUN_ID=scheduled__2019-01-01T00:00:00+00:00
[2023-01-29 13:25:31,935] {crypto.py:82} WARNING - empty cryptography key - values will not be stored encrypted.
[2023-01-29 13:25:32,931] {taskinstance.py:1277} INFO - Marking task as SUCCESS. dag_id=data_ingestion_fhv_dag, task_id=bq_fhv_external_table_task, execution_date=20190101T000000, start_date=20230129T132531, end_date=20230129T132532
[2023-01-29 13:25:32,954] {local_task_job.py:154} INFO - Task exited with return code 0
[2023-01-29 13:25:32,984] {local_task_job.py:264} INFO - 1 downstream tasks scheduled from follow-on schedule check
