[2023-01-28 04:09:17,703] {taskinstance.py:1032} INFO - Dependencies all met for <TaskInstance: data_ingestion_fhv_dag.bq_fhv_external_table_task scheduled__2019-01-01T00:00:00+00:00 [queued]>
[2023-01-28 04:09:17,716] {taskinstance.py:1032} INFO - Dependencies all met for <TaskInstance: data_ingestion_fhv_dag.bq_fhv_external_table_task scheduled__2019-01-01T00:00:00+00:00 [queued]>
[2023-01-28 04:09:17,717] {taskinstance.py:1238} INFO - 
--------------------------------------------------------------------------------
[2023-01-28 04:09:17,718] {taskinstance.py:1239} INFO - Starting attempt 3 of 4
[2023-01-28 04:09:17,719] {taskinstance.py:1240} INFO - 
--------------------------------------------------------------------------------
[2023-01-28 04:09:17,731] {taskinstance.py:1259} INFO - Executing <Task(BigQueryCreateExternalTableOperator): bq_fhv_external_table_task> on 2019-01-01 00:00:00+00:00
[2023-01-28 04:09:17,737] {standard_task_runner.py:52} INFO - Started process 23663 to run task
[2023-01-28 04:09:17,740] {standard_task_runner.py:76} INFO - Running: ['***', 'tasks', 'run', 'data_ingestion_fhv_dag', 'bq_fhv_external_table_task', 'scheduled__2019-01-01T00:00:00+00:00', '--job-id', '185', '--raw', '--subdir', 'DAGS_FOLDER/data_ingestion_fhv_dag.py', '--cfg-path', '/tmp/tmpinc8d7ct', '--error-file', '/tmp/tmp4b0tlub7']
[2023-01-28 04:09:17,742] {standard_task_runner.py:77} INFO - Job 185: Subtask bq_fhv_external_table_task
[2023-01-28 04:09:17,804] {logging_mixin.py:109} INFO - Running <TaskInstance: data_ingestion_fhv_dag.bq_fhv_external_table_task scheduled__2019-01-01T00:00:00+00:00 [running]> on host adbf820de9e6
[2023-01-28 04:09:17,862] {taskinstance.py:1426} INFO - Exporting the following env vars:
AIRFLOW_CTX_DAG_OWNER=***
AIRFLOW_CTX_DAG_ID=data_ingestion_fhv_dag
AIRFLOW_CTX_TASK_ID=bq_fhv_external_table_task
AIRFLOW_CTX_EXECUTION_DATE=2019-01-01T00:00:00+00:00
AIRFLOW_CTX_DAG_RUN_ID=scheduled__2019-01-01T00:00:00+00:00
[2023-01-28 04:09:17,864] {crypto.py:82} WARNING - empty cryptography key - values will not be stored encrypted.
[2023-01-28 04:09:19,043] {taskinstance.py:1277} INFO - Marking task as SUCCESS. dag_id=data_ingestion_fhv_dag, task_id=bq_fhv_external_table_task, execution_date=20190101T000000, start_date=20230128T040917, end_date=20230128T040919
[2023-01-28 04:09:19,079] {local_task_job.py:154} INFO - Task exited with return code 0
[2023-01-28 04:09:19,110] {local_task_job.py:264} INFO - 0 downstream tasks scheduled from follow-on schedule check
