[2023-01-28 05:02:06,375] {taskinstance.py:1032} INFO - Dependencies all met for <TaskInstance: data_ingestion_fhv_dag.bq_fhv_external_table_task scheduled__2019-01-01T00:00:00+00:00 [queued]>
[2023-01-28 05:02:06,387] {taskinstance.py:1032} INFO - Dependencies all met for <TaskInstance: data_ingestion_fhv_dag.bq_fhv_external_table_task scheduled__2019-01-01T00:00:00+00:00 [queued]>
[2023-01-28 05:02:06,388] {taskinstance.py:1238} INFO - 
--------------------------------------------------------------------------------
[2023-01-28 05:02:06,389] {taskinstance.py:1239} INFO - Starting attempt 6 of 7
[2023-01-28 05:02:06,390] {taskinstance.py:1240} INFO - 
--------------------------------------------------------------------------------
[2023-01-28 05:02:06,400] {taskinstance.py:1259} INFO - Executing <Task(BigQueryCreateExternalTableOperator): bq_fhv_external_table_task> on 2019-01-01 00:00:00+00:00
[2023-01-28 05:02:06,406] {standard_task_runner.py:52} INFO - Started process 29991 to run task
[2023-01-28 05:02:06,409] {standard_task_runner.py:76} INFO - Running: ['***', 'tasks', 'run', 'data_ingestion_fhv_dag', 'bq_fhv_external_table_task', 'scheduled__2019-01-01T00:00:00+00:00', '--job-id', '242', '--raw', '--subdir', 'DAGS_FOLDER/data_ingestion_fhv_dag.py', '--cfg-path', '/tmp/tmpb5ywae9f', '--error-file', '/tmp/tmp46c_ltt1']
[2023-01-28 05:02:06,411] {standard_task_runner.py:77} INFO - Job 242: Subtask bq_fhv_external_table_task
[2023-01-28 05:02:06,466] {logging_mixin.py:109} INFO - Running <TaskInstance: data_ingestion_fhv_dag.bq_fhv_external_table_task scheduled__2019-01-01T00:00:00+00:00 [running]> on host adbf820de9e6
[2023-01-28 05:02:06,522] {taskinstance.py:1426} INFO - Exporting the following env vars:
AIRFLOW_CTX_DAG_OWNER=***
AIRFLOW_CTX_DAG_ID=data_ingestion_fhv_dag
AIRFLOW_CTX_TASK_ID=bq_fhv_external_table_task
AIRFLOW_CTX_EXECUTION_DATE=2019-01-01T00:00:00+00:00
AIRFLOW_CTX_DAG_RUN_ID=scheduled__2019-01-01T00:00:00+00:00
[2023-01-28 05:02:06,524] {crypto.py:82} WARNING - empty cryptography key - values will not be stored encrypted.
[2023-01-28 05:02:07,643] {taskinstance.py:1277} INFO - Marking task as SUCCESS. dag_id=data_ingestion_fhv_dag, task_id=bq_fhv_external_table_task, execution_date=20190101T000000, start_date=20230128T050206, end_date=20230128T050207
[2023-01-28 05:02:07,668] {local_task_job.py:154} INFO - Task exited with return code 0
[2023-01-28 05:02:07,703] {local_task_job.py:264} INFO - 1 downstream tasks scheduled from follow-on schedule check
