[2023-01-28 04:32:33,124] {taskinstance.py:1032} INFO - Dependencies all met for <TaskInstance: data_ingestion_fhv_dag.bq_fhv_external_table_task scheduled__2019-04-01T00:00:00+00:00 [queued]>
[2023-01-28 04:32:33,142] {taskinstance.py:1032} INFO - Dependencies all met for <TaskInstance: data_ingestion_fhv_dag.bq_fhv_external_table_task scheduled__2019-04-01T00:00:00+00:00 [queued]>
[2023-01-28 04:32:33,143] {taskinstance.py:1238} INFO - 
--------------------------------------------------------------------------------
[2023-01-28 04:32:33,144] {taskinstance.py:1239} INFO - Starting attempt 2 of 2
[2023-01-28 04:32:33,145] {taskinstance.py:1240} INFO - 
--------------------------------------------------------------------------------
[2023-01-28 04:32:33,160] {taskinstance.py:1259} INFO - Executing <Task(BigQueryCreateExternalTableOperator): bq_fhv_external_table_task> on 2019-04-01 00:00:00+00:00
[2023-01-28 04:32:33,166] {standard_task_runner.py:52} INFO - Started process 26518 to run task
[2023-01-28 04:32:33,171] {standard_task_runner.py:76} INFO - Running: ['***', 'tasks', 'run', 'data_ingestion_fhv_dag', 'bq_fhv_external_table_task', 'scheduled__2019-04-01T00:00:00+00:00', '--job-id', '217', '--raw', '--subdir', 'DAGS_FOLDER/data_ingestion_fhv_dag.py', '--cfg-path', '/tmp/tmp9kt36uat', '--error-file', '/tmp/tmp95gr_b55']
[2023-01-28 04:32:33,173] {standard_task_runner.py:77} INFO - Job 217: Subtask bq_fhv_external_table_task
[2023-01-28 04:32:33,253] {logging_mixin.py:109} INFO - Running <TaskInstance: data_ingestion_fhv_dag.bq_fhv_external_table_task scheduled__2019-04-01T00:00:00+00:00 [running]> on host adbf820de9e6
[2023-01-28 04:32:33,309] {logging_mixin.py:109} WARNING - /home/***/.local/lib/python3.7/site-packages/***/utils/context.py:152 AirflowContextDeprecationWarning: Accessing 'execution_date' from the template is deprecated and will be removed in a future version. Please use 'data_interval_start' or 'logical_date' instead.
[2023-01-28 04:32:33,335] {taskinstance.py:1426} INFO - Exporting the following env vars:
AIRFLOW_CTX_DAG_OWNER=***
AIRFLOW_CTX_DAG_ID=data_ingestion_fhv_dag
AIRFLOW_CTX_TASK_ID=bq_fhv_external_table_task
AIRFLOW_CTX_EXECUTION_DATE=2019-04-01T00:00:00+00:00
AIRFLOW_CTX_DAG_RUN_ID=scheduled__2019-04-01T00:00:00+00:00
[2023-01-28 04:32:33,339] {crypto.py:82} WARNING - empty cryptography key - values will not be stored encrypted.
[2023-01-28 04:32:36,325] {taskinstance.py:1277} INFO - Marking task as SUCCESS. dag_id=data_ingestion_fhv_dag, task_id=bq_fhv_external_table_task, execution_date=20190401T000000, start_date=20230128T043233, end_date=20230128T043236
[2023-01-28 04:32:36,380] {local_task_job.py:154} INFO - Task exited with return code 0
[2023-01-28 04:32:36,429] {local_task_job.py:264} INFO - 0 downstream tasks scheduled from follow-on schedule check
