[2023-01-28 04:22:11,821] {taskinstance.py:1032} INFO - Dependencies all met for <TaskInstance: data_ingestion_fhv_dag.local_to_gcs_task scheduled__2019-02-01T00:00:00+00:00 [queued]>
[2023-01-28 04:22:11,834] {taskinstance.py:1032} INFO - Dependencies all met for <TaskInstance: data_ingestion_fhv_dag.local_to_gcs_task scheduled__2019-02-01T00:00:00+00:00 [queued]>
[2023-01-28 04:22:11,836] {taskinstance.py:1238} INFO - 
--------------------------------------------------------------------------------
[2023-01-28 04:22:11,836] {taskinstance.py:1239} INFO - Starting attempt 3 of 4
[2023-01-28 04:22:11,837] {taskinstance.py:1240} INFO - 
--------------------------------------------------------------------------------
[2023-01-28 04:22:11,850] {taskinstance.py:1259} INFO - Executing <Task(PythonOperator): local_to_gcs_task> on 2019-02-01 00:00:00+00:00
[2023-01-28 04:22:11,857] {standard_task_runner.py:52} INFO - Started process 25186 to run task
[2023-01-28 04:22:11,861] {standard_task_runner.py:76} INFO - Running: ['***', 'tasks', 'run', 'data_ingestion_fhv_dag', 'local_to_gcs_task', 'scheduled__2019-02-01T00:00:00+00:00', '--job-id', '198', '--raw', '--subdir', 'DAGS_FOLDER/data_ingestion_fhv_dag.py', '--cfg-path', '/tmp/tmpnll2l0m8', '--error-file', '/tmp/tmphuixnkga']
[2023-01-28 04:22:11,863] {standard_task_runner.py:77} INFO - Job 198: Subtask local_to_gcs_task
[2023-01-28 04:22:11,932] {logging_mixin.py:109} INFO - Running <TaskInstance: data_ingestion_fhv_dag.local_to_gcs_task scheduled__2019-02-01T00:00:00+00:00 [running]> on host adbf820de9e6
[2023-01-28 04:22:11,993] {logging_mixin.py:109} WARNING - /home/***/.local/lib/python3.7/site-packages/***/utils/context.py:152 AirflowContextDeprecationWarning: Accessing 'execution_date' from the template is deprecated and will be removed in a future version. Please use 'data_interval_start' or 'logical_date' instead.
[2023-01-28 04:22:12,019] {taskinstance.py:1426} INFO - Exporting the following env vars:
AIRFLOW_CTX_DAG_OWNER=***
AIRFLOW_CTX_DAG_ID=data_ingestion_fhv_dag
AIRFLOW_CTX_TASK_ID=local_to_gcs_task
AIRFLOW_CTX_EXECUTION_DATE=2019-02-01T00:00:00+00:00
AIRFLOW_CTX_DAG_RUN_ID=scheduled__2019-02-01T00:00:00+00:00
[2023-01-28 04:22:43,632] {python.py:175} INFO - Done. Returned value was: None
[2023-01-28 04:22:43,654] {taskinstance.py:1277} INFO - Marking task as SUCCESS. dag_id=data_ingestion_fhv_dag, task_id=local_to_gcs_task, execution_date=20190201T000000, start_date=20230128T042211, end_date=20230128T042243
[2023-01-28 04:22:43,712] {local_task_job.py:154} INFO - Task exited with return code 0
[2023-01-28 04:22:43,745] {local_task_job.py:264} INFO - 1 downstream tasks scheduled from follow-on schedule check
