[2023-01-28 04:26:38,409] {taskinstance.py:1032} INFO - Dependencies all met for <TaskInstance: data_ingestion_fhv_dag.local_to_gcs_task scheduled__2019-02-01T00:00:00+00:00 [queued]>
[2023-01-28 04:26:38,428] {taskinstance.py:1032} INFO - Dependencies all met for <TaskInstance: data_ingestion_fhv_dag.local_to_gcs_task scheduled__2019-02-01T00:00:00+00:00 [queued]>
[2023-01-28 04:26:38,430] {taskinstance.py:1238} INFO - 
--------------------------------------------------------------------------------
[2023-01-28 04:26:38,431] {taskinstance.py:1239} INFO - Starting attempt 4 of 5
[2023-01-28 04:26:38,435] {taskinstance.py:1240} INFO - 
--------------------------------------------------------------------------------
[2023-01-28 04:26:38,494] {taskinstance.py:1259} INFO - Executing <Task(PythonOperator): local_to_gcs_task> on 2019-02-01 00:00:00+00:00
[2023-01-28 04:26:38,506] {standard_task_runner.py:52} INFO - Started process 25743 to run task
[2023-01-28 04:26:38,519] {standard_task_runner.py:76} INFO - Running: ['***', 'tasks', 'run', 'data_ingestion_fhv_dag', 'local_to_gcs_task', 'scheduled__2019-02-01T00:00:00+00:00', '--job-id', '203', '--raw', '--subdir', 'DAGS_FOLDER/data_ingestion_fhv_dag.py', '--cfg-path', '/tmp/tmp4v4yllqp', '--error-file', '/tmp/tmpuovyqou8']
[2023-01-28 04:26:38,525] {standard_task_runner.py:77} INFO - Job 203: Subtask local_to_gcs_task
[2023-01-28 04:26:38,642] {logging_mixin.py:109} INFO - Running <TaskInstance: data_ingestion_fhv_dag.local_to_gcs_task scheduled__2019-02-01T00:00:00+00:00 [running]> on host adbf820de9e6
[2023-01-28 04:26:38,729] {logging_mixin.py:109} WARNING - /home/***/.local/lib/python3.7/site-packages/***/utils/context.py:152 AirflowContextDeprecationWarning: Accessing 'execution_date' from the template is deprecated and will be removed in a future version. Please use 'data_interval_start' or 'logical_date' instead.
[2023-01-28 04:26:38,769] {taskinstance.py:1426} INFO - Exporting the following env vars:
AIRFLOW_CTX_DAG_OWNER=***
AIRFLOW_CTX_DAG_ID=data_ingestion_fhv_dag
AIRFLOW_CTX_TASK_ID=local_to_gcs_task
AIRFLOW_CTX_EXECUTION_DATE=2019-02-01T00:00:00+00:00
AIRFLOW_CTX_DAG_RUN_ID=scheduled__2019-02-01T00:00:00+00:00
[2023-01-28 04:27:22,434] {python.py:175} INFO - Done. Returned value was: None
[2023-01-28 04:27:22,449] {taskinstance.py:1277} INFO - Marking task as SUCCESS. dag_id=data_ingestion_fhv_dag, task_id=local_to_gcs_task, execution_date=20190201T000000, start_date=20230128T042638, end_date=20230128T042722
[2023-01-28 04:27:22,513] {local_task_job.py:154} INFO - Task exited with return code 0
[2023-01-28 04:27:22,557] {local_task_job.py:264} INFO - 1 downstream tasks scheduled from follow-on schedule check
