[2023-01-22 09:36:51,890] {taskinstance.py:1032} INFO - Dependencies all met for <TaskInstance: data_ingestion_gcs_dag.bigquery_external_table_task manual__2023-01-22T09:36:40.382152+00:00 [queued]>
[2023-01-22 09:36:51,902] {taskinstance.py:1032} INFO - Dependencies all met for <TaskInstance: data_ingestion_gcs_dag.bigquery_external_table_task manual__2023-01-22T09:36:40.382152+00:00 [queued]>
[2023-01-22 09:36:51,903] {taskinstance.py:1238} INFO - 
--------------------------------------------------------------------------------
[2023-01-22 09:36:51,904] {taskinstance.py:1239} INFO - Starting attempt 1 of 2
[2023-01-22 09:36:51,906] {taskinstance.py:1240} INFO - 
--------------------------------------------------------------------------------
[2023-01-22 09:36:51,920] {taskinstance.py:1259} INFO - Executing <Task(BigQueryCreateExternalTableOperator): bigquery_external_table_task> on 2023-01-22 09:36:40.382152+00:00
[2023-01-22 09:36:51,927] {standard_task_runner.py:52} INFO - Started process 275 to run task
[2023-01-22 09:36:51,932] {standard_task_runner.py:76} INFO - Running: ['***', 'tasks', 'run', 'data_ingestion_gcs_dag', 'bigquery_external_table_task', 'manual__2023-01-22T09:36:40.382152+00:00', '--job-id', '39', '--raw', '--subdir', 'DAGS_FOLDER/data_ingestion_gcs_dag.py', '--cfg-path', '/tmp/tmplots69u2', '--error-file', '/tmp/tmpnr56g69o']
[2023-01-22 09:36:51,935] {standard_task_runner.py:77} INFO - Job 39: Subtask bigquery_external_table_task
[2023-01-22 09:36:51,994] {logging_mixin.py:109} INFO - Running <TaskInstance: data_ingestion_gcs_dag.bigquery_external_table_task manual__2023-01-22T09:36:40.382152+00:00 [running]> on host a0e75fa915af
[2023-01-22 09:36:52,057] {taskinstance.py:1426} INFO - Exporting the following env vars:
AIRFLOW_CTX_DAG_OWNER=***
AIRFLOW_CTX_DAG_ID=data_ingestion_gcs_dag
AIRFLOW_CTX_TASK_ID=bigquery_external_table_task
AIRFLOW_CTX_EXECUTION_DATE=2023-01-22T09:36:40.382152+00:00
AIRFLOW_CTX_DAG_RUN_ID=manual__2023-01-22T09:36:40.382152+00:00
[2023-01-22 09:36:52,062] {crypto.py:82} WARNING - empty cryptography key - values will not be stored encrypted.
[2023-01-22 09:36:53,423] {taskinstance.py:1277} INFO - Marking task as SUCCESS. dag_id=data_ingestion_gcs_dag, task_id=bigquery_external_table_task, execution_date=20230122T093640, start_date=20230122T093651, end_date=20230122T093653
[2023-01-22 09:36:53,476] {local_task_job.py:154} INFO - Task exited with return code 0
[2023-01-22 09:36:53,514] {local_task_job.py:264} INFO - 0 downstream tasks scheduled from follow-on schedule check
