[2023-01-28 03:35:10,065] {taskinstance.py:1032} INFO - Dependencies all met for <TaskInstance: data_ingestion_gcs_dag.bigquery_external_table_task scheduled__2019-06-01T00:00:00+00:00 [queued]>
[2023-01-28 03:35:10,079] {taskinstance.py:1032} INFO - Dependencies all met for <TaskInstance: data_ingestion_gcs_dag.bigquery_external_table_task scheduled__2019-06-01T00:00:00+00:00 [queued]>
[2023-01-28 03:35:10,082] {taskinstance.py:1238} INFO - 
--------------------------------------------------------------------------------
[2023-01-28 03:35:10,083] {taskinstance.py:1239} INFO - Starting attempt 2 of 3
[2023-01-28 03:35:10,084] {taskinstance.py:1240} INFO - 
--------------------------------------------------------------------------------
[2023-01-28 03:35:10,096] {taskinstance.py:1259} INFO - Executing <Task(BigQueryCreateExternalTableOperator): bigquery_external_table_task> on 2019-06-01 00:00:00+00:00
[2023-01-28 03:35:10,101] {standard_task_runner.py:52} INFO - Started process 19323 to run task
[2023-01-28 03:35:10,105] {standard_task_runner.py:76} INFO - Running: ['***', 'tasks', 'run', 'data_ingestion_gcs_dag', 'bigquery_external_table_task', 'scheduled__2019-06-01T00:00:00+00:00', '--job-id', '131', '--raw', '--subdir', 'DAGS_FOLDER/data_ingestion_gcs_dag.py', '--cfg-path', '/tmp/tmp5ogmg8zz', '--error-file', '/tmp/tmp76a57y7b']
[2023-01-28 03:35:10,108] {standard_task_runner.py:77} INFO - Job 131: Subtask bigquery_external_table_task
[2023-01-28 03:35:10,172] {logging_mixin.py:109} INFO - Running <TaskInstance: data_ingestion_gcs_dag.bigquery_external_table_task scheduled__2019-06-01T00:00:00+00:00 [running]> on host adbf820de9e6
[2023-01-28 03:35:10,217] {logging_mixin.py:109} WARNING - /home/***/.local/lib/python3.7/site-packages/***/utils/context.py:152 AirflowContextDeprecationWarning: Accessing 'execution_date' from the template is deprecated and will be removed in a future version. Please use 'data_interval_start' or 'logical_date' instead.
[2023-01-28 03:35:10,236] {taskinstance.py:1426} INFO - Exporting the following env vars:
AIRFLOW_CTX_DAG_OWNER=***
AIRFLOW_CTX_DAG_ID=data_ingestion_gcs_dag
AIRFLOW_CTX_TASK_ID=bigquery_external_table_task
AIRFLOW_CTX_EXECUTION_DATE=2019-06-01T00:00:00+00:00
AIRFLOW_CTX_DAG_RUN_ID=scheduled__2019-06-01T00:00:00+00:00
[2023-01-28 03:35:10,238] {crypto.py:82} WARNING - empty cryptography key - values will not be stored encrypted.
[2023-01-28 03:35:11,355] {taskinstance.py:1277} INFO - Marking task as SUCCESS. dag_id=data_ingestion_gcs_dag, task_id=bigquery_external_table_task, execution_date=20190601T000000, start_date=20230128T033510, end_date=20230128T033511
[2023-01-28 03:35:11,381] {local_task_job.py:154} INFO - Task exited with return code 0
[2023-01-28 03:35:11,411] {local_task_job.py:264} INFO - 0 downstream tasks scheduled from follow-on schedule check
