[2023-01-22 08:59:43,208] {taskinstance.py:1032} INFO - Dependencies all met for <TaskInstance: data_ingestion_gcs_dag.download_dataset_task manual__2023-01-22T08:57:34.496644+00:00 [queued]>
[2023-01-22 08:59:43,404] {taskinstance.py:1032} INFO - Dependencies all met for <TaskInstance: data_ingestion_gcs_dag.download_dataset_task manual__2023-01-22T08:57:34.496644+00:00 [queued]>
[2023-01-22 08:59:43,448] {taskinstance.py:1238} INFO - 
--------------------------------------------------------------------------------
[2023-01-22 08:59:43,502] {taskinstance.py:1239} INFO - Starting attempt 1 of 2
[2023-01-22 08:59:43,509] {taskinstance.py:1240} INFO - 
--------------------------------------------------------------------------------
[2023-01-22 08:59:43,612] {taskinstance.py:1259} INFO - Executing <Task(BashOperator): download_dataset_task> on 2023-01-22 08:57:34.496644+00:00
[2023-01-22 08:59:43,631] {standard_task_runner.py:52} INFO - Started process 513 to run task
[2023-01-22 08:59:43,707] {standard_task_runner.py:76} INFO - Running: ['***', 'tasks', 'run', 'data_ingestion_gcs_dag', 'download_dataset_task', 'manual__2023-01-22T08:57:34.496644+00:00', '--job-id', '13', '--raw', '--subdir', 'DAGS_FOLDER/data_ingestion_gcs_dag.py', '--cfg-path', '/tmp/tmpekx7vuuf', '--error-file', '/tmp/tmpgp76k_pi']
[2023-01-22 08:59:43,719] {standard_task_runner.py:77} INFO - Job 13: Subtask download_dataset_task
[2023-01-22 08:59:44,249] {logging_mixin.py:109} INFO - Running <TaskInstance: data_ingestion_gcs_dag.download_dataset_task manual__2023-01-22T08:57:34.496644+00:00 [running]> on host f3cc2c2458e6
[2023-01-22 08:59:44,570] {taskinstance.py:1426} INFO - Exporting the following env vars:
AIRFLOW_CTX_DAG_OWNER=***
AIRFLOW_CTX_DAG_ID=data_ingestion_gcs_dag
AIRFLOW_CTX_TASK_ID=download_dataset_task
AIRFLOW_CTX_EXECUTION_DATE=2023-01-22T08:57:34.496644+00:00
AIRFLOW_CTX_DAG_RUN_ID=manual__2023-01-22T08:57:34.496644+00:00
[2023-01-22 08:59:44,575] {subprocess.py:62} INFO - Tmp dir root location: 
 /tmp
[2023-01-22 08:59:44,588] {subprocess.py:74} INFO - Running command: ['bash', '-c', 'curl -sSL https://s3.amazonaws.com/nyc-tlc/trip+data/yellow_tripdata_2021-01.csv > /opt/***/yellow_tripdata_2021-01.csv']
[2023-01-22 08:59:44,641] {subprocess.py:85} INFO - Output:
[2023-01-22 08:59:46,216] {subprocess.py:93} INFO - Command exited with return code 0
[2023-01-22 08:59:46,306] {taskinstance.py:1277} INFO - Marking task as SUCCESS. dag_id=data_ingestion_gcs_dag, task_id=download_dataset_task, execution_date=20230122T085734, start_date=20230122T085943, end_date=20230122T085946
[2023-01-22 08:59:46,369] {local_task_job.py:154} INFO - Task exited with return code 0
[2023-01-22 08:59:46,437] {local_task_job.py:264} INFO - 1 downstream tasks scheduled from follow-on schedule check
