[2023-01-27 22:46:44,761] {taskinstance.py:1032} INFO - Dependencies all met for <TaskInstance: data_ingestion_gcs_dag.format_to_parquet_task scheduled__2023-01-26T00:00:00+00:00 [queued]>
[2023-01-27 22:46:44,771] {taskinstance.py:1032} INFO - Dependencies all met for <TaskInstance: data_ingestion_gcs_dag.format_to_parquet_task scheduled__2023-01-26T00:00:00+00:00 [queued]>
[2023-01-27 22:46:44,772] {taskinstance.py:1238} INFO - 
--------------------------------------------------------------------------------
[2023-01-27 22:46:44,773] {taskinstance.py:1239} INFO - Starting attempt 1 of 2
[2023-01-27 22:46:44,773] {taskinstance.py:1240} INFO - 
--------------------------------------------------------------------------------
[2023-01-27 22:46:44,790] {taskinstance.py:1259} INFO - Executing <Task(PythonOperator): format_to_parquet_task> on 2023-01-26 00:00:00+00:00
[2023-01-27 22:46:44,796] {standard_task_runner.py:52} INFO - Started process 509 to run task
[2023-01-27 22:46:44,800] {standard_task_runner.py:76} INFO - Running: ['***', 'tasks', 'run', 'data_ingestion_gcs_dag', 'format_to_parquet_task', 'scheduled__2023-01-26T00:00:00+00:00', '--job-id', '3', '--raw', '--subdir', 'DAGS_FOLDER/data_ingestion_gcs_dag.py', '--cfg-path', '/tmp/tmpyknnjx2x', '--error-file', '/tmp/tmphmi56ks9']
[2023-01-27 22:46:44,801] {standard_task_runner.py:77} INFO - Job 3: Subtask format_to_parquet_task
[2023-01-27 22:46:44,885] {logging_mixin.py:109} INFO - Running <TaskInstance: data_ingestion_gcs_dag.format_to_parquet_task scheduled__2023-01-26T00:00:00+00:00 [running]> on host 5bfe79d65a6d
[2023-01-27 22:46:44,980] {taskinstance.py:1426} INFO - Exporting the following env vars:
AIRFLOW_CTX_DAG_OWNER=***
AIRFLOW_CTX_DAG_ID=data_ingestion_gcs_dag
AIRFLOW_CTX_TASK_ID=format_to_parquet_task
AIRFLOW_CTX_EXECUTION_DATE=2023-01-26T00:00:00+00:00
AIRFLOW_CTX_DAG_RUN_ID=scheduled__2023-01-26T00:00:00+00:00
[2023-01-27 22:46:44,983] {data_ingestion_gcs_dag.py:27} ERROR - Can only accept source files in CSV format, for the moment
[2023-01-27 22:46:44,984] {python.py:175} INFO - Done. Returned value was: None
[2023-01-27 22:46:45,000] {taskinstance.py:1277} INFO - Marking task as SUCCESS. dag_id=data_ingestion_gcs_dag, task_id=format_to_parquet_task, execution_date=20230126T000000, start_date=20230127T224644, end_date=20230127T224645
[2023-01-27 22:46:45,055] {local_task_job.py:154} INFO - Task exited with return code 0
[2023-01-27 22:46:45,085] {local_task_job.py:264} INFO - 0 downstream tasks scheduled from follow-on schedule check
