[2023-01-27 22:46:52,809] {taskinstance.py:1032} INFO - Dependencies all met for <TaskInstance: data_ingestion_gcs_dag.local_to_gcs_task scheduled__2023-01-26T00:00:00+00:00 [queued]>
[2023-01-27 22:46:52,820] {taskinstance.py:1032} INFO - Dependencies all met for <TaskInstance: data_ingestion_gcs_dag.local_to_gcs_task scheduled__2023-01-26T00:00:00+00:00 [queued]>
[2023-01-27 22:46:52,821] {taskinstance.py:1238} INFO - 
--------------------------------------------------------------------------------
[2023-01-27 22:46:52,821] {taskinstance.py:1239} INFO - Starting attempt 1 of 2
[2023-01-27 22:46:52,822] {taskinstance.py:1240} INFO - 
--------------------------------------------------------------------------------
[2023-01-27 22:46:52,833] {taskinstance.py:1259} INFO - Executing <Task(PythonOperator): local_to_gcs_task> on 2023-01-26 00:00:00+00:00
[2023-01-27 22:46:52,839] {standard_task_runner.py:52} INFO - Started process 532 to run task
[2023-01-27 22:46:52,842] {standard_task_runner.py:76} INFO - Running: ['***', 'tasks', 'run', 'data_ingestion_gcs_dag', 'local_to_gcs_task', 'scheduled__2023-01-26T00:00:00+00:00', '--job-id', '4', '--raw', '--subdir', 'DAGS_FOLDER/data_ingestion_gcs_dag.py', '--cfg-path', '/tmp/tmpogst6yg7', '--error-file', '/tmp/tmpi_pj_41u']
[2023-01-27 22:46:52,845] {standard_task_runner.py:77} INFO - Job 4: Subtask local_to_gcs_task
[2023-01-27 22:46:52,902] {logging_mixin.py:109} INFO - Running <TaskInstance: data_ingestion_gcs_dag.local_to_gcs_task scheduled__2023-01-26T00:00:00+00:00 [running]> on host 5bfe79d65a6d
[2023-01-27 22:46:52,954] {taskinstance.py:1426} INFO - Exporting the following env vars:
AIRFLOW_CTX_DAG_OWNER=***
AIRFLOW_CTX_DAG_ID=data_ingestion_gcs_dag
AIRFLOW_CTX_TASK_ID=local_to_gcs_task
AIRFLOW_CTX_EXECUTION_DATE=2023-01-26T00:00:00+00:00
AIRFLOW_CTX_DAG_RUN_ID=scheduled__2023-01-26T00:00:00+00:00
[2023-01-27 22:47:22,164] {python.py:175} INFO - Done. Returned value was: None
[2023-01-27 22:47:22,180] {taskinstance.py:1277} INFO - Marking task as SUCCESS. dag_id=data_ingestion_gcs_dag, task_id=local_to_gcs_task, execution_date=20230126T000000, start_date=20230127T224652, end_date=20230127T224722
[2023-01-27 22:47:22,223] {local_task_job.py:154} INFO - Task exited with return code 0
[2023-01-27 22:47:22,288] {local_task_job.py:264} INFO - 0 downstream tasks scheduled from follow-on schedule check
