[2023-01-29 12:31:46,512] {taskinstance.py:1032} INFO - Dependencies all met for <TaskInstance: data_ingestion_gcs_dag.bigquery_external_table_task scheduled__2019-02-01T00:00:00+00:00 [queued]>
[2023-01-29 12:31:46,525] {taskinstance.py:1032} INFO - Dependencies all met for <TaskInstance: data_ingestion_gcs_dag.bigquery_external_table_task scheduled__2019-02-01T00:00:00+00:00 [queued]>
[2023-01-29 12:31:46,526] {taskinstance.py:1238} INFO - 
--------------------------------------------------------------------------------
[2023-01-29 12:31:46,527] {taskinstance.py:1239} INFO - Starting attempt 3 of 4
[2023-01-29 12:31:46,527] {taskinstance.py:1240} INFO - 
--------------------------------------------------------------------------------
[2023-01-29 12:31:46,541] {taskinstance.py:1259} INFO - Executing <Task(BigQueryCreateExternalTableOperator): bigquery_external_table_task> on 2019-02-01 00:00:00+00:00
[2023-01-29 12:31:46,548] {standard_task_runner.py:52} INFO - Started process 4948 to run task
[2023-01-29 12:31:46,552] {standard_task_runner.py:76} INFO - Running: ['***', 'tasks', 'run', 'data_ingestion_gcs_dag', 'bigquery_external_table_task', 'scheduled__2019-02-01T00:00:00+00:00', '--job-id', '369', '--raw', '--subdir', 'DAGS_FOLDER/data_ingestion_gcs_dag.py', '--cfg-path', '/tmp/tmpvckzt0_2', '--error-file', '/tmp/tmpcszygq6s']
[2023-01-29 12:31:46,554] {standard_task_runner.py:77} INFO - Job 369: Subtask bigquery_external_table_task
[2023-01-29 12:31:46,618] {logging_mixin.py:109} INFO - Running <TaskInstance: data_ingestion_gcs_dag.bigquery_external_table_task scheduled__2019-02-01T00:00:00+00:00 [running]> on host 2530f37057aa
[2023-01-29 12:31:46,664] {logging_mixin.py:109} WARNING - /home/***/.local/lib/python3.7/site-packages/***/utils/context.py:152 AirflowContextDeprecationWarning: Accessing 'execution_date' from the template is deprecated and will be removed in a future version. Please use 'data_interval_start' or 'logical_date' instead.
[2023-01-29 12:31:46,688] {taskinstance.py:1426} INFO - Exporting the following env vars:
AIRFLOW_CTX_DAG_OWNER=***
AIRFLOW_CTX_DAG_ID=data_ingestion_gcs_dag
AIRFLOW_CTX_TASK_ID=bigquery_external_table_task
AIRFLOW_CTX_EXECUTION_DATE=2019-02-01T00:00:00+00:00
AIRFLOW_CTX_DAG_RUN_ID=scheduled__2019-02-01T00:00:00+00:00
[2023-01-29 12:31:46,690] {crypto.py:82} WARNING - empty cryptography key - values will not be stored encrypted.
[2023-01-29 12:31:47,867] {taskinstance.py:1277} INFO - Marking task as SUCCESS. dag_id=data_ingestion_gcs_dag, task_id=bigquery_external_table_task, execution_date=20190201T000000, start_date=20230129T123146, end_date=20230129T123147
[2023-01-29 12:31:47,925] {local_task_job.py:154} INFO - Task exited with return code 0
[2023-01-29 12:31:47,962] {local_task_job.py:264} INFO - 0 downstream tasks scheduled from follow-on schedule check
