[2023-01-29 12:38:05,706] {taskinstance.py:1032} INFO - Dependencies all met for <TaskInstance: data_ingestion_gcs_dag.bigquery_external_table_task scheduled__2019-02-01T00:00:00+00:00 [queued]>
[2023-01-29 12:38:05,721] {taskinstance.py:1032} INFO - Dependencies all met for <TaskInstance: data_ingestion_gcs_dag.bigquery_external_table_task scheduled__2019-02-01T00:00:00+00:00 [queued]>
[2023-01-29 12:38:05,723] {taskinstance.py:1238} INFO - 
--------------------------------------------------------------------------------
[2023-01-29 12:38:05,724] {taskinstance.py:1239} INFO - Starting attempt 5 of 6
[2023-01-29 12:38:05,725] {taskinstance.py:1240} INFO - 
--------------------------------------------------------------------------------
[2023-01-29 12:38:05,742] {taskinstance.py:1259} INFO - Executing <Task(BigQueryCreateExternalTableOperator): bigquery_external_table_task> on 2019-02-01 00:00:00+00:00
[2023-01-29 12:38:05,749] {standard_task_runner.py:52} INFO - Started process 5947 to run task
[2023-01-29 12:38:05,754] {standard_task_runner.py:76} INFO - Running: ['***', 'tasks', 'run', 'data_ingestion_gcs_dag', 'bigquery_external_table_task', 'scheduled__2019-02-01T00:00:00+00:00', '--job-id', '378', '--raw', '--subdir', 'DAGS_FOLDER/data_ingestion_gcs_dag.py', '--cfg-path', '/tmp/tmpm959qeo_', '--error-file', '/tmp/tmpz179_m5d']
[2023-01-29 12:38:05,756] {standard_task_runner.py:77} INFO - Job 378: Subtask bigquery_external_table_task
[2023-01-29 12:38:05,833] {logging_mixin.py:109} INFO - Running <TaskInstance: data_ingestion_gcs_dag.bigquery_external_table_task scheduled__2019-02-01T00:00:00+00:00 [running]> on host 2530f37057aa
[2023-01-29 12:38:05,891] {logging_mixin.py:109} WARNING - /home/***/.local/lib/python3.7/site-packages/***/utils/context.py:152 AirflowContextDeprecationWarning: Accessing 'execution_date' from the template is deprecated and will be removed in a future version. Please use 'data_interval_start' or 'logical_date' instead.
[2023-01-29 12:38:05,913] {taskinstance.py:1426} INFO - Exporting the following env vars:
AIRFLOW_CTX_DAG_OWNER=***
AIRFLOW_CTX_DAG_ID=data_ingestion_gcs_dag
AIRFLOW_CTX_TASK_ID=bigquery_external_table_task
AIRFLOW_CTX_EXECUTION_DATE=2019-02-01T00:00:00+00:00
AIRFLOW_CTX_DAG_RUN_ID=scheduled__2019-02-01T00:00:00+00:00
[2023-01-29 12:38:05,916] {crypto.py:82} WARNING - empty cryptography key - values will not be stored encrypted.
[2023-01-29 12:38:07,161] {taskinstance.py:1277} INFO - Marking task as SUCCESS. dag_id=data_ingestion_gcs_dag, task_id=bigquery_external_table_task, execution_date=20190201T000000, start_date=20230129T123805, end_date=20230129T123807
[2023-01-29 12:38:07,200] {local_task_job.py:154} INFO - Task exited with return code 0
[2023-01-29 12:38:07,234] {local_task_job.py:264} INFO - 0 downstream tasks scheduled from follow-on schedule check
