[2023-01-24 04:08:07,882] {taskinstance.py:1032} INFO - Dependencies all met for <TaskInstance: LocalIngestionDag.parquet_to_csv scheduled__2021-04-02T06:00:00+00:00 [queued]>
[2023-01-24 04:08:07,895] {taskinstance.py:1032} INFO - Dependencies all met for <TaskInstance: LocalIngestionDag.parquet_to_csv scheduled__2021-04-02T06:00:00+00:00 [queued]>
[2023-01-24 04:08:07,896] {taskinstance.py:1238} INFO - 
--------------------------------------------------------------------------------
[2023-01-24 04:08:07,896] {taskinstance.py:1239} INFO - Starting attempt 1 of 1
[2023-01-24 04:08:07,896] {taskinstance.py:1240} INFO - 
--------------------------------------------------------------------------------
[2023-01-24 04:08:07,910] {taskinstance.py:1259} INFO - Executing <Task(PythonOperator): parquet_to_csv> on 2021-04-02 06:00:00+00:00
[2023-01-24 04:08:07,916] {standard_task_runner.py:52} INFO - Started process 11710 to run task
[2023-01-24 04:08:07,923] {standard_task_runner.py:76} INFO - Running: ['***', 'tasks', 'run', 'LocalIngestionDag', 'parquet_to_csv', 'scheduled__2021-04-02T06:00:00+00:00', '--job-id', '66', '--raw', '--subdir', 'DAGS_FOLDER/data_ingestion_local.py', '--cfg-path', '/tmp/tmpus9uwgmg', '--error-file', '/tmp/tmplqrm8zeb']
[2023-01-24 04:08:07,924] {standard_task_runner.py:77} INFO - Job 66: Subtask parquet_to_csv
[2023-01-24 04:08:07,998] {logging_mixin.py:109} INFO - Running <TaskInstance: LocalIngestionDag.parquet_to_csv scheduled__2021-04-02T06:00:00+00:00 [running]> on host 6018d13d82e3
[2023-01-24 04:08:08,071] {taskinstance.py:1426} INFO - Exporting the following env vars:
AIRFLOW_CTX_DAG_OWNER=***
AIRFLOW_CTX_DAG_ID=LocalIngestionDag
AIRFLOW_CTX_TASK_ID=parquet_to_csv
AIRFLOW_CTX_EXECUTION_DATE=2021-04-02T06:00:00+00:00
AIRFLOW_CTX_DAG_RUN_ID=scheduled__2021-04-02T06:00:00+00:00
[2023-01-24 04:08:25,523] {python.py:175} INFO - Done. Returned value was: None
[2023-01-24 04:08:25,540] {taskinstance.py:1277} INFO - Marking task as SUCCESS. dag_id=LocalIngestionDag, task_id=parquet_to_csv, execution_date=20210402T060000, start_date=20230124T040807, end_date=20230124T040825
[2023-01-24 04:08:25,660] {local_task_job.py:154} INFO - Task exited with return code 0
[2023-01-24 04:08:25,697] {local_task_job.py:264} INFO - 1 downstream tasks scheduled from follow-on schedule check
