[2023-01-24 05:26:13,756] {taskinstance.py:1032} INFO - Dependencies all met for <TaskInstance: LocalIngestionDag.parquet_to_csv scheduled__2021-04-02T06:00:00+00:00 [queued]>
[2023-01-24 05:26:13,768] {taskinstance.py:1032} INFO - Dependencies all met for <TaskInstance: LocalIngestionDag.parquet_to_csv scheduled__2021-04-02T06:00:00+00:00 [queued]>
[2023-01-24 05:26:13,769] {taskinstance.py:1238} INFO - 
--------------------------------------------------------------------------------
[2023-01-24 05:26:13,769] {taskinstance.py:1239} INFO - Starting attempt 10 of 10
[2023-01-24 05:26:13,769] {taskinstance.py:1240} INFO - 
--------------------------------------------------------------------------------
[2023-01-24 05:26:13,782] {taskinstance.py:1259} INFO - Executing <Task(PythonOperator): parquet_to_csv> on 2021-04-02 06:00:00+00:00
[2023-01-24 05:26:13,789] {standard_task_runner.py:52} INFO - Started process 16701 to run task
[2023-01-24 05:26:13,794] {standard_task_runner.py:76} INFO - Running: ['***', 'tasks', 'run', 'LocalIngestionDag', 'parquet_to_csv', 'scheduled__2021-04-02T06:00:00+00:00', '--job-id', '90', '--raw', '--subdir', 'DAGS_FOLDER/data_ingestion_local.py', '--cfg-path', '/tmp/tmp53hjwz6k', '--error-file', '/tmp/tmpy57fkae0']
[2023-01-24 05:26:13,795] {standard_task_runner.py:77} INFO - Job 90: Subtask parquet_to_csv
[2023-01-24 05:26:13,872] {logging_mixin.py:109} INFO - Running <TaskInstance: LocalIngestionDag.parquet_to_csv scheduled__2021-04-02T06:00:00+00:00 [running]> on host 6018d13d82e3
[2023-01-24 05:26:13,931] {logging_mixin.py:109} WARNING - /home/***/.local/lib/python3.7/site-packages/***/utils/context.py:152 AirflowContextDeprecationWarning: Accessing 'execution_date' from the template is deprecated and will be removed in a future version. Please use 'data_interval_start' or 'logical_date' instead.
[2023-01-24 05:26:13,954] {taskinstance.py:1426} INFO - Exporting the following env vars:
AIRFLOW_CTX_DAG_OWNER=***
AIRFLOW_CTX_DAG_ID=LocalIngestionDag
AIRFLOW_CTX_TASK_ID=parquet_to_csv
AIRFLOW_CTX_EXECUTION_DATE=2021-04-02T06:00:00+00:00
AIRFLOW_CTX_DAG_RUN_ID=scheduled__2021-04-02T06:00:00+00:00
[2023-01-24 05:26:13,956] {logging_mixin.py:109} INFO - Parquet filename /opt/***/yellow_tripdata_2021-04.parquet
[2023-01-24 05:26:40,960] {python.py:175} INFO - Done. Returned value was: None
[2023-01-24 05:26:40,976] {taskinstance.py:1277} INFO - Marking task as SUCCESS. dag_id=LocalIngestionDag, task_id=parquet_to_csv, execution_date=20210402T060000, start_date=20230124T052613, end_date=20230124T052640
[2023-01-24 05:26:41,063] {local_task_job.py:154} INFO - Task exited with return code 0
[2023-01-24 05:26:41,101] {local_task_job.py:264} INFO - 1 downstream tasks scheduled from follow-on schedule check
