[2023-01-24 09:03:40,475] {taskinstance.py:1032} INFO - Dependencies all met for <TaskInstance: LocalIngestionDag.parquet_to_csv scheduled__2021-04-02T06:00:00+00:00 [queued]>
[2023-01-24 09:03:40,494] {taskinstance.py:1032} INFO - Dependencies all met for <TaskInstance: LocalIngestionDag.parquet_to_csv scheduled__2021-04-02T06:00:00+00:00 [queued]>
[2023-01-24 09:03:40,495] {taskinstance.py:1238} INFO - 
--------------------------------------------------------------------------------
[2023-01-24 09:03:40,495] {taskinstance.py:1239} INFO - Starting attempt 11 of 11
[2023-01-24 09:03:40,495] {taskinstance.py:1240} INFO - 
--------------------------------------------------------------------------------
[2023-01-24 09:03:40,512] {taskinstance.py:1259} INFO - Executing <Task(PythonOperator): parquet_to_csv> on 2021-04-02 06:00:00+00:00
[2023-01-24 09:03:40,518] {standard_task_runner.py:52} INFO - Started process 662 to run task
[2023-01-24 09:03:40,526] {standard_task_runner.py:76} INFO - Running: ['***', 'tasks', 'run', 'LocalIngestionDag', 'parquet_to_csv', 'scheduled__2021-04-02T06:00:00+00:00', '--job-id', '95', '--raw', '--subdir', 'DAGS_FOLDER/data_ingestion_local.py', '--cfg-path', '/tmp/tmpbpfw1cdv', '--error-file', '/tmp/tmp2frvq1t3']
[2023-01-24 09:03:40,527] {standard_task_runner.py:77} INFO - Job 95: Subtask parquet_to_csv
[2023-01-24 09:03:40,608] {logging_mixin.py:109} INFO - Running <TaskInstance: LocalIngestionDag.parquet_to_csv scheduled__2021-04-02T06:00:00+00:00 [running]> on host 7e31e7c7b196
[2023-01-24 09:03:40,672] {logging_mixin.py:109} WARNING - /home/***/.local/lib/python3.7/site-packages/***/utils/context.py:152 AirflowContextDeprecationWarning: Accessing 'execution_date' from the template is deprecated and will be removed in a future version. Please use 'data_interval_start' or 'logical_date' instead.
[2023-01-24 09:03:40,700] {taskinstance.py:1426} INFO - Exporting the following env vars:
AIRFLOW_CTX_DAG_OWNER=***
AIRFLOW_CTX_DAG_ID=LocalIngestionDag
AIRFLOW_CTX_TASK_ID=parquet_to_csv
AIRFLOW_CTX_EXECUTION_DATE=2021-04-02T06:00:00+00:00
AIRFLOW_CTX_DAG_RUN_ID=scheduled__2021-04-02T06:00:00+00:00
[2023-01-24 09:03:40,702] {logging_mixin.py:109} INFO - Parquet filename /opt/***/yellow_tripdata_2021-04.parquet
[2023-01-24 09:04:08,307] {python.py:175} INFO - Done. Returned value was: None
[2023-01-24 09:04:08,321] {taskinstance.py:1277} INFO - Marking task as SUCCESS. dag_id=LocalIngestionDag, task_id=parquet_to_csv, execution_date=20210402T060000, start_date=20230124T090340, end_date=20230124T090408
[2023-01-24 09:04:08,427] {local_task_job.py:154} INFO - Task exited with return code 0
[2023-01-24 09:04:08,468] {local_task_job.py:264} INFO - 1 downstream tasks scheduled from follow-on schedule check
