[2023-01-24 09:27:11,241] {taskinstance.py:1032} INFO - Dependencies all met for <TaskInstance: LocalIngestionDag.parquet_to_csv scheduled__2021-04-02T06:00:00+00:00 [queued]>
[2023-01-24 09:27:11,257] {taskinstance.py:1032} INFO - Dependencies all met for <TaskInstance: LocalIngestionDag.parquet_to_csv scheduled__2021-04-02T06:00:00+00:00 [queued]>
[2023-01-24 09:27:11,257] {taskinstance.py:1238} INFO - 
--------------------------------------------------------------------------------
[2023-01-24 09:27:11,257] {taskinstance.py:1239} INFO - Starting attempt 14 of 14
[2023-01-24 09:27:11,257] {taskinstance.py:1240} INFO - 
--------------------------------------------------------------------------------
[2023-01-24 09:27:11,274] {taskinstance.py:1259} INFO - Executing <Task(PythonOperator): parquet_to_csv> on 2021-04-02 06:00:00+00:00
[2023-01-24 09:27:11,281] {standard_task_runner.py:52} INFO - Started process 2246 to run task
[2023-01-24 09:27:11,286] {standard_task_runner.py:76} INFO - Running: ['***', 'tasks', 'run', 'LocalIngestionDag', 'parquet_to_csv', 'scheduled__2021-04-02T06:00:00+00:00', '--job-id', '111', '--raw', '--subdir', 'DAGS_FOLDER/data_ingestion_local.py', '--cfg-path', '/tmp/tmpuxjy68hl', '--error-file', '/tmp/tmp6yqu9x28']
[2023-01-24 09:27:11,287] {standard_task_runner.py:77} INFO - Job 111: Subtask parquet_to_csv
[2023-01-24 09:27:11,370] {logging_mixin.py:109} INFO - Running <TaskInstance: LocalIngestionDag.parquet_to_csv scheduled__2021-04-02T06:00:00+00:00 [running]> on host 7e31e7c7b196
[2023-01-24 09:27:11,436] {logging_mixin.py:109} WARNING - /home/***/.local/lib/python3.7/site-packages/***/utils/context.py:152 AirflowContextDeprecationWarning: Accessing 'execution_date' from the template is deprecated and will be removed in a future version. Please use 'data_interval_start' or 'logical_date' instead.
[2023-01-24 09:27:11,458] {taskinstance.py:1426} INFO - Exporting the following env vars:
AIRFLOW_CTX_DAG_OWNER=***
AIRFLOW_CTX_DAG_ID=LocalIngestionDag
AIRFLOW_CTX_TASK_ID=parquet_to_csv
AIRFLOW_CTX_EXECUTION_DATE=2021-04-02T06:00:00+00:00
AIRFLOW_CTX_DAG_RUN_ID=scheduled__2021-04-02T06:00:00+00:00
[2023-01-24 09:27:11,459] {logging_mixin.py:109} INFO - Parquet filename /opt/***/yellow_tripdata_2021-04.parquet
[2023-01-24 09:27:43,721] {python.py:175} INFO - Done. Returned value was: None
[2023-01-24 09:27:43,743] {taskinstance.py:1277} INFO - Marking task as SUCCESS. dag_id=LocalIngestionDag, task_id=parquet_to_csv, execution_date=20210402T060000, start_date=20230124T092711, end_date=20230124T092743
[2023-01-24 09:27:43,862] {local_task_job.py:154} INFO - Task exited with return code 0
[2023-01-24 09:27:43,913] {local_task_job.py:264} INFO - 1 downstream tasks scheduled from follow-on schedule check
