[2023-01-24 04:26:37,888] {taskinstance.py:1032} INFO - Dependencies all met for <TaskInstance: LocalIngestionDag.parquet_to_csv scheduled__2021-04-02T06:00:00+00:00 [queued]>
[2023-01-24 04:26:37,905] {taskinstance.py:1032} INFO - Dependencies all met for <TaskInstance: LocalIngestionDag.parquet_to_csv scheduled__2021-04-02T06:00:00+00:00 [queued]>
[2023-01-24 04:26:37,905] {taskinstance.py:1238} INFO - 
--------------------------------------------------------------------------------
[2023-01-24 04:26:37,905] {taskinstance.py:1239} INFO - Starting attempt 2 of 2
[2023-01-24 04:26:37,906] {taskinstance.py:1240} INFO - 
--------------------------------------------------------------------------------
[2023-01-24 04:26:37,924] {taskinstance.py:1259} INFO - Executing <Task(PythonOperator): parquet_to_csv> on 2021-04-02 06:00:00+00:00
[2023-01-24 04:26:37,931] {standard_task_runner.py:52} INFO - Started process 12869 to run task
[2023-01-24 04:26:37,936] {standard_task_runner.py:76} INFO - Running: ['***', 'tasks', 'run', 'LocalIngestionDag', 'parquet_to_csv', 'scheduled__2021-04-02T06:00:00+00:00', '--job-id', '69', '--raw', '--subdir', 'DAGS_FOLDER/data_ingestion_local.py', '--cfg-path', '/tmp/tmphwcgekpr', '--error-file', '/tmp/tmpo3wkunch']
[2023-01-24 04:26:37,937] {standard_task_runner.py:77} INFO - Job 69: Subtask parquet_to_csv
[2023-01-24 04:26:38,016] {logging_mixin.py:109} INFO - Running <TaskInstance: LocalIngestionDag.parquet_to_csv scheduled__2021-04-02T06:00:00+00:00 [running]> on host 6018d13d82e3
[2023-01-24 04:26:38,082] {logging_mixin.py:109} WARNING - /home/***/.local/lib/python3.7/site-packages/***/utils/context.py:152 AirflowContextDeprecationWarning: Accessing 'execution_date' from the template is deprecated and will be removed in a future version. Please use 'data_interval_start' or 'logical_date' instead.
[2023-01-24 04:26:38,109] {taskinstance.py:1426} INFO - Exporting the following env vars:
AIRFLOW_CTX_DAG_OWNER=***
AIRFLOW_CTX_DAG_ID=LocalIngestionDag
AIRFLOW_CTX_TASK_ID=parquet_to_csv
AIRFLOW_CTX_EXECUTION_DATE=2021-04-02T06:00:00+00:00
AIRFLOW_CTX_DAG_RUN_ID=scheduled__2021-04-02T06:00:00+00:00
[2023-01-24 04:27:04,661] {python.py:175} INFO - Done. Returned value was: None
[2023-01-24 04:27:04,674] {taskinstance.py:1277} INFO - Marking task as SUCCESS. dag_id=LocalIngestionDag, task_id=parquet_to_csv, execution_date=20210402T060000, start_date=20230124T042637, end_date=20230124T042704
[2023-01-24 04:27:04,757] {local_task_job.py:154} INFO - Task exited with return code 0
[2023-01-24 04:27:04,793] {local_task_job.py:264} INFO - 1 downstream tasks scheduled from follow-on schedule check
