[2023-01-24 05:00:16,951] {taskinstance.py:1032} INFO - Dependencies all met for <TaskInstance: LocalIngestionDag.parquet_to_csv scheduled__2021-04-02T06:00:00+00:00 [queued]>
[2023-01-24 05:00:16,963] {taskinstance.py:1032} INFO - Dependencies all met for <TaskInstance: LocalIngestionDag.parquet_to_csv scheduled__2021-04-02T06:00:00+00:00 [queued]>
[2023-01-24 05:00:16,964] {taskinstance.py:1238} INFO - 
--------------------------------------------------------------------------------
[2023-01-24 05:00:16,964] {taskinstance.py:1239} INFO - Starting attempt 4 of 4
[2023-01-24 05:00:16,964] {taskinstance.py:1240} INFO - 
--------------------------------------------------------------------------------
[2023-01-24 05:00:16,978] {taskinstance.py:1259} INFO - Executing <Task(PythonOperator): parquet_to_csv> on 2021-04-02 06:00:00+00:00
[2023-01-24 05:00:16,984] {standard_task_runner.py:52} INFO - Started process 14955 to run task
[2023-01-24 05:00:16,990] {standard_task_runner.py:76} INFO - Running: ['***', 'tasks', 'run', 'LocalIngestionDag', 'parquet_to_csv', 'scheduled__2021-04-02T06:00:00+00:00', '--job-id', '75', '--raw', '--subdir', 'DAGS_FOLDER/data_ingestion_local.py', '--cfg-path', '/tmp/tmpvwcf4czr', '--error-file', '/tmp/tmpa5skwmvf']
[2023-01-24 05:00:16,992] {standard_task_runner.py:77} INFO - Job 75: Subtask parquet_to_csv
[2023-01-24 05:00:17,073] {logging_mixin.py:109} INFO - Running <TaskInstance: LocalIngestionDag.parquet_to_csv scheduled__2021-04-02T06:00:00+00:00 [running]> on host 6018d13d82e3
[2023-01-24 05:00:17,133] {logging_mixin.py:109} WARNING - /home/***/.local/lib/python3.7/site-packages/***/utils/context.py:152 AirflowContextDeprecationWarning: Accessing 'execution_date' from the template is deprecated and will be removed in a future version. Please use 'data_interval_start' or 'logical_date' instead.
[2023-01-24 05:00:17,159] {taskinstance.py:1426} INFO - Exporting the following env vars:
AIRFLOW_CTX_DAG_OWNER=***
AIRFLOW_CTX_DAG_ID=LocalIngestionDag
AIRFLOW_CTX_TASK_ID=parquet_to_csv
AIRFLOW_CTX_EXECUTION_DATE=2021-04-02T06:00:00+00:00
AIRFLOW_CTX_DAG_RUN_ID=scheduled__2021-04-02T06:00:00+00:00
[2023-01-24 05:00:46,425] {logging_mixin.py:109} INFO - Print CompletedProcess(args="echo yellow_tripdata_{{ execution_date.strftime('%Y-%m') }}.parquet", returncode=2)
[2023-01-24 05:00:46,434] {python.py:175} INFO - Done. Returned value was: None
[2023-01-24 05:00:46,456] {taskinstance.py:1277} INFO - Marking task as SUCCESS. dag_id=LocalIngestionDag, task_id=parquet_to_csv, execution_date=20210402T060000, start_date=20230124T050016, end_date=20230124T050046
[2023-01-24 05:00:46,593] {local_task_job.py:154} INFO - Task exited with return code 0
[2023-01-24 05:00:46,652] {local_task_job.py:264} INFO - 0 downstream tasks scheduled from follow-on schedule check
