[2023-01-28 01:03:48,453] {taskinstance.py:1032} INFO - Dependencies all met for <TaskInstance: data_ingestion_gcs_dag.download_dataset_task scheduled__2019-04-01T00:00:00+00:00 [queued]>
[2023-01-28 01:03:48,473] {taskinstance.py:1032} INFO - Dependencies all met for <TaskInstance: data_ingestion_gcs_dag.download_dataset_task scheduled__2019-04-01T00:00:00+00:00 [queued]>
[2023-01-28 01:03:48,474] {taskinstance.py:1238} INFO - 
--------------------------------------------------------------------------------
[2023-01-28 01:03:48,475] {taskinstance.py:1239} INFO - Starting attempt 1 of 2
[2023-01-28 01:03:48,476] {taskinstance.py:1240} INFO - 
--------------------------------------------------------------------------------
[2023-01-28 01:03:48,491] {taskinstance.py:1259} INFO - Executing <Task(BashOperator): download_dataset_task> on 2019-04-01 00:00:00+00:00
[2023-01-28 01:03:48,497] {standard_task_runner.py:52} INFO - Started process 1683 to run task
[2023-01-28 01:03:48,501] {standard_task_runner.py:76} INFO - Running: ['***', 'tasks', 'run', 'data_ingestion_gcs_dag', 'download_dataset_task', 'scheduled__2019-04-01T00:00:00+00:00', '--job-id', '80', '--raw', '--subdir', 'DAGS_FOLDER/data_ingestion_gcs_dag.py', '--cfg-path', '/tmp/tmpgh5j8lz6', '--error-file', '/tmp/tmp2r5tbv4c']
[2023-01-28 01:03:48,503] {standard_task_runner.py:77} INFO - Job 80: Subtask download_dataset_task
[2023-01-28 01:03:48,583] {logging_mixin.py:109} INFO - Running <TaskInstance: data_ingestion_gcs_dag.download_dataset_task scheduled__2019-04-01T00:00:00+00:00 [running]> on host adbf820de9e6
[2023-01-28 01:03:48,688] {logging_mixin.py:109} WARNING - /home/***/.local/lib/python3.7/site-packages/***/utils/context.py:152 AirflowContextDeprecationWarning: Accessing 'execution_date' from the template is deprecated and will be removed in a future version. Please use 'data_interval_start' or 'logical_date' instead.
[2023-01-28 01:03:48,758] {taskinstance.py:1426} INFO - Exporting the following env vars:
AIRFLOW_CTX_DAG_OWNER=***
AIRFLOW_CTX_DAG_ID=data_ingestion_gcs_dag
AIRFLOW_CTX_TASK_ID=download_dataset_task
AIRFLOW_CTX_EXECUTION_DATE=2019-04-01T00:00:00+00:00
AIRFLOW_CTX_DAG_RUN_ID=scheduled__2019-04-01T00:00:00+00:00
[2023-01-28 01:03:48,761] {subprocess.py:62} INFO - Tmp dir root location: 
 /tmp
[2023-01-28 01:03:48,763] {subprocess.py:74} INFO - Running command: ['bash', '-c', 'curl -sSL https://d37ci6vzurychx.cloudfront.net/trip-data/yellow_tripdata_2019-04.parquet > /opt/***/yellow_tripdata_2019-04.parquet']
[2023-01-28 01:03:48,777] {subprocess.py:85} INFO - Output:
[2023-01-28 01:04:30,757] {subprocess.py:93} INFO - Command exited with return code 0
[2023-01-28 01:04:30,782] {taskinstance.py:1277} INFO - Marking task as SUCCESS. dag_id=data_ingestion_gcs_dag, task_id=download_dataset_task, execution_date=20190401T000000, start_date=20230128T010348, end_date=20230128T010430
[2023-01-28 01:04:30,841] {local_task_job.py:154} INFO - Task exited with return code 0
[2023-01-28 01:04:30,877] {local_task_job.py:264} INFO - 1 downstream tasks scheduled from follow-on schedule check
[2023-01-29 12:41:59,783] {taskinstance.py:1032} INFO - Dependencies all met for <TaskInstance: data_ingestion_gcs_dag.download_dataset_task scheduled__2019-04-01T00:00:00+00:00 [queued]>
[2023-01-29 12:41:59,793] {taskinstance.py:1032} INFO - Dependencies all met for <TaskInstance: data_ingestion_gcs_dag.download_dataset_task scheduled__2019-04-01T00:00:00+00:00 [queued]>
[2023-01-29 12:41:59,794] {taskinstance.py:1238} INFO - 
--------------------------------------------------------------------------------
[2023-01-29 12:41:59,794] {taskinstance.py:1239} INFO - Starting attempt 1 of 2
[2023-01-29 12:41:59,795] {taskinstance.py:1240} INFO - 
--------------------------------------------------------------------------------
[2023-01-29 12:41:59,807] {taskinstance.py:1259} INFO - Executing <Task(BashOperator): download_dataset_task> on 2019-04-01 00:00:00+00:00
[2023-01-29 12:41:59,813] {standard_task_runner.py:52} INFO - Started process 6616 to run task
[2023-01-29 12:41:59,817] {standard_task_runner.py:76} INFO - Running: ['***', 'tasks', 'run', 'data_ingestion_gcs_dag', 'download_dataset_task', 'scheduled__2019-04-01T00:00:00+00:00', '--job-id', '387', '--raw', '--subdir', 'DAGS_FOLDER/data_ingestion_gcs_dag.py', '--cfg-path', '/tmp/tmpv50y0iwz', '--error-file', '/tmp/tmpdfv8zo4h']
[2023-01-29 12:41:59,819] {standard_task_runner.py:77} INFO - Job 387: Subtask download_dataset_task
[2023-01-29 12:41:59,881] {logging_mixin.py:109} INFO - Running <TaskInstance: data_ingestion_gcs_dag.download_dataset_task scheduled__2019-04-01T00:00:00+00:00 [running]> on host 2530f37057aa
[2023-01-29 12:41:59,928] {logging_mixin.py:109} WARNING - /home/***/.local/lib/python3.7/site-packages/***/utils/context.py:152 AirflowContextDeprecationWarning: Accessing 'execution_date' from the template is deprecated and will be removed in a future version. Please use 'data_interval_start' or 'logical_date' instead.
[2023-01-29 12:41:59,948] {taskinstance.py:1426} INFO - Exporting the following env vars:
AIRFLOW_CTX_DAG_OWNER=***
AIRFLOW_CTX_DAG_ID=data_ingestion_gcs_dag
AIRFLOW_CTX_TASK_ID=download_dataset_task
AIRFLOW_CTX_EXECUTION_DATE=2019-04-01T00:00:00+00:00
AIRFLOW_CTX_DAG_RUN_ID=scheduled__2019-04-01T00:00:00+00:00
[2023-01-29 12:41:59,950] {subprocess.py:62} INFO - Tmp dir root location: 
 /tmp
[2023-01-29 12:41:59,952] {subprocess.py:74} INFO - Running command: ['bash', '-c', 'curl -sSL https://d37ci6vzurychx.cloudfront.net/trip-data/fhv_tripdata_2019-04.parquet > /opt/***/fhv_tripdata_2019-04.parquet']
[2023-01-29 12:41:59,965] {subprocess.py:85} INFO - Output:
[2023-01-29 12:42:03,592] {subprocess.py:93} INFO - Command exited with return code 0
[2023-01-29 12:42:03,616] {taskinstance.py:1277} INFO - Marking task as SUCCESS. dag_id=data_ingestion_gcs_dag, task_id=download_dataset_task, execution_date=20190401T000000, start_date=20230129T124159, end_date=20230129T124203
[2023-01-29 12:42:03,676] {local_task_job.py:154} INFO - Task exited with return code 0
[2023-01-29 12:42:03,721] {local_task_job.py:264} INFO - 1 downstream tasks scheduled from follow-on schedule check
