[2023-01-24 11:05:09,189] {taskinstance.py:1032} INFO - Dependencies all met for <TaskInstance: data_ingestion_fhv_dag.local_to_gcs_task scheduled__2019-02-01T00:00:00+00:00 [queued]>
[2023-01-24 11:05:09,205] {taskinstance.py:1032} INFO - Dependencies all met for <TaskInstance: data_ingestion_fhv_dag.local_to_gcs_task scheduled__2019-02-01T00:00:00+00:00 [queued]>
[2023-01-24 11:05:09,205] {taskinstance.py:1238} INFO - 
--------------------------------------------------------------------------------
[2023-01-24 11:05:09,206] {taskinstance.py:1239} INFO - Starting attempt 3 of 4
[2023-01-24 11:05:09,206] {taskinstance.py:1240} INFO - 
--------------------------------------------------------------------------------
[2023-01-24 11:05:09,221] {taskinstance.py:1259} INFO - Executing <Task(PythonOperator): local_to_gcs_task> on 2019-02-01 00:00:00+00:00
[2023-01-24 11:05:09,229] {standard_task_runner.py:52} INFO - Started process 1640 to run task
[2023-01-24 11:05:09,236] {standard_task_runner.py:76} INFO - Running: ['***', 'tasks', 'run', 'data_ingestion_fhv_dag', 'local_to_gcs_task', 'scheduled__2019-02-01T00:00:00+00:00', '--job-id', '157', '--raw', '--subdir', 'DAGS_FOLDER/data_ingestion_fhv_dag.py', '--cfg-path', '/tmp/tmp9rq88b1e', '--error-file', '/tmp/tmpwv8qy5pd']
[2023-01-24 11:05:09,237] {standard_task_runner.py:77} INFO - Job 157: Subtask local_to_gcs_task
[2023-01-24 11:05:09,326] {logging_mixin.py:109} INFO - Running <TaskInstance: data_ingestion_fhv_dag.local_to_gcs_task scheduled__2019-02-01T00:00:00+00:00 [running]> on host 07340d4b95ab
[2023-01-24 11:05:09,382] {logging_mixin.py:109} WARNING - /home/***/.local/lib/python3.7/site-packages/***/utils/context.py:152 AirflowContextDeprecationWarning: Accessing 'execution_date' from the template is deprecated and will be removed in a future version. Please use 'data_interval_start' or 'logical_date' instead.
[2023-01-24 11:05:09,407] {taskinstance.py:1426} INFO - Exporting the following env vars:
AIRFLOW_CTX_DAG_OWNER=***
AIRFLOW_CTX_DAG_ID=data_ingestion_fhv_dag
AIRFLOW_CTX_TASK_ID=local_to_gcs_task
AIRFLOW_CTX_EXECUTION_DATE=2019-02-01T00:00:00+00:00
AIRFLOW_CTX_DAG_RUN_ID=scheduled__2019-02-01T00:00:00+00:00
[2023-01-24 11:05:11,670] {python.py:175} INFO - Done. Returned value was: None
[2023-01-24 11:05:11,687] {taskinstance.py:1277} INFO - Marking task as SUCCESS. dag_id=data_ingestion_fhv_dag, task_id=local_to_gcs_task, execution_date=20190201T000000, start_date=20230124T110509, end_date=20230124T110511
[2023-01-24 11:05:11,740] {local_task_job.py:154} INFO - Task exited with return code 0
[2023-01-24 11:05:11,780] {local_task_job.py:264} INFO - 0 downstream tasks scheduled from follow-on schedule check
