[2023-01-22 13:24:04,073] {taskinstance.py:1032} INFO - Dependencies all met for <TaskInstance: data_ingestion_gcs_dag.local_to_gcs_task manual__2023-01-22T13:23:54.217656+00:00 [queued]>
[2023-01-22 13:24:04,088] {taskinstance.py:1032} INFO - Dependencies all met for <TaskInstance: data_ingestion_gcs_dag.local_to_gcs_task manual__2023-01-22T13:23:54.217656+00:00 [queued]>
[2023-01-22 13:24:04,089] {taskinstance.py:1238} INFO - 
--------------------------------------------------------------------------------
[2023-01-22 13:24:04,091] {taskinstance.py:1239} INFO - Starting attempt 1 of 2
[2023-01-22 13:24:04,092] {taskinstance.py:1240} INFO - 
--------------------------------------------------------------------------------
[2023-01-22 13:24:04,108] {taskinstance.py:1259} INFO - Executing <Task(PythonOperator): local_to_gcs_task> on 2023-01-22 13:23:54.217656+00:00
[2023-01-22 13:24:04,116] {standard_task_runner.py:52} INFO - Started process 4105 to run task
[2023-01-22 13:24:04,122] {standard_task_runner.py:76} INFO - Running: ['***', 'tasks', 'run', 'data_ingestion_gcs_dag', 'local_to_gcs_task', 'manual__2023-01-22T13:23:54.217656+00:00', '--job-id', '56', '--raw', '--subdir', 'DAGS_FOLDER/data_ingestion_gcs_dag.py', '--cfg-path', '/tmp/tmp059f62s9', '--error-file', '/tmp/tmp1h0l8bkn']
[2023-01-22 13:24:04,125] {standard_task_runner.py:77} INFO - Job 56: Subtask local_to_gcs_task
[2023-01-22 13:24:04,199] {logging_mixin.py:109} INFO - Running <TaskInstance: data_ingestion_gcs_dag.local_to_gcs_task manual__2023-01-22T13:23:54.217656+00:00 [running]> on host a0e75fa915af
[2023-01-22 13:24:04,268] {taskinstance.py:1426} INFO - Exporting the following env vars:
AIRFLOW_CTX_DAG_OWNER=***
AIRFLOW_CTX_DAG_ID=data_ingestion_gcs_dag
AIRFLOW_CTX_TASK_ID=local_to_gcs_task
AIRFLOW_CTX_EXECUTION_DATE=2023-01-22T13:23:54.217656+00:00
AIRFLOW_CTX_DAG_RUN_ID=manual__2023-01-22T13:23:54.217656+00:00
[2023-01-22 13:24:16,991] {python.py:175} INFO - Done. Returned value was: None
[2023-01-22 13:24:17,020] {taskinstance.py:1277} INFO - Marking task as SUCCESS. dag_id=data_ingestion_gcs_dag, task_id=local_to_gcs_task, execution_date=20230122T132354, start_date=20230122T132404, end_date=20230122T132417
[2023-01-22 13:24:17,096] {local_task_job.py:154} INFO - Task exited with return code 0
[2023-01-22 13:24:17,192] {local_task_job.py:264} INFO - 1 downstream tasks scheduled from follow-on schedule check
