[2023-01-24 11:43:19,016] {taskinstance.py:1032} INFO - Dependencies all met for <TaskInstance: data_ingestion_zone_dag.local_to_gcs_task manual__2023-01-24T11:26:30.166492+00:00 [queued]>
[2023-01-24 11:43:19,032] {taskinstance.py:1032} INFO - Dependencies all met for <TaskInstance: data_ingestion_zone_dag.local_to_gcs_task manual__2023-01-24T11:26:30.166492+00:00 [queued]>
[2023-01-24 11:43:19,032] {taskinstance.py:1238} INFO - 
--------------------------------------------------------------------------------
[2023-01-24 11:43:19,032] {taskinstance.py:1239} INFO - Starting attempt 1 of 2
[2023-01-24 11:43:19,033] {taskinstance.py:1240} INFO - 
--------------------------------------------------------------------------------
[2023-01-24 11:43:19,051] {taskinstance.py:1259} INFO - Executing <Task(PythonOperator): local_to_gcs_task> on 2023-01-24 11:26:30.166492+00:00
[2023-01-24 11:43:19,058] {standard_task_runner.py:52} INFO - Started process 6014 to run task
[2023-01-24 11:43:19,065] {standard_task_runner.py:76} INFO - Running: ['***', 'tasks', 'run', 'data_ingestion_zone_dag', 'local_to_gcs_task', 'manual__2023-01-24T11:26:30.166492+00:00', '--job-id', '183', '--raw', '--subdir', 'DAGS_FOLDER/data_ingestion_zone_dag.py', '--cfg-path', '/tmp/tmph4jz6hfh', '--error-file', '/tmp/tmpvkj573yh']
[2023-01-24 11:43:19,066] {standard_task_runner.py:77} INFO - Job 183: Subtask local_to_gcs_task
[2023-01-24 11:43:19,145] {logging_mixin.py:109} INFO - Running <TaskInstance: data_ingestion_zone_dag.local_to_gcs_task manual__2023-01-24T11:26:30.166492+00:00 [running]> on host 07340d4b95ab
[2023-01-24 11:43:19,223] {taskinstance.py:1426} INFO - Exporting the following env vars:
AIRFLOW_CTX_DAG_OWNER=***
AIRFLOW_CTX_DAG_ID=data_ingestion_zone_dag
AIRFLOW_CTX_TASK_ID=local_to_gcs_task
AIRFLOW_CTX_EXECUTION_DATE=2023-01-24T11:26:30.166492+00:00
AIRFLOW_CTX_DAG_RUN_ID=manual__2023-01-24T11:26:30.166492+00:00
[2023-01-24 11:43:19,534] {python.py:175} INFO - Done. Returned value was: None
[2023-01-24 11:43:19,549] {taskinstance.py:1277} INFO - Marking task as SUCCESS. dag_id=data_ingestion_zone_dag, task_id=local_to_gcs_task, execution_date=20230124T112630, start_date=20230124T114319, end_date=20230124T114319
[2023-01-24 11:43:19,599] {local_task_job.py:154} INFO - Task exited with return code 0
[2023-01-24 11:43:19,636] {local_task_job.py:264} INFO - 0 downstream tasks scheduled from follow-on schedule check
