[2023-01-22 09:02:27,582] {taskinstance.py:1032} INFO - Dependencies all met for <TaskInstance: data_ingestion_gcs_dag.format_to_parquet_task manual__2023-01-22T08:58:18.912097+00:00 [queued]>
[2023-01-22 09:02:27,597] {taskinstance.py:1032} INFO - Dependencies all met for <TaskInstance: data_ingestion_gcs_dag.format_to_parquet_task manual__2023-01-22T08:58:18.912097+00:00 [queued]>
[2023-01-22 09:02:27,599] {taskinstance.py:1238} INFO - 
--------------------------------------------------------------------------------
[2023-01-22 09:02:27,600] {taskinstance.py:1239} INFO - Starting attempt 1 of 2
[2023-01-22 09:02:27,602] {taskinstance.py:1240} INFO - 
--------------------------------------------------------------------------------
[2023-01-22 09:02:27,621] {taskinstance.py:1259} INFO - Executing <Task(PythonOperator): format_to_parquet_task> on 2023-01-22 08:58:18.912097+00:00
[2023-01-22 09:02:27,627] {standard_task_runner.py:52} INFO - Started process 692 to run task
[2023-01-22 09:02:27,638] {standard_task_runner.py:76} INFO - Running: ['***', 'tasks', 'run', 'data_ingestion_gcs_dag', 'format_to_parquet_task', 'manual__2023-01-22T08:58:18.912097+00:00', '--job-id', '17', '--raw', '--subdir', 'DAGS_FOLDER/data_ingestion_gcs_dag.py', '--cfg-path', '/tmp/tmph4r7w7lx', '--error-file', '/tmp/tmpvx6u6u87']
[2023-01-22 09:02:27,644] {standard_task_runner.py:77} INFO - Job 17: Subtask format_to_parquet_task
[2023-01-22 09:02:27,717] {logging_mixin.py:109} INFO - Running <TaskInstance: data_ingestion_gcs_dag.format_to_parquet_task manual__2023-01-22T08:58:18.912097+00:00 [running]> on host f3cc2c2458e6
[2023-01-22 09:02:27,793] {taskinstance.py:1426} INFO - Exporting the following env vars:
AIRFLOW_CTX_DAG_OWNER=***
AIRFLOW_CTX_DAG_ID=data_ingestion_gcs_dag
AIRFLOW_CTX_TASK_ID=format_to_parquet_task
AIRFLOW_CTX_EXECUTION_DATE=2023-01-22T08:58:18.912097+00:00
AIRFLOW_CTX_DAG_RUN_ID=manual__2023-01-22T08:58:18.912097+00:00
[2023-01-22 09:02:27,902] {python.py:175} INFO - Done. Returned value was: None
[2023-01-22 09:02:27,920] {taskinstance.py:1277} INFO - Marking task as SUCCESS. dag_id=data_ingestion_gcs_dag, task_id=format_to_parquet_task, execution_date=20230122T085818, start_date=20230122T090227, end_date=20230122T090227
[2023-01-22 09:02:27,971] {local_task_job.py:154} INFO - Task exited with return code 0
[2023-01-22 09:02:28,021] {local_task_job.py:264} INFO - 1 downstream tasks scheduled from follow-on schedule check
