[2023-01-22 13:22:09,186] {taskinstance.py:1032} INFO - Dependencies all met for <TaskInstance: data_ingestion_gcs_dag.download_dataset_task manual__2023-01-22T13:20:30.963138+00:00 [queued]>
[2023-01-22 13:22:09,200] {taskinstance.py:1032} INFO - Dependencies all met for <TaskInstance: data_ingestion_gcs_dag.download_dataset_task manual__2023-01-22T13:20:30.963138+00:00 [queued]>
[2023-01-22 13:22:09,202] {taskinstance.py:1238} INFO - 
--------------------------------------------------------------------------------
[2023-01-22 13:22:09,205] {taskinstance.py:1239} INFO - Starting attempt 1 of 2
[2023-01-22 13:22:09,211] {taskinstance.py:1240} INFO - 
--------------------------------------------------------------------------------
[2023-01-22 13:22:09,254] {taskinstance.py:1259} INFO - Executing <Task(BashOperator): download_dataset_task> on 2023-01-22 13:20:30.963138+00:00
[2023-01-22 13:22:09,266] {standard_task_runner.py:52} INFO - Started process 3981 to run task
[2023-01-22 13:22:09,315] {standard_task_runner.py:76} INFO - Running: ['***', 'tasks', 'run', 'data_ingestion_gcs_dag', 'download_dataset_task', 'manual__2023-01-22T13:20:30.963138+00:00', '--job-id', '50', '--raw', '--subdir', 'DAGS_FOLDER/data_ingestion_gcs_dag.py', '--cfg-path', '/tmp/tmpwkx2cygz', '--error-file', '/tmp/tmpt2_1_u0i']
[2023-01-22 13:22:09,333] {standard_task_runner.py:77} INFO - Job 50: Subtask download_dataset_task
[2023-01-22 13:22:09,474] {logging_mixin.py:109} INFO - Running <TaskInstance: data_ingestion_gcs_dag.download_dataset_task manual__2023-01-22T13:20:30.963138+00:00 [running]> on host a0e75fa915af
[2023-01-22 13:22:09,597] {taskinstance.py:1426} INFO - Exporting the following env vars:
AIRFLOW_CTX_DAG_OWNER=***
AIRFLOW_CTX_DAG_ID=data_ingestion_gcs_dag
AIRFLOW_CTX_TASK_ID=download_dataset_task
AIRFLOW_CTX_EXECUTION_DATE=2023-01-22T13:20:30.963138+00:00
AIRFLOW_CTX_DAG_RUN_ID=manual__2023-01-22T13:20:30.963138+00:00
[2023-01-22 13:22:09,600] {subprocess.py:62} INFO - Tmp dir root location: 
 /tmp
[2023-01-22 13:22:09,611] {subprocess.py:74} INFO - Running command: ['bash', '-c', 'curl -sSL https://d37ci6vzurychx.cloudfront.net/trip-data/yellow_tripdata_2021-01.parquet > /opt/***/yellow_tripdata_2021-01.parquet']
[2023-01-22 13:22:09,645] {subprocess.py:85} INFO - Output:
[2023-01-22 13:22:13,494] {subprocess.py:93} INFO - Command exited with return code 0
[2023-01-22 13:22:13,539] {taskinstance.py:1277} INFO - Marking task as SUCCESS. dag_id=data_ingestion_gcs_dag, task_id=download_dataset_task, execution_date=20230122T132030, start_date=20230122T132209, end_date=20230122T132213
[2023-01-22 13:22:13,629] {local_task_job.py:154} INFO - Task exited with return code 0
[2023-01-22 13:22:13,677] {local_task_job.py:264} INFO - 1 downstream tasks scheduled from follow-on schedule check
