[2023-01-22 13:22:16,574] {taskinstance.py:1032} INFO - Dependencies all met for <TaskInstance: data_ingestion_gcs_dag.local_to_gcs_task manual__2023-01-22T13:20:30.963138+00:00 [queued]>
[2023-01-22 13:22:16,600] {taskinstance.py:1032} INFO - Dependencies all met for <TaskInstance: data_ingestion_gcs_dag.local_to_gcs_task manual__2023-01-22T13:20:30.963138+00:00 [queued]>
[2023-01-22 13:22:16,602] {taskinstance.py:1238} INFO - 
--------------------------------------------------------------------------------
[2023-01-22 13:22:16,606] {taskinstance.py:1239} INFO - Starting attempt 1 of 2
[2023-01-22 13:22:16,609] {taskinstance.py:1240} INFO - 
--------------------------------------------------------------------------------
[2023-01-22 13:22:16,695] {taskinstance.py:1259} INFO - Executing <Task(PythonOperator): local_to_gcs_task> on 2023-01-22 13:20:30.963138+00:00
[2023-01-22 13:22:16,709] {standard_task_runner.py:52} INFO - Started process 3996 to run task
[2023-01-22 13:22:16,723] {standard_task_runner.py:76} INFO - Running: ['***', 'tasks', 'run', 'data_ingestion_gcs_dag', 'local_to_gcs_task', 'manual__2023-01-22T13:20:30.963138+00:00', '--job-id', '52', '--raw', '--subdir', 'DAGS_FOLDER/data_ingestion_gcs_dag.py', '--cfg-path', '/tmp/tmp77b_h323', '--error-file', '/tmp/tmpcchyh7vt']
[2023-01-22 13:22:16,737] {standard_task_runner.py:77} INFO - Job 52: Subtask local_to_gcs_task
[2023-01-22 13:22:16,886] {logging_mixin.py:109} INFO - Running <TaskInstance: data_ingestion_gcs_dag.local_to_gcs_task manual__2023-01-22T13:20:30.963138+00:00 [running]> on host a0e75fa915af
[2023-01-22 13:22:16,960] {taskinstance.py:1426} INFO - Exporting the following env vars:
AIRFLOW_CTX_DAG_OWNER=***
AIRFLOW_CTX_DAG_ID=data_ingestion_gcs_dag
AIRFLOW_CTX_TASK_ID=local_to_gcs_task
AIRFLOW_CTX_EXECUTION_DATE=2023-01-22T13:20:30.963138+00:00
AIRFLOW_CTX_DAG_RUN_ID=manual__2023-01-22T13:20:30.963138+00:00
[2023-01-22 13:22:30,019] {python.py:175} INFO - Done. Returned value was: None
[2023-01-22 13:22:30,068] {taskinstance.py:1277} INFO - Marking task as SUCCESS. dag_id=data_ingestion_gcs_dag, task_id=local_to_gcs_task, execution_date=20230122T132030, start_date=20230122T132216, end_date=20230122T132230
[2023-01-22 13:22:30,197] {local_task_job.py:154} INFO - Task exited with return code 0
[2023-01-22 13:22:30,339] {local_task_job.py:264} INFO - 1 downstream tasks scheduled from follow-on schedule check
