[2023-01-22 08:54:35,358] {taskinstance.py:1032} INFO - Dependencies all met for <TaskInstance: data_ingestion_gcs_dag.format_to_parquet_task manual__2023-01-22T08:48:47.588704+00:00 [queued]>
[2023-01-22 08:54:35,382] {taskinstance.py:1032} INFO - Dependencies all met for <TaskInstance: data_ingestion_gcs_dag.format_to_parquet_task manual__2023-01-22T08:48:47.588704+00:00 [queued]>
[2023-01-22 08:54:35,384] {taskinstance.py:1238} INFO - 
--------------------------------------------------------------------------------
[2023-01-22 08:54:35,385] {taskinstance.py:1239} INFO - Starting attempt 1 of 2
[2023-01-22 08:54:35,392] {taskinstance.py:1240} INFO - 
--------------------------------------------------------------------------------
[2023-01-22 08:54:35,416] {taskinstance.py:1259} INFO - Executing <Task(PythonOperator): format_to_parquet_task> on 2023-01-22 08:48:47.588704+00:00
[2023-01-22 08:54:35,427] {standard_task_runner.py:52} INFO - Started process 203 to run task
[2023-01-22 08:54:35,441] {standard_task_runner.py:76} INFO - Running: ['***', 'tasks', 'run', 'data_ingestion_gcs_dag', 'format_to_parquet_task', 'manual__2023-01-22T08:48:47.588704+00:00', '--job-id', '10', '--raw', '--subdir', 'DAGS_FOLDER/data_ingestion_gcs_dag.py', '--cfg-path', '/tmp/tmpyeyhs8c1', '--error-file', '/tmp/tmpegf3neys']
[2023-01-22 08:54:35,446] {standard_task_runner.py:77} INFO - Job 10: Subtask format_to_parquet_task
[2023-01-22 08:54:35,519] {logging_mixin.py:109} INFO - Running <TaskInstance: data_ingestion_gcs_dag.format_to_parquet_task manual__2023-01-22T08:48:47.588704+00:00 [running]> on host f3cc2c2458e6
[2023-01-22 08:54:35,594] {taskinstance.py:1426} INFO - Exporting the following env vars:
AIRFLOW_CTX_DAG_OWNER=***
AIRFLOW_CTX_DAG_ID=data_ingestion_gcs_dag
AIRFLOW_CTX_TASK_ID=format_to_parquet_task
AIRFLOW_CTX_EXECUTION_DATE=2023-01-22T08:48:47.588704+00:00
AIRFLOW_CTX_DAG_RUN_ID=manual__2023-01-22T08:48:47.588704+00:00
[2023-01-22 08:54:35,711] {python.py:175} INFO - Done. Returned value was: None
[2023-01-22 08:54:35,740] {taskinstance.py:1277} INFO - Marking task as SUCCESS. dag_id=data_ingestion_gcs_dag, task_id=format_to_parquet_task, execution_date=20230122T084847, start_date=20230122T085435, end_date=20230122T085435
[2023-01-22 08:54:35,811] {local_task_job.py:154} INFO - Task exited with return code 0
[2023-01-22 08:54:35,876] {local_task_job.py:264} INFO - 1 downstream tasks scheduled from follow-on schedule check
