[2023-01-28 00:56:27,194] {taskinstance.py:1032} INFO - Dependencies all met for <TaskInstance: data_ingestion_gcs_dag.download_dataset_task scheduled__2019-02-01T00:00:00+00:00 [queued]>
[2023-01-28 00:56:27,210] {taskinstance.py:1032} INFO - Dependencies all met for <TaskInstance: data_ingestion_gcs_dag.download_dataset_task scheduled__2019-02-01T00:00:00+00:00 [queued]>
[2023-01-28 00:56:27,211] {taskinstance.py:1238} INFO - 
--------------------------------------------------------------------------------
[2023-01-28 00:56:27,213] {taskinstance.py:1239} INFO - Starting attempt 1 of 2
[2023-01-28 00:56:27,215] {taskinstance.py:1240} INFO - 
--------------------------------------------------------------------------------
[2023-01-28 00:56:27,250] {taskinstance.py:1259} INFO - Executing <Task(BashOperator): download_dataset_task> on 2019-02-01 00:00:00+00:00
[2023-01-28 00:56:27,264] {standard_task_runner.py:52} INFO - Started process 751 to run task
[2023-01-28 00:56:27,272] {standard_task_runner.py:76} INFO - Running: ['***', 'tasks', 'run', 'data_ingestion_gcs_dag', 'download_dataset_task', 'scheduled__2019-02-01T00:00:00+00:00', '--job-id', '70', '--raw', '--subdir', 'DAGS_FOLDER/data_ingestion_gcs_dag.py', '--cfg-path', '/tmp/tmp8kaxfg9t', '--error-file', '/tmp/tmp4ammhf_8']
[2023-01-28 00:56:27,275] {standard_task_runner.py:77} INFO - Job 70: Subtask download_dataset_task
[2023-01-28 00:56:27,417] {logging_mixin.py:109} INFO - Running <TaskInstance: data_ingestion_gcs_dag.download_dataset_task scheduled__2019-02-01T00:00:00+00:00 [running]> on host adbf820de9e6
[2023-01-28 00:56:27,526] {logging_mixin.py:109} WARNING - /home/***/.local/lib/python3.7/site-packages/***/utils/context.py:152 AirflowContextDeprecationWarning: Accessing 'execution_date' from the template is deprecated and will be removed in a future version. Please use 'data_interval_start' or 'logical_date' instead.
[2023-01-28 00:56:27,565] {taskinstance.py:1426} INFO - Exporting the following env vars:
AIRFLOW_CTX_DAG_OWNER=***
AIRFLOW_CTX_DAG_ID=data_ingestion_gcs_dag
AIRFLOW_CTX_TASK_ID=download_dataset_task
AIRFLOW_CTX_EXECUTION_DATE=2019-02-01T00:00:00+00:00
AIRFLOW_CTX_DAG_RUN_ID=scheduled__2019-02-01T00:00:00+00:00
[2023-01-28 00:56:27,569] {subprocess.py:62} INFO - Tmp dir root location: 
 /tmp
[2023-01-28 00:56:27,571] {subprocess.py:74} INFO - Running command: ['bash', '-c', 'curl -sSL https://d37ci6vzurychx.cloudfront.net/trip-data/yellow_tripdata_2019-02.parquet > /opt/***/yellow_tripdata_2019-02.parquet']
[2023-01-28 00:56:27,592] {subprocess.py:85} INFO - Output:
[2023-01-28 00:56:59,109] {subprocess.py:93} INFO - Command exited with return code 0
[2023-01-28 00:56:59,146] {taskinstance.py:1277} INFO - Marking task as SUCCESS. dag_id=data_ingestion_gcs_dag, task_id=download_dataset_task, execution_date=20190201T000000, start_date=20230128T005627, end_date=20230128T005659
[2023-01-28 00:56:59,208] {local_task_job.py:154} INFO - Task exited with return code 0
[2023-01-28 00:56:59,251] {local_task_job.py:264} INFO - 1 downstream tasks scheduled from follow-on schedule check
[2023-01-29 12:40:58,117] {taskinstance.py:1032} INFO - Dependencies all met for <TaskInstance: data_ingestion_gcs_dag.download_dataset_task scheduled__2019-02-01T00:00:00+00:00 [queued]>
[2023-01-29 12:40:58,133] {taskinstance.py:1032} INFO - Dependencies all met for <TaskInstance: data_ingestion_gcs_dag.download_dataset_task scheduled__2019-02-01T00:00:00+00:00 [queued]>
[2023-01-29 12:40:58,134] {taskinstance.py:1238} INFO - 
--------------------------------------------------------------------------------
[2023-01-29 12:40:58,134] {taskinstance.py:1239} INFO - Starting attempt 1 of 2
[2023-01-29 12:40:58,136] {taskinstance.py:1240} INFO - 
--------------------------------------------------------------------------------
[2023-01-29 12:40:58,154] {taskinstance.py:1259} INFO - Executing <Task(BashOperator): download_dataset_task> on 2019-02-01 00:00:00+00:00
[2023-01-29 12:40:58,161] {standard_task_runner.py:52} INFO - Started process 6403 to run task
[2023-01-29 12:40:58,171] {standard_task_runner.py:76} INFO - Running: ['***', 'tasks', 'run', 'data_ingestion_gcs_dag', 'download_dataset_task', 'scheduled__2019-02-01T00:00:00+00:00', '--job-id', '380', '--raw', '--subdir', 'DAGS_FOLDER/data_ingestion_gcs_dag.py', '--cfg-path', '/tmp/tmph_02spmm', '--error-file', '/tmp/tmpm4mqnh_9']
[2023-01-29 12:40:58,177] {standard_task_runner.py:77} INFO - Job 380: Subtask download_dataset_task
[2023-01-29 12:40:58,264] {logging_mixin.py:109} INFO - Running <TaskInstance: data_ingestion_gcs_dag.download_dataset_task scheduled__2019-02-01T00:00:00+00:00 [running]> on host 2530f37057aa
[2023-01-29 12:40:58,356] {logging_mixin.py:109} WARNING - /home/***/.local/lib/python3.7/site-packages/***/utils/context.py:152 AirflowContextDeprecationWarning: Accessing 'execution_date' from the template is deprecated and will be removed in a future version. Please use 'data_interval_start' or 'logical_date' instead.
[2023-01-29 12:40:58,381] {taskinstance.py:1426} INFO - Exporting the following env vars:
AIRFLOW_CTX_DAG_OWNER=***
AIRFLOW_CTX_DAG_ID=data_ingestion_gcs_dag
AIRFLOW_CTX_TASK_ID=download_dataset_task
AIRFLOW_CTX_EXECUTION_DATE=2019-02-01T00:00:00+00:00
AIRFLOW_CTX_DAG_RUN_ID=scheduled__2019-02-01T00:00:00+00:00
[2023-01-29 12:40:58,384] {subprocess.py:62} INFO - Tmp dir root location: 
 /tmp
[2023-01-29 12:40:58,386] {subprocess.py:74} INFO - Running command: ['bash', '-c', 'curl -sSL https://d37ci6vzurychx.cloudfront.net/trip-data/fhv_tripdata_2019-02.parquet > /opt/***/fhv_tripdata_2019-02.parquet']
[2023-01-29 12:40:58,399] {subprocess.py:85} INFO - Output:
[2023-01-29 12:41:08,323] {subprocess.py:93} INFO - Command exited with return code 0
[2023-01-29 12:41:08,352] {taskinstance.py:1277} INFO - Marking task as SUCCESS. dag_id=data_ingestion_gcs_dag, task_id=download_dataset_task, execution_date=20190201T000000, start_date=20230129T124058, end_date=20230129T124108
[2023-01-29 12:41:08,405] {local_task_job.py:154} INFO - Task exited with return code 0
[2023-01-29 12:41:08,480] {local_task_job.py:264} INFO - 1 downstream tasks scheduled from follow-on schedule check
[2023-01-29 12:57:39,513] {taskinstance.py:1032} INFO - Dependencies all met for <TaskInstance: data_ingestion_gcs_dag.download_dataset_task scheduled__2019-02-01T00:00:00+00:00 [queued]>
[2023-01-29 12:57:39,737] {taskinstance.py:1032} INFO - Dependencies all met for <TaskInstance: data_ingestion_gcs_dag.download_dataset_task scheduled__2019-02-01T00:00:00+00:00 [queued]>
[2023-01-29 12:57:39,740] {taskinstance.py:1238} INFO - 
--------------------------------------------------------------------------------
[2023-01-29 12:57:39,741] {taskinstance.py:1239} INFO - Starting attempt 1 of 2
[2023-01-29 12:57:39,742] {taskinstance.py:1240} INFO - 
--------------------------------------------------------------------------------
[2023-01-29 12:57:39,775] {taskinstance.py:1259} INFO - Executing <Task(BashOperator): download_dataset_task> on 2019-02-01 00:00:00+00:00
[2023-01-29 12:57:39,814] {standard_task_runner.py:52} INFO - Started process 1290 to run task
[2023-01-29 12:57:40,326] {standard_task_runner.py:76} INFO - Running: ['***', 'tasks', 'run', 'data_ingestion_gcs_dag', 'download_dataset_task', 'scheduled__2019-02-01T00:00:00+00:00', '--job-id', '443', '--raw', '--subdir', 'DAGS_FOLDER/data_ingestion_gcs_dag.py', '--cfg-path', '/tmp/tmpk0zq0jm4', '--error-file', '/tmp/tmp5wna707s']
[2023-01-29 12:57:40,389] {standard_task_runner.py:77} INFO - Job 443: Subtask download_dataset_task
[2023-01-29 12:57:46,418] {logging_mixin.py:109} INFO - Running <TaskInstance: data_ingestion_gcs_dag.download_dataset_task scheduled__2019-02-01T00:00:00+00:00 [running]> on host 2530f37057aa
[2023-01-29 12:57:46,865] {logging_mixin.py:109} WARNING - /home/***/.local/lib/python3.7/site-packages/***/utils/context.py:152 AirflowContextDeprecationWarning: Accessing 'execution_date' from the template is deprecated and will be removed in a future version. Please use 'data_interval_start' or 'logical_date' instead.
[2023-01-29 12:57:46,929] {taskinstance.py:1426} INFO - Exporting the following env vars:
AIRFLOW_CTX_DAG_OWNER=***
AIRFLOW_CTX_DAG_ID=data_ingestion_gcs_dag
AIRFLOW_CTX_TASK_ID=download_dataset_task
AIRFLOW_CTX_EXECUTION_DATE=2019-02-01T00:00:00+00:00
AIRFLOW_CTX_DAG_RUN_ID=scheduled__2019-02-01T00:00:00+00:00
[2023-01-29 12:57:47,008] {subprocess.py:62} INFO - Tmp dir root location: 
 /tmp
[2023-01-29 12:57:47,012] {subprocess.py:74} INFO - Running command: ['bash', '-c', 'curl -sSL https://d37ci6vzurychx.cloudfront.net/trip-data/fhv_tripdata_2019-02.parquet > /opt/***/fhv_tripdata_2019-02.parquet']
[2023-01-29 12:57:47,098] {subprocess.py:85} INFO - Output:
[2023-01-29 12:57:55,176] {subprocess.py:93} INFO - Command exited with return code 0
[2023-01-29 12:57:55,228] {taskinstance.py:1277} INFO - Marking task as SUCCESS. dag_id=data_ingestion_gcs_dag, task_id=download_dataset_task, execution_date=20190201T000000, start_date=20230129T125739, end_date=20230129T125755
[2023-01-29 12:57:55,281] {local_task_job.py:154} INFO - Task exited with return code 0
[2023-01-29 12:57:55,351] {local_task_job.py:264} INFO - 1 downstream tasks scheduled from follow-on schedule check
