[2023-01-29 12:19:35,919] {taskinstance.py:1032} INFO - Dependencies all met for <TaskInstance: data_ingestion_gcs_dag.download_dataset_task scheduled__2019-02-01T00:00:00+00:00 [queued]>
[2023-01-29 12:19:35,932] {taskinstance.py:1032} INFO - Dependencies all met for <TaskInstance: data_ingestion_gcs_dag.download_dataset_task scheduled__2019-02-01T00:00:00+00:00 [queued]>
[2023-01-29 12:19:35,933] {taskinstance.py:1238} INFO - 
--------------------------------------------------------------------------------
[2023-01-29 12:19:35,934] {taskinstance.py:1239} INFO - Starting attempt 4 of 5
[2023-01-29 12:19:35,935] {taskinstance.py:1240} INFO - 
--------------------------------------------------------------------------------
[2023-01-29 12:19:35,948] {taskinstance.py:1259} INFO - Executing <Task(BashOperator): download_dataset_task> on 2019-02-01 00:00:00+00:00
[2023-01-29 12:19:35,954] {standard_task_runner.py:52} INFO - Started process 3145 to run task
[2023-01-29 12:19:35,958] {standard_task_runner.py:76} INFO - Running: ['***', 'tasks', 'run', 'data_ingestion_gcs_dag', 'download_dataset_task', 'scheduled__2019-02-01T00:00:00+00:00', '--job-id', '359', '--raw', '--subdir', 'DAGS_FOLDER/data_ingestion_gcs_dag.py', '--cfg-path', '/tmp/tmpp4tb6o1g', '--error-file', '/tmp/tmpbqqcz15a']
[2023-01-29 12:19:35,960] {standard_task_runner.py:77} INFO - Job 359: Subtask download_dataset_task
[2023-01-29 12:19:36,029] {logging_mixin.py:109} INFO - Running <TaskInstance: data_ingestion_gcs_dag.download_dataset_task scheduled__2019-02-01T00:00:00+00:00 [running]> on host 2530f37057aa
[2023-01-29 12:19:36,088] {logging_mixin.py:109} WARNING - /home/***/.local/lib/python3.7/site-packages/***/utils/context.py:152 AirflowContextDeprecationWarning: Accessing 'execution_date' from the template is deprecated and will be removed in a future version. Please use 'data_interval_start' or 'logical_date' instead.
[2023-01-29 12:19:36,115] {taskinstance.py:1426} INFO - Exporting the following env vars:
AIRFLOW_CTX_DAG_OWNER=***
AIRFLOW_CTX_DAG_ID=data_ingestion_gcs_dag
AIRFLOW_CTX_TASK_ID=download_dataset_task
AIRFLOW_CTX_EXECUTION_DATE=2019-02-01T00:00:00+00:00
AIRFLOW_CTX_DAG_RUN_ID=scheduled__2019-02-01T00:00:00+00:00
[2023-01-29 12:19:36,117] {subprocess.py:62} INFO - Tmp dir root location: 
 /tmp
[2023-01-29 12:19:36,119] {subprocess.py:74} INFO - Running command: ['bash', '-c', 'curl -sSL https://d37ci6vzurychx.cloudfront.net/trip-data/fhv_tripdata_2019-02.parquet > /opt/***/fhv_tripdata_2019-02.parquet']
[2023-01-29 12:19:36,140] {subprocess.py:85} INFO - Output:
[2023-01-29 12:19:40,036] {subprocess.py:93} INFO - Command exited with return code 0
[2023-01-29 12:19:40,065] {taskinstance.py:1277} INFO - Marking task as SUCCESS. dag_id=data_ingestion_gcs_dag, task_id=download_dataset_task, execution_date=20190201T000000, start_date=20230129T121935, end_date=20230129T121940
[2023-01-29 12:19:40,130] {local_task_job.py:154} INFO - Task exited with return code 0
[2023-01-29 12:19:40,195] {dagrun.py:628} WARNING - Failed to get task '<TaskInstance: data_ingestion_gcs_dag.modify_parquet_column_type_task scheduled__2019-02-01T00:00:00+00:00 [removed]>' for dag 'data_ingestion_gcs_dag'. Marking it as removed.
[2023-01-29 12:19:40,211] {local_task_job.py:264} INFO - 1 downstream tasks scheduled from follow-on schedule check
