[2023-01-24 01:03:15,828] {taskinstance.py:1032} INFO - Dependencies all met for <TaskInstance: LocalIngestionDag.wget scheduled__2022-02-02T06:00:00+00:00 [queued]>
[2023-01-24 01:03:15,924] {taskinstance.py:1032} INFO - Dependencies all met for <TaskInstance: LocalIngestionDag.wget scheduled__2022-02-02T06:00:00+00:00 [queued]>
[2023-01-24 01:03:15,924] {taskinstance.py:1238} INFO - 
--------------------------------------------------------------------------------
[2023-01-24 01:03:15,924] {taskinstance.py:1239} INFO - Starting attempt 1 of 1
[2023-01-24 01:03:15,924] {taskinstance.py:1240} INFO - 
--------------------------------------------------------------------------------
[2023-01-24 01:03:16,002] {taskinstance.py:1259} INFO - Executing <Task(BashOperator): wget> on 2022-02-02 06:00:00+00:00
[2023-01-24 01:03:16,009] {standard_task_runner.py:52} INFO - Started process 784 to run task
[2023-01-24 01:03:16,050] {standard_task_runner.py:76} INFO - Running: ['***', 'tasks', 'run', 'LocalIngestionDag', 'wget', 'scheduled__2022-02-02T06:00:00+00:00', '--job-id', '29', '--raw', '--subdir', 'DAGS_FOLDER/data_ingestion_local.py', '--cfg-path', '/tmp/tmpy5yl7487', '--error-file', '/tmp/tmpk_zqwpzq']
[2023-01-24 01:03:16,053] {standard_task_runner.py:77} INFO - Job 29: Subtask wget
[2023-01-24 01:03:16,198] {logging_mixin.py:109} INFO - Running <TaskInstance: LocalIngestionDag.wget scheduled__2022-02-02T06:00:00+00:00 [running]> on host 6018d13d82e3
[2023-01-24 01:03:16,318] {taskinstance.py:1426} INFO - Exporting the following env vars:
AIRFLOW_CTX_DAG_OWNER=***
AIRFLOW_CTX_DAG_ID=LocalIngestionDag
AIRFLOW_CTX_TASK_ID=wget
AIRFLOW_CTX_EXECUTION_DATE=2022-02-02T06:00:00+00:00
AIRFLOW_CTX_DAG_RUN_ID=scheduled__2022-02-02T06:00:00+00:00
[2023-01-24 01:03:16,319] {subprocess.py:62} INFO - Tmp dir root location: 
 /tmp
[2023-01-24 01:03:16,324] {subprocess.py:74} INFO - Running command: ['bash', '-c', 'echo "hello world"']
[2023-01-24 01:03:16,337] {subprocess.py:85} INFO - Output:
[2023-01-24 01:03:16,342] {subprocess.py:89} INFO - hello world
[2023-01-24 01:03:16,343] {subprocess.py:93} INFO - Command exited with return code 0
[2023-01-24 01:03:16,451] {taskinstance.py:1277} INFO - Marking task as SUCCESS. dag_id=LocalIngestionDag, task_id=wget, execution_date=20220202T060000, start_date=20230124T010315, end_date=20230124T010316
[2023-01-24 01:03:16,565] {local_task_job.py:154} INFO - Task exited with return code 0
[2023-01-24 01:03:16,665] {local_task_job.py:264} INFO - 1 downstream tasks scheduled from follow-on schedule check
