[2023-01-24 01:03:12,628] {taskinstance.py:1032} INFO - Dependencies all met for <TaskInstance: LocalIngestionDag.ingest scheduled__2021-07-02T06:00:00+00:00 [queued]>
[2023-01-24 01:03:12,647] {taskinstance.py:1032} INFO - Dependencies all met for <TaskInstance: LocalIngestionDag.ingest scheduled__2021-07-02T06:00:00+00:00 [queued]>
[2023-01-24 01:03:12,647] {taskinstance.py:1238} INFO - 
--------------------------------------------------------------------------------
[2023-01-24 01:03:12,647] {taskinstance.py:1239} INFO - Starting attempt 1 of 1
[2023-01-24 01:03:12,648] {taskinstance.py:1240} INFO - 
--------------------------------------------------------------------------------
[2023-01-24 01:03:12,669] {taskinstance.py:1259} INFO - Executing <Task(BashOperator): ingest> on 2021-07-02 06:00:00+00:00
[2023-01-24 01:03:12,676] {standard_task_runner.py:52} INFO - Started process 758 to run task
[2023-01-24 01:03:12,682] {standard_task_runner.py:76} INFO - Running: ['***', 'tasks', 'run', 'LocalIngestionDag', 'ingest', 'scheduled__2021-07-02T06:00:00+00:00', '--job-id', '20', '--raw', '--subdir', 'DAGS_FOLDER/data_ingestion_local.py', '--cfg-path', '/tmp/tmptv52bv26', '--error-file', '/tmp/tmp556v9wto']
[2023-01-24 01:03:12,684] {standard_task_runner.py:77} INFO - Job 20: Subtask ingest
[2023-01-24 01:03:12,787] {logging_mixin.py:109} INFO - Running <TaskInstance: LocalIngestionDag.ingest scheduled__2021-07-02T06:00:00+00:00 [running]> on host 6018d13d82e3
[2023-01-24 01:03:12,905] {taskinstance.py:1426} INFO - Exporting the following env vars:
AIRFLOW_CTX_DAG_OWNER=***
AIRFLOW_CTX_DAG_ID=LocalIngestionDag
AIRFLOW_CTX_TASK_ID=ingest
AIRFLOW_CTX_EXECUTION_DATE=2021-07-02T06:00:00+00:00
AIRFLOW_CTX_DAG_RUN_ID=scheduled__2021-07-02T06:00:00+00:00
[2023-01-24 01:03:12,906] {subprocess.py:62} INFO - Tmp dir root location: 
 /tmp
[2023-01-24 01:03:12,907] {subprocess.py:74} INFO - Running command: ['bash', '-c', 'echo "hello world"']
[2023-01-24 01:03:12,922] {subprocess.py:85} INFO - Output:
[2023-01-24 01:03:12,925] {subprocess.py:89} INFO - hello world
[2023-01-24 01:03:12,926] {subprocess.py:93} INFO - Command exited with return code 0
[2023-01-24 01:03:12,969] {taskinstance.py:1277} INFO - Marking task as SUCCESS. dag_id=LocalIngestionDag, task_id=ingest, execution_date=20210702T060000, start_date=20230124T010312, end_date=20230124T010312
[2023-01-24 01:03:13,019] {local_task_job.py:154} INFO - Task exited with return code 0
[2023-01-24 01:03:13,064] {local_task_job.py:264} INFO - 0 downstream tasks scheduled from follow-on schedule check
