[2023-01-24 01:03:09,873] {taskinstance.py:1032} INFO - Dependencies all met for <TaskInstance: LocalIngestionDag.ingest manual__2023-01-24T01:03:07.827272+00:00 [queued]>
[2023-01-24 01:03:09,900] {taskinstance.py:1032} INFO - Dependencies all met for <TaskInstance: LocalIngestionDag.ingest manual__2023-01-24T01:03:07.827272+00:00 [queued]>
[2023-01-24 01:03:09,901] {taskinstance.py:1238} INFO - 
--------------------------------------------------------------------------------
[2023-01-24 01:03:09,901] {taskinstance.py:1239} INFO - Starting attempt 1 of 1
[2023-01-24 01:03:09,901] {taskinstance.py:1240} INFO - 
--------------------------------------------------------------------------------
[2023-01-24 01:03:09,943] {taskinstance.py:1259} INFO - Executing <Task(BashOperator): ingest> on 2023-01-24 01:03:07.827272+00:00
[2023-01-24 01:03:09,949] {standard_task_runner.py:52} INFO - Started process 730 to run task
[2023-01-24 01:03:09,964] {standard_task_runner.py:76} INFO - Running: ['***', 'tasks', 'run', 'LocalIngestionDag', 'ingest', 'manual__2023-01-24T01:03:07.827272+00:00', '--job-id', '12', '--raw', '--subdir', 'DAGS_FOLDER/data_ingestion_local.py', '--cfg-path', '/tmp/tmp_8xbo04c', '--error-file', '/tmp/tmpox__bf5n']
[2023-01-24 01:03:09,979] {standard_task_runner.py:77} INFO - Job 12: Subtask ingest
[2023-01-24 01:03:10,210] {logging_mixin.py:109} INFO - Running <TaskInstance: LocalIngestionDag.ingest manual__2023-01-24T01:03:07.827272+00:00 [running]> on host 6018d13d82e3
[2023-01-24 01:03:10,445] {taskinstance.py:1426} INFO - Exporting the following env vars:
AIRFLOW_CTX_DAG_OWNER=***
AIRFLOW_CTX_DAG_ID=LocalIngestionDag
AIRFLOW_CTX_TASK_ID=ingest
AIRFLOW_CTX_EXECUTION_DATE=2023-01-24T01:03:07.827272+00:00
AIRFLOW_CTX_DAG_RUN_ID=manual__2023-01-24T01:03:07.827272+00:00
[2023-01-24 01:03:10,450] {subprocess.py:62} INFO - Tmp dir root location: 
 /tmp
[2023-01-24 01:03:10,452] {subprocess.py:74} INFO - Running command: ['bash', '-c', 'echo "hello world"']
[2023-01-24 01:03:10,484] {subprocess.py:85} INFO - Output:
[2023-01-24 01:03:10,491] {subprocess.py:89} INFO - hello world
[2023-01-24 01:03:10,498] {subprocess.py:93} INFO - Command exited with return code 0
[2023-01-24 01:03:10,603] {taskinstance.py:1277} INFO - Marking task as SUCCESS. dag_id=LocalIngestionDag, task_id=ingest, execution_date=20230124T010307, start_date=20230124T010309, end_date=20230124T010310
[2023-01-24 01:03:10,688] {local_task_job.py:154} INFO - Task exited with return code 0
[2023-01-24 01:03:11,089] {local_task_job.py:264} INFO - 0 downstream tasks scheduled from follow-on schedule check
