[2023-01-24 01:03:15,314] {taskinstance.py:1032} INFO - Dependencies all met for <TaskInstance: LocalIngestionDag.ingest scheduled__2021-09-02T06:00:00+00:00 [queued]>
[2023-01-24 01:03:15,368] {taskinstance.py:1032} INFO - Dependencies all met for <TaskInstance: LocalIngestionDag.ingest scheduled__2021-09-02T06:00:00+00:00 [queued]>
[2023-01-24 01:03:15,369] {taskinstance.py:1238} INFO - 
--------------------------------------------------------------------------------
[2023-01-24 01:03:15,369] {taskinstance.py:1239} INFO - Starting attempt 1 of 1
[2023-01-24 01:03:15,369] {taskinstance.py:1240} INFO - 
--------------------------------------------------------------------------------
[2023-01-24 01:03:15,409] {taskinstance.py:1259} INFO - Executing <Task(BashOperator): ingest> on 2021-09-02 06:00:00+00:00
[2023-01-24 01:03:15,414] {standard_task_runner.py:52} INFO - Started process 779 to run task
[2023-01-24 01:03:15,434] {standard_task_runner.py:76} INFO - Running: ['***', 'tasks', 'run', 'LocalIngestionDag', 'ingest', 'scheduled__2021-09-02T06:00:00+00:00', '--job-id', '27', '--raw', '--subdir', 'DAGS_FOLDER/data_ingestion_local.py', '--cfg-path', '/tmp/tmpq8y5zbmv', '--error-file', '/tmp/tmp15b02g_p']
[2023-01-24 01:03:15,444] {standard_task_runner.py:77} INFO - Job 27: Subtask ingest
[2023-01-24 01:03:15,618] {logging_mixin.py:109} INFO - Running <TaskInstance: LocalIngestionDag.ingest scheduled__2021-09-02T06:00:00+00:00 [running]> on host 6018d13d82e3
[2023-01-24 01:03:15,899] {taskinstance.py:1426} INFO - Exporting the following env vars:
AIRFLOW_CTX_DAG_OWNER=***
AIRFLOW_CTX_DAG_ID=LocalIngestionDag
AIRFLOW_CTX_TASK_ID=ingest
AIRFLOW_CTX_EXECUTION_DATE=2021-09-02T06:00:00+00:00
AIRFLOW_CTX_DAG_RUN_ID=scheduled__2021-09-02T06:00:00+00:00
[2023-01-24 01:03:15,903] {subprocess.py:62} INFO - Tmp dir root location: 
 /tmp
[2023-01-24 01:03:15,904] {subprocess.py:74} INFO - Running command: ['bash', '-c', 'echo "hello world"']
[2023-01-24 01:03:15,942] {subprocess.py:85} INFO - Output:
[2023-01-24 01:03:15,959] {subprocess.py:89} INFO - hello world
[2023-01-24 01:03:15,960] {subprocess.py:93} INFO - Command exited with return code 0
[2023-01-24 01:03:16,248] {taskinstance.py:1277} INFO - Marking task as SUCCESS. dag_id=LocalIngestionDag, task_id=ingest, execution_date=20210902T060000, start_date=20230124T010315, end_date=20230124T010316
[2023-01-24 01:03:16,348] {local_task_job.py:154} INFO - Task exited with return code 0
[2023-01-24 01:03:16,421] {local_task_job.py:264} INFO - 0 downstream tasks scheduled from follow-on schedule check
