[2023-01-28 04:59:54,537] {taskinstance.py:1032} INFO - Dependencies all met for <TaskInstance: data_ingestion_fhv_dag.local_to_gcs_task scheduled__2019-01-01T00:00:00+00:00 [queued]>
[2023-01-28 04:59:54,547] {taskinstance.py:1032} INFO - Dependencies all met for <TaskInstance: data_ingestion_fhv_dag.local_to_gcs_task scheduled__2019-01-01T00:00:00+00:00 [queued]>
[2023-01-28 04:59:54,548] {taskinstance.py:1238} INFO - 
--------------------------------------------------------------------------------
[2023-01-28 04:59:54,549] {taskinstance.py:1239} INFO - Starting attempt 5 of 6
[2023-01-28 04:59:54,549] {taskinstance.py:1240} INFO - 
--------------------------------------------------------------------------------
[2023-01-28 04:59:54,561] {taskinstance.py:1259} INFO - Executing <Task(PythonOperator): local_to_gcs_task> on 2019-01-01 00:00:00+00:00
[2023-01-28 04:59:54,566] {standard_task_runner.py:52} INFO - Started process 29745 to run task
[2023-01-28 04:59:54,570] {standard_task_runner.py:76} INFO - Running: ['***', 'tasks', 'run', 'data_ingestion_fhv_dag', 'local_to_gcs_task', 'scheduled__2019-01-01T00:00:00+00:00', '--job-id', '241', '--raw', '--subdir', 'DAGS_FOLDER/data_ingestion_fhv_dag.py', '--cfg-path', '/tmp/tmpjuj0lodq', '--error-file', '/tmp/tmpb4djapd7']
[2023-01-28 04:59:54,571] {standard_task_runner.py:77} INFO - Job 241: Subtask local_to_gcs_task
[2023-01-28 04:59:54,630] {logging_mixin.py:109} INFO - Running <TaskInstance: data_ingestion_fhv_dag.local_to_gcs_task scheduled__2019-01-01T00:00:00+00:00 [running]> on host adbf820de9e6
[2023-01-28 04:59:54,670] {logging_mixin.py:109} WARNING - /home/***/.local/lib/python3.7/site-packages/***/utils/context.py:152 AirflowContextDeprecationWarning: Accessing 'execution_date' from the template is deprecated and will be removed in a future version. Please use 'data_interval_start' or 'logical_date' instead.
[2023-01-28 04:59:54,689] {taskinstance.py:1426} INFO - Exporting the following env vars:
AIRFLOW_CTX_DAG_OWNER=***
AIRFLOW_CTX_DAG_ID=data_ingestion_fhv_dag
AIRFLOW_CTX_TASK_ID=local_to_gcs_task
AIRFLOW_CTX_EXECUTION_DATE=2019-01-01T00:00:00+00:00
AIRFLOW_CTX_DAG_RUN_ID=scheduled__2019-01-01T00:00:00+00:00
[2023-01-28 05:02:04,339] {python.py:175} INFO - Done. Returned value was: None
[2023-01-28 05:02:04,352] {taskinstance.py:1277} INFO - Marking task as SUCCESS. dag_id=data_ingestion_fhv_dag, task_id=local_to_gcs_task, execution_date=20190101T000000, start_date=20230128T045954, end_date=20230128T050204
[2023-01-28 05:02:04,378] {local_task_job.py:154} INFO - Task exited with return code 0
[2023-01-28 05:02:04,413] {local_task_job.py:264} INFO - 1 downstream tasks scheduled from follow-on schedule check
