[2023-01-29 06:29:35,201] {taskinstance.py:1032} INFO - Dependencies all met for <TaskInstance: data_ingestion_fhv_dag.local_to_gcs_task scheduled__2019-01-01T00:00:00+00:00 [queued]>
[2023-01-29 06:29:35,213] {taskinstance.py:1032} INFO - Dependencies all met for <TaskInstance: data_ingestion_fhv_dag.local_to_gcs_task scheduled__2019-01-01T00:00:00+00:00 [queued]>
[2023-01-29 06:29:35,214] {taskinstance.py:1238} INFO - 
--------------------------------------------------------------------------------
[2023-01-29 06:29:35,215] {taskinstance.py:1239} INFO - Starting attempt 7 of 8
[2023-01-29 06:29:35,216] {taskinstance.py:1240} INFO - 
--------------------------------------------------------------------------------
[2023-01-29 06:29:35,193] {taskinstance.py:1259} INFO - Executing <Task(PythonOperator): local_to_gcs_task> on 2019-01-01 00:00:00+00:00
[2023-01-29 06:29:35,200] {standard_task_runner.py:52} INFO - Started process 342 to run task
[2023-01-29 06:29:35,203] {standard_task_runner.py:76} INFO - Running: ['***', 'tasks', 'run', 'data_ingestion_fhv_dag', 'local_to_gcs_task', 'scheduled__2019-01-01T00:00:00+00:00', '--job-id', '264', '--raw', '--subdir', 'DAGS_FOLDER/data_ingestion_fhv_dag.py', '--cfg-path', '/tmp/tmpdhvmzk0i', '--error-file', '/tmp/tmpa0x3uz14']
[2023-01-29 06:29:35,204] {standard_task_runner.py:77} INFO - Job 264: Subtask local_to_gcs_task
[2023-01-29 06:29:35,268] {logging_mixin.py:109} INFO - Running <TaskInstance: data_ingestion_fhv_dag.local_to_gcs_task scheduled__2019-01-01T00:00:00+00:00 [running]> on host 066784a7791c
[2023-01-29 06:29:35,315] {logging_mixin.py:109} WARNING - /home/***/.local/lib/python3.7/site-packages/***/utils/context.py:152 AirflowContextDeprecationWarning: Accessing 'execution_date' from the template is deprecated and will be removed in a future version. Please use 'data_interval_start' or 'logical_date' instead.
[2023-01-29 06:29:35,354] {taskinstance.py:1426} INFO - Exporting the following env vars:
AIRFLOW_CTX_DAG_OWNER=***
AIRFLOW_CTX_DAG_ID=data_ingestion_fhv_dag
AIRFLOW_CTX_TASK_ID=local_to_gcs_task
AIRFLOW_CTX_EXECUTION_DATE=2019-01-01T00:00:00+00:00
AIRFLOW_CTX_DAG_RUN_ID=scheduled__2019-01-01T00:00:00+00:00
[2023-01-29 06:31:45,809] {python.py:175} INFO - Done. Returned value was: None
[2023-01-29 06:31:45,822] {taskinstance.py:1277} INFO - Marking task as SUCCESS. dag_id=data_ingestion_fhv_dag, task_id=local_to_gcs_task, execution_date=20190101T000000, start_date=20230129T062935, end_date=20230129T063145
[2023-01-29 06:31:45,882] {local_task_job.py:154} INFO - Task exited with return code 0
[2023-01-29 06:31:45,918] {local_task_job.py:264} INFO - 1 downstream tasks scheduled from follow-on schedule check
