[2023-01-22 13:17:53,546] {taskinstance.py:1032} INFO - Dependencies all met for <TaskInstance: data_ingestion_gcs_dag.format_to_parquet_task manual__2023-01-22T13:16:01.201648+00:00 [queued]>
[2023-01-22 13:17:53,575] {taskinstance.py:1032} INFO - Dependencies all met for <TaskInstance: data_ingestion_gcs_dag.format_to_parquet_task manual__2023-01-22T13:16:01.201648+00:00 [queued]>
[2023-01-22 13:17:53,580] {taskinstance.py:1238} INFO - 
--------------------------------------------------------------------------------
[2023-01-22 13:17:53,581] {taskinstance.py:1239} INFO - Starting attempt 1 of 2
[2023-01-22 13:17:53,584] {taskinstance.py:1240} INFO - 
--------------------------------------------------------------------------------
[2023-01-22 13:17:53,624] {taskinstance.py:1259} INFO - Executing <Task(PythonOperator): format_to_parquet_task> on 2023-01-22 13:16:01.201648+00:00
[2023-01-22 13:17:53,637] {standard_task_runner.py:52} INFO - Started process 3707 to run task
[2023-01-22 13:17:53,645] {standard_task_runner.py:76} INFO - Running: ['***', 'tasks', 'run', 'data_ingestion_gcs_dag', 'format_to_parquet_task', 'manual__2023-01-22T13:16:01.201648+00:00', '--job-id', '44', '--raw', '--subdir', 'DAGS_FOLDER/data_ingestion_gcs_dag.py', '--cfg-path', '/tmp/tmpzun8uyzy', '--error-file', '/tmp/tmpky_p90rc']
[2023-01-22 13:17:53,661] {standard_task_runner.py:77} INFO - Job 44: Subtask format_to_parquet_task
[2023-01-22 13:17:53,780] {logging_mixin.py:109} INFO - Running <TaskInstance: data_ingestion_gcs_dag.format_to_parquet_task manual__2023-01-22T13:16:01.201648+00:00 [running]> on host a0e75fa915af
[2023-01-22 13:17:53,898] {taskinstance.py:1426} INFO - Exporting the following env vars:
AIRFLOW_CTX_DAG_OWNER=***
AIRFLOW_CTX_DAG_ID=data_ingestion_gcs_dag
AIRFLOW_CTX_TASK_ID=format_to_parquet_task
AIRFLOW_CTX_EXECUTION_DATE=2023-01-22T13:16:01.201648+00:00
AIRFLOW_CTX_DAG_RUN_ID=manual__2023-01-22T13:16:01.201648+00:00
[2023-01-22 13:17:53,900] {data_ingestion_gcs_dag.py:31} ERROR - Can only accept source files in CSV format, for the moment
[2023-01-22 13:17:53,902] {python.py:175} INFO - Done. Returned value was: None
[2023-01-22 13:17:53,950] {taskinstance.py:1277} INFO - Marking task as SUCCESS. dag_id=data_ingestion_gcs_dag, task_id=format_to_parquet_task, execution_date=20230122T131601, start_date=20230122T131753, end_date=20230122T131753
[2023-01-22 13:17:54,037] {local_task_job.py:154} INFO - Task exited with return code 0
[2023-01-22 13:17:54,125] {local_task_job.py:264} INFO - 0 downstream tasks scheduled from follow-on schedule check
