[2023-01-24 02:21:32,037] {taskinstance.py:1032} INFO - Dependencies all met for <TaskInstance: LocalIngestionDag.parquet_to_csv manual__2023-01-24T02:21:24.954164+00:00 [queued]>
[2023-01-24 02:21:32,049] {taskinstance.py:1032} INFO - Dependencies all met for <TaskInstance: LocalIngestionDag.parquet_to_csv manual__2023-01-24T02:21:24.954164+00:00 [queued]>
[2023-01-24 02:21:32,049] {taskinstance.py:1238} INFO - 
--------------------------------------------------------------------------------
[2023-01-24 02:21:32,049] {taskinstance.py:1239} INFO - Starting attempt 1 of 1
[2023-01-24 02:21:32,049] {taskinstance.py:1240} INFO - 
--------------------------------------------------------------------------------
[2023-01-24 02:21:32,063] {taskinstance.py:1259} INFO - Executing <Task(PythonOperator): parquet_to_csv> on 2023-01-24 02:21:24.954164+00:00
[2023-01-24 02:21:32,069] {standard_task_runner.py:52} INFO - Started process 5096 to run task
[2023-01-24 02:21:32,074] {standard_task_runner.py:76} INFO - Running: ['***', 'tasks', 'run', 'LocalIngestionDag', 'parquet_to_csv', 'manual__2023-01-24T02:21:24.954164+00:00', '--job-id', '57', '--raw', '--subdir', 'DAGS_FOLDER/data_ingestion_local.py', '--cfg-path', '/tmp/tmpa3n71ubm', '--error-file', '/tmp/tmp1v0bhwn0']
[2023-01-24 02:21:32,075] {standard_task_runner.py:77} INFO - Job 57: Subtask parquet_to_csv
[2023-01-24 02:21:32,147] {logging_mixin.py:109} INFO - Running <TaskInstance: LocalIngestionDag.parquet_to_csv manual__2023-01-24T02:21:24.954164+00:00 [running]> on host 6018d13d82e3
[2023-01-24 02:21:32,218] {taskinstance.py:1426} INFO - Exporting the following env vars:
AIRFLOW_CTX_DAG_OWNER=***
AIRFLOW_CTX_DAG_ID=LocalIngestionDag
AIRFLOW_CTX_TASK_ID=parquet_to_csv
AIRFLOW_CTX_EXECUTION_DATE=2023-01-24T02:21:24.954164+00:00
AIRFLOW_CTX_DAG_RUN_ID=manual__2023-01-24T02:21:24.954164+00:00
[2023-01-24 02:21:48,513] {python.py:175} INFO - Done. Returned value was: None
[2023-01-24 02:21:48,528] {taskinstance.py:1277} INFO - Marking task as SUCCESS. dag_id=LocalIngestionDag, task_id=parquet_to_csv, execution_date=20230124T022124, start_date=20230124T022132, end_date=20230124T022148
[2023-01-24 02:21:48,596] {local_task_job.py:154} INFO - Task exited with return code 0
[2023-01-24 02:21:48,635] {local_task_job.py:264} INFO - 1 downstream tasks scheduled from follow-on schedule check
