[2023-01-24 01:03:22,868] {taskinstance.py:1032} INFO - Dependencies all met for <TaskInstance: LocalIngestionDag.wget scheduled__2022-10-02T06:00:00+00:00 [queued]>
[2023-01-24 01:03:22,896] {taskinstance.py:1032} INFO - Dependencies all met for <TaskInstance: LocalIngestionDag.wget scheduled__2022-10-02T06:00:00+00:00 [queued]>
[2023-01-24 01:03:22,897] {taskinstance.py:1238} INFO - 
--------------------------------------------------------------------------------
[2023-01-24 01:03:22,897] {taskinstance.py:1239} INFO - Starting attempt 1 of 1
[2023-01-24 01:03:22,897] {taskinstance.py:1240} INFO - 
--------------------------------------------------------------------------------
[2023-01-24 01:03:22,925] {taskinstance.py:1259} INFO - Executing <Task(BashOperator): wget> on 2022-10-02 06:00:00+00:00
[2023-01-24 01:03:22,930] {standard_task_runner.py:52} INFO - Started process 839 to run task
[2023-01-24 01:03:22,961] {standard_task_runner.py:76} INFO - Running: ['***', 'tasks', 'run', 'LocalIngestionDag', 'wget', 'scheduled__2022-10-02T06:00:00+00:00', '--job-id', '46', '--raw', '--subdir', 'DAGS_FOLDER/data_ingestion_local.py', '--cfg-path', '/tmp/tmpb43ncwfb', '--error-file', '/tmp/tmpmasr_d42']
[2023-01-24 01:03:22,963] {standard_task_runner.py:77} INFO - Job 46: Subtask wget
[2023-01-24 01:03:23,135] {logging_mixin.py:109} INFO - Running <TaskInstance: LocalIngestionDag.wget scheduled__2022-10-02T06:00:00+00:00 [running]> on host 6018d13d82e3
[2023-01-24 01:03:23,321] {taskinstance.py:1426} INFO - Exporting the following env vars:
AIRFLOW_CTX_DAG_OWNER=***
AIRFLOW_CTX_DAG_ID=LocalIngestionDag
AIRFLOW_CTX_TASK_ID=wget
AIRFLOW_CTX_EXECUTION_DATE=2022-10-02T06:00:00+00:00
AIRFLOW_CTX_DAG_RUN_ID=scheduled__2022-10-02T06:00:00+00:00
[2023-01-24 01:03:23,322] {subprocess.py:62} INFO - Tmp dir root location: 
 /tmp
[2023-01-24 01:03:23,323] {subprocess.py:74} INFO - Running command: ['bash', '-c', 'echo "hello world"']
[2023-01-24 01:03:23,358] {subprocess.py:85} INFO - Output:
[2023-01-24 01:03:23,362] {subprocess.py:89} INFO - hello world
[2023-01-24 01:03:23,363] {subprocess.py:93} INFO - Command exited with return code 0
[2023-01-24 01:03:23,450] {taskinstance.py:1277} INFO - Marking task as SUCCESS. dag_id=LocalIngestionDag, task_id=wget, execution_date=20221002T060000, start_date=20230124T010322, end_date=20230124T010323
[2023-01-24 01:03:23,489] {local_task_job.py:154} INFO - Task exited with return code 0
[2023-01-24 01:03:23,579] {local_task_job.py:264} INFO - 1 downstream tasks scheduled from follow-on schedule check
