[2023-01-28 03:40:46,702] {taskinstance.py:1032} INFO - Dependencies all met for <TaskInstance: data_ingestion_fhv_dag.local_to_gcs_task scheduled__2019-03-01T00:00:00+00:00 [queued]>
[2023-01-28 03:40:46,713] {taskinstance.py:1032} INFO - Dependencies all met for <TaskInstance: data_ingestion_fhv_dag.local_to_gcs_task scheduled__2019-03-01T00:00:00+00:00 [queued]>
[2023-01-28 03:40:46,714] {taskinstance.py:1238} INFO - 
--------------------------------------------------------------------------------
[2023-01-28 03:40:46,715] {taskinstance.py:1239} INFO - Starting attempt 1 of 2
[2023-01-28 03:40:46,715] {taskinstance.py:1240} INFO - 
--------------------------------------------------------------------------------
[2023-01-28 03:40:46,729] {taskinstance.py:1259} INFO - Executing <Task(PythonOperator): local_to_gcs_task> on 2019-03-01 00:00:00+00:00
[2023-01-28 03:40:46,737] {standard_task_runner.py:52} INFO - Started process 20248 to run task
[2023-01-28 03:40:46,742] {standard_task_runner.py:76} INFO - Running: ['***', 'tasks', 'run', 'data_ingestion_fhv_dag', 'local_to_gcs_task', 'scheduled__2019-03-01T00:00:00+00:00', '--job-id', '162', '--raw', '--subdir', 'DAGS_FOLDER/data_ingestion_fhv_dag.py', '--cfg-path', '/tmp/tmpex_bvaaj', '--error-file', '/tmp/tmpvbczfhx0']
[2023-01-28 03:40:46,743] {standard_task_runner.py:77} INFO - Job 162: Subtask local_to_gcs_task
[2023-01-28 03:40:46,833] {logging_mixin.py:109} INFO - Running <TaskInstance: data_ingestion_fhv_dag.local_to_gcs_task scheduled__2019-03-01T00:00:00+00:00 [running]> on host adbf820de9e6
[2023-01-28 03:40:46,888] {logging_mixin.py:109} WARNING - /home/***/.local/lib/python3.7/site-packages/***/utils/context.py:152 AirflowContextDeprecationWarning: Accessing 'execution_date' from the template is deprecated and will be removed in a future version. Please use 'data_interval_start' or 'logical_date' instead.
[2023-01-28 03:40:46,918] {taskinstance.py:1426} INFO - Exporting the following env vars:
AIRFLOW_CTX_DAG_OWNER=***
AIRFLOW_CTX_DAG_ID=data_ingestion_fhv_dag
AIRFLOW_CTX_TASK_ID=local_to_gcs_task
AIRFLOW_CTX_EXECUTION_DATE=2019-03-01T00:00:00+00:00
AIRFLOW_CTX_DAG_RUN_ID=scheduled__2019-03-01T00:00:00+00:00
[2023-01-28 03:41:06,713] {python.py:175} INFO - Done. Returned value was: None
[2023-01-28 03:41:06,729] {taskinstance.py:1277} INFO - Marking task as SUCCESS. dag_id=data_ingestion_fhv_dag, task_id=local_to_gcs_task, execution_date=20190301T000000, start_date=20230128T034046, end_date=20230128T034106
[2023-01-28 03:41:06,782] {local_task_job.py:154} INFO - Task exited with return code 0
[2023-01-28 03:41:06,812] {local_task_job.py:264} INFO - 0 downstream tasks scheduled from follow-on schedule check
