[2023-01-28 04:12:10,887] {taskinstance.py:1032} INFO - Dependencies all met for <TaskInstance: data_ingestion_fhv_dag.bq_fhv_external_table_task scheduled__2019-02-01T00:00:00+00:00 [queued]>
[2023-01-28 04:12:10,897] {taskinstance.py:1032} INFO - Dependencies all met for <TaskInstance: data_ingestion_fhv_dag.bq_fhv_external_table_task scheduled__2019-02-01T00:00:00+00:00 [queued]>
[2023-01-28 04:12:10,898] {taskinstance.py:1238} INFO - 
--------------------------------------------------------------------------------
[2023-01-28 04:12:10,899] {taskinstance.py:1239} INFO - Starting attempt 1 of 2
[2023-01-28 04:12:10,899] {taskinstance.py:1240} INFO - 
--------------------------------------------------------------------------------
[2023-01-28 04:12:10,910] {taskinstance.py:1259} INFO - Executing <Task(BigQueryCreateExternalTableOperator): bq_fhv_external_table_task> on 2019-02-01 00:00:00+00:00
[2023-01-28 04:12:10,916] {standard_task_runner.py:52} INFO - Started process 24001 to run task
[2023-01-28 04:12:10,919] {standard_task_runner.py:76} INFO - Running: ['***', 'tasks', 'run', 'data_ingestion_fhv_dag', 'bq_fhv_external_table_task', 'scheduled__2019-02-01T00:00:00+00:00', '--job-id', '188', '--raw', '--subdir', 'DAGS_FOLDER/data_ingestion_fhv_dag.py', '--cfg-path', '/tmp/tmpnn0qaol3', '--error-file', '/tmp/tmp0xhuqe58']
[2023-01-28 04:12:10,921] {standard_task_runner.py:77} INFO - Job 188: Subtask bq_fhv_external_table_task
[2023-01-28 04:12:10,984] {logging_mixin.py:109} INFO - Running <TaskInstance: data_ingestion_fhv_dag.bq_fhv_external_table_task scheduled__2019-02-01T00:00:00+00:00 [running]> on host adbf820de9e6
[2023-01-28 04:12:11,054] {taskinstance.py:1426} INFO - Exporting the following env vars:
AIRFLOW_CTX_DAG_OWNER=***
AIRFLOW_CTX_DAG_ID=data_ingestion_fhv_dag
AIRFLOW_CTX_TASK_ID=bq_fhv_external_table_task
AIRFLOW_CTX_EXECUTION_DATE=2019-02-01T00:00:00+00:00
AIRFLOW_CTX_DAG_RUN_ID=scheduled__2019-02-01T00:00:00+00:00
[2023-01-28 04:12:11,056] {crypto.py:82} WARNING - empty cryptography key - values will not be stored encrypted.
[2023-01-28 04:12:12,275] {taskinstance.py:1277} INFO - Marking task as SUCCESS. dag_id=data_ingestion_fhv_dag, task_id=bq_fhv_external_table_task, execution_date=20190201T000000, start_date=20230128T041210, end_date=20230128T041212
[2023-01-28 04:12:12,323] {local_task_job.py:154} INFO - Task exited with return code 0
[2023-01-28 04:12:12,361] {local_task_job.py:264} INFO - 0 downstream tasks scheduled from follow-on schedule check
[2023-01-29 13:24:04,924] {taskinstance.py:1032} INFO - Dependencies all met for <TaskInstance: data_ingestion_fhv_dag.bq_fhv_external_table_task scheduled__2019-02-01T00:00:00+00:00 [queued]>
[2023-01-29 13:24:04,937] {taskinstance.py:1032} INFO - Dependencies all met for <TaskInstance: data_ingestion_fhv_dag.bq_fhv_external_table_task scheduled__2019-02-01T00:00:00+00:00 [queued]>
[2023-01-29 13:24:04,938] {taskinstance.py:1238} INFO - 
--------------------------------------------------------------------------------
[2023-01-29 13:24:04,939] {taskinstance.py:1239} INFO - Starting attempt 1 of 2
[2023-01-29 13:24:04,940] {taskinstance.py:1240} INFO - 
--------------------------------------------------------------------------------
[2023-01-29 13:24:04,955] {taskinstance.py:1259} INFO - Executing <Task(BigQueryCreateExternalTableOperator): bq_fhv_external_table_task> on 2019-02-01 00:00:00+00:00
[2023-01-29 13:24:04,966] {standard_task_runner.py:52} INFO - Started process 1480 to run task
[2023-01-29 13:24:04,970] {standard_task_runner.py:76} INFO - Running: ['***', 'tasks', 'run', 'data_ingestion_fhv_dag', 'bq_fhv_external_table_task', 'scheduled__2019-02-01T00:00:00+00:00', '--job-id', '492', '--raw', '--subdir', 'DAGS_FOLDER/data_ingestion_fhv_dag.py', '--cfg-path', '/tmp/tmp56hi5y3o', '--error-file', '/tmp/tmpskukr69r']
[2023-01-29 13:24:04,971] {standard_task_runner.py:77} INFO - Job 492: Subtask bq_fhv_external_table_task
[2023-01-29 13:24:05,039] {logging_mixin.py:109} INFO - Running <TaskInstance: data_ingestion_fhv_dag.bq_fhv_external_table_task scheduled__2019-02-01T00:00:00+00:00 [running]> on host 2530f37057aa
[2023-01-29 13:24:05,097] {taskinstance.py:1426} INFO - Exporting the following env vars:
AIRFLOW_CTX_DAG_OWNER=***
AIRFLOW_CTX_DAG_ID=data_ingestion_fhv_dag
AIRFLOW_CTX_TASK_ID=bq_fhv_external_table_task
AIRFLOW_CTX_EXECUTION_DATE=2019-02-01T00:00:00+00:00
AIRFLOW_CTX_DAG_RUN_ID=scheduled__2019-02-01T00:00:00+00:00
[2023-01-29 13:24:05,099] {crypto.py:82} WARNING - empty cryptography key - values will not be stored encrypted.
[2023-01-29 13:24:06,191] {taskinstance.py:1277} INFO - Marking task as SUCCESS. dag_id=data_ingestion_fhv_dag, task_id=bq_fhv_external_table_task, execution_date=20190201T000000, start_date=20230129T132404, end_date=20230129T132406
[2023-01-29 13:24:06,250] {local_task_job.py:154} INFO - Task exited with return code 0
[2023-01-29 13:24:06,288] {local_task_job.py:264} INFO - 1 downstream tasks scheduled from follow-on schedule check
