[2023-01-28 04:32:27,403] {taskinstance.py:1032} INFO - Dependencies all met for <TaskInstance: data_ingestion_fhv_dag.bq_fhv_external_table_task scheduled__2019-02-01T00:00:00+00:00 [queued]>
[2023-01-28 04:32:27,414] {taskinstance.py:1032} INFO - Dependencies all met for <TaskInstance: data_ingestion_fhv_dag.bq_fhv_external_table_task scheduled__2019-02-01T00:00:00+00:00 [queued]>
[2023-01-28 04:32:27,415] {taskinstance.py:1238} INFO - 
--------------------------------------------------------------------------------
[2023-01-28 04:32:27,416] {taskinstance.py:1239} INFO - Starting attempt 4 of 4
[2023-01-28 04:32:27,417] {taskinstance.py:1240} INFO - 
--------------------------------------------------------------------------------
[2023-01-28 04:32:27,430] {taskinstance.py:1259} INFO - Executing <Task(BigQueryCreateExternalTableOperator): bq_fhv_external_table_task> on 2019-02-01 00:00:00+00:00
[2023-01-28 04:32:27,436] {standard_task_runner.py:52} INFO - Started process 26454 to run task
[2023-01-28 04:32:27,441] {standard_task_runner.py:76} INFO - Running: ['***', 'tasks', 'run', 'data_ingestion_fhv_dag', 'bq_fhv_external_table_task', 'scheduled__2019-02-01T00:00:00+00:00', '--job-id', '212', '--raw', '--subdir', 'DAGS_FOLDER/data_ingestion_fhv_dag.py', '--cfg-path', '/tmp/tmpsk7l2xbs', '--error-file', '/tmp/tmphgd52w37']
[2023-01-28 04:32:27,443] {standard_task_runner.py:77} INFO - Job 212: Subtask bq_fhv_external_table_task
[2023-01-28 04:32:27,518] {logging_mixin.py:109} INFO - Running <TaskInstance: data_ingestion_fhv_dag.bq_fhv_external_table_task scheduled__2019-02-01T00:00:00+00:00 [running]> on host adbf820de9e6
[2023-01-28 04:32:27,563] {logging_mixin.py:109} WARNING - /home/***/.local/lib/python3.7/site-packages/***/utils/context.py:152 AirflowContextDeprecationWarning: Accessing 'execution_date' from the template is deprecated and will be removed in a future version. Please use 'data_interval_start' or 'logical_date' instead.
[2023-01-28 04:32:27,587] {taskinstance.py:1426} INFO - Exporting the following env vars:
AIRFLOW_CTX_DAG_OWNER=***
AIRFLOW_CTX_DAG_ID=data_ingestion_fhv_dag
AIRFLOW_CTX_TASK_ID=bq_fhv_external_table_task
AIRFLOW_CTX_EXECUTION_DATE=2019-02-01T00:00:00+00:00
AIRFLOW_CTX_DAG_RUN_ID=scheduled__2019-02-01T00:00:00+00:00
[2023-01-28 04:32:27,590] {crypto.py:82} WARNING - empty cryptography key - values will not be stored encrypted.
[2023-01-28 04:32:28,768] {taskinstance.py:1277} INFO - Marking task as SUCCESS. dag_id=data_ingestion_fhv_dag, task_id=bq_fhv_external_table_task, execution_date=20190201T000000, start_date=20230128T043227, end_date=20230128T043228
[2023-01-28 04:32:28,821] {local_task_job.py:154} INFO - Task exited with return code 0
[2023-01-28 04:32:28,917] {local_task_job.py:264} INFO - 0 downstream tasks scheduled from follow-on schedule check
