[2023-01-29 06:19:26,712] {taskinstance.py:1032} INFO - Dependencies all met for <TaskInstance: data_ingestion_fhv_dag.bq_fhv_external_table_task scheduled__2019-02-01T00:00:00+00:00 [queued]>
[2023-01-29 06:19:26,724] {taskinstance.py:1032} INFO - Dependencies all met for <TaskInstance: data_ingestion_fhv_dag.bq_fhv_external_table_task scheduled__2019-02-01T00:00:00+00:00 [queued]>
[2023-01-29 06:19:26,725] {taskinstance.py:1238} INFO - 
--------------------------------------------------------------------------------
[2023-01-29 06:19:26,726] {taskinstance.py:1239} INFO - Starting attempt 5 of 6
[2023-01-29 06:19:26,727] {taskinstance.py:1240} INFO - 
--------------------------------------------------------------------------------
[2023-01-29 06:19:26,737] {taskinstance.py:1259} INFO - Executing <Task(BigQueryCreateExternalTableOperator): bq_fhv_external_table_task> on 2019-02-01 00:00:00+00:00
[2023-01-29 06:19:26,743] {standard_task_runner.py:52} INFO - Started process 41329 to run task
[2023-01-29 06:19:26,748] {standard_task_runner.py:76} INFO - Running: ['***', 'tasks', 'run', 'data_ingestion_fhv_dag', 'bq_fhv_external_table_task', 'scheduled__2019-02-01T00:00:00+00:00', '--job-id', '247', '--raw', '--subdir', 'DAGS_FOLDER/data_ingestion_fhv_dag.py', '--cfg-path', '/tmp/tmptb039kif', '--error-file', '/tmp/tmpjsnzduy6']
[2023-01-29 06:19:26,751] {standard_task_runner.py:77} INFO - Job 247: Subtask bq_fhv_external_table_task
[2023-01-29 06:19:26,813] {logging_mixin.py:109} INFO - Running <TaskInstance: data_ingestion_fhv_dag.bq_fhv_external_table_task scheduled__2019-02-01T00:00:00+00:00 [running]> on host adbf820de9e6
[2023-01-29 06:19:26,879] {taskinstance.py:1426} INFO - Exporting the following env vars:
AIRFLOW_CTX_DAG_OWNER=***
AIRFLOW_CTX_DAG_ID=data_ingestion_fhv_dag
AIRFLOW_CTX_TASK_ID=bq_fhv_external_table_task
AIRFLOW_CTX_EXECUTION_DATE=2019-02-01T00:00:00+00:00
AIRFLOW_CTX_DAG_RUN_ID=scheduled__2019-02-01T00:00:00+00:00
[2023-01-29 06:19:26,881] {crypto.py:82} WARNING - empty cryptography key - values will not be stored encrypted.
[2023-01-29 06:19:28,126] {taskinstance.py:1277} INFO - Marking task as SUCCESS. dag_id=data_ingestion_fhv_dag, task_id=bq_fhv_external_table_task, execution_date=20190201T000000, start_date=20230129T061926, end_date=20230129T061928
[2023-01-29 06:19:28,182] {local_task_job.py:154} INFO - Task exited with return code 0
[2023-01-29 06:19:28,217] {local_task_job.py:264} INFO - 1 downstream tasks scheduled from follow-on schedule check
