[2023-01-29 06:26:11,264] {taskinstance.py:1032} INFO - Dependencies all met for <TaskInstance: data_ingestion_fhv_dag.bq_fhv_external_table_task scheduled__2019-02-01T00:00:00+00:00 [queued]>
[2023-01-29 06:26:11,277] {taskinstance.py:1032} INFO - Dependencies all met for <TaskInstance: data_ingestion_fhv_dag.bq_fhv_external_table_task scheduled__2019-02-01T00:00:00+00:00 [queued]>
[2023-01-29 06:26:11,278] {taskinstance.py:1238} INFO - 
--------------------------------------------------------------------------------
[2023-01-29 06:26:11,279] {taskinstance.py:1239} INFO - Starting attempt 6 of 6
[2023-01-29 06:26:11,280] {taskinstance.py:1240} INFO - 
--------------------------------------------------------------------------------
[2023-01-29 06:26:11,292] {taskinstance.py:1259} INFO - Executing <Task(BigQueryCreateExternalTableOperator): bq_fhv_external_table_task> on 2019-02-01 00:00:00+00:00
[2023-01-29 06:26:11,299] {standard_task_runner.py:52} INFO - Started process 42184 to run task
[2023-01-29 06:26:11,303] {standard_task_runner.py:76} INFO - Running: ['***', 'tasks', 'run', 'data_ingestion_fhv_dag', 'bq_fhv_external_table_task', 'scheduled__2019-02-01T00:00:00+00:00', '--job-id', '257', '--raw', '--subdir', 'DAGS_FOLDER/data_ingestion_fhv_dag.py', '--cfg-path', '/tmp/tmpt81cbg1j', '--error-file', '/tmp/tmp201slq0z']
[2023-01-29 06:26:11,305] {standard_task_runner.py:77} INFO - Job 257: Subtask bq_fhv_external_table_task
[2023-01-29 06:26:11,369] {logging_mixin.py:109} INFO - Running <TaskInstance: data_ingestion_fhv_dag.bq_fhv_external_table_task scheduled__2019-02-01T00:00:00+00:00 [running]> on host adbf820de9e6
[2023-01-29 06:26:11,429] {taskinstance.py:1426} INFO - Exporting the following env vars:
AIRFLOW_CTX_DAG_OWNER=***
AIRFLOW_CTX_DAG_ID=data_ingestion_fhv_dag
AIRFLOW_CTX_TASK_ID=bq_fhv_external_table_task
AIRFLOW_CTX_EXECUTION_DATE=2019-02-01T00:00:00+00:00
AIRFLOW_CTX_DAG_RUN_ID=scheduled__2019-02-01T00:00:00+00:00
[2023-01-29 06:26:11,431] {crypto.py:82} WARNING - empty cryptography key - values will not be stored encrypted.
[2023-01-29 06:26:12,454] {taskinstance.py:1277} INFO - Marking task as SUCCESS. dag_id=data_ingestion_fhv_dag, task_id=bq_fhv_external_table_task, execution_date=20190201T000000, start_date=20230129T062611, end_date=20230129T062612
[2023-01-29 06:26:12,501] {local_task_job.py:154} INFO - Task exited with return code 0
[2023-01-29 06:26:12,546] {local_task_job.py:264} INFO - 1 downstream tasks scheduled from follow-on schedule check
