[2023-01-28 03:43:13,431] {taskinstance.py:1032} INFO - Dependencies all met for <TaskInstance: data_ingestion_fhv_dag.local_to_gcs_task scheduled__2019-12-01T00:00:00+00:00 [queued]>
[2023-01-28 03:43:13,443] {taskinstance.py:1032} INFO - Dependencies all met for <TaskInstance: data_ingestion_fhv_dag.local_to_gcs_task scheduled__2019-12-01T00:00:00+00:00 [queued]>
[2023-01-28 03:43:13,445] {taskinstance.py:1238} INFO - 
--------------------------------------------------------------------------------
[2023-01-28 03:43:13,447] {taskinstance.py:1239} INFO - Starting attempt 1 of 2
[2023-01-28 03:43:13,448] {taskinstance.py:1240} INFO - 
--------------------------------------------------------------------------------
[2023-01-28 03:43:13,459] {taskinstance.py:1259} INFO - Executing <Task(PythonOperator): local_to_gcs_task> on 2019-12-01 00:00:00+00:00
[2023-01-28 03:43:13,465] {standard_task_runner.py:52} INFO - Started process 20658 to run task
[2023-01-28 03:43:13,469] {standard_task_runner.py:76} INFO - Running: ['***', 'tasks', 'run', 'data_ingestion_fhv_dag', 'local_to_gcs_task', 'scheduled__2019-12-01T00:00:00+00:00', '--job-id', '178', '--raw', '--subdir', 'DAGS_FOLDER/data_ingestion_fhv_dag.py', '--cfg-path', '/tmp/tmp2yarm5r0', '--error-file', '/tmp/tmpe61jdylg']
[2023-01-28 03:43:13,471] {standard_task_runner.py:77} INFO - Job 178: Subtask local_to_gcs_task
[2023-01-28 03:43:13,538] {logging_mixin.py:109} INFO - Running <TaskInstance: data_ingestion_fhv_dag.local_to_gcs_task scheduled__2019-12-01T00:00:00+00:00 [running]> on host adbf820de9e6
[2023-01-28 03:43:13,595] {logging_mixin.py:109} WARNING - /home/***/.local/lib/python3.7/site-packages/***/utils/context.py:152 AirflowContextDeprecationWarning: Accessing 'execution_date' from the template is deprecated and will be removed in a future version. Please use 'data_interval_start' or 'logical_date' instead.
[2023-01-28 03:43:13,621] {taskinstance.py:1426} INFO - Exporting the following env vars:
AIRFLOW_CTX_DAG_OWNER=***
AIRFLOW_CTX_DAG_ID=data_ingestion_fhv_dag
AIRFLOW_CTX_TASK_ID=local_to_gcs_task
AIRFLOW_CTX_EXECUTION_DATE=2019-12-01T00:00:00+00:00
AIRFLOW_CTX_DAG_RUN_ID=scheduled__2019-12-01T00:00:00+00:00
[2023-01-28 03:43:36,533] {python.py:175} INFO - Done. Returned value was: None
[2023-01-28 03:43:36,549] {taskinstance.py:1277} INFO - Marking task as SUCCESS. dag_id=data_ingestion_fhv_dag, task_id=local_to_gcs_task, execution_date=20191201T000000, start_date=20230128T034313, end_date=20230128T034336
[2023-01-28 03:43:36,601] {local_task_job.py:154} INFO - Task exited with return code 0
[2023-01-28 03:43:36,629] {local_task_job.py:264} INFO - 0 downstream tasks scheduled from follow-on schedule check
