[2023-01-28 04:33:18,691] {taskinstance.py:1032} INFO - Dependencies all met for <TaskInstance: data_ingestion_fhv_dag.bq_fhv_external_table_task scheduled__2019-08-01T00:00:00+00:00 [queued]>
[2023-01-28 04:33:18,708] {taskinstance.py:1032} INFO - Dependencies all met for <TaskInstance: data_ingestion_fhv_dag.bq_fhv_external_table_task scheduled__2019-08-01T00:00:00+00:00 [queued]>
[2023-01-28 04:33:18,709] {taskinstance.py:1238} INFO - 
--------------------------------------------------------------------------------
[2023-01-28 04:33:18,710] {taskinstance.py:1239} INFO - Starting attempt 1 of 2
[2023-01-28 04:33:18,711] {taskinstance.py:1240} INFO - 
--------------------------------------------------------------------------------
[2023-01-28 04:33:18,729] {taskinstance.py:1259} INFO - Executing <Task(BigQueryCreateExternalTableOperator): bq_fhv_external_table_task> on 2019-08-01 00:00:00+00:00
[2023-01-28 04:33:18,737] {standard_task_runner.py:52} INFO - Started process 26672 to run task
[2023-01-28 04:33:18,743] {standard_task_runner.py:76} INFO - Running: ['***', 'tasks', 'run', 'data_ingestion_fhv_dag', 'bq_fhv_external_table_task', 'scheduled__2019-08-01T00:00:00+00:00', '--job-id', '226', '--raw', '--subdir', 'DAGS_FOLDER/data_ingestion_fhv_dag.py', '--cfg-path', '/tmp/tmpi2ugpb20', '--error-file', '/tmp/tmp9h82y78l']
[2023-01-28 04:33:18,745] {standard_task_runner.py:77} INFO - Job 226: Subtask bq_fhv_external_table_task
[2023-01-28 04:33:18,838] {logging_mixin.py:109} INFO - Running <TaskInstance: data_ingestion_fhv_dag.bq_fhv_external_table_task scheduled__2019-08-01T00:00:00+00:00 [running]> on host adbf820de9e6
[2023-01-28 04:33:18,899] {logging_mixin.py:109} WARNING - /home/***/.local/lib/python3.7/site-packages/***/utils/context.py:152 AirflowContextDeprecationWarning: Accessing 'execution_date' from the template is deprecated and will be removed in a future version. Please use 'data_interval_start' or 'logical_date' instead.
[2023-01-28 04:33:18,924] {taskinstance.py:1426} INFO - Exporting the following env vars:
AIRFLOW_CTX_DAG_OWNER=***
AIRFLOW_CTX_DAG_ID=data_ingestion_fhv_dag
AIRFLOW_CTX_TASK_ID=bq_fhv_external_table_task
AIRFLOW_CTX_EXECUTION_DATE=2019-08-01T00:00:00+00:00
AIRFLOW_CTX_DAG_RUN_ID=scheduled__2019-08-01T00:00:00+00:00
[2023-01-28 04:33:18,926] {crypto.py:82} WARNING - empty cryptography key - values will not be stored encrypted.
[2023-01-28 04:33:20,737] {taskinstance.py:1277} INFO - Marking task as SUCCESS. dag_id=data_ingestion_fhv_dag, task_id=bq_fhv_external_table_task, execution_date=20190801T000000, start_date=20230128T043318, end_date=20230128T043320
[2023-01-28 04:33:20,793] {local_task_job.py:154} INFO - Task exited with return code 0
[2023-01-28 04:33:20,827] {local_task_job.py:264} INFO - 0 downstream tasks scheduled from follow-on schedule check
[2023-01-29 13:28:35,232] {taskinstance.py:1032} INFO - Dependencies all met for <TaskInstance: data_ingestion_fhv_dag.bq_fhv_external_table_task scheduled__2019-08-01T00:00:00+00:00 [queued]>
[2023-01-29 13:28:35,269] {taskinstance.py:1032} INFO - Dependencies all met for <TaskInstance: data_ingestion_fhv_dag.bq_fhv_external_table_task scheduled__2019-08-01T00:00:00+00:00 [queued]>
[2023-01-29 13:28:35,286] {taskinstance.py:1238} INFO - 
--------------------------------------------------------------------------------
[2023-01-29 13:28:35,303] {taskinstance.py:1239} INFO - Starting attempt 1 of 2
[2023-01-29 13:28:35,325] {taskinstance.py:1240} INFO - 
--------------------------------------------------------------------------------
[2023-01-29 13:28:35,373] {taskinstance.py:1259} INFO - Executing <Task(BigQueryCreateExternalTableOperator): bq_fhv_external_table_task> on 2019-08-01 00:00:00+00:00
[2023-01-29 13:28:35,382] {standard_task_runner.py:52} INFO - Started process 2236 to run task
[2023-01-29 13:28:35,388] {standard_task_runner.py:76} INFO - Running: ['***', 'tasks', 'run', 'data_ingestion_fhv_dag', 'bq_fhv_external_table_task', 'scheduled__2019-08-01T00:00:00+00:00', '--job-id', '507', '--raw', '--subdir', 'DAGS_FOLDER/data_ingestion_fhv_dag.py', '--cfg-path', '/tmp/tmpzbcurari', '--error-file', '/tmp/tmpwu0mst0e']
[2023-01-29 13:28:35,392] {standard_task_runner.py:77} INFO - Job 507: Subtask bq_fhv_external_table_task
[2023-01-29 13:28:35,494] {logging_mixin.py:109} INFO - Running <TaskInstance: data_ingestion_fhv_dag.bq_fhv_external_table_task scheduled__2019-08-01T00:00:00+00:00 [running]> on host 2530f37057aa
[2023-01-29 13:28:35,548] {taskinstance.py:1426} INFO - Exporting the following env vars:
AIRFLOW_CTX_DAG_OWNER=***
AIRFLOW_CTX_DAG_ID=data_ingestion_fhv_dag
AIRFLOW_CTX_TASK_ID=bq_fhv_external_table_task
AIRFLOW_CTX_EXECUTION_DATE=2019-08-01T00:00:00+00:00
AIRFLOW_CTX_DAG_RUN_ID=scheduled__2019-08-01T00:00:00+00:00
[2023-01-29 13:28:35,550] {crypto.py:82} WARNING - empty cryptography key - values will not be stored encrypted.
[2023-01-29 13:28:36,600] {taskinstance.py:1277} INFO - Marking task as SUCCESS. dag_id=data_ingestion_fhv_dag, task_id=bq_fhv_external_table_task, execution_date=20190801T000000, start_date=20230129T132835, end_date=20230129T132836
[2023-01-29 13:28:36,635] {local_task_job.py:154} INFO - Task exited with return code 0
[2023-01-29 13:28:36,665] {local_task_job.py:264} INFO - 1 downstream tasks scheduled from follow-on schedule check
