[2023-01-24 01:03:24,125] {taskinstance.py:1032} INFO - Dependencies all met for <TaskInstance: LocalIngestionDag.wget scheduled__2022-12-02T06:00:00+00:00 [queued]>
[2023-01-24 01:03:24,161] {taskinstance.py:1032} INFO - Dependencies all met for <TaskInstance: LocalIngestionDag.wget scheduled__2022-12-02T06:00:00+00:00 [queued]>
[2023-01-24 01:03:24,161] {taskinstance.py:1238} INFO - 
--------------------------------------------------------------------------------
[2023-01-24 01:03:24,161] {taskinstance.py:1239} INFO - Starting attempt 1 of 1
[2023-01-24 01:03:24,161] {taskinstance.py:1240} INFO - 
--------------------------------------------------------------------------------
[2023-01-24 01:03:24,201] {taskinstance.py:1259} INFO - Executing <Task(BashOperator): wget> on 2022-12-02 06:00:00+00:00
[2023-01-24 01:03:24,210] {standard_task_runner.py:52} INFO - Started process 855 to run task
[2023-01-24 01:03:24,221] {standard_task_runner.py:76} INFO - Running: ['***', 'tasks', 'run', 'LocalIngestionDag', 'wget', 'scheduled__2022-12-02T06:00:00+00:00', '--job-id', '51', '--raw', '--subdir', 'DAGS_FOLDER/data_ingestion_local.py', '--cfg-path', '/tmp/tmpe6w72pu4', '--error-file', '/tmp/tmp68en08zr']
[2023-01-24 01:03:24,224] {standard_task_runner.py:77} INFO - Job 51: Subtask wget
[2023-01-24 01:03:24,354] {logging_mixin.py:109} INFO - Running <TaskInstance: LocalIngestionDag.wget scheduled__2022-12-02T06:00:00+00:00 [running]> on host 6018d13d82e3
[2023-01-24 01:03:24,497] {taskinstance.py:1426} INFO - Exporting the following env vars:
AIRFLOW_CTX_DAG_OWNER=***
AIRFLOW_CTX_DAG_ID=LocalIngestionDag
AIRFLOW_CTX_TASK_ID=wget
AIRFLOW_CTX_EXECUTION_DATE=2022-12-02T06:00:00+00:00
AIRFLOW_CTX_DAG_RUN_ID=scheduled__2022-12-02T06:00:00+00:00
[2023-01-24 01:03:24,498] {subprocess.py:62} INFO - Tmp dir root location: 
 /tmp
[2023-01-24 01:03:24,499] {subprocess.py:74} INFO - Running command: ['bash', '-c', 'echo "hello world"']
[2023-01-24 01:03:24,519] {subprocess.py:85} INFO - Output:
[2023-01-24 01:03:24,522] {subprocess.py:89} INFO - hello world
[2023-01-24 01:03:24,523] {subprocess.py:93} INFO - Command exited with return code 0
[2023-01-24 01:03:24,607] {taskinstance.py:1277} INFO - Marking task as SUCCESS. dag_id=LocalIngestionDag, task_id=wget, execution_date=20221202T060000, start_date=20230124T010324, end_date=20230124T010324
[2023-01-24 01:03:24,671] {local_task_job.py:154} INFO - Task exited with return code 0
[2023-01-24 01:03:24,740] {local_task_job.py:264} INFO - 1 downstream tasks scheduled from follow-on schedule check
