[2023-01-27 22:47:29,667] {taskinstance.py:1032} INFO - Dependencies all met for <TaskInstance: data_ingestion_gcs_dag.format_to_parquet_task manual__2023-01-27T22:46:42.288296+00:00 [queued]>
[2023-01-27 22:47:29,679] {taskinstance.py:1032} INFO - Dependencies all met for <TaskInstance: data_ingestion_gcs_dag.format_to_parquet_task manual__2023-01-27T22:46:42.288296+00:00 [queued]>
[2023-01-27 22:47:29,680] {taskinstance.py:1238} INFO - 
--------------------------------------------------------------------------------
[2023-01-27 22:47:29,681] {taskinstance.py:1239} INFO - Starting attempt 1 of 2
[2023-01-27 22:47:29,682] {taskinstance.py:1240} INFO - 
--------------------------------------------------------------------------------
[2023-01-27 22:47:29,694] {taskinstance.py:1259} INFO - Executing <Task(PythonOperator): format_to_parquet_task> on 2023-01-27 22:46:42.288296+00:00
[2023-01-27 22:47:29,701] {standard_task_runner.py:52} INFO - Started process 630 to run task
[2023-01-27 22:47:29,705] {standard_task_runner.py:76} INFO - Running: ['***', 'tasks', 'run', 'data_ingestion_gcs_dag', 'format_to_parquet_task', 'manual__2023-01-27T22:46:42.288296+00:00', '--job-id', '7', '--raw', '--subdir', 'DAGS_FOLDER/data_ingestion_gcs_dag.py', '--cfg-path', '/tmp/tmpl5s2dwif', '--error-file', '/tmp/tmp85fq_192']
[2023-01-27 22:47:29,707] {standard_task_runner.py:77} INFO - Job 7: Subtask format_to_parquet_task
[2023-01-27 22:47:29,782] {logging_mixin.py:109} INFO - Running <TaskInstance: data_ingestion_gcs_dag.format_to_parquet_task manual__2023-01-27T22:46:42.288296+00:00 [running]> on host 5bfe79d65a6d
[2023-01-27 22:47:29,852] {taskinstance.py:1426} INFO - Exporting the following env vars:
AIRFLOW_CTX_DAG_OWNER=***
AIRFLOW_CTX_DAG_ID=data_ingestion_gcs_dag
AIRFLOW_CTX_TASK_ID=format_to_parquet_task
AIRFLOW_CTX_EXECUTION_DATE=2023-01-27T22:46:42.288296+00:00
AIRFLOW_CTX_DAG_RUN_ID=manual__2023-01-27T22:46:42.288296+00:00
[2023-01-27 22:47:29,854] {data_ingestion_gcs_dag.py:27} ERROR - Can only accept source files in CSV format, for the moment
[2023-01-27 22:47:29,856] {python.py:175} INFO - Done. Returned value was: None
[2023-01-27 22:47:29,868] {taskinstance.py:1277} INFO - Marking task as SUCCESS. dag_id=data_ingestion_gcs_dag, task_id=format_to_parquet_task, execution_date=20230127T224642, start_date=20230127T224729, end_date=20230127T224729
[2023-01-27 22:47:29,922] {local_task_job.py:154} INFO - Task exited with return code 0
[2023-01-27 22:47:29,949] {local_task_job.py:264} INFO - 0 downstream tasks scheduled from follow-on schedule check
