[2023-01-27 22:47:36,432] {taskinstance.py:1032} INFO - Dependencies all met for <TaskInstance: data_ingestion_gcs_dag.local_to_gcs_task manual__2023-01-27T22:46:42.288296+00:00 [queued]>
[2023-01-27 22:47:36,443] {taskinstance.py:1032} INFO - Dependencies all met for <TaskInstance: data_ingestion_gcs_dag.local_to_gcs_task manual__2023-01-27T22:46:42.288296+00:00 [queued]>
[2023-01-27 22:47:36,444] {taskinstance.py:1238} INFO - 
--------------------------------------------------------------------------------
[2023-01-27 22:47:36,444] {taskinstance.py:1239} INFO - Starting attempt 1 of 2
[2023-01-27 22:47:36,445] {taskinstance.py:1240} INFO - 
--------------------------------------------------------------------------------
[2023-01-27 22:47:36,455] {taskinstance.py:1259} INFO - Executing <Task(PythonOperator): local_to_gcs_task> on 2023-01-27 22:46:42.288296+00:00
[2023-01-27 22:47:36,461] {standard_task_runner.py:52} INFO - Started process 651 to run task
[2023-01-27 22:47:36,465] {standard_task_runner.py:76} INFO - Running: ['***', 'tasks', 'run', 'data_ingestion_gcs_dag', 'local_to_gcs_task', 'manual__2023-01-27T22:46:42.288296+00:00', '--job-id', '8', '--raw', '--subdir', 'DAGS_FOLDER/data_ingestion_gcs_dag.py', '--cfg-path', '/tmp/tmp9705gbob', '--error-file', '/tmp/tmp_2acsjci']
[2023-01-27 22:47:36,467] {standard_task_runner.py:77} INFO - Job 8: Subtask local_to_gcs_task
[2023-01-27 22:47:36,525] {logging_mixin.py:109} INFO - Running <TaskInstance: data_ingestion_gcs_dag.local_to_gcs_task manual__2023-01-27T22:46:42.288296+00:00 [running]> on host 5bfe79d65a6d
[2023-01-27 22:47:36,635] {taskinstance.py:1426} INFO - Exporting the following env vars:
AIRFLOW_CTX_DAG_OWNER=***
AIRFLOW_CTX_DAG_ID=data_ingestion_gcs_dag
AIRFLOW_CTX_TASK_ID=local_to_gcs_task
AIRFLOW_CTX_EXECUTION_DATE=2023-01-27T22:46:42.288296+00:00
AIRFLOW_CTX_DAG_RUN_ID=manual__2023-01-27T22:46:42.288296+00:00
[2023-01-27 22:47:52,800] {python.py:175} INFO - Done. Returned value was: None
[2023-01-27 22:47:52,814] {taskinstance.py:1277} INFO - Marking task as SUCCESS. dag_id=data_ingestion_gcs_dag, task_id=local_to_gcs_task, execution_date=20230127T224642, start_date=20230127T224736, end_date=20230127T224752
[2023-01-27 22:47:52,848] {local_task_job.py:154} INFO - Task exited with return code 0
[2023-01-27 22:47:52,882] {local_task_job.py:264} INFO - 1 downstream tasks scheduled from follow-on schedule check
