[2023-01-24 11:32:22,650] {taskinstance.py:1032} INFO - Dependencies all met for <TaskInstance: data_ingestion_zone_dag.format_to_parquet_task scheduled__2019-01-01T00:00:00+00:00 [queued]>
[2023-01-24 11:32:22,662] {taskinstance.py:1032} INFO - Dependencies all met for <TaskInstance: data_ingestion_zone_dag.format_to_parquet_task scheduled__2019-01-01T00:00:00+00:00 [queued]>
[2023-01-24 11:32:22,663] {taskinstance.py:1238} INFO - 
--------------------------------------------------------------------------------
[2023-01-24 11:32:22,663] {taskinstance.py:1239} INFO - Starting attempt 1 of 2
[2023-01-24 11:32:22,663] {taskinstance.py:1240} INFO - 
--------------------------------------------------------------------------------
[2023-01-24 11:32:22,676] {taskinstance.py:1259} INFO - Executing <Task(PythonOperator): format_to_parquet_task> on 2019-01-01 00:00:00+00:00
[2023-01-24 11:32:22,685] {standard_task_runner.py:52} INFO - Started process 4635 to run task
[2023-01-24 11:32:22,690] {standard_task_runner.py:76} INFO - Running: ['***', 'tasks', 'run', 'data_ingestion_zone_dag', 'format_to_parquet_task', 'scheduled__2019-01-01T00:00:00+00:00', '--job-id', '167', '--raw', '--subdir', 'DAGS_FOLDER/data_ingestion_zone_dag.py', '--cfg-path', '/tmp/tmp905p5q4a', '--error-file', '/tmp/tmppydo3o6f']
[2023-01-24 11:32:22,691] {standard_task_runner.py:77} INFO - Job 167: Subtask format_to_parquet_task
[2023-01-24 11:32:22,772] {logging_mixin.py:109} INFO - Running <TaskInstance: data_ingestion_zone_dag.format_to_parquet_task scheduled__2019-01-01T00:00:00+00:00 [running]> on host 07340d4b95ab
[2023-01-24 11:32:22,862] {taskinstance.py:1426} INFO - Exporting the following env vars:
AIRFLOW_CTX_DAG_OWNER=***
AIRFLOW_CTX_DAG_ID=data_ingestion_zone_dag
AIRFLOW_CTX_TASK_ID=format_to_parquet_task
AIRFLOW_CTX_EXECUTION_DATE=2019-01-01T00:00:00+00:00
AIRFLOW_CTX_DAG_RUN_ID=scheduled__2019-01-01T00:00:00+00:00
[2023-01-24 11:32:23,000] {python.py:175} INFO - Done. Returned value was: None
[2023-01-24 11:32:23,016] {taskinstance.py:1277} INFO - Marking task as SUCCESS. dag_id=data_ingestion_zone_dag, task_id=format_to_parquet_task, execution_date=20190101T000000, start_date=20230124T113222, end_date=20230124T113223
[2023-01-24 11:32:23,065] {local_task_job.py:154} INFO - Task exited with return code 0
[2023-01-24 11:32:23,105] {local_task_job.py:264} INFO - 1 downstream tasks scheduled from follow-on schedule check
