[2023-01-24 11:38:15,583] {taskinstance.py:1032} INFO - Dependencies all met for <TaskInstance: data_ingestion_zone_dag.format_to_parquet_task scheduled__2019-01-01T00:00:00+00:00 [queued]>
[2023-01-24 11:38:15,596] {taskinstance.py:1032} INFO - Dependencies all met for <TaskInstance: data_ingestion_zone_dag.format_to_parquet_task scheduled__2019-01-01T00:00:00+00:00 [queued]>
[2023-01-24 11:38:15,596] {taskinstance.py:1238} INFO - 
--------------------------------------------------------------------------------
[2023-01-24 11:38:15,596] {taskinstance.py:1239} INFO - Starting attempt 2 of 3
[2023-01-24 11:38:15,596] {taskinstance.py:1240} INFO - 
--------------------------------------------------------------------------------
[2023-01-24 11:38:15,611] {taskinstance.py:1259} INFO - Executing <Task(PythonOperator): format_to_parquet_task> on 2019-01-01 00:00:00+00:00
[2023-01-24 11:38:15,619] {standard_task_runner.py:52} INFO - Started process 5341 to run task
[2023-01-24 11:38:15,626] {standard_task_runner.py:76} INFO - Running: ['***', 'tasks', 'run', 'data_ingestion_zone_dag', 'format_to_parquet_task', 'scheduled__2019-01-01T00:00:00+00:00', '--job-id', '173', '--raw', '--subdir', 'DAGS_FOLDER/data_ingestion_zone_dag.py', '--cfg-path', '/tmp/tmp8xvs87dy', '--error-file', '/tmp/tmpm8grlm0q']
[2023-01-24 11:38:15,627] {standard_task_runner.py:77} INFO - Job 173: Subtask format_to_parquet_task
[2023-01-24 11:38:15,697] {logging_mixin.py:109} INFO - Running <TaskInstance: data_ingestion_zone_dag.format_to_parquet_task scheduled__2019-01-01T00:00:00+00:00 [running]> on host 07340d4b95ab
[2023-01-24 11:38:15,769] {taskinstance.py:1426} INFO - Exporting the following env vars:
AIRFLOW_CTX_DAG_OWNER=***
AIRFLOW_CTX_DAG_ID=data_ingestion_zone_dag
AIRFLOW_CTX_TASK_ID=format_to_parquet_task
AIRFLOW_CTX_EXECUTION_DATE=2019-01-01T00:00:00+00:00
AIRFLOW_CTX_DAG_RUN_ID=scheduled__2019-01-01T00:00:00+00:00
[2023-01-24 11:38:15,888] {python.py:175} INFO - Done. Returned value was: None
[2023-01-24 11:38:15,905] {taskinstance.py:1277} INFO - Marking task as SUCCESS. dag_id=data_ingestion_zone_dag, task_id=format_to_parquet_task, execution_date=20190101T000000, start_date=20230124T113815, end_date=20230124T113815
[2023-01-24 11:38:15,961] {local_task_job.py:154} INFO - Task exited with return code 0
[2023-01-24 11:38:16,005] {local_task_job.py:264} INFO - 1 downstream tasks scheduled from follow-on schedule check
