[2023-01-28 00:57:01,217] {taskinstance.py:1032} INFO - Dependencies all met for <TaskInstance: data_ingestion_gcs_dag.local_to_gcs_task scheduled__2019-02-01T00:00:00+00:00 [queued]>
[2023-01-28 00:57:01,231] {taskinstance.py:1032} INFO - Dependencies all met for <TaskInstance: data_ingestion_gcs_dag.local_to_gcs_task scheduled__2019-02-01T00:00:00+00:00 [queued]>
[2023-01-28 00:57:01,233] {taskinstance.py:1238} INFO - 
--------------------------------------------------------------------------------
[2023-01-28 00:57:01,234] {taskinstance.py:1239} INFO - Starting attempt 1 of 2
[2023-01-28 00:57:01,235] {taskinstance.py:1240} INFO - 
--------------------------------------------------------------------------------
[2023-01-28 00:57:01,249] {taskinstance.py:1259} INFO - Executing <Task(PythonOperator): local_to_gcs_task> on 2019-02-01 00:00:00+00:00
[2023-01-28 00:57:01,256] {standard_task_runner.py:52} INFO - Started process 849 to run task
[2023-01-28 00:57:01,260] {standard_task_runner.py:76} INFO - Running: ['***', 'tasks', 'run', 'data_ingestion_gcs_dag', 'local_to_gcs_task', 'scheduled__2019-02-01T00:00:00+00:00', '--job-id', '73', '--raw', '--subdir', 'DAGS_FOLDER/data_ingestion_gcs_dag.py', '--cfg-path', '/tmp/tmpu815bqkx', '--error-file', '/tmp/tmpjrnxwpmb']
[2023-01-28 00:57:01,262] {standard_task_runner.py:77} INFO - Job 73: Subtask local_to_gcs_task
[2023-01-28 00:57:01,324] {logging_mixin.py:109} INFO - Running <TaskInstance: data_ingestion_gcs_dag.local_to_gcs_task scheduled__2019-02-01T00:00:00+00:00 [running]> on host adbf820de9e6
[2023-01-28 00:57:01,412] {logging_mixin.py:109} WARNING - /home/***/.local/lib/python3.7/site-packages/***/utils/context.py:152 AirflowContextDeprecationWarning: Accessing 'execution_date' from the template is deprecated and will be removed in a future version. Please use 'data_interval_start' or 'logical_date' instead.
[2023-01-28 00:57:01,452] {taskinstance.py:1426} INFO - Exporting the following env vars:
AIRFLOW_CTX_DAG_OWNER=***
AIRFLOW_CTX_DAG_ID=data_ingestion_gcs_dag
AIRFLOW_CTX_TASK_ID=local_to_gcs_task
AIRFLOW_CTX_EXECUTION_DATE=2019-02-01T00:00:00+00:00
AIRFLOW_CTX_DAG_RUN_ID=scheduled__2019-02-01T00:00:00+00:00
[2023-01-28 01:01:27,453] {python.py:175} INFO - Done. Returned value was: None
[2023-01-28 01:01:27,478] {taskinstance.py:1277} INFO - Marking task as SUCCESS. dag_id=data_ingestion_gcs_dag, task_id=local_to_gcs_task, execution_date=20190201T000000, start_date=20230128T005701, end_date=20230128T010127
[2023-01-28 01:01:27,511] {local_task_job.py:154} INFO - Task exited with return code 0
[2023-01-28 01:01:27,560] {local_task_job.py:264} INFO - 1 downstream tasks scheduled from follow-on schedule check
[2023-01-29 12:42:44,563] {taskinstance.py:1032} INFO - Dependencies all met for <TaskInstance: data_ingestion_gcs_dag.local_to_gcs_task scheduled__2019-02-01T00:00:00+00:00 [queued]>
[2023-01-29 12:42:44,575] {taskinstance.py:1032} INFO - Dependencies all met for <TaskInstance: data_ingestion_gcs_dag.local_to_gcs_task scheduled__2019-02-01T00:00:00+00:00 [queued]>
[2023-01-29 12:42:44,576] {taskinstance.py:1238} INFO - 
--------------------------------------------------------------------------------
[2023-01-29 12:42:44,577] {taskinstance.py:1239} INFO - Starting attempt 1 of 2
[2023-01-29 12:42:44,577] {taskinstance.py:1240} INFO - 
--------------------------------------------------------------------------------
[2023-01-29 12:42:44,588] {taskinstance.py:1259} INFO - Executing <Task(PythonOperator): local_to_gcs_task> on 2019-02-01 00:00:00+00:00
[2023-01-29 12:42:44,593] {standard_task_runner.py:52} INFO - Started process 6788 to run task
[2023-01-29 12:42:44,597] {standard_task_runner.py:76} INFO - Running: ['***', 'tasks', 'run', 'data_ingestion_gcs_dag', 'local_to_gcs_task', 'scheduled__2019-02-01T00:00:00+00:00', '--job-id', '393', '--raw', '--subdir', 'DAGS_FOLDER/data_ingestion_gcs_dag.py', '--cfg-path', '/tmp/tmp5w5x8z9f', '--error-file', '/tmp/tmp9j4z4ls_']
[2023-01-29 12:42:44,598] {standard_task_runner.py:77} INFO - Job 393: Subtask local_to_gcs_task
[2023-01-29 12:42:44,664] {logging_mixin.py:109} INFO - Running <TaskInstance: data_ingestion_gcs_dag.local_to_gcs_task scheduled__2019-02-01T00:00:00+00:00 [running]> on host 2530f37057aa
[2023-01-29 12:42:44,702] {logging_mixin.py:109} WARNING - /home/***/.local/lib/python3.7/site-packages/***/utils/context.py:152 AirflowContextDeprecationWarning: Accessing 'execution_date' from the template is deprecated and will be removed in a future version. Please use 'data_interval_start' or 'logical_date' instead.
[2023-01-29 12:42:44,720] {taskinstance.py:1426} INFO - Exporting the following env vars:
AIRFLOW_CTX_DAG_OWNER=***
AIRFLOW_CTX_DAG_ID=data_ingestion_gcs_dag
AIRFLOW_CTX_TASK_ID=local_to_gcs_task
AIRFLOW_CTX_EXECUTION_DATE=2019-02-01T00:00:00+00:00
AIRFLOW_CTX_DAG_RUN_ID=scheduled__2019-02-01T00:00:00+00:00
[2023-01-29 12:42:54,727] {python.py:175} INFO - Done. Returned value was: None
[2023-01-29 12:42:54,743] {taskinstance.py:1277} INFO - Marking task as SUCCESS. dag_id=data_ingestion_gcs_dag, task_id=local_to_gcs_task, execution_date=20190201T000000, start_date=20230129T124244, end_date=20230129T124254
[2023-01-29 12:42:54,772] {local_task_job.py:154} INFO - Task exited with return code 0
[2023-01-29 12:42:54,803] {local_task_job.py:264} INFO - 1 downstream tasks scheduled from follow-on schedule check
[2023-01-29 12:57:40,465] {taskinstance.py:1032} INFO - Dependencies all met for <TaskInstance: data_ingestion_gcs_dag.local_to_gcs_task scheduled__2019-02-01T00:00:00+00:00 [queued]>
[2023-01-29 12:57:41,671] {taskinstance.py:1032} INFO - Dependencies all met for <TaskInstance: data_ingestion_gcs_dag.local_to_gcs_task scheduled__2019-02-01T00:00:00+00:00 [queued]>
[2023-01-29 12:57:42,239] {taskinstance.py:1238} INFO - 
--------------------------------------------------------------------------------
[2023-01-29 12:57:42,264] {taskinstance.py:1239} INFO - Starting attempt 1 of 2
[2023-01-29 12:57:42,281] {taskinstance.py:1240} INFO - 
--------------------------------------------------------------------------------
[2023-01-29 12:57:46,158] {taskinstance.py:1259} INFO - Executing <Task(PythonOperator): local_to_gcs_task> on 2019-02-01 00:00:00+00:00
[2023-01-29 12:57:46,194] {standard_task_runner.py:52} INFO - Started process 1295 to run task
[2023-01-29 12:57:46,273] {standard_task_runner.py:76} INFO - Running: ['***', 'tasks', 'run', 'data_ingestion_gcs_dag', 'local_to_gcs_task', 'scheduled__2019-02-01T00:00:00+00:00', '--job-id', '442', '--raw', '--subdir', 'DAGS_FOLDER/data_ingestion_gcs_dag.py', '--cfg-path', '/tmp/tmpmuxr9v_l', '--error-file', '/tmp/tmprs_g8r7x']
[2023-01-29 12:57:46,297] {standard_task_runner.py:77} INFO - Job 442: Subtask local_to_gcs_task
[2023-01-29 12:57:46,524] {logging_mixin.py:109} INFO - Running <TaskInstance: data_ingestion_gcs_dag.local_to_gcs_task scheduled__2019-02-01T00:00:00+00:00 [running]> on host 2530f37057aa
[2023-01-29 12:57:46,790] {logging_mixin.py:109} WARNING - /home/***/.local/lib/python3.7/site-packages/***/utils/context.py:152 AirflowContextDeprecationWarning: Accessing 'execution_date' from the template is deprecated and will be removed in a future version. Please use 'data_interval_start' or 'logical_date' instead.
[2023-01-29 12:57:46,854] {taskinstance.py:1426} INFO - Exporting the following env vars:
AIRFLOW_CTX_DAG_OWNER=***
AIRFLOW_CTX_DAG_ID=data_ingestion_gcs_dag
AIRFLOW_CTX_TASK_ID=local_to_gcs_task
AIRFLOW_CTX_EXECUTION_DATE=2019-02-01T00:00:00+00:00
AIRFLOW_CTX_DAG_RUN_ID=scheduled__2019-02-01T00:00:00+00:00
[2023-01-29 12:57:46,940] {taskinstance.py:1700} ERROR - Task failed with exception
Traceback (most recent call last):
  File "/home/airflow/.local/lib/python3.7/site-packages/airflow/models/taskinstance.py", line 1329, in _run_raw_task
    self._execute_task_with_callbacks(context)
  File "/home/airflow/.local/lib/python3.7/site-packages/airflow/models/taskinstance.py", line 1455, in _execute_task_with_callbacks
    result = self._execute_task(context, self.task)
  File "/home/airflow/.local/lib/python3.7/site-packages/airflow/models/taskinstance.py", line 1511, in _execute_task
    result = execute_callable(context=context)
  File "/home/airflow/.local/lib/python3.7/site-packages/airflow/operators/python.py", line 174, in execute
    return_value = self.execute_callable()
  File "/home/airflow/.local/lib/python3.7/site-packages/airflow/operators/python.py", line 185, in execute_callable
    return self.python_callable(*self.op_args, **self.op_kwargs)
  File "/opt/airflow/dags/data_ingestion_gcs_dag.py", line 58, in upload_to_gcs
    blob.upload_from_filename(local_file)
  File "/home/airflow/.local/lib/python3.7/site-packages/google/cloud/storage/blob.py", line 2720, in upload_from_filename
    with open(filename, "rb") as file_obj:
FileNotFoundError: [Errno 2] No such file or directory: '/opt/airflow/fhv_tripdata_2019-02.parquet'
[2023-01-29 12:57:47,047] {taskinstance.py:1277} INFO - Marking task as UP_FOR_RETRY. dag_id=data_ingestion_gcs_dag, task_id=local_to_gcs_task, execution_date=20190201T000000, start_date=20230129T125740, end_date=20230129T125747
[2023-01-29 12:57:47,097] {standard_task_runner.py:92} ERROR - Failed to execute job 442 for task local_to_gcs_task
Traceback (most recent call last):
  File "/home/airflow/.local/lib/python3.7/site-packages/airflow/task/task_runner/standard_task_runner.py", line 85, in _start_by_fork
    args.func(args, dag=self.dag)
  File "/home/airflow/.local/lib/python3.7/site-packages/airflow/cli/cli_parser.py", line 48, in command
    return func(*args, **kwargs)
  File "/home/airflow/.local/lib/python3.7/site-packages/airflow/utils/cli.py", line 92, in wrapper
    return f(*args, **kwargs)
  File "/home/airflow/.local/lib/python3.7/site-packages/airflow/cli/commands/task_command.py", line 298, in task_run
    _run_task_by_selected_method(args, dag, ti)
  File "/home/airflow/.local/lib/python3.7/site-packages/airflow/cli/commands/task_command.py", line 107, in _run_task_by_selected_method
    _run_raw_task(args, ti)
  File "/home/airflow/.local/lib/python3.7/site-packages/airflow/cli/commands/task_command.py", line 184, in _run_raw_task
    error_file=args.error_file,
  File "/home/airflow/.local/lib/python3.7/site-packages/airflow/utils/session.py", line 70, in wrapper
    return func(*args, session=session, **kwargs)
  File "/home/airflow/.local/lib/python3.7/site-packages/airflow/models/taskinstance.py", line 1329, in _run_raw_task
    self._execute_task_with_callbacks(context)
  File "/home/airflow/.local/lib/python3.7/site-packages/airflow/models/taskinstance.py", line 1455, in _execute_task_with_callbacks
    result = self._execute_task(context, self.task)
  File "/home/airflow/.local/lib/python3.7/site-packages/airflow/models/taskinstance.py", line 1511, in _execute_task
    result = execute_callable(context=context)
  File "/home/airflow/.local/lib/python3.7/site-packages/airflow/operators/python.py", line 174, in execute
    return_value = self.execute_callable()
  File "/home/airflow/.local/lib/python3.7/site-packages/airflow/operators/python.py", line 185, in execute_callable
    return self.python_callable(*self.op_args, **self.op_kwargs)
  File "/opt/airflow/dags/data_ingestion_gcs_dag.py", line 58, in upload_to_gcs
    blob.upload_from_filename(local_file)
  File "/home/airflow/.local/lib/python3.7/site-packages/google/cloud/storage/blob.py", line 2720, in upload_from_filename
    with open(filename, "rb") as file_obj:
FileNotFoundError: [Errno 2] No such file or directory: '/opt/airflow/fhv_tripdata_2019-02.parquet'
[2023-01-29 12:57:47,132] {local_task_job.py:154} INFO - Task exited with return code 1
[2023-01-29 12:57:47,180] {local_task_job.py:264} INFO - 0 downstream tasks scheduled from follow-on schedule check
