[2023-01-29 10:18:20,990] {taskinstance.py:1032} INFO - Dependencies all met for <TaskInstance: data_ingestion_gcs_dag.local_to_gcs_task scheduled__2019-02-01T00:00:00+00:00 [queued]>
[2023-01-29 10:18:21,000] {taskinstance.py:1032} INFO - Dependencies all met for <TaskInstance: data_ingestion_gcs_dag.local_to_gcs_task scheduled__2019-02-01T00:00:00+00:00 [queued]>
[2023-01-29 10:18:21,001] {taskinstance.py:1238} INFO - 
--------------------------------------------------------------------------------
[2023-01-29 10:18:21,001] {taskinstance.py:1239} INFO - Starting attempt 4 of 5
[2023-01-29 10:18:21,002] {taskinstance.py:1240} INFO - 
--------------------------------------------------------------------------------
[2023-01-29 10:18:21,013] {taskinstance.py:1259} INFO - Executing <Task(PythonOperator): local_to_gcs_task> on 2019-02-01 00:00:00+00:00
[2023-01-29 10:18:21,018] {standard_task_runner.py:52} INFO - Started process 26469 to run task
[2023-01-29 10:18:21,021] {standard_task_runner.py:76} INFO - Running: ['***', 'tasks', 'run', 'data_ingestion_gcs_dag', 'local_to_gcs_task', 'scheduled__2019-02-01T00:00:00+00:00', '--job-id', '298', '--raw', '--subdir', 'DAGS_FOLDER/data_ingestion_gcs_dag.py', '--cfg-path', '/tmp/tmpxmrgxo3w', '--error-file', '/tmp/tmpsfr5w9l5']
[2023-01-29 10:18:21,023] {standard_task_runner.py:77} INFO - Job 298: Subtask local_to_gcs_task
[2023-01-29 10:18:21,080] {logging_mixin.py:109} INFO - Running <TaskInstance: data_ingestion_gcs_dag.local_to_gcs_task scheduled__2019-02-01T00:00:00+00:00 [running]> on host 066784a7791c
[2023-01-29 10:18:21,124] {logging_mixin.py:109} WARNING - /home/***/.local/lib/python3.7/site-packages/***/utils/context.py:152 AirflowContextDeprecationWarning: Accessing 'execution_date' from the template is deprecated and will be removed in a future version. Please use 'data_interval_start' or 'logical_date' instead.
[2023-01-29 10:18:21,142] {taskinstance.py:1426} INFO - Exporting the following env vars:
AIRFLOW_CTX_DAG_OWNER=***
AIRFLOW_CTX_DAG_ID=data_ingestion_gcs_dag
AIRFLOW_CTX_TASK_ID=local_to_gcs_task
AIRFLOW_CTX_EXECUTION_DATE=2019-02-01T00:00:00+00:00
AIRFLOW_CTX_DAG_RUN_ID=scheduled__2019-02-01T00:00:00+00:00
[2023-01-29 10:18:31,032] {python.py:175} INFO - Done. Returned value was: None
[2023-01-29 10:18:31,057] {taskinstance.py:1277} INFO - Marking task as SUCCESS. dag_id=data_ingestion_gcs_dag, task_id=local_to_gcs_task, execution_date=20190201T000000, start_date=20230129T101820, end_date=20230129T101831
[2023-01-29 10:18:31,149] {local_task_job.py:154} INFO - Task exited with return code 0
[2023-01-29 10:18:31,188] {local_task_job.py:264} INFO - 1 downstream tasks scheduled from follow-on schedule check
