[2023-01-29 12:31:34,352] {taskinstance.py:1032} INFO - Dependencies all met for <TaskInstance: data_ingestion_gcs_dag.local_to_gcs_task scheduled__2019-02-01T00:00:00+00:00 [queued]>
[2023-01-29 12:31:34,363] {taskinstance.py:1032} INFO - Dependencies all met for <TaskInstance: data_ingestion_gcs_dag.local_to_gcs_task scheduled__2019-02-01T00:00:00+00:00 [queued]>
[2023-01-29 12:31:34,364] {taskinstance.py:1238} INFO - 
--------------------------------------------------------------------------------
[2023-01-29 12:31:34,365] {taskinstance.py:1239} INFO - Starting attempt 5 of 6
[2023-01-29 12:31:34,366] {taskinstance.py:1240} INFO - 
--------------------------------------------------------------------------------
[2023-01-29 12:31:34,377] {taskinstance.py:1259} INFO - Executing <Task(PythonOperator): local_to_gcs_task> on 2019-02-01 00:00:00+00:00
[2023-01-29 12:31:34,383] {standard_task_runner.py:52} INFO - Started process 4907 to run task
[2023-01-29 12:31:34,387] {standard_task_runner.py:76} INFO - Running: ['***', 'tasks', 'run', 'data_ingestion_gcs_dag', 'local_to_gcs_task', 'scheduled__2019-02-01T00:00:00+00:00', '--job-id', '368', '--raw', '--subdir', 'DAGS_FOLDER/data_ingestion_gcs_dag.py', '--cfg-path', '/tmp/tmplnw12x4w', '--error-file', '/tmp/tmpclpup7wo']
[2023-01-29 12:31:34,388] {standard_task_runner.py:77} INFO - Job 368: Subtask local_to_gcs_task
[2023-01-29 12:31:34,444] {logging_mixin.py:109} INFO - Running <TaskInstance: data_ingestion_gcs_dag.local_to_gcs_task scheduled__2019-02-01T00:00:00+00:00 [running]> on host 2530f37057aa
[2023-01-29 12:31:34,486] {logging_mixin.py:109} WARNING - /home/***/.local/lib/python3.7/site-packages/***/utils/context.py:152 AirflowContextDeprecationWarning: Accessing 'execution_date' from the template is deprecated and will be removed in a future version. Please use 'data_interval_start' or 'logical_date' instead.
[2023-01-29 12:31:34,505] {taskinstance.py:1426} INFO - Exporting the following env vars:
AIRFLOW_CTX_DAG_OWNER=***
AIRFLOW_CTX_DAG_ID=data_ingestion_gcs_dag
AIRFLOW_CTX_TASK_ID=local_to_gcs_task
AIRFLOW_CTX_EXECUTION_DATE=2019-02-01T00:00:00+00:00
AIRFLOW_CTX_DAG_RUN_ID=scheduled__2019-02-01T00:00:00+00:00
[2023-01-29 12:31:44,345] {python.py:175} INFO - Done. Returned value was: None
[2023-01-29 12:31:44,369] {taskinstance.py:1277} INFO - Marking task as SUCCESS. dag_id=data_ingestion_gcs_dag, task_id=local_to_gcs_task, execution_date=20190201T000000, start_date=20230129T123134, end_date=20230129T123144
[2023-01-29 12:31:44,470] {local_task_job.py:154} INFO - Task exited with return code 0
[2023-01-29 12:31:44,512] {local_task_job.py:264} INFO - 1 downstream tasks scheduled from follow-on schedule check
