[2023-01-29 12:34:17,122] {taskinstance.py:1032} INFO - Dependencies all met for <TaskInstance: data_ingestion_gcs_dag.local_to_gcs_task scheduled__2019-02-01T00:00:00+00:00 [queued]>
[2023-01-29 12:34:17,135] {taskinstance.py:1032} INFO - Dependencies all met for <TaskInstance: data_ingestion_gcs_dag.local_to_gcs_task scheduled__2019-02-01T00:00:00+00:00 [queued]>
[2023-01-29 12:34:17,137] {taskinstance.py:1238} INFO - 
--------------------------------------------------------------------------------
[2023-01-29 12:34:17,138] {taskinstance.py:1239} INFO - Starting attempt 6 of 7
[2023-01-29 12:34:17,139] {taskinstance.py:1240} INFO - 
--------------------------------------------------------------------------------
[2023-01-29 12:34:17,153] {taskinstance.py:1259} INFO - Executing <Task(PythonOperator): local_to_gcs_task> on 2019-02-01 00:00:00+00:00
[2023-01-29 12:34:17,163] {standard_task_runner.py:52} INFO - Started process 5331 to run task
[2023-01-29 12:34:17,167] {standard_task_runner.py:76} INFO - Running: ['***', 'tasks', 'run', 'data_ingestion_gcs_dag', 'local_to_gcs_task', 'scheduled__2019-02-01T00:00:00+00:00', '--job-id', '372', '--raw', '--subdir', 'DAGS_FOLDER/data_ingestion_gcs_dag.py', '--cfg-path', '/tmp/tmp5v1860f3', '--error-file', '/tmp/tmpvw8ka8ko']
[2023-01-29 12:34:17,169] {standard_task_runner.py:77} INFO - Job 372: Subtask local_to_gcs_task
[2023-01-29 12:34:17,232] {logging_mixin.py:109} INFO - Running <TaskInstance: data_ingestion_gcs_dag.local_to_gcs_task scheduled__2019-02-01T00:00:00+00:00 [running]> on host 2530f37057aa
[2023-01-29 12:34:17,274] {logging_mixin.py:109} WARNING - /home/***/.local/lib/python3.7/site-packages/***/utils/context.py:152 AirflowContextDeprecationWarning: Accessing 'execution_date' from the template is deprecated and will be removed in a future version. Please use 'data_interval_start' or 'logical_date' instead.
[2023-01-29 12:34:17,295] {taskinstance.py:1426} INFO - Exporting the following env vars:
AIRFLOW_CTX_DAG_OWNER=***
AIRFLOW_CTX_DAG_ID=data_ingestion_gcs_dag
AIRFLOW_CTX_TASK_ID=local_to_gcs_task
AIRFLOW_CTX_EXECUTION_DATE=2019-02-01T00:00:00+00:00
AIRFLOW_CTX_DAG_RUN_ID=scheduled__2019-02-01T00:00:00+00:00
[2023-01-29 12:34:28,738] {python.py:175} INFO - Done. Returned value was: None
[2023-01-29 12:34:28,756] {taskinstance.py:1277} INFO - Marking task as SUCCESS. dag_id=data_ingestion_gcs_dag, task_id=local_to_gcs_task, execution_date=20190201T000000, start_date=20230129T123417, end_date=20230129T123428
[2023-01-29 12:34:28,800] {local_task_job.py:154} INFO - Task exited with return code 0
[2023-01-29 12:34:28,891] {local_task_job.py:264} INFO - 1 downstream tasks scheduled from follow-on schedule check
