[2023-01-28 01:12:04,236] {taskinstance.py:1032} INFO - Dependencies all met for <TaskInstance: data_ingestion_gcs_dag.download_dataset_task scheduled__2019-12-01T00:00:00+00:00 [queued]>
[2023-01-28 01:12:04,246] {taskinstance.py:1032} INFO - Dependencies all met for <TaskInstance: data_ingestion_gcs_dag.download_dataset_task scheduled__2019-12-01T00:00:00+00:00 [queued]>
[2023-01-28 01:12:04,247] {taskinstance.py:1238} INFO - 
--------------------------------------------------------------------------------
[2023-01-28 01:12:04,248] {taskinstance.py:1239} INFO - Starting attempt 1 of 2
[2023-01-28 01:12:04,249] {taskinstance.py:1240} INFO - 
--------------------------------------------------------------------------------
[2023-01-28 01:12:04,260] {taskinstance.py:1259} INFO - Executing <Task(BashOperator): download_dataset_task> on 2019-12-01 00:00:00+00:00
[2023-01-28 01:12:04,266] {standard_task_runner.py:52} INFO - Started process 2845 to run task
[2023-01-28 01:12:04,269] {standard_task_runner.py:76} INFO - Running: ['***', 'tasks', 'run', 'data_ingestion_gcs_dag', 'download_dataset_task', 'scheduled__2019-12-01T00:00:00+00:00', '--job-id', '106', '--raw', '--subdir', 'DAGS_FOLDER/data_ingestion_gcs_dag.py', '--cfg-path', '/tmp/tmpb0frhea8', '--error-file', '/tmp/tmpyjxwil74']
[2023-01-28 01:12:04,270] {standard_task_runner.py:77} INFO - Job 106: Subtask download_dataset_task
[2023-01-28 01:12:04,329] {logging_mixin.py:109} INFO - Running <TaskInstance: data_ingestion_gcs_dag.download_dataset_task scheduled__2019-12-01T00:00:00+00:00 [running]> on host adbf820de9e6
[2023-01-28 01:12:04,372] {logging_mixin.py:109} WARNING - /home/***/.local/lib/python3.7/site-packages/***/utils/context.py:152 AirflowContextDeprecationWarning: Accessing 'execution_date' from the template is deprecated and will be removed in a future version. Please use 'data_interval_start' or 'logical_date' instead.
[2023-01-28 01:12:04,391] {taskinstance.py:1426} INFO - Exporting the following env vars:
AIRFLOW_CTX_DAG_OWNER=***
AIRFLOW_CTX_DAG_ID=data_ingestion_gcs_dag
AIRFLOW_CTX_TASK_ID=download_dataset_task
AIRFLOW_CTX_EXECUTION_DATE=2019-12-01T00:00:00+00:00
AIRFLOW_CTX_DAG_RUN_ID=scheduled__2019-12-01T00:00:00+00:00
[2023-01-28 01:12:04,393] {subprocess.py:62} INFO - Tmp dir root location: 
 /tmp
[2023-01-28 01:12:04,394] {subprocess.py:74} INFO - Running command: ['bash', '-c', 'curl -sSL https://d37ci6vzurychx.cloudfront.net/trip-data/yellow_tripdata_2019-12.parquet > /opt/***/yellow_tripdata_2019-12.parquet']
[2023-01-28 01:12:04,407] {subprocess.py:85} INFO - Output:
[2023-01-28 01:12:20,105] {subprocess.py:93} INFO - Command exited with return code 0
[2023-01-28 01:12:20,129] {taskinstance.py:1277} INFO - Marking task as SUCCESS. dag_id=data_ingestion_gcs_dag, task_id=download_dataset_task, execution_date=20191201T000000, start_date=20230128T011204, end_date=20230128T011220
[2023-01-28 01:12:20,177] {local_task_job.py:154} INFO - Task exited with return code 0
[2023-01-28 01:12:20,219] {local_task_job.py:264} INFO - 1 downstream tasks scheduled from follow-on schedule check
[2023-01-29 12:47:11,498] {taskinstance.py:1032} INFO - Dependencies all met for <TaskInstance: data_ingestion_gcs_dag.download_dataset_task scheduled__2019-12-01T00:00:00+00:00 [queued]>
[2023-01-29 12:47:11,507] {taskinstance.py:1032} INFO - Dependencies all met for <TaskInstance: data_ingestion_gcs_dag.download_dataset_task scheduled__2019-12-01T00:00:00+00:00 [queued]>
[2023-01-29 12:47:11,508] {taskinstance.py:1238} INFO - 
--------------------------------------------------------------------------------
[2023-01-29 12:47:11,509] {taskinstance.py:1239} INFO - Starting attempt 1 of 2
[2023-01-29 12:47:11,510] {taskinstance.py:1240} INFO - 
--------------------------------------------------------------------------------
[2023-01-29 12:47:11,520] {taskinstance.py:1259} INFO - Executing <Task(BashOperator): download_dataset_task> on 2019-12-01 00:00:00+00:00
[2023-01-29 12:47:11,525] {standard_task_runner.py:52} INFO - Started process 7794 to run task
[2023-01-29 12:47:11,528] {standard_task_runner.py:76} INFO - Running: ['***', 'tasks', 'run', 'data_ingestion_gcs_dag', 'download_dataset_task', 'scheduled__2019-12-01T00:00:00+00:00', '--job-id', '427', '--raw', '--subdir', 'DAGS_FOLDER/data_ingestion_gcs_dag.py', '--cfg-path', '/tmp/tmpd0qta3p3', '--error-file', '/tmp/tmpnktr9ohz']
[2023-01-29 12:47:11,530] {standard_task_runner.py:77} INFO - Job 427: Subtask download_dataset_task
[2023-01-29 12:47:11,596] {logging_mixin.py:109} INFO - Running <TaskInstance: data_ingestion_gcs_dag.download_dataset_task scheduled__2019-12-01T00:00:00+00:00 [running]> on host 2530f37057aa
[2023-01-29 12:47:11,647] {logging_mixin.py:109} WARNING - /home/***/.local/lib/python3.7/site-packages/***/utils/context.py:152 AirflowContextDeprecationWarning: Accessing 'execution_date' from the template is deprecated and will be removed in a future version. Please use 'data_interval_start' or 'logical_date' instead.
[2023-01-29 12:47:11,667] {taskinstance.py:1426} INFO - Exporting the following env vars:
AIRFLOW_CTX_DAG_OWNER=***
AIRFLOW_CTX_DAG_ID=data_ingestion_gcs_dag
AIRFLOW_CTX_TASK_ID=download_dataset_task
AIRFLOW_CTX_EXECUTION_DATE=2019-12-01T00:00:00+00:00
AIRFLOW_CTX_DAG_RUN_ID=scheduled__2019-12-01T00:00:00+00:00
[2023-01-29 12:47:11,669] {subprocess.py:62} INFO - Tmp dir root location: 
 /tmp
[2023-01-29 12:47:11,670] {subprocess.py:74} INFO - Running command: ['bash', '-c', 'curl -sSL https://d37ci6vzurychx.cloudfront.net/trip-data/fhv_tripdata_2019-12.parquet > /opt/***/fhv_tripdata_2019-12.parquet']
[2023-01-29 12:47:11,683] {subprocess.py:85} INFO - Output:
[2023-01-29 12:47:17,241] {subprocess.py:93} INFO - Command exited with return code 0
[2023-01-29 12:47:18,781] {taskinstance.py:1277} INFO - Marking task as SUCCESS. dag_id=data_ingestion_gcs_dag, task_id=download_dataset_task, execution_date=20191201T000000, start_date=20230129T124711, end_date=20230129T124718
[2023-01-29 12:47:18,834] {local_task_job.py:154} INFO - Task exited with return code 0
[2023-01-29 12:47:18,925] {local_task_job.py:264} INFO - 1 downstream tasks scheduled from follow-on schedule check
