[2023-01-28 04:32:40,720] {taskinstance.py:1032} INFO - Dependencies all met for <TaskInstance: data_ingestion_fhv_dag.local_to_gcs_task scheduled__2019-05-01T00:00:00+00:00 [queued]>
[2023-01-28 04:32:40,735] {taskinstance.py:1032} INFO - Dependencies all met for <TaskInstance: data_ingestion_fhv_dag.local_to_gcs_task scheduled__2019-05-01T00:00:00+00:00 [queued]>
[2023-01-28 04:32:40,736] {taskinstance.py:1238} INFO - 
--------------------------------------------------------------------------------
[2023-01-28 04:32:40,738] {taskinstance.py:1239} INFO - Starting attempt 2 of 3
[2023-01-28 04:32:40,739] {taskinstance.py:1240} INFO - 
--------------------------------------------------------------------------------
[2023-01-28 04:32:40,757] {taskinstance.py:1259} INFO - Executing <Task(PythonOperator): local_to_gcs_task> on 2019-05-01 00:00:00+00:00
[2023-01-28 04:32:40,765] {standard_task_runner.py:52} INFO - Started process 26543 to run task
[2023-01-28 04:32:40,770] {standard_task_runner.py:76} INFO - Running: ['***', 'tasks', 'run', 'data_ingestion_fhv_dag', 'local_to_gcs_task', 'scheduled__2019-05-01T00:00:00+00:00', '--job-id', '218', '--raw', '--subdir', 'DAGS_FOLDER/data_ingestion_fhv_dag.py', '--cfg-path', '/tmp/tmp8ddkvhzg', '--error-file', '/tmp/tmpg4a23sh7']
[2023-01-28 04:32:40,773] {standard_task_runner.py:77} INFO - Job 218: Subtask local_to_gcs_task
[2023-01-28 04:32:40,899] {logging_mixin.py:109} INFO - Running <TaskInstance: data_ingestion_fhv_dag.local_to_gcs_task scheduled__2019-05-01T00:00:00+00:00 [running]> on host adbf820de9e6
[2023-01-28 04:32:41,013] {logging_mixin.py:109} WARNING - /home/***/.local/lib/python3.7/site-packages/***/utils/context.py:152 AirflowContextDeprecationWarning: Accessing 'execution_date' from the template is deprecated and will be removed in a future version. Please use 'data_interval_start' or 'logical_date' instead.
[2023-01-28 04:32:41,056] {taskinstance.py:1426} INFO - Exporting the following env vars:
AIRFLOW_CTX_DAG_OWNER=***
AIRFLOW_CTX_DAG_ID=data_ingestion_fhv_dag
AIRFLOW_CTX_TASK_ID=local_to_gcs_task
AIRFLOW_CTX_EXECUTION_DATE=2019-05-01T00:00:00+00:00
AIRFLOW_CTX_DAG_RUN_ID=scheduled__2019-05-01T00:00:00+00:00
[2023-01-28 04:33:10,787] {python.py:175} INFO - Done. Returned value was: None
[2023-01-28 04:33:10,825] {taskinstance.py:1277} INFO - Marking task as SUCCESS. dag_id=data_ingestion_fhv_dag, task_id=local_to_gcs_task, execution_date=20190501T000000, start_date=20230128T043240, end_date=20230128T043310
[2023-01-28 04:33:10,891] {local_task_job.py:154} INFO - Task exited with return code 0
[2023-01-28 04:33:10,970] {local_task_job.py:264} INFO - 1 downstream tasks scheduled from follow-on schedule check
