[2023-01-24 01:03:25,994] {taskinstance.py:1032} INFO - Dependencies all met for <TaskInstance: LocalIngestionDag.ingest scheduled__2022-12-02T06:00:00+00:00 [queued]>
[2023-01-24 01:03:26,010] {taskinstance.py:1032} INFO - Dependencies all met for <TaskInstance: LocalIngestionDag.ingest scheduled__2022-12-02T06:00:00+00:00 [queued]>
[2023-01-24 01:03:26,010] {taskinstance.py:1238} INFO - 
--------------------------------------------------------------------------------
[2023-01-24 01:03:26,010] {taskinstance.py:1239} INFO - Starting attempt 1 of 1
[2023-01-24 01:03:26,011] {taskinstance.py:1240} INFO - 
--------------------------------------------------------------------------------
[2023-01-24 01:03:26,028] {taskinstance.py:1259} INFO - Executing <Task(BashOperator): ingest> on 2022-12-02 06:00:00+00:00
[2023-01-24 01:03:26,041] {standard_task_runner.py:52} INFO - Started process 865 to run task
[2023-01-24 01:03:26,048] {standard_task_runner.py:76} INFO - Running: ['***', 'tasks', 'run', 'LocalIngestionDag', 'ingest', 'scheduled__2022-12-02T06:00:00+00:00', '--job-id', '54', '--raw', '--subdir', 'DAGS_FOLDER/data_ingestion_local.py', '--cfg-path', '/tmp/tmpeovv3ijf', '--error-file', '/tmp/tmpds9gkb56']
[2023-01-24 01:03:26,050] {standard_task_runner.py:77} INFO - Job 54: Subtask ingest
[2023-01-24 01:03:26,133] {logging_mixin.py:109} INFO - Running <TaskInstance: LocalIngestionDag.ingest scheduled__2022-12-02T06:00:00+00:00 [running]> on host 6018d13d82e3
[2023-01-24 01:03:26,207] {taskinstance.py:1426} INFO - Exporting the following env vars:
AIRFLOW_CTX_DAG_OWNER=***
AIRFLOW_CTX_DAG_ID=LocalIngestionDag
AIRFLOW_CTX_TASK_ID=ingest
AIRFLOW_CTX_EXECUTION_DATE=2022-12-02T06:00:00+00:00
AIRFLOW_CTX_DAG_RUN_ID=scheduled__2022-12-02T06:00:00+00:00
[2023-01-24 01:03:26,208] {subprocess.py:62} INFO - Tmp dir root location: 
 /tmp
[2023-01-24 01:03:26,209] {subprocess.py:74} INFO - Running command: ['bash', '-c', 'echo "hello world"']
[2023-01-24 01:03:26,220] {subprocess.py:85} INFO - Output:
[2023-01-24 01:03:26,223] {subprocess.py:89} INFO - hello world
[2023-01-24 01:03:26,223] {subprocess.py:93} INFO - Command exited with return code 0
[2023-01-24 01:03:26,256] {taskinstance.py:1277} INFO - Marking task as SUCCESS. dag_id=LocalIngestionDag, task_id=ingest, execution_date=20221202T060000, start_date=20230124T010325, end_date=20230124T010326
[2023-01-24 01:03:26,299] {local_task_job.py:154} INFO - Task exited with return code 0
[2023-01-24 01:03:26,339] {local_task_job.py:264} INFO - 0 downstream tasks scheduled from follow-on schedule check
