[2023-01-29 12:44:30,533] {taskinstance.py:1032} INFO - Dependencies all met for <TaskInstance: data_ingestion_gcs_dag.local_to_gcs_casted_task scheduled__2019-07-01T00:00:00+00:00 [queued]>
[2023-01-29 12:44:30,549] {taskinstance.py:1032} INFO - Dependencies all met for <TaskInstance: data_ingestion_gcs_dag.local_to_gcs_casted_task scheduled__2019-07-01T00:00:00+00:00 [queued]>
[2023-01-29 12:44:30,550] {taskinstance.py:1238} INFO - 
--------------------------------------------------------------------------------
[2023-01-29 12:44:30,551] {taskinstance.py:1239} INFO - Starting attempt 1 of 2
[2023-01-29 12:44:30,552] {taskinstance.py:1240} INFO - 
--------------------------------------------------------------------------------
[2023-01-29 12:44:30,567] {taskinstance.py:1259} INFO - Executing <Task(PythonOperator): local_to_gcs_casted_task> on 2019-07-01 00:00:00+00:00
[2023-01-29 12:44:30,574] {standard_task_runner.py:52} INFO - Started process 7238 to run task
[2023-01-29 12:44:30,579] {standard_task_runner.py:76} INFO - Running: ['***', 'tasks', 'run', 'data_ingestion_gcs_dag', 'local_to_gcs_casted_task', 'scheduled__2019-07-01T00:00:00+00:00', '--job-id', '408', '--raw', '--subdir', 'DAGS_FOLDER/data_ingestion_gcs_dag.py', '--cfg-path', '/tmp/tmpowvyd9c4', '--error-file', '/tmp/tmpbsdxhj61']
[2023-01-29 12:44:30,580] {standard_task_runner.py:77} INFO - Job 408: Subtask local_to_gcs_casted_task
[2023-01-29 12:44:30,664] {logging_mixin.py:109} INFO - Running <TaskInstance: data_ingestion_gcs_dag.local_to_gcs_casted_task scheduled__2019-07-01T00:00:00+00:00 [running]> on host 2530f37057aa
[2023-01-29 12:44:30,756] {logging_mixin.py:109} WARNING - /home/***/.local/lib/python3.7/site-packages/***/utils/context.py:152 AirflowContextDeprecationWarning: Accessing 'execution_date' from the template is deprecated and will be removed in a future version. Please use 'data_interval_start' or 'logical_date' instead.
[2023-01-29 12:44:30,810] {taskinstance.py:1426} INFO - Exporting the following env vars:
AIRFLOW_CTX_DAG_OWNER=***
AIRFLOW_CTX_DAG_ID=data_ingestion_gcs_dag
AIRFLOW_CTX_TASK_ID=local_to_gcs_casted_task
AIRFLOW_CTX_EXECUTION_DATE=2019-07-01T00:00:00+00:00
AIRFLOW_CTX_DAG_RUN_ID=scheduled__2019-07-01T00:00:00+00:00
[2023-01-29 12:45:15,802] {python.py:175} INFO - Done. Returned value was: None
[2023-01-29 12:45:15,919] {taskinstance.py:1277} INFO - Marking task as SUCCESS. dag_id=data_ingestion_gcs_dag, task_id=local_to_gcs_casted_task, execution_date=20190701T000000, start_date=20230129T124430, end_date=20230129T124515
[2023-01-29 12:45:15,991] {local_task_job.py:154} INFO - Task exited with return code 0
[2023-01-29 12:45:16,069] {local_task_job.py:264} INFO - 0 downstream tasks scheduled from follow-on schedule check
