[2023-01-24 01:03:10,610] {taskinstance.py:1032} INFO - Dependencies all met for <TaskInstance: LocalIngestionDag.ingest scheduled__2021-03-02T06:00:00+00:00 [queued]>
[2023-01-24 01:03:10,670] {taskinstance.py:1032} INFO - Dependencies all met for <TaskInstance: LocalIngestionDag.ingest scheduled__2021-03-02T06:00:00+00:00 [queued]>
[2023-01-24 01:03:10,673] {taskinstance.py:1238} INFO - 
--------------------------------------------------------------------------------
[2023-01-24 01:03:10,673] {taskinstance.py:1239} INFO - Starting attempt 1 of 1
[2023-01-24 01:03:10,673] {taskinstance.py:1240} INFO - 
--------------------------------------------------------------------------------
[2023-01-24 01:03:10,741] {taskinstance.py:1259} INFO - Executing <Task(BashOperator): ingest> on 2021-03-02 06:00:00+00:00
[2023-01-24 01:03:10,754] {standard_task_runner.py:52} INFO - Started process 738 to run task
[2023-01-24 01:03:10,785] {standard_task_runner.py:76} INFO - Running: ['***', 'tasks', 'run', 'LocalIngestionDag', 'ingest', 'scheduled__2021-03-02T06:00:00+00:00', '--job-id', '14', '--raw', '--subdir', 'DAGS_FOLDER/data_ingestion_local.py', '--cfg-path', '/tmp/tmpc4uzv7bf', '--error-file', '/tmp/tmps6nkl84s']
[2023-01-24 01:03:10,787] {standard_task_runner.py:77} INFO - Job 14: Subtask ingest
[2023-01-24 01:03:10,954] {logging_mixin.py:109} INFO - Running <TaskInstance: LocalIngestionDag.ingest scheduled__2021-03-02T06:00:00+00:00 [running]> on host 6018d13d82e3
[2023-01-24 01:03:11,136] {taskinstance.py:1426} INFO - Exporting the following env vars:
AIRFLOW_CTX_DAG_OWNER=***
AIRFLOW_CTX_DAG_ID=LocalIngestionDag
AIRFLOW_CTX_TASK_ID=ingest
AIRFLOW_CTX_EXECUTION_DATE=2021-03-02T06:00:00+00:00
AIRFLOW_CTX_DAG_RUN_ID=scheduled__2021-03-02T06:00:00+00:00
[2023-01-24 01:03:11,138] {subprocess.py:62} INFO - Tmp dir root location: 
 /tmp
[2023-01-24 01:03:11,138] {subprocess.py:74} INFO - Running command: ['bash', '-c', 'echo "hello world"']
[2023-01-24 01:03:11,203] {subprocess.py:85} INFO - Output:
[2023-01-24 01:03:11,210] {subprocess.py:89} INFO - hello world
[2023-01-24 01:03:11,213] {subprocess.py:93} INFO - Command exited with return code 0
[2023-01-24 01:03:11,298] {taskinstance.py:1277} INFO - Marking task as SUCCESS. dag_id=LocalIngestionDag, task_id=ingest, execution_date=20210302T060000, start_date=20230124T010310, end_date=20230124T010311
[2023-01-24 01:03:11,412] {local_task_job.py:154} INFO - Task exited with return code 0
[2023-01-24 01:03:11,504] {local_task_job.py:264} INFO - 0 downstream tasks scheduled from follow-on schedule check
