[2023-01-24 01:03:17,553] {taskinstance.py:1032} INFO - Dependencies all met for <TaskInstance: LocalIngestionDag.wget scheduled__2022-05-02T06:00:00+00:00 [queued]>
[2023-01-24 01:03:17,590] {taskinstance.py:1032} INFO - Dependencies all met for <TaskInstance: LocalIngestionDag.wget scheduled__2022-05-02T06:00:00+00:00 [queued]>
[2023-01-24 01:03:17,590] {taskinstance.py:1238} INFO - 
--------------------------------------------------------------------------------
[2023-01-24 01:03:17,590] {taskinstance.py:1239} INFO - Starting attempt 1 of 1
[2023-01-24 01:03:17,590] {taskinstance.py:1240} INFO - 
--------------------------------------------------------------------------------
[2023-01-24 01:03:17,627] {taskinstance.py:1259} INFO - Executing <Task(BashOperator): wget> on 2022-05-02 06:00:00+00:00
[2023-01-24 01:03:17,633] {standard_task_runner.py:52} INFO - Started process 805 to run task
[2023-01-24 01:03:17,668] {standard_task_runner.py:76} INFO - Running: ['***', 'tasks', 'run', 'LocalIngestionDag', 'wget', 'scheduled__2022-05-02T06:00:00+00:00', '--job-id', '37', '--raw', '--subdir', 'DAGS_FOLDER/data_ingestion_local.py', '--cfg-path', '/tmp/tmpfh8az4x7', '--error-file', '/tmp/tmpr8zianhr']
[2023-01-24 01:03:17,683] {standard_task_runner.py:77} INFO - Job 37: Subtask wget
[2023-01-24 01:03:17,883] {logging_mixin.py:109} INFO - Running <TaskInstance: LocalIngestionDag.wget scheduled__2022-05-02T06:00:00+00:00 [running]> on host 6018d13d82e3
[2023-01-24 01:03:18,059] {taskinstance.py:1426} INFO - Exporting the following env vars:
AIRFLOW_CTX_DAG_OWNER=***
AIRFLOW_CTX_DAG_ID=LocalIngestionDag
AIRFLOW_CTX_TASK_ID=wget
AIRFLOW_CTX_EXECUTION_DATE=2022-05-02T06:00:00+00:00
AIRFLOW_CTX_DAG_RUN_ID=scheduled__2022-05-02T06:00:00+00:00
[2023-01-24 01:03:18,060] {subprocess.py:62} INFO - Tmp dir root location: 
 /tmp
[2023-01-24 01:03:18,061] {subprocess.py:74} INFO - Running command: ['bash', '-c', 'echo "hello world"']
[2023-01-24 01:03:18,076] {subprocess.py:85} INFO - Output:
[2023-01-24 01:03:18,080] {subprocess.py:89} INFO - hello world
[2023-01-24 01:03:18,081] {subprocess.py:93} INFO - Command exited with return code 0
[2023-01-24 01:03:18,180] {taskinstance.py:1277} INFO - Marking task as SUCCESS. dag_id=LocalIngestionDag, task_id=wget, execution_date=20220502T060000, start_date=20230124T010317, end_date=20230124T010318
[2023-01-24 01:03:18,250] {local_task_job.py:154} INFO - Task exited with return code 0
[2023-01-24 01:03:18,334] {local_task_job.py:264} INFO - 1 downstream tasks scheduled from follow-on schedule check
