[2023-01-24 11:17:50,393] {processor.py:163} INFO - Started process (PID=2896) to work on /opt/airflow/dags/data_ingestion_zone_dag.py
[2023-01-24 11:17:50,394] {processor.py:642} INFO - Processing file /opt/airflow/dags/data_ingestion_zone_dag.py for tasks to queue
[2023-01-24 11:17:50,395] {logging_mixin.py:109} INFO - [2023-01-24 11:17:50,395] {dagbag.py:500} INFO - Filling up the DagBag from /opt/airflow/dags/data_ingestion_zone_dag.py
[2023-01-24 11:17:51,434] {logging_mixin.py:109} INFO - [2023-01-24 11:17:51,433] {dagbag.py:334} ERROR - Failed to import: /opt/airflow/dags/data_ingestion_zone_dag.py
Traceback (most recent call last):
  File "/home/airflow/.local/lib/python3.7/site-packages/airflow/models/dagbag.py", line 331, in _load_modules_from_file
    loader.exec_module(new_module)
  File "<frozen importlib._bootstrap_external>", line 728, in exec_module
  File "<frozen importlib._bootstrap>", line 219, in _call_with_frames_removed
  File "/opt/airflow/dags/data_ingestion_zone_dag.py", line 82, in <module>
    "src_file": f"{path_to_local_home}/{dataset_file}",
NameError: name 'path_to_local_home' is not defined
[2023-01-24 11:17:51,449] {processor.py:656} WARNING - No viable dags retrieved from /opt/airflow/dags/data_ingestion_zone_dag.py
[2023-01-24 11:17:51,461] {processor.py:171} INFO - Processing /opt/airflow/dags/data_ingestion_zone_dag.py took 1.072 seconds
[2023-01-24 11:18:21,558] {processor.py:163} INFO - Started process (PID=2954) to work on /opt/airflow/dags/data_ingestion_zone_dag.py
[2023-01-24 11:18:21,561] {processor.py:642} INFO - Processing file /opt/airflow/dags/data_ingestion_zone_dag.py for tasks to queue
[2023-01-24 11:18:21,562] {logging_mixin.py:109} INFO - [2023-01-24 11:18:21,562] {dagbag.py:500} INFO - Filling up the DagBag from /opt/airflow/dags/data_ingestion_zone_dag.py
[2023-01-24 11:18:22,554] {logging_mixin.py:109} INFO - [2023-01-24 11:18:22,553] {dagbag.py:334} ERROR - Failed to import: /opt/airflow/dags/data_ingestion_zone_dag.py
Traceback (most recent call last):
  File "/home/airflow/.local/lib/python3.7/site-packages/airflow/models/dagbag.py", line 331, in _load_modules_from_file
    loader.exec_module(new_module)
  File "<frozen importlib._bootstrap_external>", line 728, in exec_module
  File "<frozen importlib._bootstrap>", line 219, in _call_with_frames_removed
  File "/opt/airflow/dags/data_ingestion_zone_dag.py", line 82, in <module>
    "src_file": f"{path_to_local_home}/{dataset_file}",
NameError: name 'path_to_local_home' is not defined
[2023-01-24 11:18:22,571] {processor.py:656} WARNING - No viable dags retrieved from /opt/airflow/dags/data_ingestion_zone_dag.py
[2023-01-24 11:18:22,581] {processor.py:171} INFO - Processing /opt/airflow/dags/data_ingestion_zone_dag.py took 1.030 seconds
[2023-01-24 11:18:52,713] {processor.py:163} INFO - Started process (PID=3008) to work on /opt/airflow/dags/data_ingestion_zone_dag.py
[2023-01-24 11:18:52,716] {processor.py:642} INFO - Processing file /opt/airflow/dags/data_ingestion_zone_dag.py for tasks to queue
[2023-01-24 11:18:52,716] {logging_mixin.py:109} INFO - [2023-01-24 11:18:52,716] {dagbag.py:500} INFO - Filling up the DagBag from /opt/airflow/dags/data_ingestion_zone_dag.py
[2023-01-24 11:18:53,632] {logging_mixin.py:109} INFO - [2023-01-24 11:18:53,631] {dagbag.py:334} ERROR - Failed to import: /opt/airflow/dags/data_ingestion_zone_dag.py
Traceback (most recent call last):
  File "/home/airflow/.local/lib/python3.7/site-packages/airflow/models/dagbag.py", line 331, in _load_modules_from_file
    loader.exec_module(new_module)
  File "<frozen importlib._bootstrap_external>", line 728, in exec_module
  File "<frozen importlib._bootstrap>", line 219, in _call_with_frames_removed
  File "/opt/airflow/dags/data_ingestion_zone_dag.py", line 82, in <module>
    "src_file": f"{path_to_local_home}/{dataset_file}",
NameError: name 'path_to_local_home' is not defined
[2023-01-24 11:18:53,647] {processor.py:656} WARNING - No viable dags retrieved from /opt/airflow/dags/data_ingestion_zone_dag.py
[2023-01-24 11:18:53,656] {processor.py:171} INFO - Processing /opt/airflow/dags/data_ingestion_zone_dag.py took 0.947 seconds
[2023-01-24 11:19:23,818] {processor.py:163} INFO - Started process (PID=3070) to work on /opt/airflow/dags/data_ingestion_zone_dag.py
[2023-01-24 11:19:23,820] {processor.py:642} INFO - Processing file /opt/airflow/dags/data_ingestion_zone_dag.py for tasks to queue
[2023-01-24 11:19:23,821] {logging_mixin.py:109} INFO - [2023-01-24 11:19:23,821] {dagbag.py:500} INFO - Filling up the DagBag from /opt/airflow/dags/data_ingestion_zone_dag.py
[2023-01-24 11:19:24,751] {logging_mixin.py:109} INFO - [2023-01-24 11:19:24,750] {dagbag.py:334} ERROR - Failed to import: /opt/airflow/dags/data_ingestion_zone_dag.py
Traceback (most recent call last):
  File "/home/airflow/.local/lib/python3.7/site-packages/airflow/models/dagbag.py", line 331, in _load_modules_from_file
    loader.exec_module(new_module)
  File "<frozen importlib._bootstrap_external>", line 728, in exec_module
  File "<frozen importlib._bootstrap>", line 219, in _call_with_frames_removed
  File "/opt/airflow/dags/data_ingestion_zone_dag.py", line 82, in <module>
    "src_file": f"{path_to_local_home}/{dataset_file}",
NameError: name 'path_to_local_home' is not defined
[2023-01-24 11:19:24,767] {processor.py:656} WARNING - No viable dags retrieved from /opt/airflow/dags/data_ingestion_zone_dag.py
[2023-01-24 11:19:24,782] {processor.py:171} INFO - Processing /opt/airflow/dags/data_ingestion_zone_dag.py took 0.969 seconds
[2023-01-24 11:19:54,947] {processor.py:163} INFO - Started process (PID=3125) to work on /opt/airflow/dags/data_ingestion_zone_dag.py
[2023-01-24 11:19:54,950] {processor.py:642} INFO - Processing file /opt/airflow/dags/data_ingestion_zone_dag.py for tasks to queue
[2023-01-24 11:19:54,950] {logging_mixin.py:109} INFO - [2023-01-24 11:19:54,950] {dagbag.py:500} INFO - Filling up the DagBag from /opt/airflow/dags/data_ingestion_zone_dag.py
[2023-01-24 11:19:55,868] {logging_mixin.py:109} INFO - [2023-01-24 11:19:55,867] {dagbag.py:334} ERROR - Failed to import: /opt/airflow/dags/data_ingestion_zone_dag.py
Traceback (most recent call last):
  File "/home/airflow/.local/lib/python3.7/site-packages/airflow/models/dagbag.py", line 331, in _load_modules_from_file
    loader.exec_module(new_module)
  File "<frozen importlib._bootstrap_external>", line 728, in exec_module
  File "<frozen importlib._bootstrap>", line 219, in _call_with_frames_removed
  File "/opt/airflow/dags/data_ingestion_zone_dag.py", line 82, in <module>
    "src_file": f"{path_to_local_home}/{dataset_file}",
NameError: name 'path_to_local_home' is not defined
[2023-01-24 11:19:55,884] {processor.py:656} WARNING - No viable dags retrieved from /opt/airflow/dags/data_ingestion_zone_dag.py
[2023-01-24 11:19:55,894] {processor.py:171} INFO - Processing /opt/airflow/dags/data_ingestion_zone_dag.py took 0.952 seconds
[2023-01-24 11:20:01,956] {processor.py:163} INFO - Started process (PID=3143) to work on /opt/airflow/dags/data_ingestion_zone_dag.py
[2023-01-24 11:20:01,959] {processor.py:642} INFO - Processing file /opt/airflow/dags/data_ingestion_zone_dag.py for tasks to queue
[2023-01-24 11:20:01,960] {logging_mixin.py:109} INFO - [2023-01-24 11:20:01,960] {dagbag.py:500} INFO - Filling up the DagBag from /opt/airflow/dags/data_ingestion_zone_dag.py
[2023-01-24 11:20:02,885] {logging_mixin.py:109} INFO - [2023-01-24 11:20:02,884] {dagbag.py:334} ERROR - Failed to import: /opt/airflow/dags/data_ingestion_zone_dag.py
Traceback (most recent call last):
  File "/home/airflow/.local/lib/python3.7/site-packages/airflow/models/dagbag.py", line 331, in _load_modules_from_file
    loader.exec_module(new_module)
  File "<frozen importlib._bootstrap_external>", line 728, in exec_module
  File "<frozen importlib._bootstrap>", line 219, in _call_with_frames_removed
  File "/opt/airflow/dags/data_ingestion_zone_dag.py", line 82, in <module>
    "src_file": f"{path_to_local_home}/{dataset_file}",
NameError: name 'path_to_local_home' is not defined
[2023-01-24 11:20:02,901] {processor.py:656} WARNING - No viable dags retrieved from /opt/airflow/dags/data_ingestion_zone_dag.py
[2023-01-24 11:20:02,910] {processor.py:171} INFO - Processing /opt/airflow/dags/data_ingestion_zone_dag.py took 0.959 seconds
[2023-01-24 11:20:04,635] {processor.py:163} INFO - Started process (PID=3152) to work on /opt/airflow/dags/data_ingestion_zone_dag.py
[2023-01-24 11:20:04,637] {processor.py:642} INFO - Processing file /opt/airflow/dags/data_ingestion_zone_dag.py for tasks to queue
[2023-01-24 11:20:04,638] {logging_mixin.py:109} INFO - [2023-01-24 11:20:04,637] {dagbag.py:500} INFO - Filling up the DagBag from /opt/airflow/dags/data_ingestion_zone_dag.py
[2023-01-24 11:20:05,543] {logging_mixin.py:109} INFO - [2023-01-24 11:20:05,542] {dagbag.py:334} ERROR - Failed to import: /opt/airflow/dags/data_ingestion_zone_dag.py
Traceback (most recent call last):
  File "/home/airflow/.local/lib/python3.7/site-packages/airflow/models/dagbag.py", line 331, in _load_modules_from_file
    loader.exec_module(new_module)
  File "<frozen importlib._bootstrap_external>", line 728, in exec_module
  File "<frozen importlib._bootstrap>", line 219, in _call_with_frames_removed
  File "/opt/airflow/dags/data_ingestion_zone_dag.py", line 81, in <module>
    "src_file": f"{path_to_local_home}/{dataset_file}",
NameError: name 'path_to_local_home' is not defined
[2023-01-24 11:20:05,559] {processor.py:656} WARNING - No viable dags retrieved from /opt/airflow/dags/data_ingestion_zone_dag.py
[2023-01-24 11:20:05,568] {processor.py:171} INFO - Processing /opt/airflow/dags/data_ingestion_zone_dag.py took 0.938 seconds
[2023-01-24 11:20:12,990] {processor.py:163} INFO - Started process (PID=3179) to work on /opt/airflow/dags/data_ingestion_zone_dag.py
[2023-01-24 11:20:12,991] {processor.py:642} INFO - Processing file /opt/airflow/dags/data_ingestion_zone_dag.py for tasks to queue
[2023-01-24 11:20:12,992] {logging_mixin.py:109} INFO - [2023-01-24 11:20:12,992] {dagbag.py:500} INFO - Filling up the DagBag from /opt/airflow/dags/data_ingestion_zone_dag.py
[2023-01-24 11:20:13,908] {logging_mixin.py:109} INFO - [2023-01-24 11:20:13,907] {dagbag.py:334} ERROR - Failed to import: /opt/airflow/dags/data_ingestion_zone_dag.py
Traceback (most recent call last):
  File "/home/airflow/.local/lib/python3.7/site-packages/airflow/models/dagbag.py", line 331, in _load_modules_from_file
    loader.exec_module(new_module)
  File "<frozen importlib._bootstrap_external>", line 728, in exec_module
  File "<frozen importlib._bootstrap>", line 219, in _call_with_frames_removed
  File "/opt/airflow/dags/data_ingestion_zone_dag.py", line 81, in <module>
    "src_file": f"{path_to_local_home}/{dataset_file}",
NameError: name 'path_to_local_home' is not defined
[2023-01-24 11:20:13,922] {processor.py:656} WARNING - No viable dags retrieved from /opt/airflow/dags/data_ingestion_zone_dag.py
[2023-01-24 11:20:13,931] {processor.py:171} INFO - Processing /opt/airflow/dags/data_ingestion_zone_dag.py took 0.946 seconds
[2023-01-24 11:20:40,108] {processor.py:163} INFO - Started process (PID=3232) to work on /opt/airflow/dags/data_ingestion_zone_dag.py
[2023-01-24 11:20:40,110] {processor.py:642} INFO - Processing file /opt/airflow/dags/data_ingestion_zone_dag.py for tasks to queue
[2023-01-24 11:20:40,111] {logging_mixin.py:109} INFO - [2023-01-24 11:20:40,111] {dagbag.py:500} INFO - Filling up the DagBag from /opt/airflow/dags/data_ingestion_zone_dag.py
[2023-01-24 11:20:41,025] {logging_mixin.py:109} INFO - [2023-01-24 11:20:41,024] {dagbag.py:334} ERROR - Failed to import: /opt/airflow/dags/data_ingestion_zone_dag.py
Traceback (most recent call last):
  File "/home/airflow/.local/lib/python3.7/site-packages/airflow/models/dagbag.py", line 331, in _load_modules_from_file
    loader.exec_module(new_module)
  File "<frozen importlib._bootstrap_external>", line 728, in exec_module
  File "<frozen importlib._bootstrap>", line 219, in _call_with_frames_removed
  File "/opt/airflow/dags/data_ingestion_zone_dag.py", line 81, in <module>
    "src_file": f"{path_to_local_home}/{dataset_file}",
NameError: name 'path_to_local_home' is not defined
[2023-01-24 11:20:41,041] {processor.py:656} WARNING - No viable dags retrieved from /opt/airflow/dags/data_ingestion_zone_dag.py
[2023-01-24 11:20:41,049] {processor.py:171} INFO - Processing /opt/airflow/dags/data_ingestion_zone_dag.py took 0.946 seconds
[2023-01-24 11:21:07,833] {processor.py:163} INFO - Started process (PID=3278) to work on /opt/airflow/dags/data_ingestion_zone_dag.py
[2023-01-24 11:21:07,835] {processor.py:642} INFO - Processing file /opt/airflow/dags/data_ingestion_zone_dag.py for tasks to queue
[2023-01-24 11:21:07,836] {logging_mixin.py:109} INFO - [2023-01-24 11:21:07,835] {dagbag.py:500} INFO - Filling up the DagBag from /opt/airflow/dags/data_ingestion_zone_dag.py
[2023-01-24 11:21:08,758] {processor.py:654} INFO - DAG(s) dict_keys(['data_ingestion_zone_dag']) retrieved from /opt/airflow/dags/data_ingestion_zone_dag.py
[2023-01-24 11:21:10,855] {logging_mixin.py:109} INFO - [2023-01-24 11:21:10,855] {manager.py:496} INFO - Created Permission View: can read on DAG:data_ingestion_zone_dag
[2023-01-24 11:21:10,866] {logging_mixin.py:109} INFO - [2023-01-24 11:21:10,866] {manager.py:496} INFO - Created Permission View: can edit on DAG:data_ingestion_zone_dag
[2023-01-24 11:21:10,867] {logging_mixin.py:109} INFO - [2023-01-24 11:21:10,866] {dag.py:2396} INFO - Sync 1 DAGs
[2023-01-24 11:21:10,875] {logging_mixin.py:109} INFO - [2023-01-24 11:21:10,875] {dag.py:2415} INFO - Creating ORM DAG for data_ingestion_zone_dag
[2023-01-24 11:21:10,884] {logging_mixin.py:109} INFO - [2023-01-24 11:21:10,884] {dag.py:2935} INFO - Setting next_dagrun for data_ingestion_zone_dag to 2019-01-01T00:00:00+00:00
[2023-01-24 11:21:10,900] {processor.py:171} INFO - Processing /opt/airflow/dags/data_ingestion_zone_dag.py took 3.072 seconds
[2023-01-24 11:21:41,040] {processor.py:163} INFO - Started process (PID=3348) to work on /opt/airflow/dags/data_ingestion_zone_dag.py
[2023-01-24 11:21:41,043] {processor.py:642} INFO - Processing file /opt/airflow/dags/data_ingestion_zone_dag.py for tasks to queue
[2023-01-24 11:21:41,044] {logging_mixin.py:109} INFO - [2023-01-24 11:21:41,044] {dagbag.py:500} INFO - Filling up the DagBag from /opt/airflow/dags/data_ingestion_zone_dag.py
[2023-01-24 11:21:42,065] {processor.py:654} INFO - DAG(s) dict_keys(['data_ingestion_zone_dag']) retrieved from /opt/airflow/dags/data_ingestion_zone_dag.py
[2023-01-24 11:21:42,075] {logging_mixin.py:109} INFO - [2023-01-24 11:21:42,074] {dag.py:2396} INFO - Sync 1 DAGs
[2023-01-24 11:21:42,095] {logging_mixin.py:109} INFO - [2023-01-24 11:21:42,095] {dag.py:2935} INFO - Setting next_dagrun for data_ingestion_zone_dag to 2019-01-01T00:00:00+00:00
[2023-01-24 11:21:42,104] {processor.py:171} INFO - Processing /opt/airflow/dags/data_ingestion_zone_dag.py took 1.070 seconds
[2023-01-24 11:22:12,229] {processor.py:163} INFO - Started process (PID=3402) to work on /opt/airflow/dags/data_ingestion_zone_dag.py
[2023-01-24 11:22:12,231] {processor.py:642} INFO - Processing file /opt/airflow/dags/data_ingestion_zone_dag.py for tasks to queue
[2023-01-24 11:22:12,231] {logging_mixin.py:109} INFO - [2023-01-24 11:22:12,231] {dagbag.py:500} INFO - Filling up the DagBag from /opt/airflow/dags/data_ingestion_zone_dag.py
[2023-01-24 11:22:13,180] {processor.py:654} INFO - DAG(s) dict_keys(['data_ingestion_zone_dag']) retrieved from /opt/airflow/dags/data_ingestion_zone_dag.py
[2023-01-24 11:22:13,191] {logging_mixin.py:109} INFO - [2023-01-24 11:22:13,191] {dag.py:2396} INFO - Sync 1 DAGs
[2023-01-24 11:22:13,208] {logging_mixin.py:109} INFO - [2023-01-24 11:22:13,208] {dag.py:2935} INFO - Setting next_dagrun for data_ingestion_zone_dag to 2019-01-01T00:00:00+00:00
[2023-01-24 11:22:13,219] {processor.py:171} INFO - Processing /opt/airflow/dags/data_ingestion_zone_dag.py took 0.998 seconds
[2023-01-24 11:22:43,378] {processor.py:163} INFO - Started process (PID=3466) to work on /opt/airflow/dags/data_ingestion_zone_dag.py
[2023-01-24 11:22:43,379] {processor.py:642} INFO - Processing file /opt/airflow/dags/data_ingestion_zone_dag.py for tasks to queue
[2023-01-24 11:22:43,381] {logging_mixin.py:109} INFO - [2023-01-24 11:22:43,380] {dagbag.py:500} INFO - Filling up the DagBag from /opt/airflow/dags/data_ingestion_zone_dag.py
[2023-01-24 11:22:44,343] {processor.py:654} INFO - DAG(s) dict_keys(['data_ingestion_zone_dag']) retrieved from /opt/airflow/dags/data_ingestion_zone_dag.py
[2023-01-24 11:22:44,353] {logging_mixin.py:109} INFO - [2023-01-24 11:22:44,352] {dag.py:2396} INFO - Sync 1 DAGs
[2023-01-24 11:22:44,369] {logging_mixin.py:109} INFO - [2023-01-24 11:22:44,369] {dag.py:2935} INFO - Setting next_dagrun for data_ingestion_zone_dag to 2019-01-01T00:00:00+00:00
[2023-01-24 11:22:44,379] {processor.py:171} INFO - Processing /opt/airflow/dags/data_ingestion_zone_dag.py took 1.007 seconds
[2023-01-24 11:23:14,513] {processor.py:163} INFO - Started process (PID=3522) to work on /opt/airflow/dags/data_ingestion_zone_dag.py
[2023-01-24 11:23:14,515] {processor.py:642} INFO - Processing file /opt/airflow/dags/data_ingestion_zone_dag.py for tasks to queue
[2023-01-24 11:23:14,516] {logging_mixin.py:109} INFO - [2023-01-24 11:23:14,516] {dagbag.py:500} INFO - Filling up the DagBag from /opt/airflow/dags/data_ingestion_zone_dag.py
[2023-01-24 11:23:15,429] {processor.py:654} INFO - DAG(s) dict_keys(['data_ingestion_zone_dag']) retrieved from /opt/airflow/dags/data_ingestion_zone_dag.py
[2023-01-24 11:23:15,439] {logging_mixin.py:109} INFO - [2023-01-24 11:23:15,438] {dag.py:2396} INFO - Sync 1 DAGs
[2023-01-24 11:23:15,456] {logging_mixin.py:109} INFO - [2023-01-24 11:23:15,456] {dag.py:2935} INFO - Setting next_dagrun for data_ingestion_zone_dag to 2019-01-01T00:00:00+00:00
[2023-01-24 11:23:15,466] {processor.py:171} INFO - Processing /opt/airflow/dags/data_ingestion_zone_dag.py took 0.958 seconds
[2023-01-24 11:23:33,580] {processor.py:163} INFO - Started process (PID=3558) to work on /opt/airflow/dags/data_ingestion_zone_dag.py
[2023-01-24 11:23:33,582] {processor.py:642} INFO - Processing file /opt/airflow/dags/data_ingestion_zone_dag.py for tasks to queue
[2023-01-24 11:23:33,583] {logging_mixin.py:109} INFO - [2023-01-24 11:23:33,583] {dagbag.py:500} INFO - Filling up the DagBag from /opt/airflow/dags/data_ingestion_zone_dag.py
[2023-01-24 11:23:34,545] {processor.py:654} INFO - DAG(s) dict_keys(['data_ingestion_zone_dag']) retrieved from /opt/airflow/dags/data_ingestion_zone_dag.py
[2023-01-24 11:23:34,555] {logging_mixin.py:109} INFO - [2023-01-24 11:23:34,555] {dag.py:2396} INFO - Sync 1 DAGs
[2023-01-24 11:23:34,576] {logging_mixin.py:109} INFO - [2023-01-24 11:23:34,576] {dag.py:2935} INFO - Setting next_dagrun for data_ingestion_zone_dag to 2019-01-01T00:00:00+00:00
[2023-01-24 11:23:34,591] {processor.py:171} INFO - Processing /opt/airflow/dags/data_ingestion_zone_dag.py took 1.016 seconds
[2023-01-24 11:24:04,713] {processor.py:163} INFO - Started process (PID=3621) to work on /opt/airflow/dags/data_ingestion_zone_dag.py
[2023-01-24 11:24:04,715] {processor.py:642} INFO - Processing file /opt/airflow/dags/data_ingestion_zone_dag.py for tasks to queue
[2023-01-24 11:24:04,716] {logging_mixin.py:109} INFO - [2023-01-24 11:24:04,716] {dagbag.py:500} INFO - Filling up the DagBag from /opt/airflow/dags/data_ingestion_zone_dag.py
[2023-01-24 11:24:05,641] {processor.py:654} INFO - DAG(s) dict_keys(['data_ingestion_zone_dag']) retrieved from /opt/airflow/dags/data_ingestion_zone_dag.py
[2023-01-24 11:24:05,651] {logging_mixin.py:109} INFO - [2023-01-24 11:24:05,651] {dag.py:2396} INFO - Sync 1 DAGs
[2023-01-24 11:24:05,669] {logging_mixin.py:109} INFO - [2023-01-24 11:24:05,669] {dag.py:2935} INFO - Setting next_dagrun for data_ingestion_zone_dag to 2019-01-01T00:00:00+00:00
[2023-01-24 11:24:05,679] {processor.py:171} INFO - Processing /opt/airflow/dags/data_ingestion_zone_dag.py took 0.973 seconds
[2023-01-24 11:24:35,743] {processor.py:163} INFO - Started process (PID=3675) to work on /opt/airflow/dags/data_ingestion_zone_dag.py
[2023-01-24 11:24:35,745] {processor.py:642} INFO - Processing file /opt/airflow/dags/data_ingestion_zone_dag.py for tasks to queue
[2023-01-24 11:24:35,746] {logging_mixin.py:109} INFO - [2023-01-24 11:24:35,746] {dagbag.py:500} INFO - Filling up the DagBag from /opt/airflow/dags/data_ingestion_zone_dag.py
[2023-01-24 11:24:36,663] {processor.py:654} INFO - DAG(s) dict_keys(['data_ingestion_zone_dag']) retrieved from /opt/airflow/dags/data_ingestion_zone_dag.py
[2023-01-24 11:24:36,673] {logging_mixin.py:109} INFO - [2023-01-24 11:24:36,672] {dag.py:2396} INFO - Sync 1 DAGs
[2023-01-24 11:24:36,690] {logging_mixin.py:109} INFO - [2023-01-24 11:24:36,690] {dag.py:2935} INFO - Setting next_dagrun for data_ingestion_zone_dag to 2019-01-01T00:00:00+00:00
[2023-01-24 11:24:36,700] {processor.py:171} INFO - Processing /opt/airflow/dags/data_ingestion_zone_dag.py took 0.961 seconds
[2023-01-24 11:25:06,838] {processor.py:163} INFO - Started process (PID=3747) to work on /opt/airflow/dags/data_ingestion_zone_dag.py
[2023-01-24 11:25:06,840] {processor.py:642} INFO - Processing file /opt/airflow/dags/data_ingestion_zone_dag.py for tasks to queue
[2023-01-24 11:25:06,841] {logging_mixin.py:109} INFO - [2023-01-24 11:25:06,841] {dagbag.py:500} INFO - Filling up the DagBag from /opt/airflow/dags/data_ingestion_zone_dag.py
[2023-01-24 11:25:07,783] {processor.py:654} INFO - DAG(s) dict_keys(['data_ingestion_zone_dag']) retrieved from /opt/airflow/dags/data_ingestion_zone_dag.py
[2023-01-24 11:25:07,793] {logging_mixin.py:109} INFO - [2023-01-24 11:25:07,792] {dag.py:2396} INFO - Sync 1 DAGs
[2023-01-24 11:25:07,811] {logging_mixin.py:109} INFO - [2023-01-24 11:25:07,811] {dag.py:2935} INFO - Setting next_dagrun for data_ingestion_zone_dag to 2019-01-01T00:00:00+00:00
[2023-01-24 11:25:07,822] {processor.py:171} INFO - Processing /opt/airflow/dags/data_ingestion_zone_dag.py took 0.989 seconds
[2023-01-24 11:25:37,998] {processor.py:163} INFO - Started process (PID=3801) to work on /opt/airflow/dags/data_ingestion_zone_dag.py
[2023-01-24 11:25:38,000] {processor.py:642} INFO - Processing file /opt/airflow/dags/data_ingestion_zone_dag.py for tasks to queue
[2023-01-24 11:25:38,001] {logging_mixin.py:109} INFO - [2023-01-24 11:25:38,001] {dagbag.py:500} INFO - Filling up the DagBag from /opt/airflow/dags/data_ingestion_zone_dag.py
[2023-01-24 11:25:38,903] {processor.py:654} INFO - DAG(s) dict_keys(['data_ingestion_zone_dag']) retrieved from /opt/airflow/dags/data_ingestion_zone_dag.py
[2023-01-24 11:25:38,913] {logging_mixin.py:109} INFO - [2023-01-24 11:25:38,912] {dag.py:2396} INFO - Sync 1 DAGs
[2023-01-24 11:25:38,930] {logging_mixin.py:109} INFO - [2023-01-24 11:25:38,930] {dag.py:2935} INFO - Setting next_dagrun for data_ingestion_zone_dag to 2019-01-01T00:00:00+00:00
[2023-01-24 11:25:38,940] {processor.py:171} INFO - Processing /opt/airflow/dags/data_ingestion_zone_dag.py took 0.948 seconds
[2023-01-24 11:26:08,733] {processor.py:163} INFO - Started process (PID=3877) to work on /opt/airflow/dags/data_ingestion_zone_dag.py
[2023-01-24 11:26:08,735] {processor.py:642} INFO - Processing file /opt/airflow/dags/data_ingestion_zone_dag.py for tasks to queue
[2023-01-24 11:26:08,736] {logging_mixin.py:109} INFO - [2023-01-24 11:26:08,736] {dagbag.py:500} INFO - Filling up the DagBag from /opt/airflow/dags/data_ingestion_zone_dag.py
[2023-01-24 11:26:09,692] {processor.py:654} INFO - DAG(s) dict_keys(['data_ingestion_zone_dag']) retrieved from /opt/airflow/dags/data_ingestion_zone_dag.py
[2023-01-24 11:26:09,702] {logging_mixin.py:109} INFO - [2023-01-24 11:26:09,701] {dag.py:2396} INFO - Sync 1 DAGs
[2023-01-24 11:26:09,720] {logging_mixin.py:109} INFO - [2023-01-24 11:26:09,720] {dag.py:2935} INFO - Setting next_dagrun for data_ingestion_zone_dag to None
[2023-01-24 11:26:09,732] {processor.py:171} INFO - Processing /opt/airflow/dags/data_ingestion_zone_dag.py took 1.004 seconds
[2023-01-24 11:26:39,880] {processor.py:163} INFO - Started process (PID=3936) to work on /opt/airflow/dags/data_ingestion_zone_dag.py
[2023-01-24 11:26:39,882] {processor.py:642} INFO - Processing file /opt/airflow/dags/data_ingestion_zone_dag.py for tasks to queue
[2023-01-24 11:26:39,883] {logging_mixin.py:109} INFO - [2023-01-24 11:26:39,883] {dagbag.py:500} INFO - Filling up the DagBag from /opt/airflow/dags/data_ingestion_zone_dag.py
[2023-01-24 11:26:40,843] {processor.py:654} INFO - DAG(s) dict_keys(['data_ingestion_zone_dag']) retrieved from /opt/airflow/dags/data_ingestion_zone_dag.py
[2023-01-24 11:26:40,856] {logging_mixin.py:109} INFO - [2023-01-24 11:26:40,855] {dag.py:2396} INFO - Sync 1 DAGs
[2023-01-24 11:26:40,873] {logging_mixin.py:109} INFO - [2023-01-24 11:26:40,873] {dag.py:2935} INFO - Setting next_dagrun for data_ingestion_zone_dag to None
[2023-01-24 11:26:40,885] {processor.py:171} INFO - Processing /opt/airflow/dags/data_ingestion_zone_dag.py took 1.010 seconds
[2023-01-24 11:27:11,026] {processor.py:163} INFO - Started process (PID=3990) to work on /opt/airflow/dags/data_ingestion_zone_dag.py
[2023-01-24 11:27:11,029] {processor.py:642} INFO - Processing file /opt/airflow/dags/data_ingestion_zone_dag.py for tasks to queue
[2023-01-24 11:27:11,030] {logging_mixin.py:109} INFO - [2023-01-24 11:27:11,029] {dagbag.py:500} INFO - Filling up the DagBag from /opt/airflow/dags/data_ingestion_zone_dag.py
[2023-01-24 11:27:12,052] {processor.py:654} INFO - DAG(s) dict_keys(['data_ingestion_zone_dag']) retrieved from /opt/airflow/dags/data_ingestion_zone_dag.py
[2023-01-24 11:27:12,064] {logging_mixin.py:109} INFO - [2023-01-24 11:27:12,064] {dag.py:2396} INFO - Sync 1 DAGs
[2023-01-24 11:27:12,081] {logging_mixin.py:109} INFO - [2023-01-24 11:27:12,081] {dag.py:2935} INFO - Setting next_dagrun for data_ingestion_zone_dag to None
[2023-01-24 11:27:12,091] {processor.py:171} INFO - Processing /opt/airflow/dags/data_ingestion_zone_dag.py took 1.070 seconds
[2023-01-24 11:27:23,096] {processor.py:163} INFO - Started process (PID=4017) to work on /opt/airflow/dags/data_ingestion_zone_dag.py
[2023-01-24 11:27:23,097] {processor.py:642} INFO - Processing file /opt/airflow/dags/data_ingestion_zone_dag.py for tasks to queue
[2023-01-24 11:27:23,098] {logging_mixin.py:109} INFO - [2023-01-24 11:27:23,098] {dagbag.py:500} INFO - Filling up the DagBag from /opt/airflow/dags/data_ingestion_zone_dag.py
[2023-01-24 11:27:24,123] {logging_mixin.py:109} INFO - [2023-01-24 11:27:24,118] {dagbag.py:334} ERROR - Failed to import: /opt/airflow/dags/data_ingestion_zone_dag.py
Traceback (most recent call last):
  File "/home/airflow/.local/lib/python3.7/site-packages/airflow/models/dagbag.py", line 331, in _load_modules_from_file
    loader.exec_module(new_module)
  File "<frozen importlib._bootstrap_external>", line 728, in exec_module
  File "<frozen importlib._bootstrap>", line 219, in _call_with_frames_removed
  File "/opt/airflow/dags/data_ingestion_zone_dag.py", line 74, in <module>
    bash_command=f"curl -sSLf {dataset_url} > {AIRFLOW_HOME}/{dataset_file}"
  File "/home/airflow/.local/lib/python3.7/site-packages/airflow/models/baseoperator.py", line 188, in apply_defaults
    result = func(self, *args, **kwargs)
  File "/home/airflow/.local/lib/python3.7/site-packages/airflow/operators/bash.py", line 143, in __init__
    super().__init__(**kwargs)
  File "/home/airflow/.local/lib/python3.7/site-packages/airflow/models/baseoperator.py", line 188, in apply_defaults
    result = func(self, *args, **kwargs)
  File "/home/airflow/.local/lib/python3.7/site-packages/airflow/models/baseoperator.py", line 683, in __init__
    self.dag = dag or DagContext.get_current_dag()
  File "/home/airflow/.local/lib/python3.7/site-packages/airflow/models/baseoperator.py", line 789, in __setattr__
    super().__setattr__(key, value)
  File "/home/airflow/.local/lib/python3.7/site-packages/airflow/models/baseoperator.py", line 840, in dag
    dag.add_task(self)
  File "/home/airflow/.local/lib/python3.7/site-packages/airflow/models/dag.py", line 2139, in add_task
    raise AirflowException("Task is missing the start_date parameter")
airflow.exceptions.AirflowException: Task is missing the start_date parameter
[2023-01-24 11:27:24,145] {processor.py:690} INFO - Deactivated 1 DAGs which are no longer present in /opt/airflow/dags/data_ingestion_zone_dag.py
[2023-01-24 11:27:24,145] {processor.py:656} WARNING - No viable dags retrieved from /opt/airflow/dags/data_ingestion_zone_dag.py
[2023-01-24 11:27:24,161] {processor.py:171} INFO - Processing /opt/airflow/dags/data_ingestion_zone_dag.py took 1.070 seconds
[2023-01-24 11:27:54,438] {processor.py:163} INFO - Started process (PID=4081) to work on /opt/airflow/dags/data_ingestion_zone_dag.py
[2023-01-24 11:27:54,440] {processor.py:642} INFO - Processing file /opt/airflow/dags/data_ingestion_zone_dag.py for tasks to queue
[2023-01-24 11:27:54,441] {logging_mixin.py:109} INFO - [2023-01-24 11:27:54,441] {dagbag.py:500} INFO - Filling up the DagBag from /opt/airflow/dags/data_ingestion_zone_dag.py
[2023-01-24 11:27:55,352] {logging_mixin.py:109} INFO - [2023-01-24 11:27:55,350] {dagbag.py:334} ERROR - Failed to import: /opt/airflow/dags/data_ingestion_zone_dag.py
Traceback (most recent call last):
  File "/home/airflow/.local/lib/python3.7/site-packages/airflow/models/dagbag.py", line 331, in _load_modules_from_file
    loader.exec_module(new_module)
  File "<frozen importlib._bootstrap_external>", line 728, in exec_module
  File "<frozen importlib._bootstrap>", line 219, in _call_with_frames_removed
  File "/opt/airflow/dags/data_ingestion_zone_dag.py", line 74, in <module>
    bash_command=f"curl -sSLf {dataset_url} > {AIRFLOW_HOME}/{dataset_file}"
  File "/home/airflow/.local/lib/python3.7/site-packages/airflow/models/baseoperator.py", line 188, in apply_defaults
    result = func(self, *args, **kwargs)
  File "/home/airflow/.local/lib/python3.7/site-packages/airflow/operators/bash.py", line 143, in __init__
    super().__init__(**kwargs)
  File "/home/airflow/.local/lib/python3.7/site-packages/airflow/models/baseoperator.py", line 188, in apply_defaults
    result = func(self, *args, **kwargs)
  File "/home/airflow/.local/lib/python3.7/site-packages/airflow/models/baseoperator.py", line 683, in __init__
    self.dag = dag or DagContext.get_current_dag()
  File "/home/airflow/.local/lib/python3.7/site-packages/airflow/models/baseoperator.py", line 789, in __setattr__
    super().__setattr__(key, value)
  File "/home/airflow/.local/lib/python3.7/site-packages/airflow/models/baseoperator.py", line 840, in dag
    dag.add_task(self)
  File "/home/airflow/.local/lib/python3.7/site-packages/airflow/models/dag.py", line 2139, in add_task
    raise AirflowException("Task is missing the start_date parameter")
airflow.exceptions.AirflowException: Task is missing the start_date parameter
[2023-01-24 11:27:55,368] {processor.py:656} WARNING - No viable dags retrieved from /opt/airflow/dags/data_ingestion_zone_dag.py
[2023-01-24 11:27:55,378] {processor.py:171} INFO - Processing /opt/airflow/dags/data_ingestion_zone_dag.py took 0.944 seconds
[2023-01-24 11:28:25,570] {processor.py:163} INFO - Started process (PID=4135) to work on /opt/airflow/dags/data_ingestion_zone_dag.py
[2023-01-24 11:28:25,573] {processor.py:642} INFO - Processing file /opt/airflow/dags/data_ingestion_zone_dag.py for tasks to queue
[2023-01-24 11:28:25,574] {logging_mixin.py:109} INFO - [2023-01-24 11:28:25,574] {dagbag.py:500} INFO - Filling up the DagBag from /opt/airflow/dags/data_ingestion_zone_dag.py
[2023-01-24 11:28:26,515] {logging_mixin.py:109} INFO - [2023-01-24 11:28:26,512] {dagbag.py:334} ERROR - Failed to import: /opt/airflow/dags/data_ingestion_zone_dag.py
Traceback (most recent call last):
  File "/home/airflow/.local/lib/python3.7/site-packages/airflow/models/dagbag.py", line 331, in _load_modules_from_file
    loader.exec_module(new_module)
  File "<frozen importlib._bootstrap_external>", line 728, in exec_module
  File "<frozen importlib._bootstrap>", line 219, in _call_with_frames_removed
  File "/opt/airflow/dags/data_ingestion_zone_dag.py", line 74, in <module>
    bash_command=f"curl -sSLf {dataset_url} > {AIRFLOW_HOME}/{dataset_file}"
  File "/home/airflow/.local/lib/python3.7/site-packages/airflow/models/baseoperator.py", line 188, in apply_defaults
    result = func(self, *args, **kwargs)
  File "/home/airflow/.local/lib/python3.7/site-packages/airflow/operators/bash.py", line 143, in __init__
    super().__init__(**kwargs)
  File "/home/airflow/.local/lib/python3.7/site-packages/airflow/models/baseoperator.py", line 188, in apply_defaults
    result = func(self, *args, **kwargs)
  File "/home/airflow/.local/lib/python3.7/site-packages/airflow/models/baseoperator.py", line 683, in __init__
    self.dag = dag or DagContext.get_current_dag()
  File "/home/airflow/.local/lib/python3.7/site-packages/airflow/models/baseoperator.py", line 789, in __setattr__
    super().__setattr__(key, value)
  File "/home/airflow/.local/lib/python3.7/site-packages/airflow/models/baseoperator.py", line 840, in dag
    dag.add_task(self)
  File "/home/airflow/.local/lib/python3.7/site-packages/airflow/models/dag.py", line 2139, in add_task
    raise AirflowException("Task is missing the start_date parameter")
airflow.exceptions.AirflowException: Task is missing the start_date parameter
[2023-01-24 11:28:26,531] {processor.py:656} WARNING - No viable dags retrieved from /opt/airflow/dags/data_ingestion_zone_dag.py
[2023-01-24 11:28:26,541] {processor.py:171} INFO - Processing /opt/airflow/dags/data_ingestion_zone_dag.py took 0.975 seconds
[2023-01-24 11:28:56,723] {processor.py:163} INFO - Started process (PID=4198) to work on /opt/airflow/dags/data_ingestion_zone_dag.py
[2023-01-24 11:28:56,724] {processor.py:642} INFO - Processing file /opt/airflow/dags/data_ingestion_zone_dag.py for tasks to queue
[2023-01-24 11:28:56,725] {logging_mixin.py:109} INFO - [2023-01-24 11:28:56,725] {dagbag.py:500} INFO - Filling up the DagBag from /opt/airflow/dags/data_ingestion_zone_dag.py
[2023-01-24 11:28:57,692] {logging_mixin.py:109} INFO - [2023-01-24 11:28:57,690] {dagbag.py:334} ERROR - Failed to import: /opt/airflow/dags/data_ingestion_zone_dag.py
Traceback (most recent call last):
  File "/home/airflow/.local/lib/python3.7/site-packages/airflow/models/dagbag.py", line 331, in _load_modules_from_file
    loader.exec_module(new_module)
  File "<frozen importlib._bootstrap_external>", line 728, in exec_module
  File "<frozen importlib._bootstrap>", line 219, in _call_with_frames_removed
  File "/opt/airflow/dags/data_ingestion_zone_dag.py", line 74, in <module>
    bash_command=f"curl -sSLf {dataset_url} > {AIRFLOW_HOME}/{dataset_file}"
  File "/home/airflow/.local/lib/python3.7/site-packages/airflow/models/baseoperator.py", line 188, in apply_defaults
    result = func(self, *args, **kwargs)
  File "/home/airflow/.local/lib/python3.7/site-packages/airflow/operators/bash.py", line 143, in __init__
    super().__init__(**kwargs)
  File "/home/airflow/.local/lib/python3.7/site-packages/airflow/models/baseoperator.py", line 188, in apply_defaults
    result = func(self, *args, **kwargs)
  File "/home/airflow/.local/lib/python3.7/site-packages/airflow/models/baseoperator.py", line 683, in __init__
    self.dag = dag or DagContext.get_current_dag()
  File "/home/airflow/.local/lib/python3.7/site-packages/airflow/models/baseoperator.py", line 789, in __setattr__
    super().__setattr__(key, value)
  File "/home/airflow/.local/lib/python3.7/site-packages/airflow/models/baseoperator.py", line 840, in dag
    dag.add_task(self)
  File "/home/airflow/.local/lib/python3.7/site-packages/airflow/models/dag.py", line 2139, in add_task
    raise AirflowException("Task is missing the start_date parameter")
airflow.exceptions.AirflowException: Task is missing the start_date parameter
[2023-01-24 11:28:57,708] {processor.py:656} WARNING - No viable dags retrieved from /opt/airflow/dags/data_ingestion_zone_dag.py
[2023-01-24 11:28:57,717] {processor.py:171} INFO - Processing /opt/airflow/dags/data_ingestion_zone_dag.py took 0.999 seconds
[2023-01-24 11:29:27,914] {processor.py:163} INFO - Started process (PID=4251) to work on /opt/airflow/dags/data_ingestion_zone_dag.py
[2023-01-24 11:29:27,917] {processor.py:642} INFO - Processing file /opt/airflow/dags/data_ingestion_zone_dag.py for tasks to queue
[2023-01-24 11:29:27,917] {logging_mixin.py:109} INFO - [2023-01-24 11:29:27,917] {dagbag.py:500} INFO - Filling up the DagBag from /opt/airflow/dags/data_ingestion_zone_dag.py
[2023-01-24 11:29:28,880] {logging_mixin.py:109} INFO - [2023-01-24 11:29:28,878] {dagbag.py:334} ERROR - Failed to import: /opt/airflow/dags/data_ingestion_zone_dag.py
Traceback (most recent call last):
  File "/home/airflow/.local/lib/python3.7/site-packages/airflow/models/dagbag.py", line 331, in _load_modules_from_file
    loader.exec_module(new_module)
  File "<frozen importlib._bootstrap_external>", line 728, in exec_module
  File "<frozen importlib._bootstrap>", line 219, in _call_with_frames_removed
  File "/opt/airflow/dags/data_ingestion_zone_dag.py", line 74, in <module>
    bash_command=f"curl -sSLf {dataset_url} > {AIRFLOW_HOME}/{dataset_file}"
  File "/home/airflow/.local/lib/python3.7/site-packages/airflow/models/baseoperator.py", line 188, in apply_defaults
    result = func(self, *args, **kwargs)
  File "/home/airflow/.local/lib/python3.7/site-packages/airflow/operators/bash.py", line 143, in __init__
    super().__init__(**kwargs)
  File "/home/airflow/.local/lib/python3.7/site-packages/airflow/models/baseoperator.py", line 188, in apply_defaults
    result = func(self, *args, **kwargs)
  File "/home/airflow/.local/lib/python3.7/site-packages/airflow/models/baseoperator.py", line 683, in __init__
    self.dag = dag or DagContext.get_current_dag()
  File "/home/airflow/.local/lib/python3.7/site-packages/airflow/models/baseoperator.py", line 789, in __setattr__
    super().__setattr__(key, value)
  File "/home/airflow/.local/lib/python3.7/site-packages/airflow/models/baseoperator.py", line 840, in dag
    dag.add_task(self)
  File "/home/airflow/.local/lib/python3.7/site-packages/airflow/models/dag.py", line 2139, in add_task
    raise AirflowException("Task is missing the start_date parameter")
airflow.exceptions.AirflowException: Task is missing the start_date parameter
[2023-01-24 11:29:28,898] {processor.py:656} WARNING - No viable dags retrieved from /opt/airflow/dags/data_ingestion_zone_dag.py
[2023-01-24 11:29:28,910] {processor.py:171} INFO - Processing /opt/airflow/dags/data_ingestion_zone_dag.py took 1.000 seconds
[2023-01-24 11:29:59,056] {processor.py:163} INFO - Started process (PID=4313) to work on /opt/airflow/dags/data_ingestion_zone_dag.py
[2023-01-24 11:29:59,058] {processor.py:642} INFO - Processing file /opt/airflow/dags/data_ingestion_zone_dag.py for tasks to queue
[2023-01-24 11:29:59,059] {logging_mixin.py:109} INFO - [2023-01-24 11:29:59,059] {dagbag.py:500} INFO - Filling up the DagBag from /opt/airflow/dags/data_ingestion_zone_dag.py
[2023-01-24 11:29:59,968] {logging_mixin.py:109} INFO - [2023-01-24 11:29:59,966] {dagbag.py:334} ERROR - Failed to import: /opt/airflow/dags/data_ingestion_zone_dag.py
Traceback (most recent call last):
  File "/home/airflow/.local/lib/python3.7/site-packages/airflow/models/dagbag.py", line 331, in _load_modules_from_file
    loader.exec_module(new_module)
  File "<frozen importlib._bootstrap_external>", line 728, in exec_module
  File "<frozen importlib._bootstrap>", line 219, in _call_with_frames_removed
  File "/opt/airflow/dags/data_ingestion_zone_dag.py", line 74, in <module>
    bash_command=f"curl -sSLf {dataset_url} > {AIRFLOW_HOME}/{dataset_file}"
  File "/home/airflow/.local/lib/python3.7/site-packages/airflow/models/baseoperator.py", line 188, in apply_defaults
    result = func(self, *args, **kwargs)
  File "/home/airflow/.local/lib/python3.7/site-packages/airflow/operators/bash.py", line 143, in __init__
    super().__init__(**kwargs)
  File "/home/airflow/.local/lib/python3.7/site-packages/airflow/models/baseoperator.py", line 188, in apply_defaults
    result = func(self, *args, **kwargs)
  File "/home/airflow/.local/lib/python3.7/site-packages/airflow/models/baseoperator.py", line 683, in __init__
    self.dag = dag or DagContext.get_current_dag()
  File "/home/airflow/.local/lib/python3.7/site-packages/airflow/models/baseoperator.py", line 789, in __setattr__
    super().__setattr__(key, value)
  File "/home/airflow/.local/lib/python3.7/site-packages/airflow/models/baseoperator.py", line 840, in dag
    dag.add_task(self)
  File "/home/airflow/.local/lib/python3.7/site-packages/airflow/models/dag.py", line 2139, in add_task
    raise AirflowException("Task is missing the start_date parameter")
airflow.exceptions.AirflowException: Task is missing the start_date parameter
[2023-01-24 11:29:59,984] {processor.py:656} WARNING - No viable dags retrieved from /opt/airflow/dags/data_ingestion_zone_dag.py
[2023-01-24 11:29:59,993] {processor.py:171} INFO - Processing /opt/airflow/dags/data_ingestion_zone_dag.py took 0.942 seconds
[2023-01-24 11:30:30,221] {processor.py:163} INFO - Started process (PID=4368) to work on /opt/airflow/dags/data_ingestion_zone_dag.py
[2023-01-24 11:30:30,224] {processor.py:642} INFO - Processing file /opt/airflow/dags/data_ingestion_zone_dag.py for tasks to queue
[2023-01-24 11:30:30,225] {logging_mixin.py:109} INFO - [2023-01-24 11:30:30,224] {dagbag.py:500} INFO - Filling up the DagBag from /opt/airflow/dags/data_ingestion_zone_dag.py
[2023-01-24 11:30:31,155] {logging_mixin.py:109} INFO - [2023-01-24 11:30:31,152] {dagbag.py:334} ERROR - Failed to import: /opt/airflow/dags/data_ingestion_zone_dag.py
Traceback (most recent call last):
  File "/home/airflow/.local/lib/python3.7/site-packages/airflow/models/dagbag.py", line 331, in _load_modules_from_file
    loader.exec_module(new_module)
  File "<frozen importlib._bootstrap_external>", line 728, in exec_module
  File "<frozen importlib._bootstrap>", line 219, in _call_with_frames_removed
  File "/opt/airflow/dags/data_ingestion_zone_dag.py", line 74, in <module>
    bash_command=f"curl -sSLf {dataset_url} > {AIRFLOW_HOME}/{dataset_file}"
  File "/home/airflow/.local/lib/python3.7/site-packages/airflow/models/baseoperator.py", line 188, in apply_defaults
    result = func(self, *args, **kwargs)
  File "/home/airflow/.local/lib/python3.7/site-packages/airflow/operators/bash.py", line 143, in __init__
    super().__init__(**kwargs)
  File "/home/airflow/.local/lib/python3.7/site-packages/airflow/models/baseoperator.py", line 188, in apply_defaults
    result = func(self, *args, **kwargs)
  File "/home/airflow/.local/lib/python3.7/site-packages/airflow/models/baseoperator.py", line 683, in __init__
    self.dag = dag or DagContext.get_current_dag()
  File "/home/airflow/.local/lib/python3.7/site-packages/airflow/models/baseoperator.py", line 789, in __setattr__
    super().__setattr__(key, value)
  File "/home/airflow/.local/lib/python3.7/site-packages/airflow/models/baseoperator.py", line 840, in dag
    dag.add_task(self)
  File "/home/airflow/.local/lib/python3.7/site-packages/airflow/models/dag.py", line 2139, in add_task
    raise AirflowException("Task is missing the start_date parameter")
airflow.exceptions.AirflowException: Task is missing the start_date parameter
[2023-01-24 11:30:31,171] {processor.py:656} WARNING - No viable dags retrieved from /opt/airflow/dags/data_ingestion_zone_dag.py
[2023-01-24 11:30:31,180] {processor.py:171} INFO - Processing /opt/airflow/dags/data_ingestion_zone_dag.py took 0.964 seconds
[2023-01-24 11:30:59,351] {processor.py:163} INFO - Started process (PID=4423) to work on /opt/airflow/dags/data_ingestion_zone_dag.py
[2023-01-24 11:30:59,353] {processor.py:642} INFO - Processing file /opt/airflow/dags/data_ingestion_zone_dag.py for tasks to queue
[2023-01-24 11:30:59,354] {logging_mixin.py:109} INFO - [2023-01-24 11:30:59,353] {dagbag.py:500} INFO - Filling up the DagBag from /opt/airflow/dags/data_ingestion_zone_dag.py
[2023-01-24 11:31:00,331] {processor.py:654} INFO - DAG(s) dict_keys(['data_ingestion_zone_dag']) retrieved from /opt/airflow/dags/data_ingestion_zone_dag.py
[2023-01-24 11:31:00,546] {logging_mixin.py:109} INFO - [2023-01-24 11:31:00,546] {dag.py:2396} INFO - Sync 1 DAGs
[2023-01-24 11:31:00,561] {logging_mixin.py:109} INFO - [2023-01-24 11:31:00,561] {dag.py:2935} INFO - Setting next_dagrun for data_ingestion_zone_dag to None
[2023-01-24 11:31:00,576] {processor.py:171} INFO - Processing /opt/airflow/dags/data_ingestion_zone_dag.py took 1.230 seconds
[2023-01-24 11:31:30,866] {processor.py:163} INFO - Started process (PID=4495) to work on /opt/airflow/dags/data_ingestion_zone_dag.py
[2023-01-24 11:31:30,869] {processor.py:642} INFO - Processing file /opt/airflow/dags/data_ingestion_zone_dag.py for tasks to queue
[2023-01-24 11:31:30,870] {logging_mixin.py:109} INFO - [2023-01-24 11:31:30,869] {dagbag.py:500} INFO - Filling up the DagBag from /opt/airflow/dags/data_ingestion_zone_dag.py
[2023-01-24 11:31:31,812] {processor.py:654} INFO - DAG(s) dict_keys(['data_ingestion_zone_dag']) retrieved from /opt/airflow/dags/data_ingestion_zone_dag.py
[2023-01-24 11:31:31,822] {logging_mixin.py:109} INFO - [2023-01-24 11:31:31,821] {dag.py:2396} INFO - Sync 1 DAGs
[2023-01-24 11:31:31,839] {logging_mixin.py:109} INFO - [2023-01-24 11:31:31,839] {dag.py:2935} INFO - Setting next_dagrun for data_ingestion_zone_dag to None
[2023-01-24 11:31:31,849] {processor.py:171} INFO - Processing /opt/airflow/dags/data_ingestion_zone_dag.py took 0.988 seconds
[2023-01-24 11:32:02,081] {processor.py:163} INFO - Started process (PID=4558) to work on /opt/airflow/dags/data_ingestion_zone_dag.py
[2023-01-24 11:32:02,083] {processor.py:642} INFO - Processing file /opt/airflow/dags/data_ingestion_zone_dag.py for tasks to queue
[2023-01-24 11:32:02,084] {logging_mixin.py:109} INFO - [2023-01-24 11:32:02,084] {dagbag.py:500} INFO - Filling up the DagBag from /opt/airflow/dags/data_ingestion_zone_dag.py
[2023-01-24 11:32:03,029] {processor.py:654} INFO - DAG(s) dict_keys(['data_ingestion_zone_dag']) retrieved from /opt/airflow/dags/data_ingestion_zone_dag.py
[2023-01-24 11:32:03,038] {logging_mixin.py:109} INFO - [2023-01-24 11:32:03,038] {dag.py:2396} INFO - Sync 1 DAGs
[2023-01-24 11:32:03,054] {logging_mixin.py:109} INFO - [2023-01-24 11:32:03,054] {dag.py:2935} INFO - Setting next_dagrun for data_ingestion_zone_dag to None
[2023-01-24 11:32:03,065] {processor.py:171} INFO - Processing /opt/airflow/dags/data_ingestion_zone_dag.py took 0.989 seconds
[2023-01-24 11:32:10,134] {processor.py:163} INFO - Started process (PID=4585) to work on /opt/airflow/dags/data_ingestion_zone_dag.py
[2023-01-24 11:32:10,135] {processor.py:642} INFO - Processing file /opt/airflow/dags/data_ingestion_zone_dag.py for tasks to queue
[2023-01-24 11:32:10,136] {logging_mixin.py:109} INFO - [2023-01-24 11:32:10,136] {dagbag.py:500} INFO - Filling up the DagBag from /opt/airflow/dags/data_ingestion_zone_dag.py
[2023-01-24 11:32:11,056] {processor.py:654} INFO - DAG(s) dict_keys(['data_ingestion_zone_dag']) retrieved from /opt/airflow/dags/data_ingestion_zone_dag.py
[2023-01-24 11:32:11,274] {logging_mixin.py:109} INFO - [2023-01-24 11:32:11,274] {dag.py:2396} INFO - Sync 1 DAGs
[2023-01-24 11:32:11,289] {logging_mixin.py:109} INFO - [2023-01-24 11:32:11,289] {dag.py:2935} INFO - Setting next_dagrun for data_ingestion_zone_dag to None
[2023-01-24 11:32:11,303] {processor.py:171} INFO - Processing /opt/airflow/dags/data_ingestion_zone_dag.py took 1.174 seconds
[2023-01-24 11:32:42,026] {processor.py:163} INFO - Started process (PID=4663) to work on /opt/airflow/dags/data_ingestion_zone_dag.py
[2023-01-24 11:32:42,028] {processor.py:642} INFO - Processing file /opt/airflow/dags/data_ingestion_zone_dag.py for tasks to queue
[2023-01-24 11:32:42,029] {logging_mixin.py:109} INFO - [2023-01-24 11:32:42,029] {dagbag.py:500} INFO - Filling up the DagBag from /opt/airflow/dags/data_ingestion_zone_dag.py
[2023-01-24 11:32:42,971] {processor.py:654} INFO - DAG(s) dict_keys(['data_ingestion_zone_dag']) retrieved from /opt/airflow/dags/data_ingestion_zone_dag.py
[2023-01-24 11:32:42,985] {logging_mixin.py:109} INFO - [2023-01-24 11:32:42,985] {dag.py:2396} INFO - Sync 1 DAGs
[2023-01-24 11:32:43,011] {logging_mixin.py:109} INFO - [2023-01-24 11:32:43,011] {dag.py:2935} INFO - Setting next_dagrun for data_ingestion_zone_dag to None
[2023-01-24 11:32:43,025] {processor.py:171} INFO - Processing /opt/airflow/dags/data_ingestion_zone_dag.py took 1.004 seconds
[2023-01-24 11:33:09,119] {processor.py:163} INFO - Started process (PID=4725) to work on /opt/airflow/dags/data_ingestion_zone_dag.py
[2023-01-24 11:33:09,121] {processor.py:642} INFO - Processing file /opt/airflow/dags/data_ingestion_zone_dag.py for tasks to queue
[2023-01-24 11:33:09,122] {logging_mixin.py:109} INFO - [2023-01-24 11:33:09,122] {dagbag.py:500} INFO - Filling up the DagBag from /opt/airflow/dags/data_ingestion_zone_dag.py
[2023-01-24 11:33:10,084] {processor.py:654} INFO - DAG(s) dict_keys(['data_ingestion_zone_dag']) retrieved from /opt/airflow/dags/data_ingestion_zone_dag.py
[2023-01-24 11:33:10,346] {logging_mixin.py:109} INFO - [2023-01-24 11:33:10,345] {dag.py:2396} INFO - Sync 1 DAGs
[2023-01-24 11:33:10,370] {logging_mixin.py:109} INFO - [2023-01-24 11:33:10,370] {dag.py:2935} INFO - Setting next_dagrun for data_ingestion_zone_dag to None
[2023-01-24 11:33:10,388] {processor.py:171} INFO - Processing /opt/airflow/dags/data_ingestion_zone_dag.py took 1.274 seconds
[2023-01-24 11:33:40,462] {processor.py:163} INFO - Started process (PID=4780) to work on /opt/airflow/dags/data_ingestion_zone_dag.py
[2023-01-24 11:33:40,463] {processor.py:642} INFO - Processing file /opt/airflow/dags/data_ingestion_zone_dag.py for tasks to queue
[2023-01-24 11:33:40,464] {logging_mixin.py:109} INFO - [2023-01-24 11:33:40,464] {dagbag.py:500} INFO - Filling up the DagBag from /opt/airflow/dags/data_ingestion_zone_dag.py
[2023-01-24 11:33:41,363] {processor.py:654} INFO - DAG(s) dict_keys(['data_ingestion_zone_dag']) retrieved from /opt/airflow/dags/data_ingestion_zone_dag.py
[2023-01-24 11:33:41,372] {logging_mixin.py:109} INFO - [2023-01-24 11:33:41,372] {dag.py:2396} INFO - Sync 1 DAGs
[2023-01-24 11:33:41,389] {logging_mixin.py:109} INFO - [2023-01-24 11:33:41,388] {dag.py:2935} INFO - Setting next_dagrun for data_ingestion_zone_dag to None
[2023-01-24 11:33:41,398] {processor.py:171} INFO - Processing /opt/airflow/dags/data_ingestion_zone_dag.py took 0.941 seconds
[2023-01-24 11:34:11,486] {processor.py:163} INFO - Started process (PID=4834) to work on /opt/airflow/dags/data_ingestion_zone_dag.py
[2023-01-24 11:34:11,489] {processor.py:642} INFO - Processing file /opt/airflow/dags/data_ingestion_zone_dag.py for tasks to queue
[2023-01-24 11:34:11,489] {logging_mixin.py:109} INFO - [2023-01-24 11:34:11,489] {dagbag.py:500} INFO - Filling up the DagBag from /opt/airflow/dags/data_ingestion_zone_dag.py
[2023-01-24 11:34:12,467] {processor.py:654} INFO - DAG(s) dict_keys(['data_ingestion_zone_dag']) retrieved from /opt/airflow/dags/data_ingestion_zone_dag.py
[2023-01-24 11:34:12,480] {logging_mixin.py:109} INFO - [2023-01-24 11:34:12,479] {dag.py:2396} INFO - Sync 1 DAGs
[2023-01-24 11:34:12,504] {logging_mixin.py:109} INFO - [2023-01-24 11:34:12,504] {dag.py:2935} INFO - Setting next_dagrun for data_ingestion_zone_dag to None
[2023-01-24 11:34:12,518] {processor.py:171} INFO - Processing /opt/airflow/dags/data_ingestion_zone_dag.py took 1.036 seconds
[2023-01-24 11:34:42,650] {processor.py:163} INFO - Started process (PID=4897) to work on /opt/airflow/dags/data_ingestion_zone_dag.py
[2023-01-24 11:34:42,652] {processor.py:642} INFO - Processing file /opt/airflow/dags/data_ingestion_zone_dag.py for tasks to queue
[2023-01-24 11:34:42,653] {logging_mixin.py:109} INFO - [2023-01-24 11:34:42,653] {dagbag.py:500} INFO - Filling up the DagBag from /opt/airflow/dags/data_ingestion_zone_dag.py
[2023-01-24 11:34:43,609] {processor.py:654} INFO - DAG(s) dict_keys(['data_ingestion_zone_dag']) retrieved from /opt/airflow/dags/data_ingestion_zone_dag.py
[2023-01-24 11:34:43,619] {logging_mixin.py:109} INFO - [2023-01-24 11:34:43,618] {dag.py:2396} INFO - Sync 1 DAGs
[2023-01-24 11:34:43,635] {logging_mixin.py:109} INFO - [2023-01-24 11:34:43,635] {dag.py:2935} INFO - Setting next_dagrun for data_ingestion_zone_dag to None
[2023-01-24 11:34:43,646] {processor.py:171} INFO - Processing /opt/airflow/dags/data_ingestion_zone_dag.py took 1.002 seconds
[2023-01-24 11:35:13,771] {processor.py:163} INFO - Started process (PID=4951) to work on /opt/airflow/dags/data_ingestion_zone_dag.py
[2023-01-24 11:35:13,773] {processor.py:642} INFO - Processing file /opt/airflow/dags/data_ingestion_zone_dag.py for tasks to queue
[2023-01-24 11:35:13,774] {logging_mixin.py:109} INFO - [2023-01-24 11:35:13,774] {dagbag.py:500} INFO - Filling up the DagBag from /opt/airflow/dags/data_ingestion_zone_dag.py
[2023-01-24 11:35:14,704] {processor.py:654} INFO - DAG(s) dict_keys(['data_ingestion_zone_dag']) retrieved from /opt/airflow/dags/data_ingestion_zone_dag.py
[2023-01-24 11:35:14,715] {logging_mixin.py:109} INFO - [2023-01-24 11:35:14,714] {dag.py:2396} INFO - Sync 1 DAGs
[2023-01-24 11:35:14,731] {logging_mixin.py:109} INFO - [2023-01-24 11:35:14,731] {dag.py:2935} INFO - Setting next_dagrun for data_ingestion_zone_dag to None
[2023-01-24 11:35:14,741] {processor.py:171} INFO - Processing /opt/airflow/dags/data_ingestion_zone_dag.py took 0.975 seconds
[2023-01-24 11:35:44,859] {processor.py:163} INFO - Started process (PID=5015) to work on /opt/airflow/dags/data_ingestion_zone_dag.py
[2023-01-24 11:35:44,861] {processor.py:642} INFO - Processing file /opt/airflow/dags/data_ingestion_zone_dag.py for tasks to queue
[2023-01-24 11:35:44,862] {logging_mixin.py:109} INFO - [2023-01-24 11:35:44,862] {dagbag.py:500} INFO - Filling up the DagBag from /opt/airflow/dags/data_ingestion_zone_dag.py
[2023-01-24 11:35:45,759] {processor.py:654} INFO - DAG(s) dict_keys(['data_ingestion_zone_dag']) retrieved from /opt/airflow/dags/data_ingestion_zone_dag.py
[2023-01-24 11:35:45,768] {logging_mixin.py:109} INFO - [2023-01-24 11:35:45,768] {dag.py:2396} INFO - Sync 1 DAGs
[2023-01-24 11:35:45,784] {logging_mixin.py:109} INFO - [2023-01-24 11:35:45,784] {dag.py:2935} INFO - Setting next_dagrun for data_ingestion_zone_dag to None
[2023-01-24 11:35:45,793] {processor.py:171} INFO - Processing /opt/airflow/dags/data_ingestion_zone_dag.py took 0.939 seconds
[2023-01-24 11:36:15,940] {processor.py:163} INFO - Started process (PID=5094) to work on /opt/airflow/dags/data_ingestion_zone_dag.py
[2023-01-24 11:36:15,942] {processor.py:642} INFO - Processing file /opt/airflow/dags/data_ingestion_zone_dag.py for tasks to queue
[2023-01-24 11:36:15,943] {logging_mixin.py:109} INFO - [2023-01-24 11:36:15,943] {dagbag.py:500} INFO - Filling up the DagBag from /opt/airflow/dags/data_ingestion_zone_dag.py
[2023-01-24 11:36:16,889] {processor.py:654} INFO - DAG(s) dict_keys(['data_ingestion_zone_dag']) retrieved from /opt/airflow/dags/data_ingestion_zone_dag.py
[2023-01-24 11:36:16,900] {logging_mixin.py:109} INFO - [2023-01-24 11:36:16,900] {dag.py:2396} INFO - Sync 1 DAGs
[2023-01-24 11:36:16,920] {logging_mixin.py:109} INFO - [2023-01-24 11:36:16,920] {dag.py:2935} INFO - Setting next_dagrun for data_ingestion_zone_dag to None
[2023-01-24 11:36:16,931] {processor.py:171} INFO - Processing /opt/airflow/dags/data_ingestion_zone_dag.py took 0.996 seconds
[2023-01-24 11:36:47,061] {processor.py:163} INFO - Started process (PID=5157) to work on /opt/airflow/dags/data_ingestion_zone_dag.py
[2023-01-24 11:36:47,062] {processor.py:642} INFO - Processing file /opt/airflow/dags/data_ingestion_zone_dag.py for tasks to queue
[2023-01-24 11:36:47,063] {logging_mixin.py:109} INFO - [2023-01-24 11:36:47,063] {dagbag.py:500} INFO - Filling up the DagBag from /opt/airflow/dags/data_ingestion_zone_dag.py
[2023-01-24 11:36:48,004] {processor.py:654} INFO - DAG(s) dict_keys(['data_ingestion_zone_dag']) retrieved from /opt/airflow/dags/data_ingestion_zone_dag.py
[2023-01-24 11:36:48,015] {logging_mixin.py:109} INFO - [2023-01-24 11:36:48,014] {dag.py:2396} INFO - Sync 1 DAGs
[2023-01-24 11:36:48,032] {logging_mixin.py:109} INFO - [2023-01-24 11:36:48,032] {dag.py:2935} INFO - Setting next_dagrun for data_ingestion_zone_dag to None
[2023-01-24 11:36:48,042] {processor.py:171} INFO - Processing /opt/airflow/dags/data_ingestion_zone_dag.py took 0.986 seconds
[2023-01-24 11:37:18,179] {processor.py:163} INFO - Started process (PID=5211) to work on /opt/airflow/dags/data_ingestion_zone_dag.py
[2023-01-24 11:37:18,183] {processor.py:642} INFO - Processing file /opt/airflow/dags/data_ingestion_zone_dag.py for tasks to queue
[2023-01-24 11:37:18,184] {logging_mixin.py:109} INFO - [2023-01-24 11:37:18,184] {dagbag.py:500} INFO - Filling up the DagBag from /opt/airflow/dags/data_ingestion_zone_dag.py
[2023-01-24 11:37:19,102] {processor.py:654} INFO - DAG(s) dict_keys(['data_ingestion_zone_dag']) retrieved from /opt/airflow/dags/data_ingestion_zone_dag.py
[2023-01-24 11:37:19,113] {logging_mixin.py:109} INFO - [2023-01-24 11:37:19,113] {dag.py:2396} INFO - Sync 1 DAGs
[2023-01-24 11:37:19,130] {logging_mixin.py:109} INFO - [2023-01-24 11:37:19,130] {dag.py:2935} INFO - Setting next_dagrun for data_ingestion_zone_dag to None
[2023-01-24 11:37:19,142] {processor.py:171} INFO - Processing /opt/airflow/dags/data_ingestion_zone_dag.py took 0.968 seconds
[2023-01-24 11:37:49,330] {processor.py:163} INFO - Started process (PID=5265) to work on /opt/airflow/dags/data_ingestion_zone_dag.py
[2023-01-24 11:37:49,333] {processor.py:642} INFO - Processing file /opt/airflow/dags/data_ingestion_zone_dag.py for tasks to queue
[2023-01-24 11:37:49,336] {logging_mixin.py:109} INFO - [2023-01-24 11:37:49,334] {dagbag.py:500} INFO - Filling up the DagBag from /opt/airflow/dags/data_ingestion_zone_dag.py
[2023-01-24 11:37:50,273] {processor.py:654} INFO - DAG(s) dict_keys(['data_ingestion_zone_dag']) retrieved from /opt/airflow/dags/data_ingestion_zone_dag.py
[2023-01-24 11:37:50,282] {logging_mixin.py:109} INFO - [2023-01-24 11:37:50,282] {dag.py:2396} INFO - Sync 1 DAGs
[2023-01-24 11:37:50,299] {logging_mixin.py:109} INFO - [2023-01-24 11:37:50,299] {dag.py:2935} INFO - Setting next_dagrun for data_ingestion_zone_dag to None
[2023-01-24 11:37:50,309] {processor.py:171} INFO - Processing /opt/airflow/dags/data_ingestion_zone_dag.py took 0.984 seconds
[2023-01-24 11:37:53,362] {processor.py:163} INFO - Started process (PID=5282) to work on /opt/airflow/dags/data_ingestion_zone_dag.py
[2023-01-24 11:37:53,363] {processor.py:642} INFO - Processing file /opt/airflow/dags/data_ingestion_zone_dag.py for tasks to queue
[2023-01-24 11:37:53,364] {logging_mixin.py:109} INFO - [2023-01-24 11:37:53,364] {dagbag.py:500} INFO - Filling up the DagBag from /opt/airflow/dags/data_ingestion_zone_dag.py
[2023-01-24 11:37:54,265] {processor.py:654} INFO - DAG(s) dict_keys(['data_ingestion_zone_dag']) retrieved from /opt/airflow/dags/data_ingestion_zone_dag.py
[2023-01-24 11:37:54,275] {logging_mixin.py:109} INFO - [2023-01-24 11:37:54,275] {dag.py:2396} INFO - Sync 1 DAGs
[2023-01-24 11:37:54,292] {logging_mixin.py:109} INFO - [2023-01-24 11:37:54,292] {dag.py:2935} INFO - Setting next_dagrun for data_ingestion_zone_dag to None
[2023-01-24 11:37:54,304] {processor.py:171} INFO - Processing /opt/airflow/dags/data_ingestion_zone_dag.py took 0.947 seconds
[2023-01-24 11:38:24,477] {processor.py:163} INFO - Started process (PID=5362) to work on /opt/airflow/dags/data_ingestion_zone_dag.py
[2023-01-24 11:38:24,479] {processor.py:642} INFO - Processing file /opt/airflow/dags/data_ingestion_zone_dag.py for tasks to queue
[2023-01-24 11:38:24,480] {logging_mixin.py:109} INFO - [2023-01-24 11:38:24,480] {dagbag.py:500} INFO - Filling up the DagBag from /opt/airflow/dags/data_ingestion_zone_dag.py
[2023-01-24 11:38:25,398] {processor.py:654} INFO - DAG(s) dict_keys(['data_ingestion_zone_dag']) retrieved from /opt/airflow/dags/data_ingestion_zone_dag.py
[2023-01-24 11:38:25,408] {logging_mixin.py:109} INFO - [2023-01-24 11:38:25,408] {dag.py:2396} INFO - Sync 1 DAGs
[2023-01-24 11:38:25,425] {logging_mixin.py:109} INFO - [2023-01-24 11:38:25,424] {dag.py:2935} INFO - Setting next_dagrun for data_ingestion_zone_dag to None
[2023-01-24 11:38:25,436] {processor.py:171} INFO - Processing /opt/airflow/dags/data_ingestion_zone_dag.py took 0.964 seconds
[2023-01-24 11:38:55,614] {processor.py:163} INFO - Started process (PID=5425) to work on /opt/airflow/dags/data_ingestion_zone_dag.py
[2023-01-24 11:38:55,616] {processor.py:642} INFO - Processing file /opt/airflow/dags/data_ingestion_zone_dag.py for tasks to queue
[2023-01-24 11:38:55,617] {logging_mixin.py:109} INFO - [2023-01-24 11:38:55,617] {dagbag.py:500} INFO - Filling up the DagBag from /opt/airflow/dags/data_ingestion_zone_dag.py
[2023-01-24 11:38:56,541] {processor.py:654} INFO - DAG(s) dict_keys(['data_ingestion_zone_dag']) retrieved from /opt/airflow/dags/data_ingestion_zone_dag.py
[2023-01-24 11:38:56,551] {logging_mixin.py:109} INFO - [2023-01-24 11:38:56,551] {dag.py:2396} INFO - Sync 1 DAGs
[2023-01-24 11:38:56,568] {logging_mixin.py:109} INFO - [2023-01-24 11:38:56,568] {dag.py:2935} INFO - Setting next_dagrun for data_ingestion_zone_dag to None
[2023-01-24 11:38:56,580] {processor.py:171} INFO - Processing /opt/airflow/dags/data_ingestion_zone_dag.py took 0.971 seconds
[2023-01-24 11:39:26,661] {processor.py:163} INFO - Started process (PID=5479) to work on /opt/airflow/dags/data_ingestion_zone_dag.py
[2023-01-24 11:39:26,663] {processor.py:642} INFO - Processing file /opt/airflow/dags/data_ingestion_zone_dag.py for tasks to queue
[2023-01-24 11:39:26,664] {logging_mixin.py:109} INFO - [2023-01-24 11:39:26,664] {dagbag.py:500} INFO - Filling up the DagBag from /opt/airflow/dags/data_ingestion_zone_dag.py
[2023-01-24 11:39:27,579] {processor.py:654} INFO - DAG(s) dict_keys(['data_ingestion_zone_dag']) retrieved from /opt/airflow/dags/data_ingestion_zone_dag.py
[2023-01-24 11:39:27,590] {logging_mixin.py:109} INFO - [2023-01-24 11:39:27,590] {dag.py:2396} INFO - Sync 1 DAGs
[2023-01-24 11:39:27,609] {logging_mixin.py:109} INFO - [2023-01-24 11:39:27,609] {dag.py:2935} INFO - Setting next_dagrun for data_ingestion_zone_dag to None
[2023-01-24 11:39:27,621] {processor.py:171} INFO - Processing /opt/airflow/dags/data_ingestion_zone_dag.py took 0.965 seconds
[2023-01-24 11:39:57,796] {processor.py:163} INFO - Started process (PID=5541) to work on /opt/airflow/dags/data_ingestion_zone_dag.py
[2023-01-24 11:39:57,797] {processor.py:642} INFO - Processing file /opt/airflow/dags/data_ingestion_zone_dag.py for tasks to queue
[2023-01-24 11:39:57,798] {logging_mixin.py:109} INFO - [2023-01-24 11:39:57,798] {dagbag.py:500} INFO - Filling up the DagBag from /opt/airflow/dags/data_ingestion_zone_dag.py
[2023-01-24 11:39:58,790] {processor.py:654} INFO - DAG(s) dict_keys(['data_ingestion_zone_dag']) retrieved from /opt/airflow/dags/data_ingestion_zone_dag.py
[2023-01-24 11:39:58,799] {logging_mixin.py:109} INFO - [2023-01-24 11:39:58,799] {dag.py:2396} INFO - Sync 1 DAGs
[2023-01-24 11:39:58,818] {logging_mixin.py:109} INFO - [2023-01-24 11:39:58,818] {dag.py:2935} INFO - Setting next_dagrun for data_ingestion_zone_dag to None
[2023-01-24 11:39:58,827] {processor.py:171} INFO - Processing /opt/airflow/dags/data_ingestion_zone_dag.py took 1.037 seconds
[2023-01-24 11:40:28,938] {processor.py:163} INFO - Started process (PID=5595) to work on /opt/airflow/dags/data_ingestion_zone_dag.py
[2023-01-24 11:40:28,940] {processor.py:642} INFO - Processing file /opt/airflow/dags/data_ingestion_zone_dag.py for tasks to queue
[2023-01-24 11:40:28,941] {logging_mixin.py:109} INFO - [2023-01-24 11:40:28,941] {dagbag.py:500} INFO - Filling up the DagBag from /opt/airflow/dags/data_ingestion_zone_dag.py
[2023-01-24 11:40:29,823] {processor.py:654} INFO - DAG(s) dict_keys(['data_ingestion_zone_dag']) retrieved from /opt/airflow/dags/data_ingestion_zone_dag.py
[2023-01-24 11:40:29,835] {logging_mixin.py:109} INFO - [2023-01-24 11:40:29,834] {dag.py:2396} INFO - Sync 1 DAGs
[2023-01-24 11:40:29,852] {logging_mixin.py:109} INFO - [2023-01-24 11:40:29,852] {dag.py:2935} INFO - Setting next_dagrun for data_ingestion_zone_dag to None
[2023-01-24 11:40:29,862] {processor.py:171} INFO - Processing /opt/airflow/dags/data_ingestion_zone_dag.py took 0.930 seconds
[2023-01-24 11:41:00,051] {processor.py:163} INFO - Started process (PID=5649) to work on /opt/airflow/dags/data_ingestion_zone_dag.py
[2023-01-24 11:41:00,054] {processor.py:642} INFO - Processing file /opt/airflow/dags/data_ingestion_zone_dag.py for tasks to queue
[2023-01-24 11:41:00,055] {logging_mixin.py:109} INFO - [2023-01-24 11:41:00,055] {dagbag.py:500} INFO - Filling up the DagBag from /opt/airflow/dags/data_ingestion_zone_dag.py
[2023-01-24 11:41:00,984] {processor.py:654} INFO - DAG(s) dict_keys(['data_ingestion_zone_dag']) retrieved from /opt/airflow/dags/data_ingestion_zone_dag.py
[2023-01-24 11:41:00,994] {logging_mixin.py:109} INFO - [2023-01-24 11:41:00,993] {dag.py:2396} INFO - Sync 1 DAGs
[2023-01-24 11:41:01,013] {logging_mixin.py:109} INFO - [2023-01-24 11:41:01,013] {dag.py:2935} INFO - Setting next_dagrun for data_ingestion_zone_dag to None
[2023-01-24 11:41:01,023] {processor.py:171} INFO - Processing /opt/airflow/dags/data_ingestion_zone_dag.py took 0.976 seconds
[2023-01-24 11:41:20,783] {processor.py:163} INFO - Started process (PID=5701) to work on /opt/airflow/dags/data_ingestion_zone_dag.py
[2023-01-24 11:41:20,785] {processor.py:642} INFO - Processing file /opt/airflow/dags/data_ingestion_zone_dag.py for tasks to queue
[2023-01-24 11:41:20,785] {logging_mixin.py:109} INFO - [2023-01-24 11:41:20,785] {dagbag.py:500} INFO - Filling up the DagBag from /opt/airflow/dags/data_ingestion_zone_dag.py
[2023-01-24 11:41:21,657] {logging_mixin.py:109} INFO - [2023-01-24 11:41:21,656] {dagbag.py:334} ERROR - Failed to import: /opt/airflow/dags/data_ingestion_zone_dag.py
Traceback (most recent call last):
  File "/home/airflow/.local/lib/python3.7/site-packages/airflow/models/dagbag.py", line 331, in _load_modules_from_file
    loader.exec_module(new_module)
  File "<frozen importlib._bootstrap_external>", line 728, in exec_module
  File "<frozen importlib._bootstrap>", line 219, in _call_with_frames_removed
  File "/opt/airflow/dags/data_ingestion_zone_dag.py", line 91, in <module>
    "object_name": f"raw/{parquet_file}",
NameError: name 'parquet_file' is not defined
[2023-01-24 11:41:21,673] {processor.py:690} INFO - Deactivated 1 DAGs which are no longer present in /opt/airflow/dags/data_ingestion_zone_dag.py
[2023-01-24 11:41:21,673] {processor.py:656} WARNING - No viable dags retrieved from /opt/airflow/dags/data_ingestion_zone_dag.py
[2023-01-24 11:41:21,682] {processor.py:171} INFO - Processing /opt/airflow/dags/data_ingestion_zone_dag.py took 0.905 seconds
[2023-01-24 11:41:51,817] {processor.py:163} INFO - Started process (PID=5765) to work on /opt/airflow/dags/data_ingestion_zone_dag.py
[2023-01-24 11:41:51,819] {processor.py:642} INFO - Processing file /opt/airflow/dags/data_ingestion_zone_dag.py for tasks to queue
[2023-01-24 11:41:51,820] {logging_mixin.py:109} INFO - [2023-01-24 11:41:51,820] {dagbag.py:500} INFO - Filling up the DagBag from /opt/airflow/dags/data_ingestion_zone_dag.py
[2023-01-24 11:41:52,721] {logging_mixin.py:109} INFO - [2023-01-24 11:41:52,720] {dagbag.py:334} ERROR - Failed to import: /opt/airflow/dags/data_ingestion_zone_dag.py
Traceback (most recent call last):
  File "/home/airflow/.local/lib/python3.7/site-packages/airflow/models/dagbag.py", line 331, in _load_modules_from_file
    loader.exec_module(new_module)
  File "<frozen importlib._bootstrap_external>", line 728, in exec_module
  File "<frozen importlib._bootstrap>", line 219, in _call_with_frames_removed
  File "/opt/airflow/dags/data_ingestion_zone_dag.py", line 91, in <module>
    "object_name": f"raw/{parquet_file}",
NameError: name 'parquet_file' is not defined
[2023-01-24 11:41:52,739] {processor.py:656} WARNING - No viable dags retrieved from /opt/airflow/dags/data_ingestion_zone_dag.py
[2023-01-24 11:41:52,750] {processor.py:171} INFO - Processing /opt/airflow/dags/data_ingestion_zone_dag.py took 0.938 seconds
[2023-01-24 11:42:08,541] {processor.py:163} INFO - Started process (PID=5802) to work on /opt/airflow/dags/data_ingestion_zone_dag.py
[2023-01-24 11:42:08,543] {processor.py:642} INFO - Processing file /opt/airflow/dags/data_ingestion_zone_dag.py for tasks to queue
[2023-01-24 11:42:08,544] {logging_mixin.py:109} INFO - [2023-01-24 11:42:08,544] {dagbag.py:500} INFO - Filling up the DagBag from /opt/airflow/dags/data_ingestion_zone_dag.py
[2023-01-24 11:42:09,485] {processor.py:654} INFO - DAG(s) dict_keys(['data_ingestion_zone_dag']) retrieved from /opt/airflow/dags/data_ingestion_zone_dag.py
[2023-01-24 11:42:09,710] {logging_mixin.py:109} INFO - [2023-01-24 11:42:09,709] {dag.py:2396} INFO - Sync 1 DAGs
[2023-01-24 11:42:09,727] {logging_mixin.py:109} INFO - [2023-01-24 11:42:09,727] {dag.py:2935} INFO - Setting next_dagrun for data_ingestion_zone_dag to None
[2023-01-24 11:42:09,746] {processor.py:171} INFO - Processing /opt/airflow/dags/data_ingestion_zone_dag.py took 1.209 seconds
[2023-01-24 11:42:40,283] {processor.py:163} INFO - Started process (PID=5882) to work on /opt/airflow/dags/data_ingestion_zone_dag.py
[2023-01-24 11:42:40,285] {processor.py:642} INFO - Processing file /opt/airflow/dags/data_ingestion_zone_dag.py for tasks to queue
[2023-01-24 11:42:40,286] {logging_mixin.py:109} INFO - [2023-01-24 11:42:40,286] {dagbag.py:500} INFO - Filling up the DagBag from /opt/airflow/dags/data_ingestion_zone_dag.py
[2023-01-24 11:42:41,217] {processor.py:654} INFO - DAG(s) dict_keys(['data_ingestion_zone_dag']) retrieved from /opt/airflow/dags/data_ingestion_zone_dag.py
[2023-01-24 11:42:41,230] {logging_mixin.py:109} INFO - [2023-01-24 11:42:41,229] {dag.py:2396} INFO - Sync 1 DAGs
[2023-01-24 11:42:41,245] {logging_mixin.py:109} INFO - [2023-01-24 11:42:41,245] {dag.py:2935} INFO - Setting next_dagrun for data_ingestion_zone_dag to None
[2023-01-24 11:42:41,255] {processor.py:171} INFO - Processing /opt/airflow/dags/data_ingestion_zone_dag.py took 0.977 seconds
[2023-01-24 11:43:11,420] {processor.py:163} INFO - Started process (PID=5958) to work on /opt/airflow/dags/data_ingestion_zone_dag.py
[2023-01-24 11:43:11,423] {processor.py:642} INFO - Processing file /opt/airflow/dags/data_ingestion_zone_dag.py for tasks to queue
[2023-01-24 11:43:11,424] {logging_mixin.py:109} INFO - [2023-01-24 11:43:11,424] {dagbag.py:500} INFO - Filling up the DagBag from /opt/airflow/dags/data_ingestion_zone_dag.py
[2023-01-24 11:43:12,470] {processor.py:654} INFO - DAG(s) dict_keys(['data_ingestion_zone_dag']) retrieved from /opt/airflow/dags/data_ingestion_zone_dag.py
[2023-01-24 11:43:12,482] {logging_mixin.py:109} INFO - [2023-01-24 11:43:12,482] {dag.py:2396} INFO - Sync 1 DAGs
[2023-01-24 11:43:12,502] {logging_mixin.py:109} INFO - [2023-01-24 11:43:12,502] {dag.py:2935} INFO - Setting next_dagrun for data_ingestion_zone_dag to None
[2023-01-24 11:43:12,516] {processor.py:171} INFO - Processing /opt/airflow/dags/data_ingestion_zone_dag.py took 1.102 seconds
[2023-01-24 11:43:35,631] {processor.py:163} INFO - Started process (PID=6042) to work on /opt/airflow/dags/data_ingestion_zone_dag.py
[2023-01-24 11:43:35,633] {processor.py:642} INFO - Processing file /opt/airflow/dags/data_ingestion_zone_dag.py for tasks to queue
[2023-01-24 11:43:35,634] {logging_mixin.py:109} INFO - [2023-01-24 11:43:35,634] {dagbag.py:500} INFO - Filling up the DagBag from /opt/airflow/dags/data_ingestion_zone_dag.py
[2023-01-24 11:43:36,571] {processor.py:654} INFO - DAG(s) dict_keys(['data_ingestion_zone_dag']) retrieved from /opt/airflow/dags/data_ingestion_zone_dag.py
[2023-01-24 11:43:36,581] {logging_mixin.py:109} INFO - [2023-01-24 11:43:36,581] {dag.py:2396} INFO - Sync 1 DAGs
[2023-01-24 11:43:36,598] {logging_mixin.py:109} INFO - [2023-01-24 11:43:36,598] {dag.py:2935} INFO - Setting next_dagrun for data_ingestion_zone_dag to None
[2023-01-24 11:43:36,611] {processor.py:171} INFO - Processing /opt/airflow/dags/data_ingestion_zone_dag.py took 0.983 seconds
[2023-01-24 11:43:51,698] {processor.py:163} INFO - Started process (PID=6078) to work on /opt/airflow/dags/data_ingestion_zone_dag.py
[2023-01-24 11:43:51,701] {processor.py:642} INFO - Processing file /opt/airflow/dags/data_ingestion_zone_dag.py for tasks to queue
[2023-01-24 11:43:51,702] {logging_mixin.py:109} INFO - [2023-01-24 11:43:51,701] {dagbag.py:500} INFO - Filling up the DagBag from /opt/airflow/dags/data_ingestion_zone_dag.py
[2023-01-24 11:43:52,609] {processor.py:654} INFO - DAG(s) dict_keys(['data_ingestion_zone_dag']) retrieved from /opt/airflow/dags/data_ingestion_zone_dag.py
[2023-01-24 11:43:52,619] {logging_mixin.py:109} INFO - [2023-01-24 11:43:52,618] {dag.py:2396} INFO - Sync 1 DAGs
[2023-01-24 11:43:52,635] {logging_mixin.py:109} INFO - [2023-01-24 11:43:52,635] {dag.py:2935} INFO - Setting next_dagrun for data_ingestion_zone_dag to None
[2023-01-24 11:43:52,647] {processor.py:171} INFO - Processing /opt/airflow/dags/data_ingestion_zone_dag.py took 0.954 seconds
[2023-01-24 11:44:22,748] {processor.py:163} INFO - Started process (PID=6132) to work on /opt/airflow/dags/data_ingestion_zone_dag.py
[2023-01-24 11:44:22,750] {processor.py:642} INFO - Processing file /opt/airflow/dags/data_ingestion_zone_dag.py for tasks to queue
[2023-01-24 11:44:22,751] {logging_mixin.py:109} INFO - [2023-01-24 11:44:22,751] {dagbag.py:500} INFO - Filling up the DagBag from /opt/airflow/dags/data_ingestion_zone_dag.py
[2023-01-24 11:44:23,698] {processor.py:654} INFO - DAG(s) dict_keys(['data_ingestion_zone_dag']) retrieved from /opt/airflow/dags/data_ingestion_zone_dag.py
[2023-01-24 11:44:23,707] {logging_mixin.py:109} INFO - [2023-01-24 11:44:23,707] {dag.py:2396} INFO - Sync 1 DAGs
[2023-01-24 11:44:23,723] {logging_mixin.py:109} INFO - [2023-01-24 11:44:23,723] {dag.py:2935} INFO - Setting next_dagrun for data_ingestion_zone_dag to None
[2023-01-24 11:44:23,732] {processor.py:171} INFO - Processing /opt/airflow/dags/data_ingestion_zone_dag.py took 0.989 seconds
[2023-01-24 11:44:53,831] {processor.py:163} INFO - Started process (PID=6195) to work on /opt/airflow/dags/data_ingestion_zone_dag.py
[2023-01-24 11:44:53,833] {processor.py:642} INFO - Processing file /opt/airflow/dags/data_ingestion_zone_dag.py for tasks to queue
[2023-01-24 11:44:53,834] {logging_mixin.py:109} INFO - [2023-01-24 11:44:53,834] {dagbag.py:500} INFO - Filling up the DagBag from /opt/airflow/dags/data_ingestion_zone_dag.py
[2023-01-24 11:44:54,819] {processor.py:654} INFO - DAG(s) dict_keys(['data_ingestion_zone_dag']) retrieved from /opt/airflow/dags/data_ingestion_zone_dag.py
[2023-01-24 11:44:54,830] {logging_mixin.py:109} INFO - [2023-01-24 11:44:54,830] {dag.py:2396} INFO - Sync 1 DAGs
[2023-01-24 11:44:54,846] {logging_mixin.py:109} INFO - [2023-01-24 11:44:54,846] {dag.py:2935} INFO - Setting next_dagrun for data_ingestion_zone_dag to None
[2023-01-24 11:44:54,855] {processor.py:171} INFO - Processing /opt/airflow/dags/data_ingestion_zone_dag.py took 1.029 seconds
[2023-01-24 11:45:24,930] {processor.py:163} INFO - Started process (PID=6248) to work on /opt/airflow/dags/data_ingestion_zone_dag.py
[2023-01-24 11:45:24,933] {processor.py:642} INFO - Processing file /opt/airflow/dags/data_ingestion_zone_dag.py for tasks to queue
[2023-01-24 11:45:24,934] {logging_mixin.py:109} INFO - [2023-01-24 11:45:24,934] {dagbag.py:500} INFO - Filling up the DagBag from /opt/airflow/dags/data_ingestion_zone_dag.py
[2023-01-24 11:45:25,888] {processor.py:654} INFO - DAG(s) dict_keys(['data_ingestion_zone_dag']) retrieved from /opt/airflow/dags/data_ingestion_zone_dag.py
[2023-01-24 11:45:25,898] {logging_mixin.py:109} INFO - [2023-01-24 11:45:25,898] {dag.py:2396} INFO - Sync 1 DAGs
[2023-01-24 11:45:25,914] {logging_mixin.py:109} INFO - [2023-01-24 11:45:25,914] {dag.py:2935} INFO - Setting next_dagrun for data_ingestion_zone_dag to None
[2023-01-24 11:45:25,924] {processor.py:171} INFO - Processing /opt/airflow/dags/data_ingestion_zone_dag.py took 0.999 seconds
[2023-01-24 11:45:56,049] {processor.py:163} INFO - Started process (PID=6311) to work on /opt/airflow/dags/data_ingestion_zone_dag.py
[2023-01-24 11:45:56,051] {processor.py:642} INFO - Processing file /opt/airflow/dags/data_ingestion_zone_dag.py for tasks to queue
[2023-01-24 11:45:56,052] {logging_mixin.py:109} INFO - [2023-01-24 11:45:56,052] {dagbag.py:500} INFO - Filling up the DagBag from /opt/airflow/dags/data_ingestion_zone_dag.py
[2023-01-24 11:45:56,969] {processor.py:654} INFO - DAG(s) dict_keys(['data_ingestion_zone_dag']) retrieved from /opt/airflow/dags/data_ingestion_zone_dag.py
[2023-01-24 11:45:56,980] {logging_mixin.py:109} INFO - [2023-01-24 11:45:56,979] {dag.py:2396} INFO - Sync 1 DAGs
[2023-01-24 11:45:56,996] {logging_mixin.py:109} INFO - [2023-01-24 11:45:56,996] {dag.py:2935} INFO - Setting next_dagrun for data_ingestion_zone_dag to None
[2023-01-24 11:45:57,008] {processor.py:171} INFO - Processing /opt/airflow/dags/data_ingestion_zone_dag.py took 0.965 seconds
[2023-01-24 11:46:27,193] {processor.py:163} INFO - Started process (PID=6365) to work on /opt/airflow/dags/data_ingestion_zone_dag.py
[2023-01-24 11:46:27,195] {processor.py:642} INFO - Processing file /opt/airflow/dags/data_ingestion_zone_dag.py for tasks to queue
[2023-01-24 11:46:27,196] {logging_mixin.py:109} INFO - [2023-01-24 11:46:27,196] {dagbag.py:500} INFO - Filling up the DagBag from /opt/airflow/dags/data_ingestion_zone_dag.py
[2023-01-24 11:46:28,117] {processor.py:654} INFO - DAG(s) dict_keys(['data_ingestion_zone_dag']) retrieved from /opt/airflow/dags/data_ingestion_zone_dag.py
[2023-01-24 11:46:28,127] {logging_mixin.py:109} INFO - [2023-01-24 11:46:28,127] {dag.py:2396} INFO - Sync 1 DAGs
[2023-01-24 11:46:28,144] {logging_mixin.py:109} INFO - [2023-01-24 11:46:28,143] {dag.py:2935} INFO - Setting next_dagrun for data_ingestion_zone_dag to None
[2023-01-24 11:46:28,153] {processor.py:171} INFO - Processing /opt/airflow/dags/data_ingestion_zone_dag.py took 0.964 seconds
[2023-01-24 11:46:58,323] {processor.py:163} INFO - Started process (PID=6428) to work on /opt/airflow/dags/data_ingestion_zone_dag.py
[2023-01-24 11:46:58,325] {processor.py:642} INFO - Processing file /opt/airflow/dags/data_ingestion_zone_dag.py for tasks to queue
[2023-01-24 11:46:58,326] {logging_mixin.py:109} INFO - [2023-01-24 11:46:58,326] {dagbag.py:500} INFO - Filling up the DagBag from /opt/airflow/dags/data_ingestion_zone_dag.py
[2023-01-24 11:46:59,250] {processor.py:654} INFO - DAG(s) dict_keys(['data_ingestion_zone_dag']) retrieved from /opt/airflow/dags/data_ingestion_zone_dag.py
[2023-01-24 11:46:59,260] {logging_mixin.py:109} INFO - [2023-01-24 11:46:59,259] {dag.py:2396} INFO - Sync 1 DAGs
[2023-01-24 11:46:59,276] {logging_mixin.py:109} INFO - [2023-01-24 11:46:59,276] {dag.py:2935} INFO - Setting next_dagrun for data_ingestion_zone_dag to None
[2023-01-24 11:46:59,285] {processor.py:171} INFO - Processing /opt/airflow/dags/data_ingestion_zone_dag.py took 0.967 seconds
[2023-01-24 11:47:29,587] {processor.py:163} INFO - Started process (PID=6482) to work on /opt/airflow/dags/data_ingestion_zone_dag.py
[2023-01-24 11:47:29,588] {processor.py:642} INFO - Processing file /opt/airflow/dags/data_ingestion_zone_dag.py for tasks to queue
[2023-01-24 11:47:29,589] {logging_mixin.py:109} INFO - [2023-01-24 11:47:29,588] {dagbag.py:500} INFO - Filling up the DagBag from /opt/airflow/dags/data_ingestion_zone_dag.py
[2023-01-24 11:47:30,477] {processor.py:654} INFO - DAG(s) dict_keys(['data_ingestion_zone_dag']) retrieved from /opt/airflow/dags/data_ingestion_zone_dag.py
[2023-01-24 11:47:30,487] {logging_mixin.py:109} INFO - [2023-01-24 11:47:30,486] {dag.py:2396} INFO - Sync 1 DAGs
[2023-01-24 11:47:30,503] {logging_mixin.py:109} INFO - [2023-01-24 11:47:30,503] {dag.py:2935} INFO - Setting next_dagrun for data_ingestion_zone_dag to None
[2023-01-24 11:47:30,513] {processor.py:171} INFO - Processing /opt/airflow/dags/data_ingestion_zone_dag.py took 0.931 seconds
[2023-01-24 11:48:00,674] {processor.py:163} INFO - Started process (PID=6545) to work on /opt/airflow/dags/data_ingestion_zone_dag.py
[2023-01-24 11:48:00,676] {processor.py:642} INFO - Processing file /opt/airflow/dags/data_ingestion_zone_dag.py for tasks to queue
[2023-01-24 11:48:00,677] {logging_mixin.py:109} INFO - [2023-01-24 11:48:00,677] {dagbag.py:500} INFO - Filling up the DagBag from /opt/airflow/dags/data_ingestion_zone_dag.py
[2023-01-24 11:48:01,598] {processor.py:654} INFO - DAG(s) dict_keys(['data_ingestion_zone_dag']) retrieved from /opt/airflow/dags/data_ingestion_zone_dag.py
[2023-01-24 11:48:01,611] {logging_mixin.py:109} INFO - [2023-01-24 11:48:01,610] {dag.py:2396} INFO - Sync 1 DAGs
[2023-01-24 11:48:01,635] {logging_mixin.py:109} INFO - [2023-01-24 11:48:01,635] {dag.py:2935} INFO - Setting next_dagrun for data_ingestion_zone_dag to None
[2023-01-24 11:48:01,648] {processor.py:171} INFO - Processing /opt/airflow/dags/data_ingestion_zone_dag.py took 0.979 seconds
[2023-01-24 11:48:31,757] {processor.py:163} INFO - Started process (PID=6599) to work on /opt/airflow/dags/data_ingestion_zone_dag.py
[2023-01-24 11:48:31,759] {processor.py:642} INFO - Processing file /opt/airflow/dags/data_ingestion_zone_dag.py for tasks to queue
[2023-01-24 11:48:31,760] {logging_mixin.py:109} INFO - [2023-01-24 11:48:31,760] {dagbag.py:500} INFO - Filling up the DagBag from /opt/airflow/dags/data_ingestion_zone_dag.py
[2023-01-24 11:48:32,674] {processor.py:654} INFO - DAG(s) dict_keys(['data_ingestion_zone_dag']) retrieved from /opt/airflow/dags/data_ingestion_zone_dag.py
[2023-01-24 11:48:32,685] {logging_mixin.py:109} INFO - [2023-01-24 11:48:32,684] {dag.py:2396} INFO - Sync 1 DAGs
[2023-01-24 11:48:32,702] {logging_mixin.py:109} INFO - [2023-01-24 11:48:32,702] {dag.py:2935} INFO - Setting next_dagrun for data_ingestion_zone_dag to None
[2023-01-24 11:48:32,713] {processor.py:171} INFO - Processing /opt/airflow/dags/data_ingestion_zone_dag.py took 0.961 seconds
[2023-01-24 11:49:02,781] {processor.py:163} INFO - Started process (PID=6654) to work on /opt/airflow/dags/data_ingestion_zone_dag.py
[2023-01-24 11:49:02,782] {processor.py:642} INFO - Processing file /opt/airflow/dags/data_ingestion_zone_dag.py for tasks to queue
[2023-01-24 11:49:02,783] {logging_mixin.py:109} INFO - [2023-01-24 11:49:02,783] {dagbag.py:500} INFO - Filling up the DagBag from /opt/airflow/dags/data_ingestion_zone_dag.py
[2023-01-24 11:49:03,686] {processor.py:654} INFO - DAG(s) dict_keys(['data_ingestion_zone_dag']) retrieved from /opt/airflow/dags/data_ingestion_zone_dag.py
[2023-01-24 11:49:03,695] {logging_mixin.py:109} INFO - [2023-01-24 11:49:03,695] {dag.py:2396} INFO - Sync 1 DAGs
[2023-01-24 11:49:03,711] {logging_mixin.py:109} INFO - [2023-01-24 11:49:03,711] {dag.py:2935} INFO - Setting next_dagrun for data_ingestion_zone_dag to None
[2023-01-24 11:49:03,721] {processor.py:171} INFO - Processing /opt/airflow/dags/data_ingestion_zone_dag.py took 0.945 seconds
[2023-01-24 11:49:33,796] {processor.py:163} INFO - Started process (PID=6717) to work on /opt/airflow/dags/data_ingestion_zone_dag.py
[2023-01-24 11:49:33,798] {processor.py:642} INFO - Processing file /opt/airflow/dags/data_ingestion_zone_dag.py for tasks to queue
[2023-01-24 11:49:33,799] {logging_mixin.py:109} INFO - [2023-01-24 11:49:33,799] {dagbag.py:500} INFO - Filling up the DagBag from /opt/airflow/dags/data_ingestion_zone_dag.py
[2023-01-24 11:49:34,719] {processor.py:654} INFO - DAG(s) dict_keys(['data_ingestion_zone_dag']) retrieved from /opt/airflow/dags/data_ingestion_zone_dag.py
[2023-01-24 11:49:34,729] {logging_mixin.py:109} INFO - [2023-01-24 11:49:34,728] {dag.py:2396} INFO - Sync 1 DAGs
[2023-01-24 11:49:34,745] {logging_mixin.py:109} INFO - [2023-01-24 11:49:34,745] {dag.py:2935} INFO - Setting next_dagrun for data_ingestion_zone_dag to None
[2023-01-24 11:49:34,755] {processor.py:171} INFO - Processing /opt/airflow/dags/data_ingestion_zone_dag.py took 0.964 seconds
[2023-01-24 11:50:05,251] {processor.py:163} INFO - Started process (PID=6771) to work on /opt/airflow/dags/data_ingestion_zone_dag.py
[2023-01-24 11:50:05,253] {processor.py:642} INFO - Processing file /opt/airflow/dags/data_ingestion_zone_dag.py for tasks to queue
[2023-01-24 11:50:05,254] {logging_mixin.py:109} INFO - [2023-01-24 11:50:05,253] {dagbag.py:500} INFO - Filling up the DagBag from /opt/airflow/dags/data_ingestion_zone_dag.py
[2023-01-24 11:50:06,142] {processor.py:654} INFO - DAG(s) dict_keys(['data_ingestion_zone_dag']) retrieved from /opt/airflow/dags/data_ingestion_zone_dag.py
[2023-01-24 11:50:06,152] {logging_mixin.py:109} INFO - [2023-01-24 11:50:06,152] {dag.py:2396} INFO - Sync 1 DAGs
[2023-01-24 11:50:06,168] {logging_mixin.py:109} INFO - [2023-01-24 11:50:06,168] {dag.py:2935} INFO - Setting next_dagrun for data_ingestion_zone_dag to None
[2023-01-24 11:50:06,178] {processor.py:171} INFO - Processing /opt/airflow/dags/data_ingestion_zone_dag.py took 0.932 seconds
[2023-01-24 11:50:36,837] {processor.py:163} INFO - Started process (PID=6834) to work on /opt/airflow/dags/data_ingestion_zone_dag.py
[2023-01-24 11:50:36,840] {processor.py:642} INFO - Processing file /opt/airflow/dags/data_ingestion_zone_dag.py for tasks to queue
[2023-01-24 11:50:36,841] {logging_mixin.py:109} INFO - [2023-01-24 11:50:36,840] {dagbag.py:500} INFO - Filling up the DagBag from /opt/airflow/dags/data_ingestion_zone_dag.py
[2023-01-24 11:50:37,761] {processor.py:654} INFO - DAG(s) dict_keys(['data_ingestion_zone_dag']) retrieved from /opt/airflow/dags/data_ingestion_zone_dag.py
[2023-01-24 11:50:37,772] {logging_mixin.py:109} INFO - [2023-01-24 11:50:37,771] {dag.py:2396} INFO - Sync 1 DAGs
[2023-01-24 11:50:37,789] {logging_mixin.py:109} INFO - [2023-01-24 11:50:37,789] {dag.py:2935} INFO - Setting next_dagrun for data_ingestion_zone_dag to None
[2023-01-24 11:50:37,800] {processor.py:171} INFO - Processing /opt/airflow/dags/data_ingestion_zone_dag.py took 0.968 seconds
[2023-01-24 11:51:07,898] {processor.py:163} INFO - Started process (PID=6888) to work on /opt/airflow/dags/data_ingestion_zone_dag.py
[2023-01-24 11:51:07,900] {processor.py:642} INFO - Processing file /opt/airflow/dags/data_ingestion_zone_dag.py for tasks to queue
[2023-01-24 11:51:07,900] {logging_mixin.py:109} INFO - [2023-01-24 11:51:07,900] {dagbag.py:500} INFO - Filling up the DagBag from /opt/airflow/dags/data_ingestion_zone_dag.py
[2023-01-24 11:51:08,803] {processor.py:654} INFO - DAG(s) dict_keys(['data_ingestion_zone_dag']) retrieved from /opt/airflow/dags/data_ingestion_zone_dag.py
[2023-01-24 11:51:08,813] {logging_mixin.py:109} INFO - [2023-01-24 11:51:08,813] {dag.py:2396} INFO - Sync 1 DAGs
[2023-01-24 11:51:08,831] {logging_mixin.py:109} INFO - [2023-01-24 11:51:08,831] {dag.py:2935} INFO - Setting next_dagrun for data_ingestion_zone_dag to None
[2023-01-24 11:51:08,842] {processor.py:171} INFO - Processing /opt/airflow/dags/data_ingestion_zone_dag.py took 0.949 seconds
[2023-01-24 11:51:38,939] {processor.py:163} INFO - Started process (PID=6951) to work on /opt/airflow/dags/data_ingestion_zone_dag.py
[2023-01-24 11:51:38,940] {processor.py:642} INFO - Processing file /opt/airflow/dags/data_ingestion_zone_dag.py for tasks to queue
[2023-01-24 11:51:38,941] {logging_mixin.py:109} INFO - [2023-01-24 11:51:38,941] {dagbag.py:500} INFO - Filling up the DagBag from /opt/airflow/dags/data_ingestion_zone_dag.py
[2023-01-24 11:51:39,891] {processor.py:654} INFO - DAG(s) dict_keys(['data_ingestion_zone_dag']) retrieved from /opt/airflow/dags/data_ingestion_zone_dag.py
[2023-01-24 11:51:39,902] {logging_mixin.py:109} INFO - [2023-01-24 11:51:39,902] {dag.py:2396} INFO - Sync 1 DAGs
[2023-01-24 11:51:39,919] {logging_mixin.py:109} INFO - [2023-01-24 11:51:39,919] {dag.py:2935} INFO - Setting next_dagrun for data_ingestion_zone_dag to None
[2023-01-24 11:51:39,929] {processor.py:171} INFO - Processing /opt/airflow/dags/data_ingestion_zone_dag.py took 0.995 seconds
[2023-01-24 11:52:10,083] {processor.py:163} INFO - Started process (PID=7006) to work on /opt/airflow/dags/data_ingestion_zone_dag.py
[2023-01-24 11:52:10,086] {processor.py:642} INFO - Processing file /opt/airflow/dags/data_ingestion_zone_dag.py for tasks to queue
[2023-01-24 11:52:10,087] {logging_mixin.py:109} INFO - [2023-01-24 11:52:10,087] {dagbag.py:500} INFO - Filling up the DagBag from /opt/airflow/dags/data_ingestion_zone_dag.py
[2023-01-24 11:52:11,039] {processor.py:654} INFO - DAG(s) dict_keys(['data_ingestion_zone_dag']) retrieved from /opt/airflow/dags/data_ingestion_zone_dag.py
[2023-01-24 11:52:11,049] {logging_mixin.py:109} INFO - [2023-01-24 11:52:11,049] {dag.py:2396} INFO - Sync 1 DAGs
[2023-01-24 11:52:11,066] {logging_mixin.py:109} INFO - [2023-01-24 11:52:11,066] {dag.py:2935} INFO - Setting next_dagrun for data_ingestion_zone_dag to None
[2023-01-24 11:52:11,077] {processor.py:171} INFO - Processing /opt/airflow/dags/data_ingestion_zone_dag.py took 0.998 seconds
[2023-01-24 11:52:41,179] {processor.py:163} INFO - Started process (PID=7069) to work on /opt/airflow/dags/data_ingestion_zone_dag.py
[2023-01-24 11:52:41,181] {processor.py:642} INFO - Processing file /opt/airflow/dags/data_ingestion_zone_dag.py for tasks to queue
[2023-01-24 11:52:41,182] {logging_mixin.py:109} INFO - [2023-01-24 11:52:41,182] {dagbag.py:500} INFO - Filling up the DagBag from /opt/airflow/dags/data_ingestion_zone_dag.py
[2023-01-24 11:52:42,167] {processor.py:654} INFO - DAG(s) dict_keys(['data_ingestion_zone_dag']) retrieved from /opt/airflow/dags/data_ingestion_zone_dag.py
[2023-01-24 11:52:42,178] {logging_mixin.py:109} INFO - [2023-01-24 11:52:42,177] {dag.py:2396} INFO - Sync 1 DAGs
[2023-01-24 11:52:42,194] {logging_mixin.py:109} INFO - [2023-01-24 11:52:42,194] {dag.py:2935} INFO - Setting next_dagrun for data_ingestion_zone_dag to None
[2023-01-24 11:52:42,204] {processor.py:171} INFO - Processing /opt/airflow/dags/data_ingestion_zone_dag.py took 1.030 seconds
[2023-01-24 11:53:12,301] {processor.py:163} INFO - Started process (PID=7123) to work on /opt/airflow/dags/data_ingestion_zone_dag.py
[2023-01-24 11:53:12,304] {processor.py:642} INFO - Processing file /opt/airflow/dags/data_ingestion_zone_dag.py for tasks to queue
[2023-01-24 11:53:12,304] {logging_mixin.py:109} INFO - [2023-01-24 11:53:12,304] {dagbag.py:500} INFO - Filling up the DagBag from /opt/airflow/dags/data_ingestion_zone_dag.py
[2023-01-24 11:53:13,205] {processor.py:654} INFO - DAG(s) dict_keys(['data_ingestion_zone_dag']) retrieved from /opt/airflow/dags/data_ingestion_zone_dag.py
[2023-01-24 11:53:13,215] {logging_mixin.py:109} INFO - [2023-01-24 11:53:13,215] {dag.py:2396} INFO - Sync 1 DAGs
[2023-01-24 11:53:13,232] {logging_mixin.py:109} INFO - [2023-01-24 11:53:13,232] {dag.py:2935} INFO - Setting next_dagrun for data_ingestion_zone_dag to None
[2023-01-24 11:53:13,243] {processor.py:171} INFO - Processing /opt/airflow/dags/data_ingestion_zone_dag.py took 0.947 seconds
[2023-01-24 11:53:43,347] {processor.py:163} INFO - Started process (PID=7177) to work on /opt/airflow/dags/data_ingestion_zone_dag.py
[2023-01-24 11:53:43,349] {processor.py:642} INFO - Processing file /opt/airflow/dags/data_ingestion_zone_dag.py for tasks to queue
[2023-01-24 11:53:43,350] {logging_mixin.py:109} INFO - [2023-01-24 11:53:43,350] {dagbag.py:500} INFO - Filling up the DagBag from /opt/airflow/dags/data_ingestion_zone_dag.py
[2023-01-24 11:53:44,294] {processor.py:654} INFO - DAG(s) dict_keys(['data_ingestion_zone_dag']) retrieved from /opt/airflow/dags/data_ingestion_zone_dag.py
[2023-01-24 11:53:44,303] {logging_mixin.py:109} INFO - [2023-01-24 11:53:44,303] {dag.py:2396} INFO - Sync 1 DAGs
[2023-01-24 11:53:44,319] {logging_mixin.py:109} INFO - [2023-01-24 11:53:44,319] {dag.py:2935} INFO - Setting next_dagrun for data_ingestion_zone_dag to None
[2023-01-24 11:53:44,330] {processor.py:171} INFO - Processing /opt/airflow/dags/data_ingestion_zone_dag.py took 0.992 seconds
[2023-01-24 11:54:14,456] {processor.py:163} INFO - Started process (PID=7239) to work on /opt/airflow/dags/data_ingestion_zone_dag.py
[2023-01-24 11:54:14,458] {processor.py:642} INFO - Processing file /opt/airflow/dags/data_ingestion_zone_dag.py for tasks to queue
[2023-01-24 11:54:14,459] {logging_mixin.py:109} INFO - [2023-01-24 11:54:14,459] {dagbag.py:500} INFO - Filling up the DagBag from /opt/airflow/dags/data_ingestion_zone_dag.py
[2023-01-24 11:54:15,374] {processor.py:654} INFO - DAG(s) dict_keys(['data_ingestion_zone_dag']) retrieved from /opt/airflow/dags/data_ingestion_zone_dag.py
[2023-01-24 11:54:15,385] {logging_mixin.py:109} INFO - [2023-01-24 11:54:15,384] {dag.py:2396} INFO - Sync 1 DAGs
[2023-01-24 11:54:15,401] {logging_mixin.py:109} INFO - [2023-01-24 11:54:15,401] {dag.py:2935} INFO - Setting next_dagrun for data_ingestion_zone_dag to None
[2023-01-24 11:54:15,411] {processor.py:171} INFO - Processing /opt/airflow/dags/data_ingestion_zone_dag.py took 0.959 seconds
[2023-01-24 11:54:45,517] {processor.py:163} INFO - Started process (PID=7294) to work on /opt/airflow/dags/data_ingestion_zone_dag.py
[2023-01-24 11:54:45,519] {processor.py:642} INFO - Processing file /opt/airflow/dags/data_ingestion_zone_dag.py for tasks to queue
[2023-01-24 11:54:45,520] {logging_mixin.py:109} INFO - [2023-01-24 11:54:45,520] {dagbag.py:500} INFO - Filling up the DagBag from /opt/airflow/dags/data_ingestion_zone_dag.py
[2023-01-24 11:54:46,421] {processor.py:654} INFO - DAG(s) dict_keys(['data_ingestion_zone_dag']) retrieved from /opt/airflow/dags/data_ingestion_zone_dag.py
[2023-01-24 11:54:46,430] {logging_mixin.py:109} INFO - [2023-01-24 11:54:46,430] {dag.py:2396} INFO - Sync 1 DAGs
[2023-01-24 11:54:46,447] {logging_mixin.py:109} INFO - [2023-01-24 11:54:46,447] {dag.py:2935} INFO - Setting next_dagrun for data_ingestion_zone_dag to None
[2023-01-24 11:54:46,457] {processor.py:171} INFO - Processing /opt/airflow/dags/data_ingestion_zone_dag.py took 0.946 seconds
