[2023-01-28 03:40:26,567] {taskinstance.py:1032} INFO - Dependencies all met for <TaskInstance: data_ingestion_fhv_dag.download_dataset_task scheduled__2019-03-01T00:00:00+00:00 [queued]>
[2023-01-28 03:40:26,594] {taskinstance.py:1032} INFO - Dependencies all met for <TaskInstance: data_ingestion_fhv_dag.download_dataset_task scheduled__2019-03-01T00:00:00+00:00 [queued]>
[2023-01-28 03:40:26,596] {taskinstance.py:1238} INFO - 
--------------------------------------------------------------------------------
[2023-01-28 03:40:26,598] {taskinstance.py:1239} INFO - Starting attempt 1 of 2
[2023-01-28 03:40:26,600] {taskinstance.py:1240} INFO - 
--------------------------------------------------------------------------------
[2023-01-28 03:40:26,636] {taskinstance.py:1259} INFO - Executing <Task(BashOperator): download_dataset_task> on 2019-03-01 00:00:00+00:00
[2023-01-28 03:40:26,648] {standard_task_runner.py:52} INFO - Started process 20171 to run task
[2023-01-28 03:40:26,659] {standard_task_runner.py:76} INFO - Running: ['***', 'tasks', 'run', 'data_ingestion_fhv_dag', 'download_dataset_task', 'scheduled__2019-03-01T00:00:00+00:00', '--job-id', '156', '--raw', '--subdir', 'DAGS_FOLDER/data_ingestion_fhv_dag.py', '--cfg-path', '/tmp/tmp97b6us40', '--error-file', '/tmp/tmpv6vs47vx']
[2023-01-28 03:40:26,663] {standard_task_runner.py:77} INFO - Job 156: Subtask download_dataset_task
[2023-01-28 03:40:26,843] {logging_mixin.py:109} INFO - Running <TaskInstance: data_ingestion_fhv_dag.download_dataset_task scheduled__2019-03-01T00:00:00+00:00 [running]> on host adbf820de9e6
[2023-01-28 03:40:26,958] {logging_mixin.py:109} WARNING - /home/***/.local/lib/python3.7/site-packages/***/utils/context.py:152 AirflowContextDeprecationWarning: Accessing 'execution_date' from the template is deprecated and will be removed in a future version. Please use 'data_interval_start' or 'logical_date' instead.
[2023-01-28 03:40:27,001] {taskinstance.py:1426} INFO - Exporting the following env vars:
AIRFLOW_CTX_DAG_OWNER=***
AIRFLOW_CTX_DAG_ID=data_ingestion_fhv_dag
AIRFLOW_CTX_TASK_ID=download_dataset_task
AIRFLOW_CTX_EXECUTION_DATE=2019-03-01T00:00:00+00:00
AIRFLOW_CTX_DAG_RUN_ID=scheduled__2019-03-01T00:00:00+00:00
[2023-01-28 03:40:27,003] {subprocess.py:62} INFO - Tmp dir root location: 
 /tmp
[2023-01-28 03:40:27,005] {subprocess.py:74} INFO - Running command: ['bash', '-c', 'curl -sSLf https://d37ci6vzurychx.cloudfront.net/trip-data/fhv_tripdata_2019-03.parquet > /opt/***/fhv_tripdata_2019-03.parquet']
[2023-01-28 03:40:27,020] {subprocess.py:85} INFO - Output:
[2023-01-28 03:40:42,530] {subprocess.py:93} INFO - Command exited with return code 0
[2023-01-28 03:40:42,605] {taskinstance.py:1277} INFO - Marking task as SUCCESS. dag_id=data_ingestion_fhv_dag, task_id=download_dataset_task, execution_date=20190301T000000, start_date=20230128T034026, end_date=20230128T034042
[2023-01-28 03:40:42,640] {local_task_job.py:154} INFO - Task exited with return code 0
[2023-01-28 03:40:42,674] {local_task_job.py:264} INFO - 1 downstream tasks scheduled from follow-on schedule check
