[2023-01-28 04:17:04,604] {taskinstance.py:1032} INFO - Dependencies all met for <TaskInstance: data_ingestion_fhv_dag.download_dataset_task scheduled__2019-03-01T00:00:00+00:00 [queued]>
[2023-01-28 04:17:04,616] {taskinstance.py:1032} INFO - Dependencies all met for <TaskInstance: data_ingestion_fhv_dag.download_dataset_task scheduled__2019-03-01T00:00:00+00:00 [queued]>
[2023-01-28 04:17:04,617] {taskinstance.py:1238} INFO - 
--------------------------------------------------------------------------------
[2023-01-28 04:17:04,617] {taskinstance.py:1239} INFO - Starting attempt 2 of 3
[2023-01-28 04:17:04,618] {taskinstance.py:1240} INFO - 
--------------------------------------------------------------------------------
[2023-01-28 04:17:04,631] {taskinstance.py:1259} INFO - Executing <Task(BashOperator): download_dataset_task> on 2019-03-01 00:00:00+00:00
[2023-01-28 04:17:04,636] {standard_task_runner.py:52} INFO - Started process 24566 to run task
[2023-01-28 04:17:04,640] {standard_task_runner.py:76} INFO - Running: ['***', 'tasks', 'run', 'data_ingestion_fhv_dag', 'download_dataset_task', 'scheduled__2019-03-01T00:00:00+00:00', '--job-id', '190', '--raw', '--subdir', 'DAGS_FOLDER/data_ingestion_fhv_dag.py', '--cfg-path', '/tmp/tmp3fl770xk', '--error-file', '/tmp/tmpil7u4bn_']
[2023-01-28 04:17:04,642] {standard_task_runner.py:77} INFO - Job 190: Subtask download_dataset_task
[2023-01-28 04:17:04,709] {logging_mixin.py:109} INFO - Running <TaskInstance: data_ingestion_fhv_dag.download_dataset_task scheduled__2019-03-01T00:00:00+00:00 [running]> on host adbf820de9e6
[2023-01-28 04:17:04,760] {logging_mixin.py:109} WARNING - /home/***/.local/lib/python3.7/site-packages/***/utils/context.py:152 AirflowContextDeprecationWarning: Accessing 'execution_date' from the template is deprecated and will be removed in a future version. Please use 'data_interval_start' or 'logical_date' instead.
[2023-01-28 04:17:04,778] {taskinstance.py:1426} INFO - Exporting the following env vars:
AIRFLOW_CTX_DAG_OWNER=***
AIRFLOW_CTX_DAG_ID=data_ingestion_fhv_dag
AIRFLOW_CTX_TASK_ID=download_dataset_task
AIRFLOW_CTX_EXECUTION_DATE=2019-03-01T00:00:00+00:00
AIRFLOW_CTX_DAG_RUN_ID=scheduled__2019-03-01T00:00:00+00:00
[2023-01-28 04:17:04,780] {subprocess.py:62} INFO - Tmp dir root location: 
 /tmp
[2023-01-28 04:17:04,781] {subprocess.py:74} INFO - Running command: ['bash', '-c', 'curl -sSLf https://d37ci6vzurychx.cloudfront.net/trip-data/fhv_tripdata_2019-03.parquet > /opt/***/fhv_tripdata_2019-03.parquet']
[2023-01-28 04:17:04,795] {subprocess.py:85} INFO - Output:
[2023-01-28 04:17:07,915] {subprocess.py:93} INFO - Command exited with return code 0
[2023-01-28 04:17:07,940] {taskinstance.py:1277} INFO - Marking task as SUCCESS. dag_id=data_ingestion_fhv_dag, task_id=download_dataset_task, execution_date=20190301T000000, start_date=20230128T041704, end_date=20230128T041707
[2023-01-28 04:17:07,999] {local_task_job.py:154} INFO - Task exited with return code 0
[2023-01-28 04:17:08,038] {local_task_job.py:264} INFO - 1 downstream tasks scheduled from follow-on schedule check
