[2023-01-28 04:21:34,661] {taskinstance.py:1032} INFO - Dependencies all met for <TaskInstance: data_ingestion_fhv_dag.download_dataset_task scheduled__2019-03-01T00:00:00+00:00 [queued]>
[2023-01-28 04:21:34,679] {taskinstance.py:1032} INFO - Dependencies all met for <TaskInstance: data_ingestion_fhv_dag.download_dataset_task scheduled__2019-03-01T00:00:00+00:00 [queued]>
[2023-01-28 04:21:34,681] {taskinstance.py:1238} INFO - 
--------------------------------------------------------------------------------
[2023-01-28 04:21:34,683] {taskinstance.py:1239} INFO - Starting attempt 3 of 4
[2023-01-28 04:21:34,684] {taskinstance.py:1240} INFO - 
--------------------------------------------------------------------------------
[2023-01-28 04:21:34,703] {taskinstance.py:1259} INFO - Executing <Task(BashOperator): download_dataset_task> on 2019-03-01 00:00:00+00:00
[2023-01-28 04:21:34,712] {standard_task_runner.py:52} INFO - Started process 25108 to run task
[2023-01-28 04:21:34,719] {standard_task_runner.py:76} INFO - Running: ['***', 'tasks', 'run', 'data_ingestion_fhv_dag', 'download_dataset_task', 'scheduled__2019-03-01T00:00:00+00:00', '--job-id', '196', '--raw', '--subdir', 'DAGS_FOLDER/data_ingestion_fhv_dag.py', '--cfg-path', '/tmp/tmpnwetmy9t', '--error-file', '/tmp/tmpz98tw40a']
[2023-01-28 04:21:34,727] {standard_task_runner.py:77} INFO - Job 196: Subtask download_dataset_task
[2023-01-28 04:21:34,841] {logging_mixin.py:109} INFO - Running <TaskInstance: data_ingestion_fhv_dag.download_dataset_task scheduled__2019-03-01T00:00:00+00:00 [running]> on host adbf820de9e6
[2023-01-28 04:21:34,946] {logging_mixin.py:109} WARNING - /home/***/.local/lib/python3.7/site-packages/***/utils/context.py:152 AirflowContextDeprecationWarning: Accessing 'execution_date' from the template is deprecated and will be removed in a future version. Please use 'data_interval_start' or 'logical_date' instead.
[2023-01-28 04:21:35,004] {taskinstance.py:1426} INFO - Exporting the following env vars:
AIRFLOW_CTX_DAG_OWNER=***
AIRFLOW_CTX_DAG_ID=data_ingestion_fhv_dag
AIRFLOW_CTX_TASK_ID=download_dataset_task
AIRFLOW_CTX_EXECUTION_DATE=2019-03-01T00:00:00+00:00
AIRFLOW_CTX_DAG_RUN_ID=scheduled__2019-03-01T00:00:00+00:00
[2023-01-28 04:21:35,008] {subprocess.py:62} INFO - Tmp dir root location: 
 /tmp
[2023-01-28 04:21:35,011] {subprocess.py:74} INFO - Running command: ['bash', '-c', 'curl -sSLf https://d37ci6vzurychx.cloudfront.net/trip-data/fhv_tripdata_2019-03.parquet > /opt/***/fhv_tripdata_2019-03.parquet']
[2023-01-28 04:21:35,098] {subprocess.py:85} INFO - Output:
[2023-01-28 04:21:51,722] {subprocess.py:93} INFO - Command exited with return code 0
[2023-01-28 04:21:51,820] {taskinstance.py:1277} INFO - Marking task as SUCCESS. dag_id=data_ingestion_fhv_dag, task_id=download_dataset_task, execution_date=20190301T000000, start_date=20230128T042134, end_date=20230128T042151
[2023-01-28 04:21:51,891] {local_task_job.py:154} INFO - Task exited with return code 0
[2023-01-28 04:21:52,016] {local_task_job.py:264} INFO - 0 downstream tasks scheduled from follow-on schedule check
