[2023-02-19 12:42:39,669] {taskinstance.py:1032} INFO - Dependencies all met for <TaskInstance: fhv_to_bqtable_dag.bq_fhv_external_table_task scheduled__2023-02-08T10:58:25.246313+00:00 [queued]>
[2023-02-19 12:42:39,678] {taskinstance.py:1032} INFO - Dependencies all met for <TaskInstance: fhv_to_bqtable_dag.bq_fhv_external_table_task scheduled__2023-02-08T10:58:25.246313+00:00 [queued]>
[2023-02-19 12:42:39,679] {taskinstance.py:1238} INFO - 
--------------------------------------------------------------------------------
[2023-02-19 12:42:39,679] {taskinstance.py:1239} INFO - Starting attempt 1 of 2
[2023-02-19 12:42:39,680] {taskinstance.py:1240} INFO - 
--------------------------------------------------------------------------------
[2023-02-19 12:42:39,690] {taskinstance.py:1259} INFO - Executing <Task(BigQueryCreateExternalTableOperator): bq_fhv_external_table_task> on 2023-02-08 10:58:25.246313+00:00
[2023-02-19 12:42:39,695] {standard_task_runner.py:52} INFO - Started process 358 to run task
[2023-02-19 12:42:39,698] {standard_task_runner.py:76} INFO - Running: ['***', 'tasks', 'run', 'fhv_to_bqtable_dag', 'bq_fhv_external_table_task', 'scheduled__2023-02-08T10:58:25.246313+00:00', '--job-id', '667', '--raw', '--subdir', 'DAGS_FOLDER/fhv_to_bqtable_dag.py', '--cfg-path', '/tmp/tmphsr89vde', '--error-file', '/tmp/tmp8e8ceecf']
[2023-02-19 12:42:39,699] {standard_task_runner.py:77} INFO - Job 667: Subtask bq_fhv_external_table_task
[2023-02-19 12:42:39,750] {logging_mixin.py:109} INFO - Running <TaskInstance: fhv_to_bqtable_dag.bq_fhv_external_table_task scheduled__2023-02-08T10:58:25.246313+00:00 [running]> on host 86dfa03780cd
[2023-02-19 12:42:39,808] {taskinstance.py:1426} INFO - Exporting the following env vars:
AIRFLOW_CTX_DAG_OWNER=***
AIRFLOW_CTX_DAG_ID=fhv_to_bqtable_dag
AIRFLOW_CTX_TASK_ID=bq_fhv_external_table_task
AIRFLOW_CTX_EXECUTION_DATE=2023-02-08T10:58:25.246313+00:00
AIRFLOW_CTX_DAG_RUN_ID=scheduled__2023-02-08T10:58:25.246313+00:00
[2023-02-19 12:42:39,810] {crypto.py:82} WARNING - empty cryptography key - values will not be stored encrypted.
[2023-02-19 12:42:40,787] {taskinstance.py:1277} INFO - Marking task as SUCCESS. dag_id=fhv_to_bqtable_dag, task_id=bq_fhv_external_table_task, execution_date=20230208T105825, start_date=20230219T124239, end_date=20230219T124240
[2023-02-19 12:42:40,839] {local_task_job.py:154} INFO - Task exited with return code 0
[2023-02-19 12:42:40,873] {local_task_job.py:264} INFO - 0 downstream tasks scheduled from follow-on schedule check
