[2023-01-29 12:47:38,362] {taskinstance.py:1032} INFO - Dependencies all met for <TaskInstance: data_ingestion_gcs_dag.local_to_gcs_casted_task scheduled__2019-12-01T00:00:00+00:00 [queued]>
[2023-01-29 12:47:38,371] {taskinstance.py:1032} INFO - Dependencies all met for <TaskInstance: data_ingestion_gcs_dag.local_to_gcs_casted_task scheduled__2019-12-01T00:00:00+00:00 [queued]>
[2023-01-29 12:47:38,372] {taskinstance.py:1238} INFO - 
--------------------------------------------------------------------------------
[2023-01-29 12:47:38,373] {taskinstance.py:1239} INFO - Starting attempt 1 of 2
[2023-01-29 12:47:38,374] {taskinstance.py:1240} INFO - 
--------------------------------------------------------------------------------
[2023-01-29 12:47:38,383] {taskinstance.py:1259} INFO - Executing <Task(PythonOperator): local_to_gcs_casted_task> on 2019-12-01 00:00:00+00:00
[2023-01-29 12:47:38,389] {standard_task_runner.py:52} INFO - Started process 7915 to run task
[2023-01-29 12:47:38,392] {standard_task_runner.py:76} INFO - Running: ['***', 'tasks', 'run', 'data_ingestion_gcs_dag', 'local_to_gcs_casted_task', 'scheduled__2019-12-01T00:00:00+00:00', '--job-id', '431', '--raw', '--subdir', 'DAGS_FOLDER/data_ingestion_gcs_dag.py', '--cfg-path', '/tmp/tmpmhigk_or', '--error-file', '/tmp/tmpj2jno_dd']
[2023-01-29 12:47:38,393] {standard_task_runner.py:77} INFO - Job 431: Subtask local_to_gcs_casted_task
[2023-01-29 12:47:38,454] {logging_mixin.py:109} INFO - Running <TaskInstance: data_ingestion_gcs_dag.local_to_gcs_casted_task scheduled__2019-12-01T00:00:00+00:00 [running]> on host 2530f37057aa
[2023-01-29 12:47:38,501] {logging_mixin.py:109} WARNING - /home/***/.local/lib/python3.7/site-packages/***/utils/context.py:152 AirflowContextDeprecationWarning: Accessing 'execution_date' from the template is deprecated and will be removed in a future version. Please use 'data_interval_start' or 'logical_date' instead.
[2023-01-29 12:47:38,522] {taskinstance.py:1426} INFO - Exporting the following env vars:
AIRFLOW_CTX_DAG_OWNER=***
AIRFLOW_CTX_DAG_ID=data_ingestion_gcs_dag
AIRFLOW_CTX_TASK_ID=local_to_gcs_casted_task
AIRFLOW_CTX_EXECUTION_DATE=2019-12-01T00:00:00+00:00
AIRFLOW_CTX_DAG_RUN_ID=scheduled__2019-12-01T00:00:00+00:00
[2023-01-29 12:47:52,683] {python.py:175} INFO - Done. Returned value was: None
[2023-01-29 12:47:52,698] {taskinstance.py:1277} INFO - Marking task as SUCCESS. dag_id=data_ingestion_gcs_dag, task_id=local_to_gcs_casted_task, execution_date=20191201T000000, start_date=20230129T124738, end_date=20230129T124752
[2023-01-29 12:47:52,725] {local_task_job.py:154} INFO - Task exited with return code 0
[2023-01-29 12:47:52,757] {local_task_job.py:264} INFO - 0 downstream tasks scheduled from follow-on schedule check
