[2023-01-22 08:54:30,258] {taskinstance.py:1032} INFO - Dependencies all met for <TaskInstance: data_ingestion_gcs_dag.download_dataset_task manual__2023-01-22T08:48:47.588704+00:00 [queued]>
[2023-01-22 08:54:30,287] {taskinstance.py:1032} INFO - Dependencies all met for <TaskInstance: data_ingestion_gcs_dag.download_dataset_task manual__2023-01-22T08:48:47.588704+00:00 [queued]>
[2023-01-22 08:54:30,296] {taskinstance.py:1238} INFO - 
--------------------------------------------------------------------------------
[2023-01-22 08:54:30,300] {taskinstance.py:1239} INFO - Starting attempt 1 of 2
[2023-01-22 08:54:30,303] {taskinstance.py:1240} INFO - 
--------------------------------------------------------------------------------
[2023-01-22 08:54:30,337] {taskinstance.py:1259} INFO - Executing <Task(BashOperator): download_dataset_task> on 2023-01-22 08:48:47.588704+00:00
[2023-01-22 08:54:30,352] {standard_task_runner.py:52} INFO - Started process 196 to run task
[2023-01-22 08:54:30,382] {standard_task_runner.py:76} INFO - Running: ['***', 'tasks', 'run', 'data_ingestion_gcs_dag', 'download_dataset_task', 'manual__2023-01-22T08:48:47.588704+00:00', '--job-id', '9', '--raw', '--subdir', 'DAGS_FOLDER/data_ingestion_gcs_dag.py', '--cfg-path', '/tmp/tmp939ylm4g', '--error-file', '/tmp/tmpjn5kbn8r']
[2023-01-22 08:54:30,385] {standard_task_runner.py:77} INFO - Job 9: Subtask download_dataset_task
[2023-01-22 08:54:30,652] {logging_mixin.py:109} INFO - Running <TaskInstance: data_ingestion_gcs_dag.download_dataset_task manual__2023-01-22T08:48:47.588704+00:00 [running]> on host f3cc2c2458e6
[2023-01-22 08:54:30,817] {taskinstance.py:1426} INFO - Exporting the following env vars:
AIRFLOW_CTX_DAG_OWNER=***
AIRFLOW_CTX_DAG_ID=data_ingestion_gcs_dag
AIRFLOW_CTX_TASK_ID=download_dataset_task
AIRFLOW_CTX_EXECUTION_DATE=2023-01-22T08:48:47.588704+00:00
AIRFLOW_CTX_DAG_RUN_ID=manual__2023-01-22T08:48:47.588704+00:00
[2023-01-22 08:54:30,821] {subprocess.py:62} INFO - Tmp dir root location: 
 /tmp
[2023-01-22 08:54:30,826] {subprocess.py:74} INFO - Running command: ['bash', '-c', 'curl -sSL https://s3.amazonaws.com/nyc-tlc/trip+data/yellow_tripdata_2021-01.csv > /opt/***/yellow_tripdata_2021-01.csv']
[2023-01-22 08:54:30,858] {subprocess.py:85} INFO - Output:
[2023-01-22 08:54:32,143] {subprocess.py:93} INFO - Command exited with return code 0
[2023-01-22 08:54:32,191] {taskinstance.py:1277} INFO - Marking task as SUCCESS. dag_id=data_ingestion_gcs_dag, task_id=download_dataset_task, execution_date=20230122T084847, start_date=20230122T085430, end_date=20230122T085432
[2023-01-22 08:54:32,264] {local_task_job.py:154} INFO - Task exited with return code 0
[2023-01-22 08:54:32,344] {local_task_job.py:264} INFO - 1 downstream tasks scheduled from follow-on schedule check
