[2023-01-29 13:26:20,694] {taskinstance.py:1032} INFO - Dependencies all met for <TaskInstance: data_ingestion_fhv_dag.bq_create_fhv_partitioned_clustered_table_task scheduled__2019-05-01T00:00:00+00:00 [queued]>
[2023-01-29 13:26:20,703] {taskinstance.py:1032} INFO - Dependencies all met for <TaskInstance: data_ingestion_fhv_dag.bq_create_fhv_partitioned_clustered_table_task scheduled__2019-05-01T00:00:00+00:00 [queued]>
[2023-01-29 13:26:20,703] {taskinstance.py:1238} INFO - 
--------------------------------------------------------------------------------
[2023-01-29 13:26:20,704] {taskinstance.py:1239} INFO - Starting attempt 1 of 2
[2023-01-29 13:26:20,705] {taskinstance.py:1240} INFO - 
--------------------------------------------------------------------------------
[2023-01-29 13:26:20,715] {taskinstance.py:1259} INFO - Executing <Task(BigQueryInsertJobOperator): bq_create_fhv_partitioned_clustered_table_task> on 2019-05-01 00:00:00+00:00
[2023-01-29 13:26:20,721] {standard_task_runner.py:52} INFO - Started process 1860 to run task
[2023-01-29 13:26:20,726] {standard_task_runner.py:76} INFO - Running: ['***', 'tasks', 'run', 'data_ingestion_fhv_dag', 'bq_create_fhv_partitioned_clustered_table_task', 'scheduled__2019-05-01T00:00:00+00:00', '--job-id', '502', '--raw', '--subdir', 'DAGS_FOLDER/data_ingestion_fhv_dag.py', '--cfg-path', '/tmp/tmputoxlo4_', '--error-file', '/tmp/tmprgxm_l45']
[2023-01-29 13:26:20,728] {standard_task_runner.py:77} INFO - Job 502: Subtask bq_create_fhv_partitioned_clustered_table_task
[2023-01-29 13:26:20,799] {logging_mixin.py:109} INFO - Running <TaskInstance: data_ingestion_fhv_dag.bq_create_fhv_partitioned_clustered_table_task scheduled__2019-05-01T00:00:00+00:00 [running]> on host 2530f37057aa
[2023-01-29 13:26:20,863] {taskinstance.py:1426} INFO - Exporting the following env vars:
AIRFLOW_CTX_DAG_OWNER=***
AIRFLOW_CTX_DAG_ID=data_ingestion_fhv_dag
AIRFLOW_CTX_TASK_ID=bq_create_fhv_partitioned_clustered_table_task
AIRFLOW_CTX_EXECUTION_DATE=2019-05-01T00:00:00+00:00
AIRFLOW_CTX_DAG_RUN_ID=scheduled__2019-05-01T00:00:00+00:00
[2023-01-29 13:26:20,865] {crypto.py:82} WARNING - empty cryptography key - values will not be stored encrypted.
[2023-01-29 13:26:20,872] {logging_mixin.py:109} WARNING - /home/***/.local/lib/python3.7/site-packages/***/utils/context.py:152 AirflowContextDeprecationWarning: Accessing 'execution_date' from the template is deprecated and will be removed in a future version. Please use 'data_interval_start' or 'logical_date' instead.
[2023-01-29 13:26:20,879] {bigquery.py:1637} INFO - Inserting job ***_data_ingestion_fhv_dag_bq_create_fhv_partitioned_clustered_table_task_2019_05_01T00_00_00_00_00_dffd42da40b36fdee80d2e6317f31059
[2023-01-29 13:26:48,833] {taskinstance.py:1277} INFO - Marking task as SUCCESS. dag_id=data_ingestion_fhv_dag, task_id=bq_create_fhv_partitioned_clustered_table_task, execution_date=20190501T000000, start_date=20230129T132620, end_date=20230129T132648
[2023-01-29 13:26:48,891] {local_task_job.py:154} INFO - Task exited with return code 0
[2023-01-29 13:26:48,916] {local_task_job.py:264} INFO - 0 downstream tasks scheduled from follow-on schedule check
