[2023-01-29 13:28:38,510] {taskinstance.py:1032} INFO - Dependencies all met for <TaskInstance: data_ingestion_fhv_dag.bq_create_fhv_partitioned_clustered_table_task scheduled__2019-08-01T00:00:00+00:00 [queued]>
[2023-01-29 13:28:38,522] {taskinstance.py:1032} INFO - Dependencies all met for <TaskInstance: data_ingestion_fhv_dag.bq_create_fhv_partitioned_clustered_table_task scheduled__2019-08-01T00:00:00+00:00 [queued]>
[2023-01-29 13:28:38,523] {taskinstance.py:1238} INFO - 
--------------------------------------------------------------------------------
[2023-01-29 13:28:38,523] {taskinstance.py:1239} INFO - Starting attempt 1 of 2
[2023-01-29 13:28:38,524] {taskinstance.py:1240} INFO - 
--------------------------------------------------------------------------------
[2023-01-29 13:28:38,535] {taskinstance.py:1259} INFO - Executing <Task(BigQueryInsertJobOperator): bq_create_fhv_partitioned_clustered_table_task> on 2019-08-01 00:00:00+00:00
[2023-01-29 13:28:38,539] {standard_task_runner.py:52} INFO - Started process 2244 to run task
[2023-01-29 13:28:38,542] {standard_task_runner.py:76} INFO - Running: ['***', 'tasks', 'run', 'data_ingestion_fhv_dag', 'bq_create_fhv_partitioned_clustered_table_task', 'scheduled__2019-08-01T00:00:00+00:00', '--job-id', '508', '--raw', '--subdir', 'DAGS_FOLDER/data_ingestion_fhv_dag.py', '--cfg-path', '/tmp/tmp45nzsi8z', '--error-file', '/tmp/tmpsf9m9r96']
[2023-01-29 13:28:38,544] {standard_task_runner.py:77} INFO - Job 508: Subtask bq_create_fhv_partitioned_clustered_table_task
[2023-01-29 13:28:38,597] {logging_mixin.py:109} INFO - Running <TaskInstance: data_ingestion_fhv_dag.bq_create_fhv_partitioned_clustered_table_task scheduled__2019-08-01T00:00:00+00:00 [running]> on host 2530f37057aa
[2023-01-29 13:28:38,646] {taskinstance.py:1426} INFO - Exporting the following env vars:
AIRFLOW_CTX_DAG_OWNER=***
AIRFLOW_CTX_DAG_ID=data_ingestion_fhv_dag
AIRFLOW_CTX_TASK_ID=bq_create_fhv_partitioned_clustered_table_task
AIRFLOW_CTX_EXECUTION_DATE=2019-08-01T00:00:00+00:00
AIRFLOW_CTX_DAG_RUN_ID=scheduled__2019-08-01T00:00:00+00:00
[2023-01-29 13:28:38,647] {crypto.py:82} WARNING - empty cryptography key - values will not be stored encrypted.
[2023-01-29 13:28:38,653] {logging_mixin.py:109} WARNING - /home/***/.local/lib/python3.7/site-packages/***/utils/context.py:152 AirflowContextDeprecationWarning: Accessing 'execution_date' from the template is deprecated and will be removed in a future version. Please use 'data_interval_start' or 'logical_date' instead.
[2023-01-29 13:28:38,659] {bigquery.py:1637} INFO - Inserting job ***_data_ingestion_fhv_dag_bq_create_fhv_partitioned_clustered_table_task_2019_08_01T00_00_00_00_00_13baf247b1b24519892322350ce6f79d
[2023-01-29 13:29:03,486] {taskinstance.py:1277} INFO - Marking task as SUCCESS. dag_id=data_ingestion_fhv_dag, task_id=bq_create_fhv_partitioned_clustered_table_task, execution_date=20190801T000000, start_date=20230129T132838, end_date=20230129T132903
[2023-01-29 13:29:03,520] {local_task_job.py:154} INFO - Task exited with return code 0
[2023-01-29 13:29:03,562] {local_task_job.py:264} INFO - 0 downstream tasks scheduled from follow-on schedule check
