[2023-01-28 00:50:32,629] {taskinstance.py:1032} INFO - Dependencies all met for <TaskInstance: data_ingestion_fhv_dag.download_dataset_task scheduled__2019-02-01T00:00:00+00:00 [queued]>
[2023-01-28 00:50:32,640] {taskinstance.py:1032} INFO - Dependencies all met for <TaskInstance: data_ingestion_fhv_dag.download_dataset_task scheduled__2019-02-01T00:00:00+00:00 [queued]>
[2023-01-28 00:50:32,641] {taskinstance.py:1238} INFO - 
--------------------------------------------------------------------------------
[2023-01-28 00:50:32,642] {taskinstance.py:1239} INFO - Starting attempt 1 of 2
[2023-01-28 00:50:32,643] {taskinstance.py:1240} INFO - 
--------------------------------------------------------------------------------
[2023-01-28 00:50:32,661] {taskinstance.py:1259} INFO - Executing <Task(BashOperator): download_dataset_task> on 2019-02-01 00:00:00+00:00
[2023-01-28 00:50:32,667] {standard_task_runner.py:52} INFO - Started process 10971 to run task
[2023-01-28 00:50:32,671] {standard_task_runner.py:76} INFO - Running: ['***', 'tasks', 'run', 'data_ingestion_fhv_dag', 'download_dataset_task', 'scheduled__2019-02-01T00:00:00+00:00', '--job-id', '28', '--raw', '--subdir', 'DAGS_FOLDER/data_ingestion_fhv_dag.py', '--cfg-path', '/tmp/tmp_keoi8qs', '--error-file', '/tmp/tmp5a2imkev']
[2023-01-28 00:50:32,673] {standard_task_runner.py:77} INFO - Job 28: Subtask download_dataset_task
[2023-01-28 00:50:32,774] {logging_mixin.py:109} INFO - Running <TaskInstance: data_ingestion_fhv_dag.download_dataset_task scheduled__2019-02-01T00:00:00+00:00 [running]> on host adbf820de9e6
[2023-01-28 00:50:32,839] {logging_mixin.py:109} WARNING - /home/***/.local/lib/python3.7/site-packages/***/utils/context.py:152 AirflowContextDeprecationWarning: Accessing 'execution_date' from the template is deprecated and will be removed in a future version. Please use 'data_interval_start' or 'logical_date' instead.
[2023-01-28 00:50:32,874] {taskinstance.py:1426} INFO - Exporting the following env vars:
AIRFLOW_CTX_DAG_OWNER=***
AIRFLOW_CTX_DAG_ID=data_ingestion_fhv_dag
AIRFLOW_CTX_TASK_ID=download_dataset_task
AIRFLOW_CTX_EXECUTION_DATE=2019-02-01T00:00:00+00:00
AIRFLOW_CTX_DAG_RUN_ID=scheduled__2019-02-01T00:00:00+00:00
[2023-01-28 00:50:32,878] {subprocess.py:62} INFO - Tmp dir root location: 
 /tmp
[2023-01-28 00:50:32,881] {subprocess.py:74} INFO - Running command: ['bash', '-c', 'curl -sSLf https://d37ci6vzurychx.cloudfront.net/trip-data/fhv_tripdata_2019-02.parquet > /opt/***/fhv_tripdata_2019-02.parquet']
[2023-01-28 00:50:32,906] {subprocess.py:85} INFO - Output:
[2023-01-28 00:50:38,734] {subprocess.py:93} INFO - Command exited with return code 0
[2023-01-28 00:50:38,802] {taskinstance.py:1277} INFO - Marking task as SUCCESS. dag_id=data_ingestion_fhv_dag, task_id=download_dataset_task, execution_date=20190201T000000, start_date=20230128T005032, end_date=20230128T005038
[2023-01-28 00:50:38,878] {local_task_job.py:154} INFO - Task exited with return code 0
[2023-01-28 00:50:38,929] {local_task_job.py:264} INFO - 1 downstream tasks scheduled from follow-on schedule check
[2023-01-28 00:52:41,905] {taskinstance.py:1032} INFO - Dependencies all met for <TaskInstance: data_ingestion_fhv_dag.download_dataset_task scheduled__2019-02-01T00:00:00+00:00 [queued]>
[2023-01-28 00:52:41,919] {taskinstance.py:1032} INFO - Dependencies all met for <TaskInstance: data_ingestion_fhv_dag.download_dataset_task scheduled__2019-02-01T00:00:00+00:00 [queued]>
[2023-01-28 00:52:41,921] {taskinstance.py:1238} INFO - 
--------------------------------------------------------------------------------
[2023-01-28 00:52:41,922] {taskinstance.py:1239} INFO - Starting attempt 1 of 2
[2023-01-28 00:52:41,923] {taskinstance.py:1240} INFO - 
--------------------------------------------------------------------------------
[2023-01-28 00:52:41,956] {taskinstance.py:1259} INFO - Executing <Task(BashOperator): download_dataset_task> on 2019-02-01 00:00:00+00:00
[2023-01-28 00:52:41,965] {standard_task_runner.py:52} INFO - Started process 242 to run task
[2023-01-28 00:52:41,972] {standard_task_runner.py:76} INFO - Running: ['***', 'tasks', 'run', 'data_ingestion_fhv_dag', 'download_dataset_task', 'scheduled__2019-02-01T00:00:00+00:00', '--job-id', '62', '--raw', '--subdir', 'DAGS_FOLDER/data_ingestion_fhv_dag.py', '--cfg-path', '/tmp/tmptg49b8rq', '--error-file', '/tmp/tmpbupxjs_p']
[2023-01-28 00:52:41,975] {standard_task_runner.py:77} INFO - Job 62: Subtask download_dataset_task
[2023-01-28 00:52:42,113] {logging_mixin.py:109} INFO - Running <TaskInstance: data_ingestion_fhv_dag.download_dataset_task scheduled__2019-02-01T00:00:00+00:00 [running]> on host adbf820de9e6
[2023-01-28 00:52:42,229] {logging_mixin.py:109} WARNING - /home/***/.local/lib/python3.7/site-packages/***/utils/context.py:152 AirflowContextDeprecationWarning: Accessing 'execution_date' from the template is deprecated and will be removed in a future version. Please use 'data_interval_start' or 'logical_date' instead.
[2023-01-28 00:52:42,269] {taskinstance.py:1426} INFO - Exporting the following env vars:
AIRFLOW_CTX_DAG_OWNER=***
AIRFLOW_CTX_DAG_ID=data_ingestion_fhv_dag
AIRFLOW_CTX_TASK_ID=download_dataset_task
AIRFLOW_CTX_EXECUTION_DATE=2019-02-01T00:00:00+00:00
AIRFLOW_CTX_DAG_RUN_ID=scheduled__2019-02-01T00:00:00+00:00
[2023-01-28 00:52:42,271] {subprocess.py:62} INFO - Tmp dir root location: 
 /tmp
[2023-01-28 00:52:42,273] {subprocess.py:74} INFO - Running command: ['bash', '-c', 'curl -sSLf https://d37ci6vzurychx.cloudfront.net/trip-data/fhv_tripdata_2019-02.parquet > /opt/***/fhv_tripdata_2019-02.parquet']
[2023-01-28 00:52:42,292] {subprocess.py:85} INFO - Output:
[2023-01-28 00:52:47,632] {subprocess.py:93} INFO - Command exited with return code 0
[2023-01-28 00:52:47,662] {taskinstance.py:1277} INFO - Marking task as SUCCESS. dag_id=data_ingestion_fhv_dag, task_id=download_dataset_task, execution_date=20190201T000000, start_date=20230128T005241, end_date=20230128T005247
[2023-01-28 00:52:47,721] {local_task_job.py:154} INFO - Task exited with return code 0
[2023-01-28 00:52:47,754] {local_task_job.py:264} INFO - 1 downstream tasks scheduled from follow-on schedule check
[2023-01-28 00:56:38,628] {taskinstance.py:1032} INFO - Dependencies all met for <TaskInstance: data_ingestion_fhv_dag.download_dataset_task scheduled__2019-02-01T00:00:00+00:00 [queued]>
[2023-01-28 00:56:38,662] {taskinstance.py:1032} INFO - Dependencies all met for <TaskInstance: data_ingestion_fhv_dag.download_dataset_task scheduled__2019-02-01T00:00:00+00:00 [queued]>
[2023-01-28 00:56:38,663] {taskinstance.py:1238} INFO - 
--------------------------------------------------------------------------------
[2023-01-28 00:56:38,663] {taskinstance.py:1239} INFO - Starting attempt 1 of 2
[2023-01-28 00:56:38,664] {taskinstance.py:1240} INFO - 
--------------------------------------------------------------------------------
[2023-01-28 00:56:38,676] {taskinstance.py:1259} INFO - Executing <Task(BashOperator): download_dataset_task> on 2019-02-01 00:00:00+00:00
[2023-01-28 00:56:38,681] {standard_task_runner.py:52} INFO - Started process 794 to run task
[2023-01-28 00:56:38,685] {standard_task_runner.py:76} INFO - Running: ['***', 'tasks', 'run', 'data_ingestion_fhv_dag', 'download_dataset_task', 'scheduled__2019-02-01T00:00:00+00:00', '--job-id', '72', '--raw', '--subdir', 'DAGS_FOLDER/data_ingestion_fhv_dag.py', '--cfg-path', '/tmp/tmpk5kwgomw', '--error-file', '/tmp/tmp0b_mvgz4']
[2023-01-28 00:56:38,688] {standard_task_runner.py:77} INFO - Job 72: Subtask download_dataset_task
[2023-01-28 00:56:38,754] {logging_mixin.py:109} INFO - Running <TaskInstance: data_ingestion_fhv_dag.download_dataset_task scheduled__2019-02-01T00:00:00+00:00 [running]> on host adbf820de9e6
[2023-01-28 00:56:38,836] {logging_mixin.py:109} WARNING - /home/***/.local/lib/python3.7/site-packages/***/utils/context.py:152 AirflowContextDeprecationWarning: Accessing 'execution_date' from the template is deprecated and will be removed in a future version. Please use 'data_interval_start' or 'logical_date' instead.
[2023-01-28 00:56:38,870] {taskinstance.py:1426} INFO - Exporting the following env vars:
AIRFLOW_CTX_DAG_OWNER=***
AIRFLOW_CTX_DAG_ID=data_ingestion_fhv_dag
AIRFLOW_CTX_TASK_ID=download_dataset_task
AIRFLOW_CTX_EXECUTION_DATE=2019-02-01T00:00:00+00:00
AIRFLOW_CTX_DAG_RUN_ID=scheduled__2019-02-01T00:00:00+00:00
[2023-01-28 00:56:38,873] {subprocess.py:62} INFO - Tmp dir root location: 
 /tmp
[2023-01-28 00:56:38,874] {subprocess.py:74} INFO - Running command: ['bash', '-c', 'curl -sSLf https://d37ci6vzurychx.cloudfront.net/trip-data/fhv_tripdata_2019-02.parquet > /opt/***/fhv_tripdata_2019-02.parquet']
[2023-01-28 00:56:38,887] {subprocess.py:85} INFO - Output:
[2023-01-28 00:58:03,701] {subprocess.py:93} INFO - Command exited with return code 0
[2023-01-28 00:58:03,728] {taskinstance.py:1277} INFO - Marking task as SUCCESS. dag_id=data_ingestion_fhv_dag, task_id=download_dataset_task, execution_date=20190201T000000, start_date=20230128T005638, end_date=20230128T005803
[2023-01-28 00:58:03,765] {local_task_job.py:154} INFO - Task exited with return code 0
[2023-01-28 00:58:03,796] {local_task_job.py:264} INFO - 1 downstream tasks scheduled from follow-on schedule check
[2023-01-28 03:33:38,043] {taskinstance.py:1032} INFO - Dependencies all met for <TaskInstance: data_ingestion_fhv_dag.download_dataset_task scheduled__2019-02-01T00:00:00+00:00 [queued]>
[2023-01-28 03:33:38,054] {taskinstance.py:1032} INFO - Dependencies all met for <TaskInstance: data_ingestion_fhv_dag.download_dataset_task scheduled__2019-02-01T00:00:00+00:00 [queued]>
[2023-01-28 03:33:38,055] {taskinstance.py:1238} INFO - 
--------------------------------------------------------------------------------
[2023-01-28 03:33:38,056] {taskinstance.py:1239} INFO - Starting attempt 1 of 2
[2023-01-28 03:33:38,057] {taskinstance.py:1240} INFO - 
--------------------------------------------------------------------------------
[2023-01-28 03:33:38,069] {taskinstance.py:1259} INFO - Executing <Task(BashOperator): download_dataset_task> on 2019-02-01 00:00:00+00:00
[2023-01-28 03:33:38,075] {standard_task_runner.py:52} INFO - Started process 18979 to run task
[2023-01-28 03:33:38,078] {standard_task_runner.py:76} INFO - Running: ['***', 'tasks', 'run', 'data_ingestion_fhv_dag', 'download_dataset_task', 'scheduled__2019-02-01T00:00:00+00:00', '--job-id', '112', '--raw', '--subdir', 'DAGS_FOLDER/data_ingestion_fhv_dag.py', '--cfg-path', '/tmp/tmp134kchjf', '--error-file', '/tmp/tmp37laalrb']
[2023-01-28 03:33:38,080] {standard_task_runner.py:77} INFO - Job 112: Subtask download_dataset_task
[2023-01-28 03:33:38,143] {logging_mixin.py:109} INFO - Running <TaskInstance: data_ingestion_fhv_dag.download_dataset_task scheduled__2019-02-01T00:00:00+00:00 [running]> on host adbf820de9e6
[2023-01-28 03:33:38,191] {logging_mixin.py:109} WARNING - /home/***/.local/lib/python3.7/site-packages/***/utils/context.py:152 AirflowContextDeprecationWarning: Accessing 'execution_date' from the template is deprecated and will be removed in a future version. Please use 'data_interval_start' or 'logical_date' instead.
[2023-01-28 03:33:38,209] {taskinstance.py:1426} INFO - Exporting the following env vars:
AIRFLOW_CTX_DAG_OWNER=***
AIRFLOW_CTX_DAG_ID=data_ingestion_fhv_dag
AIRFLOW_CTX_TASK_ID=download_dataset_task
AIRFLOW_CTX_EXECUTION_DATE=2019-02-01T00:00:00+00:00
AIRFLOW_CTX_DAG_RUN_ID=scheduled__2019-02-01T00:00:00+00:00
[2023-01-28 03:33:38,211] {subprocess.py:62} INFO - Tmp dir root location: 
 /tmp
[2023-01-28 03:33:38,213] {subprocess.py:74} INFO - Running command: ['bash', '-c', 'curl -sSLf https://d37ci6vzurychx.cloudfront.net/trip-data/fhv_tripdata_2019-02.parquet > /opt/***/fhv_tripdata_2019-02.parquet']
[2023-01-28 03:33:38,225] {subprocess.py:85} INFO - Output:
[2023-01-28 03:33:41,740] {subprocess.py:93} INFO - Command exited with return code 0
[2023-01-28 03:33:41,775] {taskinstance.py:1277} INFO - Marking task as SUCCESS. dag_id=data_ingestion_fhv_dag, task_id=download_dataset_task, execution_date=20190201T000000, start_date=20230128T033338, end_date=20230128T033341
[2023-01-28 03:33:41,838] {local_task_job.py:154} INFO - Task exited with return code 0
[2023-01-28 03:33:41,881] {local_task_job.py:264} INFO - 1 downstream tasks scheduled from follow-on schedule check
[2023-01-28 03:38:12,053] {taskinstance.py:1032} INFO - Dependencies all met for <TaskInstance: data_ingestion_fhv_dag.download_dataset_task scheduled__2019-02-01T00:00:00+00:00 [queued]>
[2023-01-28 03:38:12,065] {taskinstance.py:1032} INFO - Dependencies all met for <TaskInstance: data_ingestion_fhv_dag.download_dataset_task scheduled__2019-02-01T00:00:00+00:00 [queued]>
[2023-01-28 03:38:12,066] {taskinstance.py:1238} INFO - 
--------------------------------------------------------------------------------
[2023-01-28 03:38:12,066] {taskinstance.py:1239} INFO - Starting attempt 1 of 2
[2023-01-28 03:38:12,067] {taskinstance.py:1240} INFO - 
--------------------------------------------------------------------------------
[2023-01-28 03:38:12,080] {taskinstance.py:1259} INFO - Executing <Task(BashOperator): download_dataset_task> on 2019-02-01 00:00:00+00:00
[2023-01-28 03:38:12,086] {standard_task_runner.py:52} INFO - Started process 19856 to run task
[2023-01-28 03:38:12,090] {standard_task_runner.py:76} INFO - Running: ['***', 'tasks', 'run', 'data_ingestion_fhv_dag', 'download_dataset_task', 'scheduled__2019-02-01T00:00:00+00:00', '--job-id', '151', '--raw', '--subdir', 'DAGS_FOLDER/data_ingestion_fhv_dag.py', '--cfg-path', '/tmp/tmpen2mq3tx', '--error-file', '/tmp/tmpjgd9hbva']
[2023-01-28 03:38:12,091] {standard_task_runner.py:77} INFO - Job 151: Subtask download_dataset_task
[2023-01-28 03:38:12,149] {logging_mixin.py:109} INFO - Running <TaskInstance: data_ingestion_fhv_dag.download_dataset_task scheduled__2019-02-01T00:00:00+00:00 [running]> on host adbf820de9e6
[2023-01-28 03:38:12,194] {logging_mixin.py:109} WARNING - /home/***/.local/lib/python3.7/site-packages/***/utils/context.py:152 AirflowContextDeprecationWarning: Accessing 'execution_date' from the template is deprecated and will be removed in a future version. Please use 'data_interval_start' or 'logical_date' instead.
[2023-01-28 03:38:12,212] {taskinstance.py:1426} INFO - Exporting the following env vars:
AIRFLOW_CTX_DAG_OWNER=***
AIRFLOW_CTX_DAG_ID=data_ingestion_fhv_dag
AIRFLOW_CTX_TASK_ID=download_dataset_task
AIRFLOW_CTX_EXECUTION_DATE=2019-02-01T00:00:00+00:00
AIRFLOW_CTX_DAG_RUN_ID=scheduled__2019-02-01T00:00:00+00:00
[2023-01-28 03:38:12,214] {subprocess.py:62} INFO - Tmp dir root location: 
 /tmp
[2023-01-28 03:38:12,216] {subprocess.py:74} INFO - Running command: ['bash', '-c', 'curl -sSLf https://d37ci6vzurychx.cloudfront.net/trip-data/fhv_tripdata_2019-02.parquet > /opt/***/fhv_tripdata_2019-02.parquet']
[2023-01-28 03:38:12,227] {subprocess.py:85} INFO - Output:
[2023-01-28 03:38:17,106] {subprocess.py:93} INFO - Command exited with return code 0
[2023-01-28 03:38:17,138] {taskinstance.py:1277} INFO - Marking task as SUCCESS. dag_id=data_ingestion_fhv_dag, task_id=download_dataset_task, execution_date=20190201T000000, start_date=20230128T033812, end_date=20230128T033817
[2023-01-28 03:38:17,165] {local_task_job.py:154} INFO - Task exited with return code 0
[2023-01-28 03:38:17,201] {local_task_job.py:264} INFO - 1 downstream tasks scheduled from follow-on schedule check
[2023-01-28 03:40:26,545] {taskinstance.py:1032} INFO - Dependencies all met for <TaskInstance: data_ingestion_fhv_dag.download_dataset_task scheduled__2019-02-01T00:00:00+00:00 [queued]>
[2023-01-28 03:40:26,566] {taskinstance.py:1032} INFO - Dependencies all met for <TaskInstance: data_ingestion_fhv_dag.download_dataset_task scheduled__2019-02-01T00:00:00+00:00 [queued]>
[2023-01-28 03:40:26,574] {taskinstance.py:1238} INFO - 
--------------------------------------------------------------------------------
[2023-01-28 03:40:26,575] {taskinstance.py:1239} INFO - Starting attempt 1 of 2
[2023-01-28 03:40:26,576] {taskinstance.py:1240} INFO - 
--------------------------------------------------------------------------------
[2023-01-28 03:40:26,598] {taskinstance.py:1259} INFO - Executing <Task(BashOperator): download_dataset_task> on 2019-02-01 00:00:00+00:00
[2023-01-28 03:40:26,611] {standard_task_runner.py:52} INFO - Started process 20170 to run task
[2023-01-28 03:40:26,618] {standard_task_runner.py:76} INFO - Running: ['***', 'tasks', 'run', 'data_ingestion_fhv_dag', 'download_dataset_task', 'scheduled__2019-02-01T00:00:00+00:00', '--job-id', '155', '--raw', '--subdir', 'DAGS_FOLDER/data_ingestion_fhv_dag.py', '--cfg-path', '/tmp/tmpjg61ltk4', '--error-file', '/tmp/tmpmtcs00ws']
[2023-01-28 03:40:26,620] {standard_task_runner.py:77} INFO - Job 155: Subtask download_dataset_task
[2023-01-28 03:40:26,791] {logging_mixin.py:109} INFO - Running <TaskInstance: data_ingestion_fhv_dag.download_dataset_task scheduled__2019-02-01T00:00:00+00:00 [running]> on host adbf820de9e6
[2023-01-28 03:40:26,890] {logging_mixin.py:109} WARNING - /home/***/.local/lib/python3.7/site-packages/***/utils/context.py:152 AirflowContextDeprecationWarning: Accessing 'execution_date' from the template is deprecated and will be removed in a future version. Please use 'data_interval_start' or 'logical_date' instead.
[2023-01-28 03:40:26,935] {taskinstance.py:1426} INFO - Exporting the following env vars:
AIRFLOW_CTX_DAG_OWNER=***
AIRFLOW_CTX_DAG_ID=data_ingestion_fhv_dag
AIRFLOW_CTX_TASK_ID=download_dataset_task
AIRFLOW_CTX_EXECUTION_DATE=2019-02-01T00:00:00+00:00
AIRFLOW_CTX_DAG_RUN_ID=scheduled__2019-02-01T00:00:00+00:00
[2023-01-28 03:40:26,938] {subprocess.py:62} INFO - Tmp dir root location: 
 /tmp
[2023-01-28 03:40:26,940] {subprocess.py:74} INFO - Running command: ['bash', '-c', 'curl -sSLf https://d37ci6vzurychx.cloudfront.net/trip-data/fhv_tripdata_2019-02.parquet > /opt/***/fhv_tripdata_2019-02.parquet']
[2023-01-28 03:40:26,983] {subprocess.py:85} INFO - Output:
[2023-01-28 03:40:32,376] {subprocess.py:93} INFO - Command exited with return code 0
[2023-01-28 03:40:32,413] {taskinstance.py:1277} INFO - Marking task as SUCCESS. dag_id=data_ingestion_fhv_dag, task_id=download_dataset_task, execution_date=20190201T000000, start_date=20230128T034026, end_date=20230128T034032
[2023-01-28 03:40:32,475] {local_task_job.py:154} INFO - Task exited with return code 0
[2023-01-28 03:40:32,510] {local_task_job.py:264} INFO - 1 downstream tasks scheduled from follow-on schedule check
