[2023-01-28 04:21:34,671] {taskinstance.py:1032} INFO - Dependencies all met for <TaskInstance: data_ingestion_fhv_dag.download_dataset_task scheduled__2019-02-01T00:00:00+00:00 [queued]>
[2023-01-28 04:21:34,688] {taskinstance.py:1032} INFO - Dependencies all met for <TaskInstance: data_ingestion_fhv_dag.download_dataset_task scheduled__2019-02-01T00:00:00+00:00 [queued]>
[2023-01-28 04:21:34,690] {taskinstance.py:1238} INFO - 
--------------------------------------------------------------------------------
[2023-01-28 04:21:34,691] {taskinstance.py:1239} INFO - Starting attempt 3 of 4
[2023-01-28 04:21:34,692] {taskinstance.py:1240} INFO - 
--------------------------------------------------------------------------------
[2023-01-28 04:21:34,727] {taskinstance.py:1259} INFO - Executing <Task(BashOperator): download_dataset_task> on 2019-02-01 00:00:00+00:00
[2023-01-28 04:21:34,739] {standard_task_runner.py:52} INFO - Started process 25109 to run task
[2023-01-28 04:21:34,749] {standard_task_runner.py:76} INFO - Running: ['***', 'tasks', 'run', 'data_ingestion_fhv_dag', 'download_dataset_task', 'scheduled__2019-02-01T00:00:00+00:00', '--job-id', '193', '--raw', '--subdir', 'DAGS_FOLDER/data_ingestion_fhv_dag.py', '--cfg-path', '/tmp/tmpu9ala2ht', '--error-file', '/tmp/tmpp0z2vrsy']
[2023-01-28 04:21:34,751] {standard_task_runner.py:77} INFO - Job 193: Subtask download_dataset_task
[2023-01-28 04:21:34,902] {logging_mixin.py:109} INFO - Running <TaskInstance: data_ingestion_fhv_dag.download_dataset_task scheduled__2019-02-01T00:00:00+00:00 [running]> on host adbf820de9e6
[2023-01-28 04:21:35,017] {logging_mixin.py:109} WARNING - /home/***/.local/lib/python3.7/site-packages/***/utils/context.py:152 AirflowContextDeprecationWarning: Accessing 'execution_date' from the template is deprecated and will be removed in a future version. Please use 'data_interval_start' or 'logical_date' instead.
[2023-01-28 04:21:35,064] {taskinstance.py:1426} INFO - Exporting the following env vars:
AIRFLOW_CTX_DAG_OWNER=***
AIRFLOW_CTX_DAG_ID=data_ingestion_fhv_dag
AIRFLOW_CTX_TASK_ID=download_dataset_task
AIRFLOW_CTX_EXECUTION_DATE=2019-02-01T00:00:00+00:00
AIRFLOW_CTX_DAG_RUN_ID=scheduled__2019-02-01T00:00:00+00:00
[2023-01-28 04:21:35,067] {subprocess.py:62} INFO - Tmp dir root location: 
 /tmp
[2023-01-28 04:21:35,068] {subprocess.py:74} INFO - Running command: ['bash', '-c', 'curl -sSLf https://d37ci6vzurychx.cloudfront.net/trip-data/fhv_tripdata_2019-02.parquet > /opt/***/fhv_tripdata_2019-02.parquet']
[2023-01-28 04:21:35,097] {subprocess.py:85} INFO - Output:
[2023-01-28 04:22:09,604] {subprocess.py:93} INFO - Command exited with return code 0
[2023-01-28 04:22:09,637] {taskinstance.py:1277} INFO - Marking task as SUCCESS. dag_id=data_ingestion_fhv_dag, task_id=download_dataset_task, execution_date=20190201T000000, start_date=20230128T042134, end_date=20230128T042209
[2023-01-28 04:22:09,688] {local_task_job.py:154} INFO - Task exited with return code 0
[2023-01-28 04:22:09,743] {local_task_job.py:264} INFO - 1 downstream tasks scheduled from follow-on schedule check
