[2023-01-28 01:06:50,153] {taskinstance.py:1032} INFO - Dependencies all met for <TaskInstance: data_ingestion_gcs_dag.download_dataset_task scheduled__2019-06-01T00:00:00+00:00 [queued]>
[2023-01-28 01:06:50,169] {taskinstance.py:1032} INFO - Dependencies all met for <TaskInstance: data_ingestion_gcs_dag.download_dataset_task scheduled__2019-06-01T00:00:00+00:00 [queued]>
[2023-01-28 01:06:50,170] {taskinstance.py:1238} INFO - 
--------------------------------------------------------------------------------
[2023-01-28 01:06:50,171] {taskinstance.py:1239} INFO - Starting attempt 1 of 2
[2023-01-28 01:06:50,171] {taskinstance.py:1240} INFO - 
--------------------------------------------------------------------------------
[2023-01-28 01:06:50,187] {taskinstance.py:1259} INFO - Executing <Task(BashOperator): download_dataset_task> on 2019-06-01 00:00:00+00:00
[2023-01-28 01:06:50,192] {standard_task_runner.py:52} INFO - Started process 2091 to run task
[2023-01-28 01:06:50,199] {standard_task_runner.py:76} INFO - Running: ['***', 'tasks', 'run', 'data_ingestion_gcs_dag', 'download_dataset_task', 'scheduled__2019-06-01T00:00:00+00:00', '--job-id', '87', '--raw', '--subdir', 'DAGS_FOLDER/data_ingestion_gcs_dag.py', '--cfg-path', '/tmp/tmpfbmct47n', '--error-file', '/tmp/tmpsvah9ngf']
[2023-01-28 01:06:50,207] {standard_task_runner.py:77} INFO - Job 87: Subtask download_dataset_task
[2023-01-28 01:06:50,270] {logging_mixin.py:109} INFO - Running <TaskInstance: data_ingestion_gcs_dag.download_dataset_task scheduled__2019-06-01T00:00:00+00:00 [running]> on host adbf820de9e6
[2023-01-28 01:06:50,323] {logging_mixin.py:109} WARNING - /home/***/.local/lib/python3.7/site-packages/***/utils/context.py:152 AirflowContextDeprecationWarning: Accessing 'execution_date' from the template is deprecated and will be removed in a future version. Please use 'data_interval_start' or 'logical_date' instead.
[2023-01-28 01:06:50,352] {taskinstance.py:1426} INFO - Exporting the following env vars:
AIRFLOW_CTX_DAG_OWNER=***
AIRFLOW_CTX_DAG_ID=data_ingestion_gcs_dag
AIRFLOW_CTX_TASK_ID=download_dataset_task
AIRFLOW_CTX_EXECUTION_DATE=2019-06-01T00:00:00+00:00
AIRFLOW_CTX_DAG_RUN_ID=scheduled__2019-06-01T00:00:00+00:00
[2023-01-28 01:06:50,354] {subprocess.py:62} INFO - Tmp dir root location: 
 /tmp
[2023-01-28 01:06:50,356] {subprocess.py:74} INFO - Running command: ['bash', '-c', 'curl -sSL https://d37ci6vzurychx.cloudfront.net/trip-data/yellow_tripdata_2019-06.parquet > /opt/***/yellow_tripdata_2019-06.parquet']
[2023-01-28 01:06:50,371] {subprocess.py:85} INFO - Output:
[2023-01-28 01:07:22,717] {subprocess.py:93} INFO - Command exited with return code 0
[2023-01-28 01:07:22,753] {taskinstance.py:1277} INFO - Marking task as SUCCESS. dag_id=data_ingestion_gcs_dag, task_id=download_dataset_task, execution_date=20190601T000000, start_date=20230128T010650, end_date=20230128T010722
[2023-01-28 01:07:22,801] {local_task_job.py:154} INFO - Task exited with return code 0
[2023-01-28 01:07:22,841] {local_task_job.py:264} INFO - 1 downstream tasks scheduled from follow-on schedule check
[2023-01-29 12:43:33,127] {taskinstance.py:1032} INFO - Dependencies all met for <TaskInstance: data_ingestion_gcs_dag.download_dataset_task scheduled__2019-06-01T00:00:00+00:00 [queued]>
[2023-01-29 12:43:33,143] {taskinstance.py:1032} INFO - Dependencies all met for <TaskInstance: data_ingestion_gcs_dag.download_dataset_task scheduled__2019-06-01T00:00:00+00:00 [queued]>
[2023-01-29 12:43:33,166] {taskinstance.py:1238} INFO - 
--------------------------------------------------------------------------------
[2023-01-29 12:43:33,167] {taskinstance.py:1239} INFO - Starting attempt 1 of 2
[2023-01-29 12:43:33,169] {taskinstance.py:1240} INFO - 
--------------------------------------------------------------------------------
[2023-01-29 12:43:33,181] {taskinstance.py:1259} INFO - Executing <Task(BashOperator): download_dataset_task> on 2019-06-01 00:00:00+00:00
[2023-01-29 12:43:33,188] {standard_task_runner.py:52} INFO - Started process 6976 to run task
[2023-01-29 12:43:33,193] {standard_task_runner.py:76} INFO - Running: ['***', 'tasks', 'run', 'data_ingestion_gcs_dag', 'download_dataset_task', 'scheduled__2019-06-01T00:00:00+00:00', '--job-id', '399', '--raw', '--subdir', 'DAGS_FOLDER/data_ingestion_gcs_dag.py', '--cfg-path', '/tmp/tmp7dx8nuu5', '--error-file', '/tmp/tmp9g95azbq']
[2023-01-29 12:43:33,196] {standard_task_runner.py:77} INFO - Job 399: Subtask download_dataset_task
[2023-01-29 12:43:33,289] {logging_mixin.py:109} INFO - Running <TaskInstance: data_ingestion_gcs_dag.download_dataset_task scheduled__2019-06-01T00:00:00+00:00 [running]> on host 2530f37057aa
[2023-01-29 12:43:33,357] {logging_mixin.py:109} WARNING - /home/***/.local/lib/python3.7/site-packages/***/utils/context.py:152 AirflowContextDeprecationWarning: Accessing 'execution_date' from the template is deprecated and will be removed in a future version. Please use 'data_interval_start' or 'logical_date' instead.
[2023-01-29 12:43:33,382] {taskinstance.py:1426} INFO - Exporting the following env vars:
AIRFLOW_CTX_DAG_OWNER=***
AIRFLOW_CTX_DAG_ID=data_ingestion_gcs_dag
AIRFLOW_CTX_TASK_ID=download_dataset_task
AIRFLOW_CTX_EXECUTION_DATE=2019-06-01T00:00:00+00:00
AIRFLOW_CTX_DAG_RUN_ID=scheduled__2019-06-01T00:00:00+00:00
[2023-01-29 12:43:33,384] {subprocess.py:62} INFO - Tmp dir root location: 
 /tmp
[2023-01-29 12:43:33,386] {subprocess.py:74} INFO - Running command: ['bash', '-c', 'curl -sSL https://d37ci6vzurychx.cloudfront.net/trip-data/fhv_tripdata_2019-06.parquet > /opt/***/fhv_tripdata_2019-06.parquet']
[2023-01-29 12:43:33,401] {subprocess.py:85} INFO - Output:
[2023-01-29 12:43:39,327] {subprocess.py:93} INFO - Command exited with return code 0
[2023-01-29 12:43:39,375] {taskinstance.py:1277} INFO - Marking task as SUCCESS. dag_id=data_ingestion_gcs_dag, task_id=download_dataset_task, execution_date=20190601T000000, start_date=20230129T124333, end_date=20230129T124339
[2023-01-29 12:43:39,403] {local_task_job.py:154} INFO - Task exited with return code 0
[2023-01-29 12:43:39,439] {local_task_job.py:264} INFO - 1 downstream tasks scheduled from follow-on schedule check
