[2023-01-28 04:33:49,147] {taskinstance.py:1032} INFO - Dependencies all met for <TaskInstance: data_ingestion_fhv_dag.bq_fhv_external_table_task scheduled__2019-09-01T00:00:00+00:00 [queued]>
[2023-01-28 04:33:49,164] {taskinstance.py:1032} INFO - Dependencies all met for <TaskInstance: data_ingestion_fhv_dag.bq_fhv_external_table_task scheduled__2019-09-01T00:00:00+00:00 [queued]>
[2023-01-28 04:33:49,165] {taskinstance.py:1238} INFO - 
--------------------------------------------------------------------------------
[2023-01-28 04:33:49,167] {taskinstance.py:1239} INFO - Starting attempt 1 of 2
[2023-01-28 04:33:49,168] {taskinstance.py:1240} INFO - 
--------------------------------------------------------------------------------
[2023-01-28 04:33:49,187] {taskinstance.py:1259} INFO - Executing <Task(BigQueryCreateExternalTableOperator): bq_fhv_external_table_task> on 2019-09-01 00:00:00+00:00
[2023-01-28 04:33:49,198] {standard_task_runner.py:52} INFO - Started process 26791 to run task
[2023-01-28 04:33:49,205] {standard_task_runner.py:76} INFO - Running: ['***', 'tasks', 'run', 'data_ingestion_fhv_dag', 'bq_fhv_external_table_task', 'scheduled__2019-09-01T00:00:00+00:00', '--job-id', '235', '--raw', '--subdir', 'DAGS_FOLDER/data_ingestion_fhv_dag.py', '--cfg-path', '/tmp/tmpqghm10yp', '--error-file', '/tmp/tmpx9m3onte']
[2023-01-28 04:33:49,208] {standard_task_runner.py:77} INFO - Job 235: Subtask bq_fhv_external_table_task
[2023-01-28 04:33:49,310] {logging_mixin.py:109} INFO - Running <TaskInstance: data_ingestion_fhv_dag.bq_fhv_external_table_task scheduled__2019-09-01T00:00:00+00:00 [running]> on host adbf820de9e6
[2023-01-28 04:33:49,382] {logging_mixin.py:109} WARNING - /home/***/.local/lib/python3.7/site-packages/***/utils/context.py:152 AirflowContextDeprecationWarning: Accessing 'execution_date' from the template is deprecated and will be removed in a future version. Please use 'data_interval_start' or 'logical_date' instead.
[2023-01-28 04:33:49,414] {taskinstance.py:1426} INFO - Exporting the following env vars:
AIRFLOW_CTX_DAG_OWNER=***
AIRFLOW_CTX_DAG_ID=data_ingestion_fhv_dag
AIRFLOW_CTX_TASK_ID=bq_fhv_external_table_task
AIRFLOW_CTX_EXECUTION_DATE=2019-09-01T00:00:00+00:00
AIRFLOW_CTX_DAG_RUN_ID=scheduled__2019-09-01T00:00:00+00:00
[2023-01-28 04:33:49,416] {crypto.py:82} WARNING - empty cryptography key - values will not be stored encrypted.
[2023-01-28 04:33:51,725] {taskinstance.py:1277} INFO - Marking task as SUCCESS. dag_id=data_ingestion_fhv_dag, task_id=bq_fhv_external_table_task, execution_date=20190901T000000, start_date=20230128T043349, end_date=20230128T043351
[2023-01-28 04:33:51,775] {local_task_job.py:154} INFO - Task exited with return code 0
[2023-01-28 04:33:51,820] {local_task_job.py:264} INFO - 0 downstream tasks scheduled from follow-on schedule check
[2023-01-29 13:29:36,965] {taskinstance.py:1032} INFO - Dependencies all met for <TaskInstance: data_ingestion_fhv_dag.bq_fhv_external_table_task scheduled__2019-09-01T00:00:00+00:00 [queued]>
[2023-01-29 13:29:36,977] {taskinstance.py:1032} INFO - Dependencies all met for <TaskInstance: data_ingestion_fhv_dag.bq_fhv_external_table_task scheduled__2019-09-01T00:00:00+00:00 [queued]>
[2023-01-29 13:29:36,978] {taskinstance.py:1238} INFO - 
--------------------------------------------------------------------------------
[2023-01-29 13:29:36,978] {taskinstance.py:1239} INFO - Starting attempt 1 of 2
[2023-01-29 13:29:36,979] {taskinstance.py:1240} INFO - 
--------------------------------------------------------------------------------
[2023-01-29 13:29:36,989] {taskinstance.py:1259} INFO - Executing <Task(BigQueryCreateExternalTableOperator): bq_fhv_external_table_task> on 2019-09-01 00:00:00+00:00
[2023-01-29 13:29:36,993] {standard_task_runner.py:52} INFO - Started process 2410 to run task
[2023-01-29 13:29:36,997] {standard_task_runner.py:76} INFO - Running: ['***', 'tasks', 'run', 'data_ingestion_fhv_dag', 'bq_fhv_external_table_task', 'scheduled__2019-09-01T00:00:00+00:00', '--job-id', '512', '--raw', '--subdir', 'DAGS_FOLDER/data_ingestion_fhv_dag.py', '--cfg-path', '/tmp/tmpu6g_gw2_', '--error-file', '/tmp/tmp2u4nt97o']
[2023-01-29 13:29:36,998] {standard_task_runner.py:77} INFO - Job 512: Subtask bq_fhv_external_table_task
[2023-01-29 13:29:37,048] {logging_mixin.py:109} INFO - Running <TaskInstance: data_ingestion_fhv_dag.bq_fhv_external_table_task scheduled__2019-09-01T00:00:00+00:00 [running]> on host 2530f37057aa
[2023-01-29 13:29:37,097] {taskinstance.py:1426} INFO - Exporting the following env vars:
AIRFLOW_CTX_DAG_OWNER=***
AIRFLOW_CTX_DAG_ID=data_ingestion_fhv_dag
AIRFLOW_CTX_TASK_ID=bq_fhv_external_table_task
AIRFLOW_CTX_EXECUTION_DATE=2019-09-01T00:00:00+00:00
AIRFLOW_CTX_DAG_RUN_ID=scheduled__2019-09-01T00:00:00+00:00
[2023-01-29 13:29:37,099] {crypto.py:82} WARNING - empty cryptography key - values will not be stored encrypted.
[2023-01-29 13:29:38,242] {taskinstance.py:1277} INFO - Marking task as SUCCESS. dag_id=data_ingestion_fhv_dag, task_id=bq_fhv_external_table_task, execution_date=20190901T000000, start_date=20230129T132936, end_date=20230129T132938
[2023-01-29 13:29:38,270] {local_task_job.py:154} INFO - Task exited with return code 0
[2023-01-29 13:29:38,311] {local_task_job.py:264} INFO - 1 downstream tasks scheduled from follow-on schedule check
