[2023-01-28 03:35:32,503] {taskinstance.py:1032} INFO - Dependencies all met for <TaskInstance: data_ingestion_gcs_dag.bigquery_external_table_task scheduled__2019-09-01T00:00:00+00:00 [queued]>
[2023-01-28 03:35:32,528] {taskinstance.py:1032} INFO - Dependencies all met for <TaskInstance: data_ingestion_gcs_dag.bigquery_external_table_task scheduled__2019-09-01T00:00:00+00:00 [queued]>
[2023-01-28 03:35:32,530] {taskinstance.py:1238} INFO - 
--------------------------------------------------------------------------------
[2023-01-28 03:35:32,531] {taskinstance.py:1239} INFO - Starting attempt 2 of 3
[2023-01-28 03:35:32,533] {taskinstance.py:1240} INFO - 
--------------------------------------------------------------------------------
[2023-01-28 03:35:32,571] {taskinstance.py:1259} INFO - Executing <Task(BigQueryCreateExternalTableOperator): bigquery_external_table_task> on 2019-09-01 00:00:00+00:00
[2023-01-28 03:35:32,584] {standard_task_runner.py:52} INFO - Started process 19446 to run task
[2023-01-28 03:35:32,601] {standard_task_runner.py:76} INFO - Running: ['***', 'tasks', 'run', 'data_ingestion_gcs_dag', 'bigquery_external_table_task', 'scheduled__2019-09-01T00:00:00+00:00', '--job-id', '139', '--raw', '--subdir', 'DAGS_FOLDER/data_ingestion_gcs_dag.py', '--cfg-path', '/tmp/tmp6e_w8fry', '--error-file', '/tmp/tmplc6l2ph2']
[2023-01-28 03:35:32,609] {standard_task_runner.py:77} INFO - Job 139: Subtask bigquery_external_table_task
[2023-01-28 03:35:32,733] {logging_mixin.py:109} INFO - Running <TaskInstance: data_ingestion_gcs_dag.bigquery_external_table_task scheduled__2019-09-01T00:00:00+00:00 [running]> on host adbf820de9e6
[2023-01-28 03:35:32,817] {logging_mixin.py:109} WARNING - /home/***/.local/lib/python3.7/site-packages/***/utils/context.py:152 AirflowContextDeprecationWarning: Accessing 'execution_date' from the template is deprecated and will be removed in a future version. Please use 'data_interval_start' or 'logical_date' instead.
[2023-01-28 03:35:32,865] {taskinstance.py:1426} INFO - Exporting the following env vars:
AIRFLOW_CTX_DAG_OWNER=***
AIRFLOW_CTX_DAG_ID=data_ingestion_gcs_dag
AIRFLOW_CTX_TASK_ID=bigquery_external_table_task
AIRFLOW_CTX_EXECUTION_DATE=2019-09-01T00:00:00+00:00
AIRFLOW_CTX_DAG_RUN_ID=scheduled__2019-09-01T00:00:00+00:00
[2023-01-28 03:35:32,869] {crypto.py:82} WARNING - empty cryptography key - values will not be stored encrypted.
[2023-01-28 03:35:34,098] {taskinstance.py:1277} INFO - Marking task as SUCCESS. dag_id=data_ingestion_gcs_dag, task_id=bigquery_external_table_task, execution_date=20190901T000000, start_date=20230128T033532, end_date=20230128T033534
[2023-01-28 03:35:34,146] {local_task_job.py:154} INFO - Task exited with return code 0
[2023-01-28 03:35:34,182] {local_task_job.py:264} INFO - 0 downstream tasks scheduled from follow-on schedule check
