[2023-01-24 01:03:09,419] {taskinstance.py:1032} INFO - Dependencies all met for <TaskInstance: LocalIngestionDag.wget scheduled__2021-04-02T06:00:00+00:00 [queued]>
[2023-01-24 01:03:09,490] {taskinstance.py:1032} INFO - Dependencies all met for <TaskInstance: LocalIngestionDag.wget scheduled__2021-04-02T06:00:00+00:00 [queued]>
[2023-01-24 01:03:09,491] {taskinstance.py:1238} INFO - 
--------------------------------------------------------------------------------
[2023-01-24 01:03:09,491] {taskinstance.py:1239} INFO - Starting attempt 1 of 1
[2023-01-24 01:03:09,491] {taskinstance.py:1240} INFO - 
--------------------------------------------------------------------------------
[2023-01-24 01:03:09,553] {taskinstance.py:1259} INFO - Executing <Task(BashOperator): wget> on 2021-04-02 06:00:00+00:00
[2023-01-24 01:03:09,559] {standard_task_runner.py:52} INFO - Started process 724 to run task
[2023-01-24 01:03:09,571] {standard_task_runner.py:76} INFO - Running: ['***', 'tasks', 'run', 'LocalIngestionDag', 'wget', 'scheduled__2021-04-02T06:00:00+00:00', '--job-id', '9', '--raw', '--subdir', 'DAGS_FOLDER/data_ingestion_local.py', '--cfg-path', '/tmp/tmpxsary6j4', '--error-file', '/tmp/tmp_f3519vj']
[2023-01-24 01:03:09,577] {standard_task_runner.py:77} INFO - Job 9: Subtask wget
[2023-01-24 01:03:09,740] {logging_mixin.py:109} INFO - Running <TaskInstance: LocalIngestionDag.wget scheduled__2021-04-02T06:00:00+00:00 [running]> on host 6018d13d82e3
[2023-01-24 01:03:09,917] {taskinstance.py:1426} INFO - Exporting the following env vars:
AIRFLOW_CTX_DAG_OWNER=***
AIRFLOW_CTX_DAG_ID=LocalIngestionDag
AIRFLOW_CTX_TASK_ID=wget
AIRFLOW_CTX_EXECUTION_DATE=2021-04-02T06:00:00+00:00
AIRFLOW_CTX_DAG_RUN_ID=scheduled__2021-04-02T06:00:00+00:00
[2023-01-24 01:03:09,919] {subprocess.py:62} INFO - Tmp dir root location: 
 /tmp
[2023-01-24 01:03:09,920] {subprocess.py:74} INFO - Running command: ['bash', '-c', 'echo "hello world"']
[2023-01-24 01:03:09,936] {subprocess.py:85} INFO - Output:
[2023-01-24 01:03:09,940] {subprocess.py:89} INFO - hello world
[2023-01-24 01:03:09,952] {subprocess.py:93} INFO - Command exited with return code 0
[2023-01-24 01:03:10,013] {taskinstance.py:1277} INFO - Marking task as SUCCESS. dag_id=LocalIngestionDag, task_id=wget, execution_date=20210402T060000, start_date=20230124T010309, end_date=20230124T010310
[2023-01-24 01:03:10,116] {local_task_job.py:154} INFO - Task exited with return code 0
[2023-01-24 01:03:10,217] {local_task_job.py:264} INFO - 1 downstream tasks scheduled from follow-on schedule check
