[2023-01-29 12:45:34,531] {taskinstance.py:1032} INFO - Dependencies all met for <TaskInstance: data_ingestion_gcs_dag.local_to_gcs_casted_task scheduled__2019-08-01T00:00:00+00:00 [queued]>
[2023-01-29 12:45:34,541] {taskinstance.py:1032} INFO - Dependencies all met for <TaskInstance: data_ingestion_gcs_dag.local_to_gcs_casted_task scheduled__2019-08-01T00:00:00+00:00 [queued]>
[2023-01-29 12:45:34,542] {taskinstance.py:1238} INFO - 
--------------------------------------------------------------------------------
[2023-01-29 12:45:34,543] {taskinstance.py:1239} INFO - Starting attempt 1 of 2
[2023-01-29 12:45:34,544] {taskinstance.py:1240} INFO - 
--------------------------------------------------------------------------------
[2023-01-29 12:45:34,554] {taskinstance.py:1259} INFO - Executing <Task(PythonOperator): local_to_gcs_casted_task> on 2019-08-01 00:00:00+00:00
[2023-01-29 12:45:34,559] {standard_task_runner.py:52} INFO - Started process 7449 to run task
[2023-01-29 12:45:34,563] {standard_task_runner.py:76} INFO - Running: ['***', 'tasks', 'run', 'data_ingestion_gcs_dag', 'local_to_gcs_casted_task', 'scheduled__2019-08-01T00:00:00+00:00', '--job-id', '414', '--raw', '--subdir', 'DAGS_FOLDER/data_ingestion_gcs_dag.py', '--cfg-path', '/tmp/tmpbfgnmmxv', '--error-file', '/tmp/tmp6rd4dtti']
[2023-01-29 12:45:34,564] {standard_task_runner.py:77} INFO - Job 414: Subtask local_to_gcs_casted_task
[2023-01-29 12:45:34,629] {logging_mixin.py:109} INFO - Running <TaskInstance: data_ingestion_gcs_dag.local_to_gcs_casted_task scheduled__2019-08-01T00:00:00+00:00 [running]> on host 2530f37057aa
[2023-01-29 12:45:34,675] {logging_mixin.py:109} WARNING - /home/***/.local/lib/python3.7/site-packages/***/utils/context.py:152 AirflowContextDeprecationWarning: Accessing 'execution_date' from the template is deprecated and will be removed in a future version. Please use 'data_interval_start' or 'logical_date' instead.
[2023-01-29 12:45:34,695] {taskinstance.py:1426} INFO - Exporting the following env vars:
AIRFLOW_CTX_DAG_OWNER=***
AIRFLOW_CTX_DAG_ID=data_ingestion_gcs_dag
AIRFLOW_CTX_TASK_ID=local_to_gcs_casted_task
AIRFLOW_CTX_EXECUTION_DATE=2019-08-01T00:00:00+00:00
AIRFLOW_CTX_DAG_RUN_ID=scheduled__2019-08-01T00:00:00+00:00
[2023-01-29 12:45:53,603] {python.py:175} INFO - Done. Returned value was: None
[2023-01-29 12:45:53,615] {taskinstance.py:1277} INFO - Marking task as SUCCESS. dag_id=data_ingestion_gcs_dag, task_id=local_to_gcs_casted_task, execution_date=20190801T000000, start_date=20230129T124534, end_date=20230129T124553
[2023-01-29 12:45:53,657] {local_task_job.py:154} INFO - Task exited with return code 0
[2023-01-29 12:45:53,686] {local_task_job.py:264} INFO - 0 downstream tasks scheduled from follow-on schedule check
