[2023-01-28 03:38:12,045] {taskinstance.py:1032} INFO - Dependencies all met for <TaskInstance: data_ingestion_fhv_dag.download_dataset_task scheduled__2019-01-01T00:00:00+00:00 [queued]>
[2023-01-28 03:38:12,056] {taskinstance.py:1032} INFO - Dependencies all met for <TaskInstance: data_ingestion_fhv_dag.download_dataset_task scheduled__2019-01-01T00:00:00+00:00 [queued]>
[2023-01-28 03:38:12,057] {taskinstance.py:1238} INFO - 
--------------------------------------------------------------------------------
[2023-01-28 03:38:12,058] {taskinstance.py:1239} INFO - Starting attempt 3 of 4
[2023-01-28 03:38:12,059] {taskinstance.py:1240} INFO - 
--------------------------------------------------------------------------------
[2023-01-28 03:38:12,072] {taskinstance.py:1259} INFO - Executing <Task(BashOperator): download_dataset_task> on 2019-01-01 00:00:00+00:00
[2023-01-28 03:38:12,077] {standard_task_runner.py:52} INFO - Started process 19855 to run task
[2023-01-28 03:38:12,081] {standard_task_runner.py:76} INFO - Running: ['***', 'tasks', 'run', 'data_ingestion_fhv_dag', 'download_dataset_task', 'scheduled__2019-01-01T00:00:00+00:00', '--job-id', '150', '--raw', '--subdir', 'DAGS_FOLDER/data_ingestion_fhv_dag.py', '--cfg-path', '/tmp/tmp83ppvlo4', '--error-file', '/tmp/tmpi2hqpq43']
[2023-01-28 03:38:12,083] {standard_task_runner.py:77} INFO - Job 150: Subtask download_dataset_task
[2023-01-28 03:38:12,149] {logging_mixin.py:109} INFO - Running <TaskInstance: data_ingestion_fhv_dag.download_dataset_task scheduled__2019-01-01T00:00:00+00:00 [running]> on host adbf820de9e6
[2023-01-28 03:38:12,194] {logging_mixin.py:109} WARNING - /home/***/.local/lib/python3.7/site-packages/***/utils/context.py:152 AirflowContextDeprecationWarning: Accessing 'execution_date' from the template is deprecated and will be removed in a future version. Please use 'data_interval_start' or 'logical_date' instead.
[2023-01-28 03:38:12,212] {taskinstance.py:1426} INFO - Exporting the following env vars:
AIRFLOW_CTX_DAG_OWNER=***
AIRFLOW_CTX_DAG_ID=data_ingestion_fhv_dag
AIRFLOW_CTX_TASK_ID=download_dataset_task
AIRFLOW_CTX_EXECUTION_DATE=2019-01-01T00:00:00+00:00
AIRFLOW_CTX_DAG_RUN_ID=scheduled__2019-01-01T00:00:00+00:00
[2023-01-28 03:38:12,214] {subprocess.py:62} INFO - Tmp dir root location: 
 /tmp
[2023-01-28 03:38:12,215] {subprocess.py:74} INFO - Running command: ['bash', '-c', 'curl -sSLf https://d37ci6vzurychx.cloudfront.net/trip-data/fhv_tripdata_2019-01.parquet > /opt/***/fhv_tripdata_2019-01.parquet']
[2023-01-28 03:38:12,227] {subprocess.py:85} INFO - Output:
[2023-01-28 03:38:47,095] {subprocess.py:93} INFO - Command exited with return code 0
[2023-01-28 03:38:47,126] {taskinstance.py:1277} INFO - Marking task as SUCCESS. dag_id=data_ingestion_fhv_dag, task_id=download_dataset_task, execution_date=20190101T000000, start_date=20230128T033812, end_date=20230128T033847
[2023-01-28 03:38:47,159] {local_task_job.py:154} INFO - Task exited with return code 0
[2023-01-28 03:38:47,191] {local_task_job.py:264} INFO - 1 downstream tasks scheduled from follow-on schedule check
[2023-01-28 04:21:34,665] {taskinstance.py:1032} INFO - Dependencies all met for <TaskInstance: data_ingestion_fhv_dag.download_dataset_task scheduled__2019-01-01T00:00:00+00:00 [queued]>
[2023-01-28 04:21:34,678] {taskinstance.py:1032} INFO - Dependencies all met for <TaskInstance: data_ingestion_fhv_dag.download_dataset_task scheduled__2019-01-01T00:00:00+00:00 [queued]>
[2023-01-28 04:21:34,679] {taskinstance.py:1238} INFO - 
--------------------------------------------------------------------------------
[2023-01-28 04:21:34,680] {taskinstance.py:1239} INFO - Starting attempt 3 of 4
[2023-01-28 04:21:34,681] {taskinstance.py:1240} INFO - 
--------------------------------------------------------------------------------
[2023-01-28 04:21:34,702] {taskinstance.py:1259} INFO - Executing <Task(BashOperator): download_dataset_task> on 2019-01-01 00:00:00+00:00
[2023-01-28 04:21:34,711] {standard_task_runner.py:52} INFO - Started process 25107 to run task
[2023-01-28 04:21:34,722] {standard_task_runner.py:76} INFO - Running: ['***', 'tasks', 'run', 'data_ingestion_fhv_dag', 'download_dataset_task', 'scheduled__2019-01-01T00:00:00+00:00', '--job-id', '194', '--raw', '--subdir', 'DAGS_FOLDER/data_ingestion_fhv_dag.py', '--cfg-path', '/tmp/tmp3srzaeth', '--error-file', '/tmp/tmpvg3onhg7']
[2023-01-28 04:21:34,728] {standard_task_runner.py:77} INFO - Job 194: Subtask download_dataset_task
[2023-01-28 04:21:34,839] {logging_mixin.py:109} INFO - Running <TaskInstance: data_ingestion_fhv_dag.download_dataset_task scheduled__2019-01-01T00:00:00+00:00 [running]> on host adbf820de9e6
[2023-01-28 04:21:34,955] {logging_mixin.py:109} WARNING - /home/***/.local/lib/python3.7/site-packages/***/utils/context.py:152 AirflowContextDeprecationWarning: Accessing 'execution_date' from the template is deprecated and will be removed in a future version. Please use 'data_interval_start' or 'logical_date' instead.
[2023-01-28 04:21:35,015] {taskinstance.py:1426} INFO - Exporting the following env vars:
AIRFLOW_CTX_DAG_OWNER=***
AIRFLOW_CTX_DAG_ID=data_ingestion_fhv_dag
AIRFLOW_CTX_TASK_ID=download_dataset_task
AIRFLOW_CTX_EXECUTION_DATE=2019-01-01T00:00:00+00:00
AIRFLOW_CTX_DAG_RUN_ID=scheduled__2019-01-01T00:00:00+00:00
[2023-01-28 04:21:35,027] {subprocess.py:62} INFO - Tmp dir root location: 
 /tmp
[2023-01-28 04:21:35,035] {subprocess.py:74} INFO - Running command: ['bash', '-c', 'curl -sSLf https://d37ci6vzurychx.cloudfront.net/trip-data/fhv_tripdata_2019-01.parquet > /opt/***/fhv_tripdata_2019-01.parquet']
[2023-01-28 04:21:35,096] {subprocess.py:85} INFO - Output:
[2023-01-28 04:22:56,732] {subprocess.py:93} INFO - Command exited with return code 0
[2023-01-28 04:22:56,838] {taskinstance.py:1277} INFO - Marking task as SUCCESS. dag_id=data_ingestion_fhv_dag, task_id=download_dataset_task, execution_date=20190101T000000, start_date=20230128T042134, end_date=20230128T042256
[2023-01-28 04:22:56,876] {local_task_job.py:154} INFO - Task exited with return code 0
[2023-01-28 04:22:56,976] {local_task_job.py:264} INFO - 1 downstream tasks scheduled from follow-on schedule check
