[2023-02-19 12:43:41,155] {taskinstance.py:1032} INFO - Dependencies all met for <TaskInstance: fhv_to_bqtable_dag.bq_fhv_external_table_task manual__2023-02-19T12:43:39.763221+00:00 [queued]>
[2023-02-19 12:43:41,164] {taskinstance.py:1032} INFO - Dependencies all met for <TaskInstance: fhv_to_bqtable_dag.bq_fhv_external_table_task manual__2023-02-19T12:43:39.763221+00:00 [queued]>
[2023-02-19 12:43:41,164] {taskinstance.py:1238} INFO - 
--------------------------------------------------------------------------------
[2023-02-19 12:43:41,165] {taskinstance.py:1239} INFO - Starting attempt 1 of 1
[2023-02-19 12:43:41,166] {taskinstance.py:1240} INFO - 
--------------------------------------------------------------------------------
[2023-02-19 12:43:41,175] {taskinstance.py:1259} INFO - Executing <Task(BigQueryCreateExternalTableOperator): bq_fhv_external_table_task> on 2023-02-19 12:43:39.763221+00:00
[2023-02-19 12:43:41,179] {standard_task_runner.py:52} INFO - Started process 455 to run task
[2023-02-19 12:43:41,182] {standard_task_runner.py:76} INFO - Running: ['***', 'tasks', 'run', 'fhv_to_bqtable_dag', 'bq_fhv_external_table_task', 'manual__2023-02-19T12:43:39.763221+00:00', '--job-id', '668', '--raw', '--subdir', 'DAGS_FOLDER/fhv_to_bqtable_dag.py', '--cfg-path', '/tmp/tmpjowygu9b', '--error-file', '/tmp/tmpvz944lwy']
[2023-02-19 12:43:41,183] {standard_task_runner.py:77} INFO - Job 668: Subtask bq_fhv_external_table_task
[2023-02-19 12:43:41,232] {logging_mixin.py:109} INFO - Running <TaskInstance: fhv_to_bqtable_dag.bq_fhv_external_table_task manual__2023-02-19T12:43:39.763221+00:00 [running]> on host 86dfa03780cd
[2023-02-19 12:43:41,280] {taskinstance.py:1426} INFO - Exporting the following env vars:
AIRFLOW_CTX_DAG_OWNER=***
AIRFLOW_CTX_DAG_ID=fhv_to_bqtable_dag
AIRFLOW_CTX_TASK_ID=bq_fhv_external_table_task
AIRFLOW_CTX_EXECUTION_DATE=2023-02-19T12:43:39.763221+00:00
AIRFLOW_CTX_DAG_RUN_ID=manual__2023-02-19T12:43:39.763221+00:00
[2023-02-19 12:43:41,282] {crypto.py:82} WARNING - empty cryptography key - values will not be stored encrypted.
[2023-02-19 12:43:42,200] {taskinstance.py:1277} INFO - Marking task as SUCCESS. dag_id=fhv_to_bqtable_dag, task_id=bq_fhv_external_table_task, execution_date=20230219T124339, start_date=20230219T124341, end_date=20230219T124342
[2023-02-19 12:43:42,231] {local_task_job.py:154} INFO - Task exited with return code 0
[2023-02-19 12:43:42,257] {local_task_job.py:264} INFO - 0 downstream tasks scheduled from follow-on schedule check
