[2023-02-19 13:41:15,894] {taskinstance.py:1032} INFO - Dependencies all met for <TaskInstance: fhv_to_bqtable_dag.bq_fhv_external_table_task manual__2023-02-19T12:43:39.763221+00:00 [queued]>
[2023-02-19 13:41:15,904] {taskinstance.py:1032} INFO - Dependencies all met for <TaskInstance: fhv_to_bqtable_dag.bq_fhv_external_table_task manual__2023-02-19T12:43:39.763221+00:00 [queued]>
[2023-02-19 13:41:15,905] {taskinstance.py:1238} INFO - 
--------------------------------------------------------------------------------
[2023-02-19 13:41:15,906] {taskinstance.py:1239} INFO - Starting attempt 2 of 2
[2023-02-19 13:41:15,906] {taskinstance.py:1240} INFO - 
--------------------------------------------------------------------------------
[2023-02-19 13:41:15,917] {taskinstance.py:1259} INFO - Executing <Task(BigQueryCreateExternalTableOperator): bq_fhv_external_table_task> on 2023-02-19 12:43:39.763221+00:00
[2023-02-19 13:41:15,922] {standard_task_runner.py:52} INFO - Started process 866 to run task
[2023-02-19 13:41:15,925] {standard_task_runner.py:76} INFO - Running: ['***', 'tasks', 'run', 'fhv_to_bqtable_dag', 'bq_fhv_external_table_task', 'manual__2023-02-19T12:43:39.763221+00:00', '--job-id', '670', '--raw', '--subdir', 'DAGS_FOLDER/fhv_to_bqtable_dag.py', '--cfg-path', '/tmp/tmp35po93qw', '--error-file', '/tmp/tmpx4hm8pid']
[2023-02-19 13:41:15,926] {standard_task_runner.py:77} INFO - Job 670: Subtask bq_fhv_external_table_task
[2023-02-19 13:41:15,986] {logging_mixin.py:109} INFO - Running <TaskInstance: fhv_to_bqtable_dag.bq_fhv_external_table_task manual__2023-02-19T12:43:39.763221+00:00 [running]> on host 6fd6a39591f5
[2023-02-19 13:41:16,048] {taskinstance.py:1426} INFO - Exporting the following env vars:
AIRFLOW_CTX_DAG_OWNER=***
AIRFLOW_CTX_DAG_ID=fhv_to_bqtable_dag
AIRFLOW_CTX_TASK_ID=bq_fhv_external_table_task
AIRFLOW_CTX_EXECUTION_DATE=2023-02-19T12:43:39.763221+00:00
AIRFLOW_CTX_DAG_RUN_ID=manual__2023-02-19T12:43:39.763221+00:00
[2023-02-19 13:41:16,050] {crypto.py:82} WARNING - empty cryptography key - values will not be stored encrypted.
[2023-02-19 13:41:16,870] {taskinstance.py:1277} INFO - Marking task as SUCCESS. dag_id=fhv_to_bqtable_dag, task_id=bq_fhv_external_table_task, execution_date=20230219T124339, start_date=20230219T134115, end_date=20230219T134116
[2023-02-19 13:41:16,905] {local_task_job.py:154} INFO - Task exited with return code 0
[2023-02-19 13:41:16,931] {local_task_job.py:264} INFO - 0 downstream tasks scheduled from follow-on schedule check
