[2023-01-24 11:03:59,212] {taskinstance.py:1032} INFO - Dependencies all met for <TaskInstance: data_ingestion_fhv_dag.local_to_gcs_task scheduled__2019-04-01T00:00:00+00:00 [queued]>
[2023-01-24 11:03:59,245] {taskinstance.py:1032} INFO - Dependencies all met for <TaskInstance: data_ingestion_fhv_dag.local_to_gcs_task scheduled__2019-04-01T00:00:00+00:00 [queued]>
[2023-01-24 11:03:59,245] {taskinstance.py:1238} INFO - 
--------------------------------------------------------------------------------
[2023-01-24 11:03:59,245] {taskinstance.py:1239} INFO - Starting attempt 2 of 2
[2023-01-24 11:03:59,245] {taskinstance.py:1240} INFO - 
--------------------------------------------------------------------------------
[2023-01-24 11:03:59,271] {taskinstance.py:1259} INFO - Executing <Task(PythonOperator): local_to_gcs_task> on 2019-04-01 00:00:00+00:00
[2023-01-24 11:03:59,286] {standard_task_runner.py:52} INFO - Started process 1400 to run task
[2023-01-24 11:03:59,316] {standard_task_runner.py:76} INFO - Running: ['***', 'tasks', 'run', 'data_ingestion_fhv_dag', 'local_to_gcs_task', 'scheduled__2019-04-01T00:00:00+00:00', '--job-id', '138', '--raw', '--subdir', 'DAGS_FOLDER/data_ingestion_fhv_dag.py', '--cfg-path', '/tmp/tmpvsllgnav', '--error-file', '/tmp/tmp48774d47']
[2023-01-24 11:03:59,321] {standard_task_runner.py:77} INFO - Job 138: Subtask local_to_gcs_task
[2023-01-24 11:03:59,520] {logging_mixin.py:109} INFO - Running <TaskInstance: data_ingestion_fhv_dag.local_to_gcs_task scheduled__2019-04-01T00:00:00+00:00 [running]> on host 07340d4b95ab
[2023-01-24 11:03:59,820] {logging_mixin.py:109} WARNING - /home/***/.local/lib/python3.7/site-packages/***/utils/context.py:152 AirflowContextDeprecationWarning: Accessing 'execution_date' from the template is deprecated and will be removed in a future version. Please use 'data_interval_start' or 'logical_date' instead.
[2023-01-24 11:03:59,898] {taskinstance.py:1426} INFO - Exporting the following env vars:
AIRFLOW_CTX_DAG_OWNER=***
AIRFLOW_CTX_DAG_ID=data_ingestion_fhv_dag
AIRFLOW_CTX_TASK_ID=local_to_gcs_task
AIRFLOW_CTX_EXECUTION_DATE=2019-04-01T00:00:00+00:00
AIRFLOW_CTX_DAG_RUN_ID=scheduled__2019-04-01T00:00:00+00:00
[2023-01-24 11:04:02,030] {python.py:175} INFO - Done. Returned value was: None
[2023-01-24 11:04:02,056] {taskinstance.py:1277} INFO - Marking task as SUCCESS. dag_id=data_ingestion_fhv_dag, task_id=local_to_gcs_task, execution_date=20190401T000000, start_date=20230124T110359, end_date=20230124T110402
[2023-01-24 11:04:02,098] {local_task_job.py:154} INFO - Task exited with return code 0
[2023-01-24 11:04:02,182] {local_task_job.py:264} INFO - 0 downstream tasks scheduled from follow-on schedule check
