[2023-01-28 01:03:48,552] {taskinstance.py:1032} INFO - Dependencies all met for <TaskInstance: data_ingestion_gcs_dag.download_dataset_task scheduled__2019-05-01T00:00:00+00:00 [queued]>
[2023-01-28 01:03:48,565] {taskinstance.py:1032} INFO - Dependencies all met for <TaskInstance: data_ingestion_gcs_dag.download_dataset_task scheduled__2019-05-01T00:00:00+00:00 [queued]>
[2023-01-28 01:03:48,566] {taskinstance.py:1238} INFO - 
--------------------------------------------------------------------------------
[2023-01-28 01:03:48,567] {taskinstance.py:1239} INFO - Starting attempt 1 of 2
[2023-01-28 01:03:48,568] {taskinstance.py:1240} INFO - 
--------------------------------------------------------------------------------
[2023-01-28 01:03:48,582] {taskinstance.py:1259} INFO - Executing <Task(BashOperator): download_dataset_task> on 2019-05-01 00:00:00+00:00
[2023-01-28 01:03:48,588] {standard_task_runner.py:52} INFO - Started process 1684 to run task
[2023-01-28 01:03:48,594] {standard_task_runner.py:76} INFO - Running: ['***', 'tasks', 'run', 'data_ingestion_gcs_dag', 'download_dataset_task', 'scheduled__2019-05-01T00:00:00+00:00', '--job-id', '81', '--raw', '--subdir', 'DAGS_FOLDER/data_ingestion_gcs_dag.py', '--cfg-path', '/tmp/tmphe7ydmqd', '--error-file', '/tmp/tmpn18uiexj']
[2023-01-28 01:03:48,596] {standard_task_runner.py:77} INFO - Job 81: Subtask download_dataset_task
[2023-01-28 01:03:48,712] {logging_mixin.py:109} INFO - Running <TaskInstance: data_ingestion_gcs_dag.download_dataset_task scheduled__2019-05-01T00:00:00+00:00 [running]> on host adbf820de9e6
[2023-01-28 01:03:48,812] {logging_mixin.py:109} WARNING - /home/***/.local/lib/python3.7/site-packages/***/utils/context.py:152 AirflowContextDeprecationWarning: Accessing 'execution_date' from the template is deprecated and will be removed in a future version. Please use 'data_interval_start' or 'logical_date' instead.
[2023-01-28 01:03:48,853] {taskinstance.py:1426} INFO - Exporting the following env vars:
AIRFLOW_CTX_DAG_OWNER=***
AIRFLOW_CTX_DAG_ID=data_ingestion_gcs_dag
AIRFLOW_CTX_TASK_ID=download_dataset_task
AIRFLOW_CTX_EXECUTION_DATE=2019-05-01T00:00:00+00:00
AIRFLOW_CTX_DAG_RUN_ID=scheduled__2019-05-01T00:00:00+00:00
[2023-01-28 01:03:48,855] {subprocess.py:62} INFO - Tmp dir root location: 
 /tmp
[2023-01-28 01:03:48,859] {subprocess.py:74} INFO - Running command: ['bash', '-c', 'curl -sSL https://d37ci6vzurychx.cloudfront.net/trip-data/yellow_tripdata_2019-05.parquet > /opt/***/yellow_tripdata_2019-05.parquet']
[2023-01-28 01:03:48,873] {subprocess.py:85} INFO - Output:
[2023-01-28 01:04:46,648] {subprocess.py:93} INFO - Command exited with return code 0
[2023-01-28 01:04:46,674] {taskinstance.py:1277} INFO - Marking task as SUCCESS. dag_id=data_ingestion_gcs_dag, task_id=download_dataset_task, execution_date=20190501T000000, start_date=20230128T010348, end_date=20230128T010446
[2023-01-28 01:04:46,696] {local_task_job.py:154} INFO - Task exited with return code 0
[2023-01-28 01:04:46,730] {local_task_job.py:264} INFO - 1 downstream tasks scheduled from follow-on schedule check
[2023-01-29 12:43:02,294] {taskinstance.py:1032} INFO - Dependencies all met for <TaskInstance: data_ingestion_gcs_dag.download_dataset_task scheduled__2019-05-01T00:00:00+00:00 [queued]>
[2023-01-29 12:43:02,308] {taskinstance.py:1032} INFO - Dependencies all met for <TaskInstance: data_ingestion_gcs_dag.download_dataset_task scheduled__2019-05-01T00:00:00+00:00 [queued]>
[2023-01-29 12:43:02,309] {taskinstance.py:1238} INFO - 
--------------------------------------------------------------------------------
[2023-01-29 12:43:02,310] {taskinstance.py:1239} INFO - Starting attempt 1 of 2
[2023-01-29 12:43:02,311] {taskinstance.py:1240} INFO - 
--------------------------------------------------------------------------------
[2023-01-29 12:43:02,322] {taskinstance.py:1259} INFO - Executing <Task(BashOperator): download_dataset_task> on 2019-05-01 00:00:00+00:00
[2023-01-29 12:43:02,327] {standard_task_runner.py:52} INFO - Started process 6847 to run task
[2023-01-29 12:43:02,331] {standard_task_runner.py:76} INFO - Running: ['***', 'tasks', 'run', 'data_ingestion_gcs_dag', 'download_dataset_task', 'scheduled__2019-05-01T00:00:00+00:00', '--job-id', '395', '--raw', '--subdir', 'DAGS_FOLDER/data_ingestion_gcs_dag.py', '--cfg-path', '/tmp/tmp48a9yk9f', '--error-file', '/tmp/tmpa5zpyd9h']
[2023-01-29 12:43:02,333] {standard_task_runner.py:77} INFO - Job 395: Subtask download_dataset_task
[2023-01-29 12:43:02,394] {logging_mixin.py:109} INFO - Running <TaskInstance: data_ingestion_gcs_dag.download_dataset_task scheduled__2019-05-01T00:00:00+00:00 [running]> on host 2530f37057aa
[2023-01-29 12:43:02,440] {logging_mixin.py:109} WARNING - /home/***/.local/lib/python3.7/site-packages/***/utils/context.py:152 AirflowContextDeprecationWarning: Accessing 'execution_date' from the template is deprecated and will be removed in a future version. Please use 'data_interval_start' or 'logical_date' instead.
[2023-01-29 12:43:02,460] {taskinstance.py:1426} INFO - Exporting the following env vars:
AIRFLOW_CTX_DAG_OWNER=***
AIRFLOW_CTX_DAG_ID=data_ingestion_gcs_dag
AIRFLOW_CTX_TASK_ID=download_dataset_task
AIRFLOW_CTX_EXECUTION_DATE=2019-05-01T00:00:00+00:00
AIRFLOW_CTX_DAG_RUN_ID=scheduled__2019-05-01T00:00:00+00:00
[2023-01-29 12:43:02,462] {subprocess.py:62} INFO - Tmp dir root location: 
 /tmp
[2023-01-29 12:43:02,464] {subprocess.py:74} INFO - Running command: ['bash', '-c', 'curl -sSL https://d37ci6vzurychx.cloudfront.net/trip-data/fhv_tripdata_2019-05.parquet > /opt/***/fhv_tripdata_2019-05.parquet']
[2023-01-29 12:43:02,476] {subprocess.py:85} INFO - Output:
[2023-01-29 12:43:06,773] {subprocess.py:93} INFO - Command exited with return code 0
[2023-01-29 12:43:06,808] {taskinstance.py:1277} INFO - Marking task as SUCCESS. dag_id=data_ingestion_gcs_dag, task_id=download_dataset_task, execution_date=20190501T000000, start_date=20230129T124302, end_date=20230129T124306
[2023-01-29 12:43:06,848] {local_task_job.py:154} INFO - Task exited with return code 0
[2023-01-29 12:43:06,890] {local_task_job.py:264} INFO - 1 downstream tasks scheduled from follow-on schedule check
