[2023-01-22 09:36:45,849] {taskinstance.py:1032} INFO - Dependencies all met for <TaskInstance: data_ingestion_gcs_dag.format_to_parquet_task manual__2023-01-22T09:36:40.382152+00:00 [queued]>
[2023-01-22 09:36:45,860] {taskinstance.py:1032} INFO - Dependencies all met for <TaskInstance: data_ingestion_gcs_dag.format_to_parquet_task manual__2023-01-22T09:36:40.382152+00:00 [queued]>
[2023-01-22 09:36:45,862] {taskinstance.py:1238} INFO - 
--------------------------------------------------------------------------------
[2023-01-22 09:36:45,863] {taskinstance.py:1239} INFO - Starting attempt 1 of 2
[2023-01-22 09:36:45,864] {taskinstance.py:1240} INFO - 
--------------------------------------------------------------------------------
[2023-01-22 09:36:45,879] {taskinstance.py:1259} INFO - Executing <Task(PythonOperator): format_to_parquet_task> on 2023-01-22 09:36:40.382152+00:00
[2023-01-22 09:36:45,887] {standard_task_runner.py:52} INFO - Started process 264 to run task
[2023-01-22 09:36:45,892] {standard_task_runner.py:76} INFO - Running: ['***', 'tasks', 'run', 'data_ingestion_gcs_dag', 'format_to_parquet_task', 'manual__2023-01-22T09:36:40.382152+00:00', '--job-id', '37', '--raw', '--subdir', 'DAGS_FOLDER/data_ingestion_gcs_dag.py', '--cfg-path', '/tmp/tmpiml4mkxm', '--error-file', '/tmp/tmp05dxdce9']
[2023-01-22 09:36:45,894] {standard_task_runner.py:77} INFO - Job 37: Subtask format_to_parquet_task
[2023-01-22 09:36:45,952] {logging_mixin.py:109} INFO - Running <TaskInstance: data_ingestion_gcs_dag.format_to_parquet_task manual__2023-01-22T09:36:40.382152+00:00 [running]> on host a0e75fa915af
[2023-01-22 09:36:46,008] {taskinstance.py:1426} INFO - Exporting the following env vars:
AIRFLOW_CTX_DAG_OWNER=***
AIRFLOW_CTX_DAG_ID=data_ingestion_gcs_dag
AIRFLOW_CTX_TASK_ID=format_to_parquet_task
AIRFLOW_CTX_EXECUTION_DATE=2023-01-22T09:36:40.382152+00:00
AIRFLOW_CTX_DAG_RUN_ID=manual__2023-01-22T09:36:40.382152+00:00
[2023-01-22 09:36:46,089] {python.py:175} INFO - Done. Returned value was: None
[2023-01-22 09:36:46,106] {taskinstance.py:1277} INFO - Marking task as SUCCESS. dag_id=data_ingestion_gcs_dag, task_id=format_to_parquet_task, execution_date=20230122T093640, start_date=20230122T093645, end_date=20230122T093646
[2023-01-22 09:36:46,149] {local_task_job.py:154} INFO - Task exited with return code 0
[2023-01-22 09:36:46,211] {local_task_job.py:264} INFO - 1 downstream tasks scheduled from follow-on schedule check
