[2023-01-29 12:53:03,943] {taskinstance.py:1032} INFO - Dependencies all met for <TaskInstance: data_ingestion_gcs_dag.cast_parquet_columns_task scheduled__2019-01-01T00:00:00+00:00 [queued]>
[2023-01-29 12:53:03,962] {taskinstance.py:1032} INFO - Dependencies all met for <TaskInstance: data_ingestion_gcs_dag.cast_parquet_columns_task scheduled__2019-01-01T00:00:00+00:00 [queued]>
[2023-01-29 12:53:03,964] {taskinstance.py:1238} INFO - 
--------------------------------------------------------------------------------
[2023-01-29 12:53:03,965] {taskinstance.py:1239} INFO - Starting attempt 10 of 11
[2023-01-29 12:53:03,967] {taskinstance.py:1240} INFO - 
--------------------------------------------------------------------------------
[2023-01-29 12:53:03,986] {taskinstance.py:1259} INFO - Executing <Task(PythonOperator): cast_parquet_columns_task> on 2019-01-01 00:00:00+00:00
[2023-01-29 12:53:03,997] {standard_task_runner.py:52} INFO - Started process 556 to run task
[2023-01-29 12:53:04,002] {standard_task_runner.py:76} INFO - Running: ['***', 'tasks', 'run', 'data_ingestion_gcs_dag', 'cast_parquet_columns_task', 'scheduled__2019-01-01T00:00:00+00:00', '--job-id', '438', '--raw', '--subdir', 'DAGS_FOLDER/data_ingestion_gcs_dag.py', '--cfg-path', '/tmp/tmp5izyd4mf', '--error-file', '/tmp/tmpe81zltqk']
[2023-01-29 12:53:04,004] {standard_task_runner.py:77} INFO - Job 438: Subtask cast_parquet_columns_task
[2023-01-29 12:53:04,087] {logging_mixin.py:109} INFO - Running <TaskInstance: data_ingestion_gcs_dag.cast_parquet_columns_task scheduled__2019-01-01T00:00:00+00:00 [running]> on host 2530f37057aa
[2023-01-29 12:53:04,129] {logging_mixin.py:109} WARNING - /home/***/.local/lib/python3.7/site-packages/***/utils/context.py:152 AirflowContextDeprecationWarning: Accessing 'execution_date' from the template is deprecated and will be removed in a future version. Please use 'data_interval_start' or 'logical_date' instead.
[2023-01-29 12:53:04,147] {taskinstance.py:1426} INFO - Exporting the following env vars:
AIRFLOW_CTX_DAG_OWNER=***
AIRFLOW_CTX_DAG_ID=data_ingestion_gcs_dag
AIRFLOW_CTX_TASK_ID=cast_parquet_columns_task
AIRFLOW_CTX_EXECUTION_DATE=2019-01-01T00:00:00+00:00
AIRFLOW_CTX_DAG_RUN_ID=scheduled__2019-01-01T00:00:00+00:00
[2023-01-29 12:53:04,149] {logging_mixin.py:109} INFO - /opt/***
[2023-01-29 12:53:05,489] {local_task_job.py:154} INFO - Task exited with return code Negsignal.SIGKILL
[2023-01-29 12:53:05,606] {taskinstance.py:1277} INFO - Marking task as UP_FOR_RETRY. dag_id=data_ingestion_gcs_dag, task_id=cast_parquet_columns_task, execution_date=20190101T000000, start_date=20230129T125303, end_date=20230129T125305
[2023-01-29 12:53:05,696] {local_task_job.py:264} INFO - 0 downstream tasks scheduled from follow-on schedule check
