[2023-01-29 12:51:28,680] {taskinstance.py:1032} INFO - Dependencies all met for <TaskInstance: data_ingestion_gcs_dag.cast_parquet_columns_task scheduled__2019-01-01T00:00:00+00:00 [queued]>
[2023-01-29 12:51:28,693] {taskinstance.py:1032} INFO - Dependencies all met for <TaskInstance: data_ingestion_gcs_dag.cast_parquet_columns_task scheduled__2019-01-01T00:00:00+00:00 [queued]>
[2023-01-29 12:51:28,694] {taskinstance.py:1238} INFO - 
--------------------------------------------------------------------------------
[2023-01-29 12:51:28,695] {taskinstance.py:1239} INFO - Starting attempt 8 of 9
[2023-01-29 12:51:28,696] {taskinstance.py:1240} INFO - 
--------------------------------------------------------------------------------
[2023-01-29 12:51:28,710] {taskinstance.py:1259} INFO - Executing <Task(PythonOperator): cast_parquet_columns_task> on 2019-01-01 00:00:00+00:00
[2023-01-29 12:51:28,716] {standard_task_runner.py:52} INFO - Started process 294 to run task
[2023-01-29 12:51:28,720] {standard_task_runner.py:76} INFO - Running: ['***', 'tasks', 'run', 'data_ingestion_gcs_dag', 'cast_parquet_columns_task', 'scheduled__2019-01-01T00:00:00+00:00', '--job-id', '435', '--raw', '--subdir', 'DAGS_FOLDER/data_ingestion_gcs_dag.py', '--cfg-path', '/tmp/tmpoygxa031', '--error-file', '/tmp/tmpga151aeb']
[2023-01-29 12:51:28,721] {standard_task_runner.py:77} INFO - Job 435: Subtask cast_parquet_columns_task
[2023-01-29 12:51:28,791] {logging_mixin.py:109} INFO - Running <TaskInstance: data_ingestion_gcs_dag.cast_parquet_columns_task scheduled__2019-01-01T00:00:00+00:00 [running]> on host 2530f37057aa
[2023-01-29 12:51:28,834] {logging_mixin.py:109} WARNING - /home/***/.local/lib/python3.7/site-packages/***/utils/context.py:152 AirflowContextDeprecationWarning: Accessing 'execution_date' from the template is deprecated and will be removed in a future version. Please use 'data_interval_start' or 'logical_date' instead.
[2023-01-29 12:51:28,857] {taskinstance.py:1426} INFO - Exporting the following env vars:
AIRFLOW_CTX_DAG_OWNER=***
AIRFLOW_CTX_DAG_ID=data_ingestion_gcs_dag
AIRFLOW_CTX_TASK_ID=cast_parquet_columns_task
AIRFLOW_CTX_EXECUTION_DATE=2019-01-01T00:00:00+00:00
AIRFLOW_CTX_DAG_RUN_ID=scheduled__2019-01-01T00:00:00+00:00
[2023-01-29 12:51:28,860] {logging_mixin.py:109} INFO - /opt/***
[2023-01-29 12:51:31,352] {local_task_job.py:154} INFO - Task exited with return code Negsignal.SIGKILL
[2023-01-29 12:51:31,450] {taskinstance.py:1277} INFO - Marking task as UP_FOR_RETRY. dag_id=data_ingestion_gcs_dag, task_id=cast_parquet_columns_task, execution_date=20190101T000000, start_date=20230129T125128, end_date=20230129T125131
[2023-01-29 12:51:31,902] {local_task_job.py:264} INFO - 0 downstream tasks scheduled from follow-on schedule check
