[2023-01-29 12:52:17,786] {taskinstance.py:1032} INFO - Dependencies all met for <TaskInstance: data_ingestion_gcs_dag.cast_parquet_columns_task scheduled__2019-01-01T00:00:00+00:00 [queued]>
[2023-01-29 12:52:17,796] {taskinstance.py:1032} INFO - Dependencies all met for <TaskInstance: data_ingestion_gcs_dag.cast_parquet_columns_task scheduled__2019-01-01T00:00:00+00:00 [queued]>
[2023-01-29 12:52:17,799] {taskinstance.py:1238} INFO - 
--------------------------------------------------------------------------------
[2023-01-29 12:52:17,800] {taskinstance.py:1239} INFO - Starting attempt 9 of 10
[2023-01-29 12:52:17,801] {taskinstance.py:1240} INFO - 
--------------------------------------------------------------------------------
[2023-01-29 12:52:17,813] {taskinstance.py:1259} INFO - Executing <Task(PythonOperator): cast_parquet_columns_task> on 2019-01-01 00:00:00+00:00
[2023-01-29 12:52:17,818] {standard_task_runner.py:52} INFO - Started process 429 to run task
[2023-01-29 12:52:17,821] {standard_task_runner.py:76} INFO - Running: ['***', 'tasks', 'run', 'data_ingestion_gcs_dag', 'cast_parquet_columns_task', 'scheduled__2019-01-01T00:00:00+00:00', '--job-id', '437', '--raw', '--subdir', 'DAGS_FOLDER/data_ingestion_gcs_dag.py', '--cfg-path', '/tmp/tmpj_t4_5b2', '--error-file', '/tmp/tmpg5abvm9m']
[2023-01-29 12:52:17,822] {standard_task_runner.py:77} INFO - Job 437: Subtask cast_parquet_columns_task
[2023-01-29 12:52:17,877] {logging_mixin.py:109} INFO - Running <TaskInstance: data_ingestion_gcs_dag.cast_parquet_columns_task scheduled__2019-01-01T00:00:00+00:00 [running]> on host 2530f37057aa
[2023-01-29 12:52:17,916] {logging_mixin.py:109} WARNING - /home/***/.local/lib/python3.7/site-packages/***/utils/context.py:152 AirflowContextDeprecationWarning: Accessing 'execution_date' from the template is deprecated and will be removed in a future version. Please use 'data_interval_start' or 'logical_date' instead.
[2023-01-29 12:52:17,934] {taskinstance.py:1426} INFO - Exporting the following env vars:
AIRFLOW_CTX_DAG_OWNER=***
AIRFLOW_CTX_DAG_ID=data_ingestion_gcs_dag
AIRFLOW_CTX_TASK_ID=cast_parquet_columns_task
AIRFLOW_CTX_EXECUTION_DATE=2019-01-01T00:00:00+00:00
AIRFLOW_CTX_DAG_RUN_ID=scheduled__2019-01-01T00:00:00+00:00
[2023-01-29 12:52:17,935] {logging_mixin.py:109} INFO - /opt/***
[2023-01-29 12:52:19,495] {local_task_job.py:154} INFO - Task exited with return code Negsignal.SIGKILL
[2023-01-29 12:52:19,551] {taskinstance.py:1277} INFO - Marking task as UP_FOR_RETRY. dag_id=data_ingestion_gcs_dag, task_id=cast_parquet_columns_task, execution_date=20190101T000000, start_date=20230129T125217, end_date=20230129T125219
[2023-01-29 12:52:19,618] {local_task_job.py:264} INFO - 0 downstream tasks scheduled from follow-on schedule check
