[2023-01-24 04:08:06,647] {taskinstance.py:1032} INFO - Dependencies all met for <TaskInstance: LocalIngestionDag.curl scheduled__2021-04-02T06:00:00+00:00 [queued]>
[2023-01-24 04:08:06,658] {taskinstance.py:1032} INFO - Dependencies all met for <TaskInstance: LocalIngestionDag.curl scheduled__2021-04-02T06:00:00+00:00 [queued]>
[2023-01-24 04:08:06,658] {taskinstance.py:1238} INFO - 
--------------------------------------------------------------------------------
[2023-01-24 04:08:06,659] {taskinstance.py:1239} INFO - Starting attempt 1 of 1
[2023-01-24 04:08:06,659] {taskinstance.py:1240} INFO - 
--------------------------------------------------------------------------------
[2023-01-24 04:08:06,672] {taskinstance.py:1259} INFO - Executing <Task(BashOperator): curl> on 2021-04-02 06:00:00+00:00
[2023-01-24 04:08:06,678] {standard_task_runner.py:52} INFO - Started process 11694 to run task
[2023-01-24 04:08:06,683] {standard_task_runner.py:76} INFO - Running: ['***', 'tasks', 'run', 'LocalIngestionDag', 'curl', 'scheduled__2021-04-02T06:00:00+00:00', '--job-id', '65', '--raw', '--subdir', 'DAGS_FOLDER/data_ingestion_local.py', '--cfg-path', '/tmp/tmpe9i96zlx', '--error-file', '/tmp/tmphfooiqdb']
[2023-01-24 04:08:06,684] {standard_task_runner.py:77} INFO - Job 65: Subtask curl
[2023-01-24 04:08:06,764] {logging_mixin.py:109} INFO - Running <TaskInstance: LocalIngestionDag.curl scheduled__2021-04-02T06:00:00+00:00 [running]> on host 6018d13d82e3
[2023-01-24 04:08:06,850] {logging_mixin.py:109} WARNING - /home/***/.local/lib/python3.7/site-packages/***/utils/context.py:152 AirflowContextDeprecationWarning: Accessing 'execution_date' from the template is deprecated and will be removed in a future version. Please use 'data_interval_start' or 'logical_date' instead.
[2023-01-24 04:08:06,877] {taskinstance.py:1426} INFO - Exporting the following env vars:
AIRFLOW_CTX_DAG_OWNER=***
AIRFLOW_CTX_DAG_ID=LocalIngestionDag
AIRFLOW_CTX_TASK_ID=curl
AIRFLOW_CTX_EXECUTION_DATE=2021-04-02T06:00:00+00:00
AIRFLOW_CTX_DAG_RUN_ID=scheduled__2021-04-02T06:00:00+00:00
[2023-01-24 04:08:06,879] {subprocess.py:62} INFO - Tmp dir root location: 
 /tmp
[2023-01-24 04:08:06,880] {subprocess.py:74} INFO - Running command: ['bash', '-c', 'echo "2021-04"']
[2023-01-24 04:08:06,899] {subprocess.py:85} INFO - Output:
[2023-01-24 04:08:06,911] {subprocess.py:89} INFO - 2021-04
[2023-01-24 04:08:06,912] {subprocess.py:93} INFO - Command exited with return code 0
[2023-01-24 04:08:06,984] {taskinstance.py:1277} INFO - Marking task as SUCCESS. dag_id=LocalIngestionDag, task_id=curl, execution_date=20210402T060000, start_date=20230124T040806, end_date=20230124T040806
[2023-01-24 04:08:07,055] {local_task_job.py:154} INFO - Task exited with return code 0
[2023-01-24 04:08:07,108] {dagrun.py:628} WARNING - Failed to get task '<TaskInstance: LocalIngestionDag.wget scheduled__2021-04-02T06:00:00+00:00 [removed]>' for dag 'LocalIngestionDag'. Marking it as removed.
[2023-01-24 04:08:07,124] {local_task_job.py:264} INFO - 0 downstream tasks scheduled from follow-on schedule check
