[2023-01-24 09:23:44,959] {taskinstance.py:1032} INFO - Dependencies all met for <TaskInstance: LocalIngestionDag.curl scheduled__2021-04-02T06:00:00+00:00 [queued]>
[2023-01-24 09:23:44,972] {taskinstance.py:1032} INFO - Dependencies all met for <TaskInstance: LocalIngestionDag.curl scheduled__2021-04-02T06:00:00+00:00 [queued]>
[2023-01-24 09:23:44,972] {taskinstance.py:1238} INFO - 
--------------------------------------------------------------------------------
[2023-01-24 09:23:44,972] {taskinstance.py:1239} INFO - Starting attempt 13 of 13
[2023-01-24 09:23:44,972] {taskinstance.py:1240} INFO - 
--------------------------------------------------------------------------------
[2023-01-24 09:23:44,986] {taskinstance.py:1259} INFO - Executing <Task(BashOperator): curl> on 2021-04-02 06:00:00+00:00
[2023-01-24 09:23:44,993] {standard_task_runner.py:52} INFO - Started process 1964 to run task
[2023-01-24 09:23:44,999] {standard_task_runner.py:76} INFO - Running: ['***', 'tasks', 'run', 'LocalIngestionDag', 'curl', 'scheduled__2021-04-02T06:00:00+00:00', '--job-id', '103', '--raw', '--subdir', 'DAGS_FOLDER/data_ingestion_local.py', '--cfg-path', '/tmp/tmpbiwi1d2y', '--error-file', '/tmp/tmpc9l_9cuz']
[2023-01-24 09:23:45,000] {standard_task_runner.py:77} INFO - Job 103: Subtask curl
[2023-01-24 09:23:45,079] {logging_mixin.py:109} INFO - Running <TaskInstance: LocalIngestionDag.curl scheduled__2021-04-02T06:00:00+00:00 [running]> on host 7e31e7c7b196
[2023-01-24 09:23:45,139] {logging_mixin.py:109} WARNING - /home/***/.local/lib/python3.7/site-packages/***/utils/context.py:152 AirflowContextDeprecationWarning: Accessing 'execution_date' from the template is deprecated and will be removed in a future version. Please use 'data_interval_start' or 'logical_date' instead.
[2023-01-24 09:23:45,161] {taskinstance.py:1426} INFO - Exporting the following env vars:
AIRFLOW_CTX_DAG_OWNER=***
AIRFLOW_CTX_DAG_ID=LocalIngestionDag
AIRFLOW_CTX_TASK_ID=curl
AIRFLOW_CTX_EXECUTION_DATE=2021-04-02T06:00:00+00:00
AIRFLOW_CTX_DAG_RUN_ID=scheduled__2021-04-02T06:00:00+00:00
[2023-01-24 09:23:45,165] {subprocess.py:62} INFO - Tmp dir root location: 
 /tmp
[2023-01-24 09:23:45,166] {subprocess.py:74} INFO - Running command: ['bash', '-c', 'curl -sSL https://d37ci6vzurychx.cloudfront.net/trip-data/yellow_tripdata_2021-04.parquet > /opt/***/yellow_tripdata_2021-04.parquet']
[2023-01-24 09:23:45,179] {subprocess.py:85} INFO - Output:
[2023-01-24 09:23:48,119] {subprocess.py:93} INFO - Command exited with return code 0
[2023-01-24 09:23:48,225] {taskinstance.py:1277} INFO - Marking task as SUCCESS. dag_id=LocalIngestionDag, task_id=curl, execution_date=20210402T060000, start_date=20230124T092344, end_date=20230124T092348
[2023-01-24 09:23:48,265] {local_task_job.py:154} INFO - Task exited with return code 0
[2023-01-24 09:23:48,322] {dagrun.py:628} WARNING - Failed to get task '<TaskInstance: LocalIngestionDag.wget scheduled__2021-04-02T06:00:00+00:00 [removed]>' for dag 'LocalIngestionDag'. Marking it as removed.
[2023-01-24 09:23:48,340] {local_task_job.py:264} INFO - 1 downstream tasks scheduled from follow-on schedule check
