[2023-01-28 01:09:34,841] {taskinstance.py:1032} INFO - Dependencies all met for <TaskInstance: data_ingestion_gcs_dag.bigquery_external_table_task scheduled__2019-07-01T00:00:00+00:00 [queued]>
[2023-01-28 01:09:34,851] {taskinstance.py:1032} INFO - Dependencies all met for <TaskInstance: data_ingestion_gcs_dag.bigquery_external_table_task scheduled__2019-07-01T00:00:00+00:00 [queued]>
[2023-01-28 01:09:34,852] {taskinstance.py:1238} INFO - 
--------------------------------------------------------------------------------
[2023-01-28 01:09:34,853] {taskinstance.py:1239} INFO - Starting attempt 1 of 2
[2023-01-28 01:09:34,854] {taskinstance.py:1240} INFO - 
--------------------------------------------------------------------------------
[2023-01-28 01:09:34,864] {taskinstance.py:1259} INFO - Executing <Task(BigQueryCreateExternalTableOperator): bigquery_external_table_task> on 2019-07-01 00:00:00+00:00
[2023-01-28 01:09:34,870] {standard_task_runner.py:52} INFO - Started process 2484 to run task
[2023-01-28 01:09:34,873] {standard_task_runner.py:76} INFO - Running: ['***', 'tasks', 'run', 'data_ingestion_gcs_dag', 'bigquery_external_table_task', 'scheduled__2019-07-01T00:00:00+00:00', '--job-id', '97', '--raw', '--subdir', 'DAGS_FOLDER/data_ingestion_gcs_dag.py', '--cfg-path', '/tmp/tmpzdyprwgc', '--error-file', '/tmp/tmple5uzflx']
[2023-01-28 01:09:34,874] {standard_task_runner.py:77} INFO - Job 97: Subtask bigquery_external_table_task
[2023-01-28 01:09:34,933] {logging_mixin.py:109} INFO - Running <TaskInstance: data_ingestion_gcs_dag.bigquery_external_table_task scheduled__2019-07-01T00:00:00+00:00 [running]> on host adbf820de9e6
[2023-01-28 01:09:34,979] {logging_mixin.py:109} WARNING - /home/***/.local/lib/python3.7/site-packages/***/utils/context.py:152 AirflowContextDeprecationWarning: Accessing 'execution_date' from the template is deprecated and will be removed in a future version. Please use 'data_interval_start' or 'logical_date' instead.
[2023-01-28 01:09:34,998] {taskinstance.py:1426} INFO - Exporting the following env vars:
AIRFLOW_CTX_DAG_OWNER=***
AIRFLOW_CTX_DAG_ID=data_ingestion_gcs_dag
AIRFLOW_CTX_TASK_ID=bigquery_external_table_task
AIRFLOW_CTX_EXECUTION_DATE=2019-07-01T00:00:00+00:00
AIRFLOW_CTX_DAG_RUN_ID=scheduled__2019-07-01T00:00:00+00:00
[2023-01-28 01:09:35,000] {crypto.py:82} WARNING - empty cryptography key - values will not be stored encrypted.
[2023-01-28 01:09:36,065] {taskinstance.py:1277} INFO - Marking task as SUCCESS. dag_id=data_ingestion_gcs_dag, task_id=bigquery_external_table_task, execution_date=20190701T000000, start_date=20230128T010934, end_date=20230128T010936
[2023-01-28 01:09:36,120] {local_task_job.py:154} INFO - Task exited with return code 0
[2023-01-28 01:09:36,151] {local_task_job.py:264} INFO - 0 downstream tasks scheduled from follow-on schedule check
