[2023-01-28 03:35:32,503] {taskinstance.py:1032} INFO - Dependencies all met for <TaskInstance: data_ingestion_gcs_dag.bigquery_external_table_task scheduled__2019-07-01T00:00:00+00:00 [queued]>
[2023-01-28 03:35:32,523] {taskinstance.py:1032} INFO - Dependencies all met for <TaskInstance: data_ingestion_gcs_dag.bigquery_external_table_task scheduled__2019-07-01T00:00:00+00:00 [queued]>
[2023-01-28 03:35:32,525] {taskinstance.py:1238} INFO - 
--------------------------------------------------------------------------------
[2023-01-28 03:35:32,526] {taskinstance.py:1239} INFO - Starting attempt 2 of 3
[2023-01-28 03:35:32,529] {taskinstance.py:1240} INFO - 
--------------------------------------------------------------------------------
[2023-01-28 03:35:32,569] {taskinstance.py:1259} INFO - Executing <Task(BigQueryCreateExternalTableOperator): bigquery_external_table_task> on 2019-07-01 00:00:00+00:00
[2023-01-28 03:35:32,579] {standard_task_runner.py:52} INFO - Started process 19445 to run task
[2023-01-28 03:35:32,586] {standard_task_runner.py:76} INFO - Running: ['***', 'tasks', 'run', 'data_ingestion_gcs_dag', 'bigquery_external_table_task', 'scheduled__2019-07-01T00:00:00+00:00', '--job-id', '138', '--raw', '--subdir', 'DAGS_FOLDER/data_ingestion_gcs_dag.py', '--cfg-path', '/tmp/tmpgra_e0rk', '--error-file', '/tmp/tmpb6eiq66u']
[2023-01-28 03:35:32,593] {standard_task_runner.py:77} INFO - Job 138: Subtask bigquery_external_table_task
[2023-01-28 03:35:32,724] {logging_mixin.py:109} INFO - Running <TaskInstance: data_ingestion_gcs_dag.bigquery_external_table_task scheduled__2019-07-01T00:00:00+00:00 [running]> on host adbf820de9e6
[2023-01-28 03:35:32,806] {logging_mixin.py:109} WARNING - /home/***/.local/lib/python3.7/site-packages/***/utils/context.py:152 AirflowContextDeprecationWarning: Accessing 'execution_date' from the template is deprecated and will be removed in a future version. Please use 'data_interval_start' or 'logical_date' instead.
[2023-01-28 03:35:32,865] {taskinstance.py:1426} INFO - Exporting the following env vars:
AIRFLOW_CTX_DAG_OWNER=***
AIRFLOW_CTX_DAG_ID=data_ingestion_gcs_dag
AIRFLOW_CTX_TASK_ID=bigquery_external_table_task
AIRFLOW_CTX_EXECUTION_DATE=2019-07-01T00:00:00+00:00
AIRFLOW_CTX_DAG_RUN_ID=scheduled__2019-07-01T00:00:00+00:00
[2023-01-28 03:35:32,868] {crypto.py:82} WARNING - empty cryptography key - values will not be stored encrypted.
[2023-01-28 03:35:33,919] {taskinstance.py:1277} INFO - Marking task as SUCCESS. dag_id=data_ingestion_gcs_dag, task_id=bigquery_external_table_task, execution_date=20190701T000000, start_date=20230128T033532, end_date=20230128T033533
[2023-01-28 03:35:33,977] {local_task_job.py:154} INFO - Task exited with return code 0
[2023-01-28 03:35:34,016] {local_task_job.py:264} INFO - 0 downstream tasks scheduled from follow-on schedule check
