[2023-01-24 11:32:19,809] {taskinstance.py:1032} INFO - Dependencies all met for <TaskInstance: data_ingestion_zone_dag.download_dataset_task scheduled__2019-01-01T00:00:00+00:00 [queued]>
[2023-01-24 11:32:19,821] {taskinstance.py:1032} INFO - Dependencies all met for <TaskInstance: data_ingestion_zone_dag.download_dataset_task scheduled__2019-01-01T00:00:00+00:00 [queued]>
[2023-01-24 11:32:19,821] {taskinstance.py:1238} INFO - 
--------------------------------------------------------------------------------
[2023-01-24 11:32:19,821] {taskinstance.py:1239} INFO - Starting attempt 3 of 3
[2023-01-24 11:32:19,821] {taskinstance.py:1240} INFO - 
--------------------------------------------------------------------------------
[2023-01-24 11:32:19,836] {taskinstance.py:1259} INFO - Executing <Task(BashOperator): download_dataset_task> on 2019-01-01 00:00:00+00:00
[2023-01-24 11:32:19,844] {standard_task_runner.py:52} INFO - Started process 4626 to run task
[2023-01-24 11:32:19,850] {standard_task_runner.py:76} INFO - Running: ['***', 'tasks', 'run', 'data_ingestion_zone_dag', 'download_dataset_task', 'scheduled__2019-01-01T00:00:00+00:00', '--job-id', '166', '--raw', '--subdir', 'DAGS_FOLDER/data_ingestion_zone_dag.py', '--cfg-path', '/tmp/tmpcxjvcgap', '--error-file', '/tmp/tmphnu0w9uq']
[2023-01-24 11:32:19,852] {standard_task_runner.py:77} INFO - Job 166: Subtask download_dataset_task
[2023-01-24 11:32:19,921] {logging_mixin.py:109} INFO - Running <TaskInstance: data_ingestion_zone_dag.download_dataset_task scheduled__2019-01-01T00:00:00+00:00 [running]> on host 07340d4b95ab
[2023-01-24 11:32:20,003] {taskinstance.py:1426} INFO - Exporting the following env vars:
AIRFLOW_CTX_DAG_OWNER=***
AIRFLOW_CTX_DAG_ID=data_ingestion_zone_dag
AIRFLOW_CTX_TASK_ID=download_dataset_task
AIRFLOW_CTX_EXECUTION_DATE=2019-01-01T00:00:00+00:00
AIRFLOW_CTX_DAG_RUN_ID=scheduled__2019-01-01T00:00:00+00:00
[2023-01-24 11:32:20,004] {subprocess.py:62} INFO - Tmp dir root location: 
 /tmp
[2023-01-24 11:32:20,005] {subprocess.py:74} INFO - Running command: ['bash', '-c', 'curl -sSL https://d37ci6vzurychx.cloudfront.net/taxi+_zone_lookup.csv > /opt/***/taxi+_zone_lookup.csv']
[2023-01-24 11:32:20,021] {subprocess.py:85} INFO - Output:
[2023-01-24 11:32:20,787] {subprocess.py:93} INFO - Command exited with return code 0
[2023-01-24 11:32:20,821] {taskinstance.py:1277} INFO - Marking task as SUCCESS. dag_id=data_ingestion_zone_dag, task_id=download_dataset_task, execution_date=20190101T000000, start_date=20230124T113219, end_date=20230124T113220
[2023-01-24 11:32:20,867] {local_task_job.py:154} INFO - Task exited with return code 0
[2023-01-24 11:32:20,914] {local_task_job.py:264} INFO - 1 downstream tasks scheduled from follow-on schedule check
