[2023-01-24 11:42:23,480] {taskinstance.py:1032} INFO - Dependencies all met for <TaskInstance: data_ingestion_zone_dag.download_dataset_task scheduled__2019-01-01T00:00:00+00:00 [queued]>
[2023-01-24 11:42:23,492] {taskinstance.py:1032} INFO - Dependencies all met for <TaskInstance: data_ingestion_zone_dag.download_dataset_task scheduled__2019-01-01T00:00:00+00:00 [queued]>
[2023-01-24 11:42:23,492] {taskinstance.py:1238} INFO - 
--------------------------------------------------------------------------------
[2023-01-24 11:42:23,493] {taskinstance.py:1239} INFO - Starting attempt 5 of 6
[2023-01-24 11:42:23,493] {taskinstance.py:1240} INFO - 
--------------------------------------------------------------------------------
[2023-01-24 11:42:23,505] {taskinstance.py:1259} INFO - Executing <Task(BashOperator): download_dataset_task> on 2019-01-01 00:00:00+00:00
[2023-01-24 11:42:23,515] {standard_task_runner.py:52} INFO - Started process 5834 to run task
[2023-01-24 11:42:23,520] {standard_task_runner.py:76} INFO - Running: ['***', 'tasks', 'run', 'data_ingestion_zone_dag', 'download_dataset_task', 'scheduled__2019-01-01T00:00:00+00:00', '--job-id', '175', '--raw', '--subdir', 'DAGS_FOLDER/data_ingestion_zone_dag.py', '--cfg-path', '/tmp/tmpbimdiy2o', '--error-file', '/tmp/tmp7e1308uy']
[2023-01-24 11:42:23,521] {standard_task_runner.py:77} INFO - Job 175: Subtask download_dataset_task
[2023-01-24 11:42:23,589] {logging_mixin.py:109} INFO - Running <TaskInstance: data_ingestion_zone_dag.download_dataset_task scheduled__2019-01-01T00:00:00+00:00 [running]> on host 07340d4b95ab
[2023-01-24 11:42:23,657] {taskinstance.py:1426} INFO - Exporting the following env vars:
AIRFLOW_CTX_DAG_OWNER=***
AIRFLOW_CTX_DAG_ID=data_ingestion_zone_dag
AIRFLOW_CTX_TASK_ID=download_dataset_task
AIRFLOW_CTX_EXECUTION_DATE=2019-01-01T00:00:00+00:00
AIRFLOW_CTX_DAG_RUN_ID=scheduled__2019-01-01T00:00:00+00:00
[2023-01-24 11:42:23,658] {subprocess.py:62} INFO - Tmp dir root location: 
 /tmp
[2023-01-24 11:42:23,659] {subprocess.py:74} INFO - Running command: ['bash', '-c', 'curl -sSL https://d37ci6vzurychx.cloudfront.net/misc/taxi+_zone_lookup.csv > /opt/***/taxi+_zone_lookup.csv']
[2023-01-24 11:42:23,674] {subprocess.py:85} INFO - Output:
[2023-01-24 11:42:24,134] {subprocess.py:93} INFO - Command exited with return code 0
[2023-01-24 11:42:24,169] {taskinstance.py:1277} INFO - Marking task as SUCCESS. dag_id=data_ingestion_zone_dag, task_id=download_dataset_task, execution_date=20190101T000000, start_date=20230124T114223, end_date=20230124T114224
[2023-01-24 11:42:24,214] {local_task_job.py:154} INFO - Task exited with return code 0
[2023-01-24 11:42:24,283] {local_task_job.py:264} INFO - 0 downstream tasks scheduled from follow-on schedule check
