[2023-01-28 01:03:48,414] {taskinstance.py:1032} INFO - Dependencies all met for <TaskInstance: data_ingestion_gcs_dag.download_dataset_task scheduled__2019-03-01T00:00:00+00:00 [queued]>
[2023-01-28 01:03:48,428] {taskinstance.py:1032} INFO - Dependencies all met for <TaskInstance: data_ingestion_gcs_dag.download_dataset_task scheduled__2019-03-01T00:00:00+00:00 [queued]>
[2023-01-28 01:03:48,429] {taskinstance.py:1238} INFO - 
--------------------------------------------------------------------------------
[2023-01-28 01:03:48,430] {taskinstance.py:1239} INFO - Starting attempt 1 of 2
[2023-01-28 01:03:48,431] {taskinstance.py:1240} INFO - 
--------------------------------------------------------------------------------
[2023-01-28 01:03:48,448] {taskinstance.py:1259} INFO - Executing <Task(BashOperator): download_dataset_task> on 2019-03-01 00:00:00+00:00
[2023-01-28 01:03:48,453] {standard_task_runner.py:52} INFO - Started process 1682 to run task
[2023-01-28 01:03:48,458] {standard_task_runner.py:76} INFO - Running: ['***', 'tasks', 'run', 'data_ingestion_gcs_dag', 'download_dataset_task', 'scheduled__2019-03-01T00:00:00+00:00', '--job-id', '79', '--raw', '--subdir', 'DAGS_FOLDER/data_ingestion_gcs_dag.py', '--cfg-path', '/tmp/tmpxt1zskep', '--error-file', '/tmp/tmppwdhrhnv']
[2023-01-28 01:03:48,459] {standard_task_runner.py:77} INFO - Job 79: Subtask download_dataset_task
[2023-01-28 01:03:48,537] {logging_mixin.py:109} INFO - Running <TaskInstance: data_ingestion_gcs_dag.download_dataset_task scheduled__2019-03-01T00:00:00+00:00 [running]> on host adbf820de9e6
[2023-01-28 01:03:48,590] {logging_mixin.py:109} WARNING - /home/***/.local/lib/python3.7/site-packages/***/utils/context.py:152 AirflowContextDeprecationWarning: Accessing 'execution_date' from the template is deprecated and will be removed in a future version. Please use 'data_interval_start' or 'logical_date' instead.
[2023-01-28 01:03:48,635] {taskinstance.py:1426} INFO - Exporting the following env vars:
AIRFLOW_CTX_DAG_OWNER=***
AIRFLOW_CTX_DAG_ID=data_ingestion_gcs_dag
AIRFLOW_CTX_TASK_ID=download_dataset_task
AIRFLOW_CTX_EXECUTION_DATE=2019-03-01T00:00:00+00:00
AIRFLOW_CTX_DAG_RUN_ID=scheduled__2019-03-01T00:00:00+00:00
[2023-01-28 01:03:48,637] {subprocess.py:62} INFO - Tmp dir root location: 
 /tmp
[2023-01-28 01:03:48,645] {subprocess.py:74} INFO - Running command: ['bash', '-c', 'curl -sSL https://d37ci6vzurychx.cloudfront.net/trip-data/yellow_tripdata_2019-03.parquet > /opt/***/yellow_tripdata_2019-03.parquet']
[2023-01-28 01:03:48,659] {subprocess.py:85} INFO - Output:
[2023-01-28 01:04:26,422] {subprocess.py:93} INFO - Command exited with return code 0
[2023-01-28 01:04:26,451] {taskinstance.py:1277} INFO - Marking task as SUCCESS. dag_id=data_ingestion_gcs_dag, task_id=download_dataset_task, execution_date=20190301T000000, start_date=20230128T010348, end_date=20230128T010426
[2023-01-28 01:04:26,506] {local_task_job.py:154} INFO - Task exited with return code 0
[2023-01-28 01:04:26,546] {local_task_job.py:264} INFO - 1 downstream tasks scheduled from follow-on schedule check
[2023-01-29 12:40:58,217] {taskinstance.py:1032} INFO - Dependencies all met for <TaskInstance: data_ingestion_gcs_dag.download_dataset_task scheduled__2019-03-01T00:00:00+00:00 [queued]>
[2023-01-29 12:40:58,232] {taskinstance.py:1032} INFO - Dependencies all met for <TaskInstance: data_ingestion_gcs_dag.download_dataset_task scheduled__2019-03-01T00:00:00+00:00 [queued]>
[2023-01-29 12:40:58,233] {taskinstance.py:1238} INFO - 
--------------------------------------------------------------------------------
[2023-01-29 12:40:58,234] {taskinstance.py:1239} INFO - Starting attempt 1 of 2
[2023-01-29 12:40:58,235] {taskinstance.py:1240} INFO - 
--------------------------------------------------------------------------------
[2023-01-29 12:40:58,262] {taskinstance.py:1259} INFO - Executing <Task(BashOperator): download_dataset_task> on 2019-03-01 00:00:00+00:00
[2023-01-29 12:40:58,269] {standard_task_runner.py:52} INFO - Started process 6406 to run task
[2023-01-29 12:40:58,276] {standard_task_runner.py:76} INFO - Running: ['***', 'tasks', 'run', 'data_ingestion_gcs_dag', 'download_dataset_task', 'scheduled__2019-03-01T00:00:00+00:00', '--job-id', '381', '--raw', '--subdir', 'DAGS_FOLDER/data_ingestion_gcs_dag.py', '--cfg-path', '/tmp/tmpiqfp1vlo', '--error-file', '/tmp/tmpgqas3zis']
[2023-01-29 12:40:58,279] {standard_task_runner.py:77} INFO - Job 381: Subtask download_dataset_task
[2023-01-29 12:40:58,393] {logging_mixin.py:109} INFO - Running <TaskInstance: data_ingestion_gcs_dag.download_dataset_task scheduled__2019-03-01T00:00:00+00:00 [running]> on host 2530f37057aa
[2023-01-29 12:40:58,474] {logging_mixin.py:109} WARNING - /home/***/.local/lib/python3.7/site-packages/***/utils/context.py:152 AirflowContextDeprecationWarning: Accessing 'execution_date' from the template is deprecated and will be removed in a future version. Please use 'data_interval_start' or 'logical_date' instead.
[2023-01-29 12:40:58,500] {taskinstance.py:1426} INFO - Exporting the following env vars:
AIRFLOW_CTX_DAG_OWNER=***
AIRFLOW_CTX_DAG_ID=data_ingestion_gcs_dag
AIRFLOW_CTX_TASK_ID=download_dataset_task
AIRFLOW_CTX_EXECUTION_DATE=2019-03-01T00:00:00+00:00
AIRFLOW_CTX_DAG_RUN_ID=scheduled__2019-03-01T00:00:00+00:00
[2023-01-29 12:40:58,505] {subprocess.py:62} INFO - Tmp dir root location: 
 /tmp
[2023-01-29 12:40:58,507] {subprocess.py:74} INFO - Running command: ['bash', '-c', 'curl -sSL https://d37ci6vzurychx.cloudfront.net/trip-data/fhv_tripdata_2019-03.parquet > /opt/***/fhv_tripdata_2019-03.parquet']
[2023-01-29 12:40:58,521] {subprocess.py:85} INFO - Output:
[2023-01-29 12:41:10,800] {subprocess.py:93} INFO - Command exited with return code 0
[2023-01-29 12:41:12,229] {taskinstance.py:1277} INFO - Marking task as SUCCESS. dag_id=data_ingestion_gcs_dag, task_id=download_dataset_task, execution_date=20190301T000000, start_date=20230129T124058, end_date=20230129T124112
[2023-01-29 12:41:12,289] {local_task_job.py:154} INFO - Task exited with return code 0
[2023-01-29 12:41:12,394] {local_task_job.py:264} INFO - 0 downstream tasks scheduled from follow-on schedule check
[2023-01-29 12:57:39,697] {taskinstance.py:1032} INFO - Dependencies all met for <TaskInstance: data_ingestion_gcs_dag.download_dataset_task scheduled__2019-03-01T00:00:00+00:00 [queued]>
[2023-01-29 12:57:39,755] {taskinstance.py:1032} INFO - Dependencies all met for <TaskInstance: data_ingestion_gcs_dag.download_dataset_task scheduled__2019-03-01T00:00:00+00:00 [queued]>
[2023-01-29 12:57:39,756] {taskinstance.py:1238} INFO - 
--------------------------------------------------------------------------------
[2023-01-29 12:57:39,758] {taskinstance.py:1239} INFO - Starting attempt 1 of 2
[2023-01-29 12:57:39,762] {taskinstance.py:1240} INFO - 
--------------------------------------------------------------------------------
[2023-01-29 12:57:40,619] {taskinstance.py:1259} INFO - Executing <Task(BashOperator): download_dataset_task> on 2019-03-01 00:00:00+00:00
[2023-01-29 12:57:40,672] {standard_task_runner.py:52} INFO - Started process 1292 to run task
[2023-01-29 12:57:41,145] {standard_task_runner.py:76} INFO - Running: ['***', 'tasks', 'run', 'data_ingestion_gcs_dag', 'download_dataset_task', 'scheduled__2019-03-01T00:00:00+00:00', '--job-id', '445', '--raw', '--subdir', 'DAGS_FOLDER/data_ingestion_gcs_dag.py', '--cfg-path', '/tmp/tmpk9evzcbd', '--error-file', '/tmp/tmpgke0rppz']
[2023-01-29 12:57:41,179] {standard_task_runner.py:77} INFO - Job 445: Subtask download_dataset_task
[2023-01-29 12:57:46,434] {logging_mixin.py:109} INFO - Running <TaskInstance: data_ingestion_gcs_dag.download_dataset_task scheduled__2019-03-01T00:00:00+00:00 [running]> on host 2530f37057aa
[2023-01-29 12:57:46,897] {logging_mixin.py:109} WARNING - /home/***/.local/lib/python3.7/site-packages/***/utils/context.py:152 AirflowContextDeprecationWarning: Accessing 'execution_date' from the template is deprecated and will be removed in a future version. Please use 'data_interval_start' or 'logical_date' instead.
[2023-01-29 12:57:46,993] {taskinstance.py:1426} INFO - Exporting the following env vars:
AIRFLOW_CTX_DAG_OWNER=***
AIRFLOW_CTX_DAG_ID=data_ingestion_gcs_dag
AIRFLOW_CTX_TASK_ID=download_dataset_task
AIRFLOW_CTX_EXECUTION_DATE=2019-03-01T00:00:00+00:00
AIRFLOW_CTX_DAG_RUN_ID=scheduled__2019-03-01T00:00:00+00:00
[2023-01-29 12:57:47,065] {subprocess.py:62} INFO - Tmp dir root location: 
 /tmp
[2023-01-29 12:57:47,068] {subprocess.py:74} INFO - Running command: ['bash', '-c', 'curl -sSL https://d37ci6vzurychx.cloudfront.net/trip-data/fhv_tripdata_2019-03.parquet > /opt/***/fhv_tripdata_2019-03.parquet']
[2023-01-29 12:57:47,103] {subprocess.py:85} INFO - Output:
[2023-01-29 12:57:53,784] {subprocess.py:93} INFO - Command exited with return code 0
[2023-01-29 12:57:53,823] {taskinstance.py:1277} INFO - Marking task as SUCCESS. dag_id=data_ingestion_gcs_dag, task_id=download_dataset_task, execution_date=20190301T000000, start_date=20230129T125739, end_date=20230129T125753
[2023-01-29 12:57:53,890] {local_task_job.py:154} INFO - Task exited with return code 0
[2023-01-29 12:57:53,933] {local_task_job.py:264} INFO - 1 downstream tasks scheduled from follow-on schedule check
