[2023-01-28 03:34:18,754] {taskinstance.py:1032} INFO - Dependencies all met for <TaskInstance: data_ingestion_gcs_dag.download_dataset_task scheduled__2019-03-01T00:00:00+00:00 [queued]>
[2023-01-28 03:34:18,770] {taskinstance.py:1032} INFO - Dependencies all met for <TaskInstance: data_ingestion_gcs_dag.download_dataset_task scheduled__2019-03-01T00:00:00+00:00 [queued]>
[2023-01-28 03:34:18,771] {taskinstance.py:1238} INFO - 
--------------------------------------------------------------------------------
[2023-01-28 03:34:18,772] {taskinstance.py:1239} INFO - Starting attempt 2 of 3
[2023-01-28 03:34:18,773] {taskinstance.py:1240} INFO - 
--------------------------------------------------------------------------------
[2023-01-28 03:34:18,790] {taskinstance.py:1259} INFO - Executing <Task(BashOperator): download_dataset_task> on 2019-03-01 00:00:00+00:00
[2023-01-28 03:34:18,797] {standard_task_runner.py:52} INFO - Started process 19086 to run task
[2023-01-28 03:34:18,805] {standard_task_runner.py:76} INFO - Running: ['***', 'tasks', 'run', 'data_ingestion_gcs_dag', 'download_dataset_task', 'scheduled__2019-03-01T00:00:00+00:00', '--job-id', '116', '--raw', '--subdir', 'DAGS_FOLDER/data_ingestion_gcs_dag.py', '--cfg-path', '/tmp/tmpd5dauc3o', '--error-file', '/tmp/tmpzj8pnty2']
[2023-01-28 03:34:18,807] {standard_task_runner.py:77} INFO - Job 116: Subtask download_dataset_task
[2023-01-28 03:34:18,890] {logging_mixin.py:109} INFO - Running <TaskInstance: data_ingestion_gcs_dag.download_dataset_task scheduled__2019-03-01T00:00:00+00:00 [running]> on host adbf820de9e6
[2023-01-28 03:34:18,949] {logging_mixin.py:109} WARNING - /home/***/.local/lib/python3.7/site-packages/***/utils/context.py:152 AirflowContextDeprecationWarning: Accessing 'execution_date' from the template is deprecated and will be removed in a future version. Please use 'data_interval_start' or 'logical_date' instead.
[2023-01-28 03:34:18,979] {taskinstance.py:1426} INFO - Exporting the following env vars:
AIRFLOW_CTX_DAG_OWNER=***
AIRFLOW_CTX_DAG_ID=data_ingestion_gcs_dag
AIRFLOW_CTX_TASK_ID=download_dataset_task
AIRFLOW_CTX_EXECUTION_DATE=2019-03-01T00:00:00+00:00
AIRFLOW_CTX_DAG_RUN_ID=scheduled__2019-03-01T00:00:00+00:00
[2023-01-28 03:34:18,982] {subprocess.py:62} INFO - Tmp dir root location: 
 /tmp
[2023-01-28 03:34:18,983] {subprocess.py:74} INFO - Running command: ['bash', '-c', 'curl -sSL https://d37ci6vzurychx.cloudfront.net/trip-data/green_tripdata_2019-03.parquet > /opt/***/green_tripdata_2019-03.parquet']
[2023-01-28 03:34:19,001] {subprocess.py:85} INFO - Output:
[2023-01-28 03:34:24,735] {subprocess.py:93} INFO - Command exited with return code 0
[2023-01-28 03:34:24,773] {taskinstance.py:1277} INFO - Marking task as SUCCESS. dag_id=data_ingestion_gcs_dag, task_id=download_dataset_task, execution_date=20190301T000000, start_date=20230128T033418, end_date=20230128T033424
[2023-01-28 03:34:24,822] {local_task_job.py:154} INFO - Task exited with return code 0
[2023-01-28 03:34:24,892] {local_task_job.py:264} INFO - 1 downstream tasks scheduled from follow-on schedule check
