[2023-01-28 01:07:04,030] {taskinstance.py:1032} INFO - Dependencies all met for <TaskInstance: data_ingestion_gcs_dag.bigquery_external_table_task scheduled__2019-04-01T00:00:00+00:00 [queued]>
[2023-01-28 01:07:04,040] {taskinstance.py:1032} INFO - Dependencies all met for <TaskInstance: data_ingestion_gcs_dag.bigquery_external_table_task scheduled__2019-04-01T00:00:00+00:00 [queued]>
[2023-01-28 01:07:04,041] {taskinstance.py:1238} INFO - 
--------------------------------------------------------------------------------
[2023-01-28 01:07:04,042] {taskinstance.py:1239} INFO - Starting attempt 1 of 2
[2023-01-28 01:07:04,043] {taskinstance.py:1240} INFO - 
--------------------------------------------------------------------------------
[2023-01-28 01:07:04,054] {taskinstance.py:1259} INFO - Executing <Task(BigQueryCreateExternalTableOperator): bigquery_external_table_task> on 2019-04-01 00:00:00+00:00
[2023-01-28 01:07:04,060] {standard_task_runner.py:52} INFO - Started process 2129 to run task
[2023-01-28 01:07:04,063] {standard_task_runner.py:76} INFO - Running: ['***', 'tasks', 'run', 'data_ingestion_gcs_dag', 'bigquery_external_table_task', 'scheduled__2019-04-01T00:00:00+00:00', '--job-id', '89', '--raw', '--subdir', 'DAGS_FOLDER/data_ingestion_gcs_dag.py', '--cfg-path', '/tmp/tmpldn79be3', '--error-file', '/tmp/tmpw9a7u051']
[2023-01-28 01:07:04,064] {standard_task_runner.py:77} INFO - Job 89: Subtask bigquery_external_table_task
[2023-01-28 01:07:04,127] {logging_mixin.py:109} INFO - Running <TaskInstance: data_ingestion_gcs_dag.bigquery_external_table_task scheduled__2019-04-01T00:00:00+00:00 [running]> on host adbf820de9e6
[2023-01-28 01:07:04,174] {logging_mixin.py:109} WARNING - /home/***/.local/lib/python3.7/site-packages/***/utils/context.py:152 AirflowContextDeprecationWarning: Accessing 'execution_date' from the template is deprecated and will be removed in a future version. Please use 'data_interval_start' or 'logical_date' instead.
[2023-01-28 01:07:04,196] {taskinstance.py:1426} INFO - Exporting the following env vars:
AIRFLOW_CTX_DAG_OWNER=***
AIRFLOW_CTX_DAG_ID=data_ingestion_gcs_dag
AIRFLOW_CTX_TASK_ID=bigquery_external_table_task
AIRFLOW_CTX_EXECUTION_DATE=2019-04-01T00:00:00+00:00
AIRFLOW_CTX_DAG_RUN_ID=scheduled__2019-04-01T00:00:00+00:00
[2023-01-28 01:07:04,199] {crypto.py:82} WARNING - empty cryptography key - values will not be stored encrypted.
[2023-01-28 01:07:06,991] {taskinstance.py:1277} INFO - Marking task as SUCCESS. dag_id=data_ingestion_gcs_dag, task_id=bigquery_external_table_task, execution_date=20190401T000000, start_date=20230128T010704, end_date=20230128T010706
[2023-01-28 01:07:07,070] {local_task_job.py:154} INFO - Task exited with return code 0
[2023-01-28 01:07:07,114] {local_task_job.py:264} INFO - 0 downstream tasks scheduled from follow-on schedule check
