[2023-01-28 00:56:27,166] {taskinstance.py:1032} INFO - Dependencies all met for <TaskInstance: data_ingestion_gcs_dag.download_dataset_task scheduled__2019-01-01T00:00:00+00:00 [queued]>
[2023-01-28 00:56:27,181] {taskinstance.py:1032} INFO - Dependencies all met for <TaskInstance: data_ingestion_gcs_dag.download_dataset_task scheduled__2019-01-01T00:00:00+00:00 [queued]>
[2023-01-28 00:56:27,182] {taskinstance.py:1238} INFO - 
--------------------------------------------------------------------------------
[2023-01-28 00:56:27,183] {taskinstance.py:1239} INFO - Starting attempt 1 of 2
[2023-01-28 00:56:27,183] {taskinstance.py:1240} INFO - 
--------------------------------------------------------------------------------
[2023-01-28 00:56:27,199] {taskinstance.py:1259} INFO - Executing <Task(BashOperator): download_dataset_task> on 2019-01-01 00:00:00+00:00
[2023-01-28 00:56:27,206] {standard_task_runner.py:52} INFO - Started process 750 to run task
[2023-01-28 00:56:27,211] {standard_task_runner.py:76} INFO - Running: ['***', 'tasks', 'run', 'data_ingestion_gcs_dag', 'download_dataset_task', 'scheduled__2019-01-01T00:00:00+00:00', '--job-id', '69', '--raw', '--subdir', 'DAGS_FOLDER/data_ingestion_gcs_dag.py', '--cfg-path', '/tmp/tmpphxqh1v1', '--error-file', '/tmp/tmp_azzt2je']
[2023-01-28 00:56:27,214] {standard_task_runner.py:77} INFO - Job 69: Subtask download_dataset_task
[2023-01-28 00:56:27,330] {logging_mixin.py:109} INFO - Running <TaskInstance: data_ingestion_gcs_dag.download_dataset_task scheduled__2019-01-01T00:00:00+00:00 [running]> on host adbf820de9e6
[2023-01-28 00:56:27,444] {logging_mixin.py:109} WARNING - /home/***/.local/lib/python3.7/site-packages/***/utils/context.py:152 AirflowContextDeprecationWarning: Accessing 'execution_date' from the template is deprecated and will be removed in a future version. Please use 'data_interval_start' or 'logical_date' instead.
[2023-01-28 00:56:27,501] {taskinstance.py:1426} INFO - Exporting the following env vars:
AIRFLOW_CTX_DAG_OWNER=***
AIRFLOW_CTX_DAG_ID=data_ingestion_gcs_dag
AIRFLOW_CTX_TASK_ID=download_dataset_task
AIRFLOW_CTX_EXECUTION_DATE=2019-01-01T00:00:00+00:00
AIRFLOW_CTX_DAG_RUN_ID=scheduled__2019-01-01T00:00:00+00:00
[2023-01-28 00:56:27,506] {subprocess.py:62} INFO - Tmp dir root location: 
 /tmp
[2023-01-28 00:56:27,508] {subprocess.py:74} INFO - Running command: ['bash', '-c', 'curl -sSL https://d37ci6vzurychx.cloudfront.net/trip-data/yellow_tripdata_2019-01.parquet > /opt/***/yellow_tripdata_2019-01.parquet']
[2023-01-28 00:56:27,542] {subprocess.py:85} INFO - Output:
[2023-01-28 00:57:42,348] {subprocess.py:93} INFO - Command exited with return code 0
[2023-01-28 00:57:42,382] {taskinstance.py:1277} INFO - Marking task as SUCCESS. dag_id=data_ingestion_gcs_dag, task_id=download_dataset_task, execution_date=20190101T000000, start_date=20230128T005627, end_date=20230128T005742
[2023-01-28 00:57:42,448] {local_task_job.py:154} INFO - Task exited with return code 0
[2023-01-28 00:57:42,490] {local_task_job.py:264} INFO - 1 downstream tasks scheduled from follow-on schedule check
[2023-01-29 12:40:57,991] {taskinstance.py:1032} INFO - Dependencies all met for <TaskInstance: data_ingestion_gcs_dag.download_dataset_task scheduled__2019-01-01T00:00:00+00:00 [queued]>
[2023-01-29 12:40:58,006] {taskinstance.py:1032} INFO - Dependencies all met for <TaskInstance: data_ingestion_gcs_dag.download_dataset_task scheduled__2019-01-01T00:00:00+00:00 [queued]>
[2023-01-29 12:40:58,007] {taskinstance.py:1238} INFO - 
--------------------------------------------------------------------------------
[2023-01-29 12:40:58,009] {taskinstance.py:1239} INFO - Starting attempt 1 of 2
[2023-01-29 12:40:58,010] {taskinstance.py:1240} INFO - 
--------------------------------------------------------------------------------
[2023-01-29 12:40:58,026] {taskinstance.py:1259} INFO - Executing <Task(BashOperator): download_dataset_task> on 2019-01-01 00:00:00+00:00
[2023-01-29 12:40:58,032] {standard_task_runner.py:52} INFO - Started process 6402 to run task
[2023-01-29 12:40:58,037] {standard_task_runner.py:76} INFO - Running: ['***', 'tasks', 'run', 'data_ingestion_gcs_dag', 'download_dataset_task', 'scheduled__2019-01-01T00:00:00+00:00', '--job-id', '379', '--raw', '--subdir', 'DAGS_FOLDER/data_ingestion_gcs_dag.py', '--cfg-path', '/tmp/tmpir5ab3yi', '--error-file', '/tmp/tmp7wtfr67c']
[2023-01-29 12:40:58,040] {standard_task_runner.py:77} INFO - Job 379: Subtask download_dataset_task
[2023-01-29 12:40:58,133] {logging_mixin.py:109} INFO - Running <TaskInstance: data_ingestion_gcs_dag.download_dataset_task scheduled__2019-01-01T00:00:00+00:00 [running]> on host 2530f37057aa
[2023-01-29 12:40:58,194] {logging_mixin.py:109} WARNING - /home/***/.local/lib/python3.7/site-packages/***/utils/context.py:152 AirflowContextDeprecationWarning: Accessing 'execution_date' from the template is deprecated and will be removed in a future version. Please use 'data_interval_start' or 'logical_date' instead.
[2023-01-29 12:40:58,221] {taskinstance.py:1426} INFO - Exporting the following env vars:
AIRFLOW_CTX_DAG_OWNER=***
AIRFLOW_CTX_DAG_ID=data_ingestion_gcs_dag
AIRFLOW_CTX_TASK_ID=download_dataset_task
AIRFLOW_CTX_EXECUTION_DATE=2019-01-01T00:00:00+00:00
AIRFLOW_CTX_DAG_RUN_ID=scheduled__2019-01-01T00:00:00+00:00
[2023-01-29 12:40:58,225] {subprocess.py:62} INFO - Tmp dir root location: 
 /tmp
[2023-01-29 12:40:58,228] {subprocess.py:74} INFO - Running command: ['bash', '-c', 'curl -sSL https://d37ci6vzurychx.cloudfront.net/trip-data/fhv_tripdata_2019-01.parquet > /opt/***/fhv_tripdata_2019-01.parquet']
[2023-01-29 12:40:58,246] {subprocess.py:85} INFO - Output:
[2023-01-29 12:41:39,296] {subprocess.py:93} INFO - Command exited with return code 0
[2023-01-29 12:41:39,326] {taskinstance.py:1277} INFO - Marking task as SUCCESS. dag_id=data_ingestion_gcs_dag, task_id=download_dataset_task, execution_date=20190101T000000, start_date=20230129T124057, end_date=20230129T124139
[2023-01-29 12:41:39,356] {local_task_job.py:154} INFO - Task exited with return code 0
[2023-01-29 12:41:39,396] {local_task_job.py:264} INFO - 1 downstream tasks scheduled from follow-on schedule check
[2023-01-29 12:57:40,530] {taskinstance.py:1032} INFO - Dependencies all met for <TaskInstance: data_ingestion_gcs_dag.download_dataset_task scheduled__2019-01-01T00:00:00+00:00 [queued]>
[2023-01-29 12:57:40,822] {taskinstance.py:1032} INFO - Dependencies all met for <TaskInstance: data_ingestion_gcs_dag.download_dataset_task scheduled__2019-01-01T00:00:00+00:00 [queued]>
[2023-01-29 12:57:40,831] {taskinstance.py:1238} INFO - 
--------------------------------------------------------------------------------
[2023-01-29 12:57:40,882] {taskinstance.py:1239} INFO - Starting attempt 1 of 2
[2023-01-29 12:57:40,904] {taskinstance.py:1240} INFO - 
--------------------------------------------------------------------------------
[2023-01-29 12:57:46,158] {taskinstance.py:1259} INFO - Executing <Task(BashOperator): download_dataset_task> on 2019-01-01 00:00:00+00:00
[2023-01-29 12:57:46,187] {standard_task_runner.py:52} INFO - Started process 1293 to run task
[2023-01-29 12:57:46,276] {standard_task_runner.py:76} INFO - Running: ['***', 'tasks', 'run', 'data_ingestion_gcs_dag', 'download_dataset_task', 'scheduled__2019-01-01T00:00:00+00:00', '--job-id', '444', '--raw', '--subdir', 'DAGS_FOLDER/data_ingestion_gcs_dag.py', '--cfg-path', '/tmp/tmptxv8qi3y', '--error-file', '/tmp/tmpqwt0dhro']
[2023-01-29 12:57:46,296] {standard_task_runner.py:77} INFO - Job 444: Subtask download_dataset_task
[2023-01-29 12:57:46,697] {logging_mixin.py:109} INFO - Running <TaskInstance: data_ingestion_gcs_dag.download_dataset_task scheduled__2019-01-01T00:00:00+00:00 [running]> on host 2530f37057aa
[2023-01-29 12:57:46,938] {logging_mixin.py:109} WARNING - /home/***/.local/lib/python3.7/site-packages/***/utils/context.py:152 AirflowContextDeprecationWarning: Accessing 'execution_date' from the template is deprecated and will be removed in a future version. Please use 'data_interval_start' or 'logical_date' instead.
[2023-01-29 12:57:47,011] {taskinstance.py:1426} INFO - Exporting the following env vars:
AIRFLOW_CTX_DAG_OWNER=***
AIRFLOW_CTX_DAG_ID=data_ingestion_gcs_dag
AIRFLOW_CTX_TASK_ID=download_dataset_task
AIRFLOW_CTX_EXECUTION_DATE=2019-01-01T00:00:00+00:00
AIRFLOW_CTX_DAG_RUN_ID=scheduled__2019-01-01T00:00:00+00:00
[2023-01-29 12:57:47,025] {subprocess.py:62} INFO - Tmp dir root location: 
 /tmp
[2023-01-29 12:57:47,034] {subprocess.py:74} INFO - Running command: ['bash', '-c', 'curl -sSL https://d37ci6vzurychx.cloudfront.net/trip-data/fhv_tripdata_2019-01.parquet > /opt/***/fhv_tripdata_2019-01.parquet']
[2023-01-29 12:57:47,098] {subprocess.py:85} INFO - Output:
[2023-01-29 12:58:25,074] {subprocess.py:93} INFO - Command exited with return code 0
[2023-01-29 12:58:25,128] {taskinstance.py:1277} INFO - Marking task as SUCCESS. dag_id=data_ingestion_gcs_dag, task_id=download_dataset_task, execution_date=20190101T000000, start_date=20230129T125740, end_date=20230129T125825
[2023-01-29 12:58:25,185] {local_task_job.py:154} INFO - Task exited with return code 0
[2023-01-29 12:58:25,231] {local_task_job.py:264} INFO - 1 downstream tasks scheduled from follow-on schedule check
