[2023-01-28 03:34:18,752] {taskinstance.py:1032} INFO - Dependencies all met for <TaskInstance: data_ingestion_gcs_dag.download_dataset_task scheduled__2019-01-01T00:00:00+00:00 [queued]>
[2023-01-28 03:34:18,765] {taskinstance.py:1032} INFO - Dependencies all met for <TaskInstance: data_ingestion_gcs_dag.download_dataset_task scheduled__2019-01-01T00:00:00+00:00 [queued]>
[2023-01-28 03:34:18,766] {taskinstance.py:1238} INFO - 
--------------------------------------------------------------------------------
[2023-01-28 03:34:18,767] {taskinstance.py:1239} INFO - Starting attempt 2 of 3
[2023-01-28 03:34:18,768] {taskinstance.py:1240} INFO - 
--------------------------------------------------------------------------------
[2023-01-28 03:34:18,784] {taskinstance.py:1259} INFO - Executing <Task(BashOperator): download_dataset_task> on 2019-01-01 00:00:00+00:00
[2023-01-28 03:34:18,791] {standard_task_runner.py:52} INFO - Started process 19084 to run task
[2023-01-28 03:34:18,796] {standard_task_runner.py:76} INFO - Running: ['***', 'tasks', 'run', 'data_ingestion_gcs_dag', 'download_dataset_task', 'scheduled__2019-01-01T00:00:00+00:00', '--job-id', '114', '--raw', '--subdir', 'DAGS_FOLDER/data_ingestion_gcs_dag.py', '--cfg-path', '/tmp/tmpompob8_x', '--error-file', '/tmp/tmppvs601h8']
[2023-01-28 03:34:18,797] {standard_task_runner.py:77} INFO - Job 114: Subtask download_dataset_task
[2023-01-28 03:34:18,875] {logging_mixin.py:109} INFO - Running <TaskInstance: data_ingestion_gcs_dag.download_dataset_task scheduled__2019-01-01T00:00:00+00:00 [running]> on host adbf820de9e6
[2023-01-28 03:34:18,943] {logging_mixin.py:109} WARNING - /home/***/.local/lib/python3.7/site-packages/***/utils/context.py:152 AirflowContextDeprecationWarning: Accessing 'execution_date' from the template is deprecated and will be removed in a future version. Please use 'data_interval_start' or 'logical_date' instead.
[2023-01-28 03:34:18,977] {taskinstance.py:1426} INFO - Exporting the following env vars:
AIRFLOW_CTX_DAG_OWNER=***
AIRFLOW_CTX_DAG_ID=data_ingestion_gcs_dag
AIRFLOW_CTX_TASK_ID=download_dataset_task
AIRFLOW_CTX_EXECUTION_DATE=2019-01-01T00:00:00+00:00
AIRFLOW_CTX_DAG_RUN_ID=scheduled__2019-01-01T00:00:00+00:00
[2023-01-28 03:34:18,980] {subprocess.py:62} INFO - Tmp dir root location: 
 /tmp
[2023-01-28 03:34:18,982] {subprocess.py:74} INFO - Running command: ['bash', '-c', 'curl -sSL https://d37ci6vzurychx.cloudfront.net/trip-data/green_tripdata_2019-01.parquet > /opt/***/green_tripdata_2019-01.parquet']
[2023-01-28 03:34:19,000] {subprocess.py:85} INFO - Output:
[2023-01-28 03:34:22,665] {subprocess.py:93} INFO - Command exited with return code 0
[2023-01-28 03:34:22,703] {taskinstance.py:1277} INFO - Marking task as SUCCESS. dag_id=data_ingestion_gcs_dag, task_id=download_dataset_task, execution_date=20190101T000000, start_date=20230128T033418, end_date=20230128T033422
[2023-01-28 03:34:22,743] {local_task_job.py:154} INFO - Task exited with return code 0
[2023-01-28 03:34:22,810] {local_task_job.py:264} INFO - 1 downstream tasks scheduled from follow-on schedule check
[2023-01-29 12:44:33,768] {taskinstance.py:1032} INFO - Dependencies all met for <TaskInstance: data_ingestion_gcs_dag.download_dataset_task scheduled__2019-01-01T00:00:00+00:00 [queued]>
[2023-01-29 12:44:33,778] {taskinstance.py:1032} INFO - Dependencies all met for <TaskInstance: data_ingestion_gcs_dag.download_dataset_task scheduled__2019-01-01T00:00:00+00:00 [queued]>
[2023-01-29 12:44:33,779] {taskinstance.py:1238} INFO - 
--------------------------------------------------------------------------------
[2023-01-29 12:44:33,780] {taskinstance.py:1239} INFO - Starting attempt 2 of 3
[2023-01-29 12:44:33,781] {taskinstance.py:1240} INFO - 
--------------------------------------------------------------------------------
[2023-01-29 12:44:33,791] {taskinstance.py:1259} INFO - Executing <Task(BashOperator): download_dataset_task> on 2019-01-01 00:00:00+00:00
[2023-01-29 12:44:33,797] {standard_task_runner.py:52} INFO - Started process 7255 to run task
[2023-01-29 12:44:33,800] {standard_task_runner.py:76} INFO - Running: ['***', 'tasks', 'run', 'data_ingestion_gcs_dag', 'download_dataset_task', 'scheduled__2019-01-01T00:00:00+00:00', '--job-id', '409', '--raw', '--subdir', 'DAGS_FOLDER/data_ingestion_gcs_dag.py', '--cfg-path', '/tmp/tmpfo5y3w_1', '--error-file', '/tmp/tmpveajxzp1']
[2023-01-29 12:44:33,802] {standard_task_runner.py:77} INFO - Job 409: Subtask download_dataset_task
[2023-01-29 12:44:33,867] {logging_mixin.py:109} INFO - Running <TaskInstance: data_ingestion_gcs_dag.download_dataset_task scheduled__2019-01-01T00:00:00+00:00 [running]> on host 2530f37057aa
[2023-01-29 12:44:33,916] {logging_mixin.py:109} WARNING - /home/***/.local/lib/python3.7/site-packages/***/utils/context.py:152 AirflowContextDeprecationWarning: Accessing 'execution_date' from the template is deprecated and will be removed in a future version. Please use 'data_interval_start' or 'logical_date' instead.
[2023-01-29 12:44:33,936] {taskinstance.py:1426} INFO - Exporting the following env vars:
AIRFLOW_CTX_DAG_OWNER=***
AIRFLOW_CTX_DAG_ID=data_ingestion_gcs_dag
AIRFLOW_CTX_TASK_ID=download_dataset_task
AIRFLOW_CTX_EXECUTION_DATE=2019-01-01T00:00:00+00:00
AIRFLOW_CTX_DAG_RUN_ID=scheduled__2019-01-01T00:00:00+00:00
[2023-01-29 12:44:33,937] {subprocess.py:62} INFO - Tmp dir root location: 
 /tmp
[2023-01-29 12:44:33,939] {subprocess.py:74} INFO - Running command: ['bash', '-c', 'curl -sSL https://d37ci6vzurychx.cloudfront.net/trip-data/fhv_tripdata_2019-01.parquet > /opt/***/fhv_tripdata_2019-01.parquet']
[2023-01-29 12:44:33,951] {subprocess.py:85} INFO - Output:
[2023-01-29 12:45:12,008] {subprocess.py:93} INFO - Command exited with return code 0
[2023-01-29 12:45:12,061] {taskinstance.py:1277} INFO - Marking task as SUCCESS. dag_id=data_ingestion_gcs_dag, task_id=download_dataset_task, execution_date=20190101T000000, start_date=20230129T124433, end_date=20230129T124512
[2023-01-29 12:45:12,123] {local_task_job.py:154} INFO - Task exited with return code 0
[2023-01-29 12:45:12,233] {local_task_job.py:264} INFO - 0 downstream tasks scheduled from follow-on schedule check
