[2023-01-29 10:23:29,012] {taskinstance.py:1032} INFO - Dependencies all met for <TaskInstance: data_ingestion_gcs_dag.download_dataset_task scheduled__2019-01-01T00:00:00+00:00 [queued]>
[2023-01-29 10:23:29,027] {taskinstance.py:1032} INFO - Dependencies all met for <TaskInstance: data_ingestion_gcs_dag.download_dataset_task scheduled__2019-01-01T00:00:00+00:00 [queued]>
[2023-01-29 10:23:29,029] {taskinstance.py:1238} INFO - 
--------------------------------------------------------------------------------
[2023-01-29 10:23:29,030] {taskinstance.py:1239} INFO - Starting attempt 3 of 4
[2023-01-29 10:23:29,031] {taskinstance.py:1240} INFO - 
--------------------------------------------------------------------------------
[2023-01-29 10:23:29,049] {taskinstance.py:1259} INFO - Executing <Task(BashOperator): download_dataset_task> on 2019-01-01 00:00:00+00:00
[2023-01-29 10:23:29,055] {standard_task_runner.py:52} INFO - Started process 27209 to run task
[2023-01-29 10:23:29,059] {standard_task_runner.py:76} INFO - Running: ['***', 'tasks', 'run', 'data_ingestion_gcs_dag', 'download_dataset_task', 'scheduled__2019-01-01T00:00:00+00:00', '--job-id', '300', '--raw', '--subdir', 'DAGS_FOLDER/data_ingestion_gcs_dag.py', '--cfg-path', '/tmp/tmphmmem5_7', '--error-file', '/tmp/tmptp60tsyw']
[2023-01-29 10:23:29,061] {standard_task_runner.py:77} INFO - Job 300: Subtask download_dataset_task
[2023-01-29 10:23:29,129] {logging_mixin.py:109} INFO - Running <TaskInstance: data_ingestion_gcs_dag.download_dataset_task scheduled__2019-01-01T00:00:00+00:00 [running]> on host 066784a7791c
[2023-01-29 10:23:29,176] {logging_mixin.py:109} WARNING - /home/***/.local/lib/python3.7/site-packages/***/utils/context.py:152 AirflowContextDeprecationWarning: Accessing 'execution_date' from the template is deprecated and will be removed in a future version. Please use 'data_interval_start' or 'logical_date' instead.
[2023-01-29 10:23:29,198] {taskinstance.py:1426} INFO - Exporting the following env vars:
AIRFLOW_CTX_DAG_OWNER=***
AIRFLOW_CTX_DAG_ID=data_ingestion_gcs_dag
AIRFLOW_CTX_TASK_ID=download_dataset_task
AIRFLOW_CTX_EXECUTION_DATE=2019-01-01T00:00:00+00:00
AIRFLOW_CTX_DAG_RUN_ID=scheduled__2019-01-01T00:00:00+00:00
[2023-01-29 10:23:29,200] {subprocess.py:62} INFO - Tmp dir root location: 
 /tmp
[2023-01-29 10:23:29,202] {subprocess.py:74} INFO - Running command: ['bash', '-c', 'curl -sSL https://d37ci6vzurychx.cloudfront.net/trip-data/fhv_tripdata_2019-01.parquet > /opt/***/fhv_tripdata_2019-01.parquet']
[2023-01-29 10:23:29,218] {subprocess.py:85} INFO - Output:
[2023-01-29 10:23:40,515] {subprocess.py:93} INFO - Command exited with return code 0
[2023-01-29 10:23:40,542] {taskinstance.py:1277} INFO - Marking task as SUCCESS. dag_id=data_ingestion_gcs_dag, task_id=download_dataset_task, execution_date=20190101T000000, start_date=20230129T102329, end_date=20230129T102340
[2023-01-29 10:23:40,594] {local_task_job.py:154} INFO - Task exited with return code 0
[2023-01-29 10:23:40,634] {local_task_job.py:264} INFO - 1 downstream tasks scheduled from follow-on schedule check
[2023-01-29 12:51:41,765] {taskinstance.py:1032} INFO - Dependencies all met for <TaskInstance: data_ingestion_gcs_dag.download_dataset_task scheduled__2019-01-01T00:00:00+00:00 [queued]>
[2023-01-29 12:51:41,780] {taskinstance.py:1032} INFO - Dependencies all met for <TaskInstance: data_ingestion_gcs_dag.download_dataset_task scheduled__2019-01-01T00:00:00+00:00 [queued]>
[2023-01-29 12:51:41,782] {taskinstance.py:1238} INFO - 
--------------------------------------------------------------------------------
[2023-01-29 12:51:41,783] {taskinstance.py:1239} INFO - Starting attempt 3 of 4
[2023-01-29 12:51:41,784] {taskinstance.py:1240} INFO - 
--------------------------------------------------------------------------------
[2023-01-29 12:51:41,797] {taskinstance.py:1259} INFO - Executing <Task(BashOperator): download_dataset_task> on 2019-01-01 00:00:00+00:00
[2023-01-29 12:51:41,803] {standard_task_runner.py:52} INFO - Started process 324 to run task
[2023-01-29 12:51:41,807] {standard_task_runner.py:76} INFO - Running: ['***', 'tasks', 'run', 'data_ingestion_gcs_dag', 'download_dataset_task', 'scheduled__2019-01-01T00:00:00+00:00', '--job-id', '436', '--raw', '--subdir', 'DAGS_FOLDER/data_ingestion_gcs_dag.py', '--cfg-path', '/tmp/tmp8o_7kocj', '--error-file', '/tmp/tmpmyousu2_']
[2023-01-29 12:51:41,810] {standard_task_runner.py:77} INFO - Job 436: Subtask download_dataset_task
[2023-01-29 12:51:41,871] {logging_mixin.py:109} INFO - Running <TaskInstance: data_ingestion_gcs_dag.download_dataset_task scheduled__2019-01-01T00:00:00+00:00 [running]> on host 2530f37057aa
[2023-01-29 12:51:41,914] {logging_mixin.py:109} WARNING - /home/***/.local/lib/python3.7/site-packages/***/utils/context.py:152 AirflowContextDeprecationWarning: Accessing 'execution_date' from the template is deprecated and will be removed in a future version. Please use 'data_interval_start' or 'logical_date' instead.
[2023-01-29 12:51:41,934] {taskinstance.py:1426} INFO - Exporting the following env vars:
AIRFLOW_CTX_DAG_OWNER=***
AIRFLOW_CTX_DAG_ID=data_ingestion_gcs_dag
AIRFLOW_CTX_TASK_ID=download_dataset_task
AIRFLOW_CTX_EXECUTION_DATE=2019-01-01T00:00:00+00:00
AIRFLOW_CTX_DAG_RUN_ID=scheduled__2019-01-01T00:00:00+00:00
[2023-01-29 12:51:41,936] {subprocess.py:62} INFO - Tmp dir root location: 
 /tmp
[2023-01-29 12:51:41,939] {subprocess.py:74} INFO - Running command: ['bash', '-c', 'curl -sSL https://d37ci6vzurychx.cloudfront.net/trip-data/fhv_tripdata_2019-01.parquet > /opt/***/fhv_tripdata_2019-01.parquet']
[2023-01-29 12:51:41,950] {subprocess.py:85} INFO - Output:
[2023-01-29 12:52:16,383] {subprocess.py:93} INFO - Command exited with return code 0
[2023-01-29 12:52:16,450] {taskinstance.py:1277} INFO - Marking task as SUCCESS. dag_id=data_ingestion_gcs_dag, task_id=download_dataset_task, execution_date=20190101T000000, start_date=20230129T125141, end_date=20230129T125216
[2023-01-29 12:52:16,527] {local_task_job.py:154} INFO - Task exited with return code 0
[2023-01-29 12:52:16,589] {local_task_job.py:264} INFO - 0 downstream tasks scheduled from follow-on schedule check
