[2023-01-22 09:30:31,338] {taskinstance.py:1032} INFO - Dependencies all met for <TaskInstance: data_ingestion_gcs_dag.download_dataset_task manual__2023-01-22T09:30:29.286601+00:00 [queued]>
[2023-01-22 09:30:31,351] {taskinstance.py:1032} INFO - Dependencies all met for <TaskInstance: data_ingestion_gcs_dag.download_dataset_task manual__2023-01-22T09:30:29.286601+00:00 [queued]>
[2023-01-22 09:30:31,353] {taskinstance.py:1238} INFO - 
--------------------------------------------------------------------------------
[2023-01-22 09:30:31,355] {taskinstance.py:1239} INFO - Starting attempt 1 of 2
[2023-01-22 09:30:31,357] {taskinstance.py:1240} INFO - 
--------------------------------------------------------------------------------
[2023-01-22 09:30:31,373] {taskinstance.py:1259} INFO - Executing <Task(BashOperator): download_dataset_task> on 2023-01-22 09:30:29.286601+00:00
[2023-01-22 09:30:31,382] {standard_task_runner.py:52} INFO - Started process 206 to run task
[2023-01-22 09:30:31,390] {standard_task_runner.py:76} INFO - Running: ['***', 'tasks', 'run', 'data_ingestion_gcs_dag', 'download_dataset_task', 'manual__2023-01-22T09:30:29.286601+00:00', '--job-id', '31', '--raw', '--subdir', 'DAGS_FOLDER/data_ingestion_gcs_dag.py', '--cfg-path', '/tmp/tmpz2f56rw8', '--error-file', '/tmp/tmpzjs81pj3']
[2023-01-22 09:30:31,392] {standard_task_runner.py:77} INFO - Job 31: Subtask download_dataset_task
[2023-01-22 09:30:31,481] {logging_mixin.py:109} INFO - Running <TaskInstance: data_ingestion_gcs_dag.download_dataset_task manual__2023-01-22T09:30:29.286601+00:00 [running]> on host 782ecd0cb088
[2023-01-22 09:30:31,562] {taskinstance.py:1426} INFO - Exporting the following env vars:
AIRFLOW_CTX_DAG_OWNER=***
AIRFLOW_CTX_DAG_ID=data_ingestion_gcs_dag
AIRFLOW_CTX_TASK_ID=download_dataset_task
AIRFLOW_CTX_EXECUTION_DATE=2023-01-22T09:30:29.286601+00:00
AIRFLOW_CTX_DAG_RUN_ID=manual__2023-01-22T09:30:29.286601+00:00
[2023-01-22 09:30:31,566] {subprocess.py:62} INFO - Tmp dir root location: 
 /tmp
[2023-01-22 09:30:31,568] {subprocess.py:74} INFO - Running command: ['bash', '-c', 'curl -sSL https://s3.amazonaws.com/nyc-tlc/trip+data/yellow_tripdata_2021-01.csv > /opt/***/yellow_tripdata_2021-01.csv']
[2023-01-22 09:30:31,581] {subprocess.py:85} INFO - Output:
[2023-01-22 09:30:32,843] {subprocess.py:93} INFO - Command exited with return code 0
[2023-01-22 09:30:32,887] {taskinstance.py:1277} INFO - Marking task as SUCCESS. dag_id=data_ingestion_gcs_dag, task_id=download_dataset_task, execution_date=20230122T093029, start_date=20230122T093031, end_date=20230122T093032
[2023-01-22 09:30:32,949] {local_task_job.py:154} INFO - Task exited with return code 0
[2023-01-22 09:30:33,002] {local_task_job.py:264} INFO - 1 downstream tasks scheduled from follow-on schedule check
