[2023-01-28 01:09:41,437] {taskinstance.py:1032} INFO - Dependencies all met for <TaskInstance: data_ingestion_gcs_dag.download_dataset_task scheduled__2019-10-01T00:00:00+00:00 [queued]>
[2023-01-28 01:09:41,447] {taskinstance.py:1032} INFO - Dependencies all met for <TaskInstance: data_ingestion_gcs_dag.download_dataset_task scheduled__2019-10-01T00:00:00+00:00 [queued]>
[2023-01-28 01:09:41,448] {taskinstance.py:1238} INFO - 
--------------------------------------------------------------------------------
[2023-01-28 01:09:41,449] {taskinstance.py:1239} INFO - Starting attempt 1 of 2
[2023-01-28 01:09:41,449] {taskinstance.py:1240} INFO - 
--------------------------------------------------------------------------------
[2023-01-28 01:09:41,463] {taskinstance.py:1259} INFO - Executing <Task(BashOperator): download_dataset_task> on 2019-10-01 00:00:00+00:00
[2023-01-28 01:09:41,468] {standard_task_runner.py:52} INFO - Started process 2518 to run task
[2023-01-28 01:09:41,472] {standard_task_runner.py:76} INFO - Running: ['***', 'tasks', 'run', 'data_ingestion_gcs_dag', 'download_dataset_task', 'scheduled__2019-10-01T00:00:00+00:00', '--job-id', '99', '--raw', '--subdir', 'DAGS_FOLDER/data_ingestion_gcs_dag.py', '--cfg-path', '/tmp/tmpsrdrbrcr', '--error-file', '/tmp/tmpou6h8h2c']
[2023-01-28 01:09:41,474] {standard_task_runner.py:77} INFO - Job 99: Subtask download_dataset_task
[2023-01-28 01:09:41,570] {logging_mixin.py:109} INFO - Running <TaskInstance: data_ingestion_gcs_dag.download_dataset_task scheduled__2019-10-01T00:00:00+00:00 [running]> on host adbf820de9e6
[2023-01-28 01:09:41,620] {logging_mixin.py:109} WARNING - /home/***/.local/lib/python3.7/site-packages/***/utils/context.py:152 AirflowContextDeprecationWarning: Accessing 'execution_date' from the template is deprecated and will be removed in a future version. Please use 'data_interval_start' or 'logical_date' instead.
[2023-01-28 01:09:41,639] {taskinstance.py:1426} INFO - Exporting the following env vars:
AIRFLOW_CTX_DAG_OWNER=***
AIRFLOW_CTX_DAG_ID=data_ingestion_gcs_dag
AIRFLOW_CTX_TASK_ID=download_dataset_task
AIRFLOW_CTX_EXECUTION_DATE=2019-10-01T00:00:00+00:00
AIRFLOW_CTX_DAG_RUN_ID=scheduled__2019-10-01T00:00:00+00:00
[2023-01-28 01:09:41,641] {subprocess.py:62} INFO - Tmp dir root location: 
 /tmp
[2023-01-28 01:09:41,643] {subprocess.py:74} INFO - Running command: ['bash', '-c', 'curl -sSL https://d37ci6vzurychx.cloudfront.net/trip-data/yellow_tripdata_2019-10.parquet > /opt/***/yellow_tripdata_2019-10.parquet']
[2023-01-28 01:09:41,655] {subprocess.py:85} INFO - Output:
[2023-01-28 01:10:14,883] {subprocess.py:93} INFO - Command exited with return code 0
[2023-01-28 01:10:14,934] {taskinstance.py:1277} INFO - Marking task as SUCCESS. dag_id=data_ingestion_gcs_dag, task_id=download_dataset_task, execution_date=20191001T000000, start_date=20230128T010941, end_date=20230128T011014
[2023-01-28 01:10:14,981] {local_task_job.py:154} INFO - Task exited with return code 0
[2023-01-28 01:10:15,020] {local_task_job.py:264} INFO - 1 downstream tasks scheduled from follow-on schedule check
[2023-01-29 12:46:09,268] {taskinstance.py:1032} INFO - Dependencies all met for <TaskInstance: data_ingestion_gcs_dag.download_dataset_task scheduled__2019-10-01T00:00:00+00:00 [queued]>
[2023-01-29 12:46:09,280] {taskinstance.py:1032} INFO - Dependencies all met for <TaskInstance: data_ingestion_gcs_dag.download_dataset_task scheduled__2019-10-01T00:00:00+00:00 [queued]>
[2023-01-29 12:46:09,281] {taskinstance.py:1238} INFO - 
--------------------------------------------------------------------------------
[2023-01-29 12:46:09,282] {taskinstance.py:1239} INFO - Starting attempt 1 of 2
[2023-01-29 12:46:09,282] {taskinstance.py:1240} INFO - 
--------------------------------------------------------------------------------
[2023-01-29 12:46:09,293] {taskinstance.py:1259} INFO - Executing <Task(BashOperator): download_dataset_task> on 2019-10-01 00:00:00+00:00
[2023-01-29 12:46:09,298] {standard_task_runner.py:52} INFO - Started process 7572 to run task
[2023-01-29 12:46:09,302] {standard_task_runner.py:76} INFO - Running: ['***', 'tasks', 'run', 'data_ingestion_gcs_dag', 'download_dataset_task', 'scheduled__2019-10-01T00:00:00+00:00', '--job-id', '419', '--raw', '--subdir', 'DAGS_FOLDER/data_ingestion_gcs_dag.py', '--cfg-path', '/tmp/tmpm8t_cugv', '--error-file', '/tmp/tmp9ex1x6mn']
[2023-01-29 12:46:09,304] {standard_task_runner.py:77} INFO - Job 419: Subtask download_dataset_task
[2023-01-29 12:46:09,377] {logging_mixin.py:109} INFO - Running <TaskInstance: data_ingestion_gcs_dag.download_dataset_task scheduled__2019-10-01T00:00:00+00:00 [running]> on host 2530f37057aa
[2023-01-29 12:46:09,434] {logging_mixin.py:109} WARNING - /home/***/.local/lib/python3.7/site-packages/***/utils/context.py:152 AirflowContextDeprecationWarning: Accessing 'execution_date' from the template is deprecated and will be removed in a future version. Please use 'data_interval_start' or 'logical_date' instead.
[2023-01-29 12:46:09,458] {taskinstance.py:1426} INFO - Exporting the following env vars:
AIRFLOW_CTX_DAG_OWNER=***
AIRFLOW_CTX_DAG_ID=data_ingestion_gcs_dag
AIRFLOW_CTX_TASK_ID=download_dataset_task
AIRFLOW_CTX_EXECUTION_DATE=2019-10-01T00:00:00+00:00
AIRFLOW_CTX_DAG_RUN_ID=scheduled__2019-10-01T00:00:00+00:00
[2023-01-29 12:46:09,461] {subprocess.py:62} INFO - Tmp dir root location: 
 /tmp
[2023-01-29 12:46:09,463] {subprocess.py:74} INFO - Running command: ['bash', '-c', 'curl -sSL https://d37ci6vzurychx.cloudfront.net/trip-data/fhv_tripdata_2019-10.parquet > /opt/***/fhv_tripdata_2019-10.parquet']
[2023-01-29 12:46:09,477] {subprocess.py:85} INFO - Output:
[2023-01-29 12:46:13,953] {subprocess.py:93} INFO - Command exited with return code 0
[2023-01-29 12:46:13,979] {taskinstance.py:1277} INFO - Marking task as SUCCESS. dag_id=data_ingestion_gcs_dag, task_id=download_dataset_task, execution_date=20191001T000000, start_date=20230129T124609, end_date=20230129T124613
[2023-01-29 12:46:14,037] {local_task_job.py:154} INFO - Task exited with return code 0
[2023-01-29 12:46:14,082] {local_task_job.py:264} INFO - 1 downstream tasks scheduled from follow-on schedule check
