[2023-01-28 04:32:31,139] {taskinstance.py:1032} INFO - Dependencies all met for <TaskInstance: data_ingestion_fhv_dag.download_dataset_task scheduled__2019-06-01T00:00:00+00:00 [queued]>
[2023-01-28 04:32:31,152] {taskinstance.py:1032} INFO - Dependencies all met for <TaskInstance: data_ingestion_fhv_dag.download_dataset_task scheduled__2019-06-01T00:00:00+00:00 [queued]>
[2023-01-28 04:32:31,153] {taskinstance.py:1238} INFO - 
--------------------------------------------------------------------------------
[2023-01-28 04:32:31,154] {taskinstance.py:1239} INFO - Starting attempt 2 of 3
[2023-01-28 04:32:31,155] {taskinstance.py:1240} INFO - 
--------------------------------------------------------------------------------
[2023-01-28 04:32:31,170] {taskinstance.py:1259} INFO - Executing <Task(BashOperator): download_dataset_task> on 2019-06-01 00:00:00+00:00
[2023-01-28 04:32:31,176] {standard_task_runner.py:52} INFO - Started process 26498 to run task
[2023-01-28 04:32:31,181] {standard_task_runner.py:76} INFO - Running: ['***', 'tasks', 'run', 'data_ingestion_fhv_dag', 'download_dataset_task', 'scheduled__2019-06-01T00:00:00+00:00', '--job-id', '215', '--raw', '--subdir', 'DAGS_FOLDER/data_ingestion_fhv_dag.py', '--cfg-path', '/tmp/tmpvwqu4g3p', '--error-file', '/tmp/tmpcnn5fpm6']
[2023-01-28 04:32:31,183] {standard_task_runner.py:77} INFO - Job 215: Subtask download_dataset_task
[2023-01-28 04:32:31,268] {logging_mixin.py:109} INFO - Running <TaskInstance: data_ingestion_fhv_dag.download_dataset_task scheduled__2019-06-01T00:00:00+00:00 [running]> on host adbf820de9e6
[2023-01-28 04:32:31,324] {logging_mixin.py:109} WARNING - /home/***/.local/lib/python3.7/site-packages/***/utils/context.py:152 AirflowContextDeprecationWarning: Accessing 'execution_date' from the template is deprecated and will be removed in a future version. Please use 'data_interval_start' or 'logical_date' instead.
[2023-01-28 04:32:31,345] {taskinstance.py:1426} INFO - Exporting the following env vars:
AIRFLOW_CTX_DAG_OWNER=***
AIRFLOW_CTX_DAG_ID=data_ingestion_fhv_dag
AIRFLOW_CTX_TASK_ID=download_dataset_task
AIRFLOW_CTX_EXECUTION_DATE=2019-06-01T00:00:00+00:00
AIRFLOW_CTX_DAG_RUN_ID=scheduled__2019-06-01T00:00:00+00:00
[2023-01-28 04:32:31,346] {subprocess.py:62} INFO - Tmp dir root location: 
 /tmp
[2023-01-28 04:32:31,348] {subprocess.py:74} INFO - Running command: ['bash', '-c', 'curl -sSLf https://d37ci6vzurychx.cloudfront.net/trip-data/fhv_tripdata_2019-06.parquet > /opt/***/fhv_tripdata_2019-06.parquet']
[2023-01-28 04:32:31,360] {subprocess.py:85} INFO - Output:
[2023-01-28 04:32:41,577] {subprocess.py:93} INFO - Command exited with return code 0
[2023-01-28 04:32:41,633] {taskinstance.py:1277} INFO - Marking task as SUCCESS. dag_id=data_ingestion_fhv_dag, task_id=download_dataset_task, execution_date=20190601T000000, start_date=20230128T043231, end_date=20230128T043241
[2023-01-28 04:32:41,706] {local_task_job.py:154} INFO - Task exited with return code 0
[2023-01-28 04:32:41,762] {local_task_job.py:264} INFO - 1 downstream tasks scheduled from follow-on schedule check
