[2023-01-28 01:09:14,096] {taskinstance.py:1032} INFO - Dependencies all met for <TaskInstance: data_ingestion_gcs_dag.download_dataset_task scheduled__2019-09-01T00:00:00+00:00 [queued]>
[2023-01-28 01:09:14,106] {taskinstance.py:1032} INFO - Dependencies all met for <TaskInstance: data_ingestion_gcs_dag.download_dataset_task scheduled__2019-09-01T00:00:00+00:00 [queued]>
[2023-01-28 01:09:14,107] {taskinstance.py:1238} INFO - 
--------------------------------------------------------------------------------
[2023-01-28 01:09:14,108] {taskinstance.py:1239} INFO - Starting attempt 1 of 2
[2023-01-28 01:09:14,108] {taskinstance.py:1240} INFO - 
--------------------------------------------------------------------------------
[2023-01-28 01:09:14,119] {taskinstance.py:1259} INFO - Executing <Task(BashOperator): download_dataset_task> on 2019-09-01 00:00:00+00:00
[2023-01-28 01:09:14,124] {standard_task_runner.py:52} INFO - Started process 2435 to run task
[2023-01-28 01:09:14,127] {standard_task_runner.py:76} INFO - Running: ['***', 'tasks', 'run', 'data_ingestion_gcs_dag', 'download_dataset_task', 'scheduled__2019-09-01T00:00:00+00:00', '--job-id', '95', '--raw', '--subdir', 'DAGS_FOLDER/data_ingestion_gcs_dag.py', '--cfg-path', '/tmp/tmp3p3z2_6p', '--error-file', '/tmp/tmp8xpwl5jq']
[2023-01-28 01:09:14,129] {standard_task_runner.py:77} INFO - Job 95: Subtask download_dataset_task
[2023-01-28 01:09:14,187] {logging_mixin.py:109} INFO - Running <TaskInstance: data_ingestion_gcs_dag.download_dataset_task scheduled__2019-09-01T00:00:00+00:00 [running]> on host adbf820de9e6
[2023-01-28 01:09:14,230] {logging_mixin.py:109} WARNING - /home/***/.local/lib/python3.7/site-packages/***/utils/context.py:152 AirflowContextDeprecationWarning: Accessing 'execution_date' from the template is deprecated and will be removed in a future version. Please use 'data_interval_start' or 'logical_date' instead.
[2023-01-28 01:09:14,248] {taskinstance.py:1426} INFO - Exporting the following env vars:
AIRFLOW_CTX_DAG_OWNER=***
AIRFLOW_CTX_DAG_ID=data_ingestion_gcs_dag
AIRFLOW_CTX_TASK_ID=download_dataset_task
AIRFLOW_CTX_EXECUTION_DATE=2019-09-01T00:00:00+00:00
AIRFLOW_CTX_DAG_RUN_ID=scheduled__2019-09-01T00:00:00+00:00
[2023-01-28 01:09:14,250] {subprocess.py:62} INFO - Tmp dir root location: 
 /tmp
[2023-01-28 01:09:14,251] {subprocess.py:74} INFO - Running command: ['bash', '-c', 'curl -sSL https://d37ci6vzurychx.cloudfront.net/trip-data/yellow_tripdata_2019-09.parquet > /opt/***/yellow_tripdata_2019-09.parquet']
[2023-01-28 01:09:14,263] {subprocess.py:85} INFO - Output:
[2023-01-28 01:09:31,680] {subprocess.py:93} INFO - Command exited with return code 0
[2023-01-28 01:09:31,714] {taskinstance.py:1277} INFO - Marking task as SUCCESS. dag_id=data_ingestion_gcs_dag, task_id=download_dataset_task, execution_date=20190901T000000, start_date=20230128T010914, end_date=20230128T010931
[2023-01-28 01:09:31,765] {local_task_job.py:154} INFO - Task exited with return code 0
[2023-01-28 01:09:31,802] {local_task_job.py:264} INFO - 1 downstream tasks scheduled from follow-on schedule check
[2023-01-29 12:45:38,682] {taskinstance.py:1032} INFO - Dependencies all met for <TaskInstance: data_ingestion_gcs_dag.download_dataset_task scheduled__2019-09-01T00:00:00+00:00 [queued]>
[2023-01-29 12:45:38,694] {taskinstance.py:1032} INFO - Dependencies all met for <TaskInstance: data_ingestion_gcs_dag.download_dataset_task scheduled__2019-09-01T00:00:00+00:00 [queued]>
[2023-01-29 12:45:38,695] {taskinstance.py:1238} INFO - 
--------------------------------------------------------------------------------
[2023-01-29 12:45:38,695] {taskinstance.py:1239} INFO - Starting attempt 1 of 2
[2023-01-29 12:45:38,696] {taskinstance.py:1240} INFO - 
--------------------------------------------------------------------------------
[2023-01-29 12:45:38,707] {taskinstance.py:1259} INFO - Executing <Task(BashOperator): download_dataset_task> on 2019-09-01 00:00:00+00:00
[2023-01-29 12:45:38,712] {standard_task_runner.py:52} INFO - Started process 7468 to run task
[2023-01-29 12:45:38,716] {standard_task_runner.py:76} INFO - Running: ['***', 'tasks', 'run', 'data_ingestion_gcs_dag', 'download_dataset_task', 'scheduled__2019-09-01T00:00:00+00:00', '--job-id', '415', '--raw', '--subdir', 'DAGS_FOLDER/data_ingestion_gcs_dag.py', '--cfg-path', '/tmp/tmpp5oqn7ei', '--error-file', '/tmp/tmpquzfl3hm']
[2023-01-29 12:45:38,717] {standard_task_runner.py:77} INFO - Job 415: Subtask download_dataset_task
[2023-01-29 12:45:38,774] {logging_mixin.py:109} INFO - Running <TaskInstance: data_ingestion_gcs_dag.download_dataset_task scheduled__2019-09-01T00:00:00+00:00 [running]> on host 2530f37057aa
[2023-01-29 12:45:38,819] {logging_mixin.py:109} WARNING - /home/***/.local/lib/python3.7/site-packages/***/utils/context.py:152 AirflowContextDeprecationWarning: Accessing 'execution_date' from the template is deprecated and will be removed in a future version. Please use 'data_interval_start' or 'logical_date' instead.
[2023-01-29 12:45:38,838] {taskinstance.py:1426} INFO - Exporting the following env vars:
AIRFLOW_CTX_DAG_OWNER=***
AIRFLOW_CTX_DAG_ID=data_ingestion_gcs_dag
AIRFLOW_CTX_TASK_ID=download_dataset_task
AIRFLOW_CTX_EXECUTION_DATE=2019-09-01T00:00:00+00:00
AIRFLOW_CTX_DAG_RUN_ID=scheduled__2019-09-01T00:00:00+00:00
[2023-01-29 12:45:38,840] {subprocess.py:62} INFO - Tmp dir root location: 
 /tmp
[2023-01-29 12:45:38,841] {subprocess.py:74} INFO - Running command: ['bash', '-c', 'curl -sSL https://d37ci6vzurychx.cloudfront.net/trip-data/fhv_tripdata_2019-09.parquet > /opt/***/fhv_tripdata_2019-09.parquet']
[2023-01-29 12:45:38,852] {subprocess.py:85} INFO - Output:
[2023-01-29 12:45:42,177] {subprocess.py:93} INFO - Command exited with return code 0
[2023-01-29 12:45:42,200] {taskinstance.py:1277} INFO - Marking task as SUCCESS. dag_id=data_ingestion_gcs_dag, task_id=download_dataset_task, execution_date=20190901T000000, start_date=20230129T124538, end_date=20230129T124542
[2023-01-29 12:45:42,230] {local_task_job.py:154} INFO - Task exited with return code 0
[2023-01-29 12:45:42,266] {local_task_job.py:264} INFO - 1 downstream tasks scheduled from follow-on schedule check
