[2023-01-22 13:22:35,332] {taskinstance.py:1032} INFO - Dependencies all met for <TaskInstance: data_ingestion_gcs_dag.bigquery_external_table_task manual__2023-01-22T13:20:30.963138+00:00 [queued]>
[2023-01-22 13:22:35,374] {taskinstance.py:1032} INFO - Dependencies all met for <TaskInstance: data_ingestion_gcs_dag.bigquery_external_table_task manual__2023-01-22T13:20:30.963138+00:00 [queued]>
[2023-01-22 13:22:35,383] {taskinstance.py:1238} INFO - 
--------------------------------------------------------------------------------
[2023-01-22 13:22:35,390] {taskinstance.py:1239} INFO - Starting attempt 1 of 2
[2023-01-22 13:22:35,393] {taskinstance.py:1240} INFO - 
--------------------------------------------------------------------------------
[2023-01-22 13:22:35,432] {taskinstance.py:1259} INFO - Executing <Task(BigQueryCreateExternalTableOperator): bigquery_external_table_task> on 2023-01-22 13:20:30.963138+00:00
[2023-01-22 13:22:35,461] {standard_task_runner.py:52} INFO - Started process 4009 to run task
[2023-01-22 13:22:35,482] {standard_task_runner.py:76} INFO - Running: ['***', 'tasks', 'run', 'data_ingestion_gcs_dag', 'bigquery_external_table_task', 'manual__2023-01-22T13:20:30.963138+00:00', '--job-id', '53', '--raw', '--subdir', 'DAGS_FOLDER/data_ingestion_gcs_dag.py', '--cfg-path', '/tmp/tmp1abqmf04', '--error-file', '/tmp/tmp1ndasvid']
[2023-01-22 13:22:35,484] {standard_task_runner.py:77} INFO - Job 53: Subtask bigquery_external_table_task
[2023-01-22 13:22:35,593] {logging_mixin.py:109} INFO - Running <TaskInstance: data_ingestion_gcs_dag.bigquery_external_table_task manual__2023-01-22T13:20:30.963138+00:00 [running]> on host a0e75fa915af
[2023-01-22 13:22:35,684] {taskinstance.py:1426} INFO - Exporting the following env vars:
AIRFLOW_CTX_DAG_OWNER=***
AIRFLOW_CTX_DAG_ID=data_ingestion_gcs_dag
AIRFLOW_CTX_TASK_ID=bigquery_external_table_task
AIRFLOW_CTX_EXECUTION_DATE=2023-01-22T13:20:30.963138+00:00
AIRFLOW_CTX_DAG_RUN_ID=manual__2023-01-22T13:20:30.963138+00:00
[2023-01-22 13:22:35,688] {crypto.py:82} WARNING - empty cryptography key - values will not be stored encrypted.
[2023-01-22 13:22:36,868] {taskinstance.py:1277} INFO - Marking task as SUCCESS. dag_id=data_ingestion_gcs_dag, task_id=bigquery_external_table_task, execution_date=20230122T132030, start_date=20230122T132235, end_date=20230122T132236
[2023-01-22 13:22:36,977] {local_task_job.py:154} INFO - Task exited with return code 0
[2023-01-22 13:22:37,316] {local_task_job.py:264} INFO - 0 downstream tasks scheduled from follow-on schedule check
