[2023-01-28 04:32:44,437] {taskinstance.py:1032} INFO - Dependencies all met for <TaskInstance: data_ingestion_fhv_dag.local_to_gcs_task scheduled__2019-06-01T00:00:00+00:00 [queued]>
[2023-01-28 04:32:44,458] {taskinstance.py:1032} INFO - Dependencies all met for <TaskInstance: data_ingestion_fhv_dag.local_to_gcs_task scheduled__2019-06-01T00:00:00+00:00 [queued]>
[2023-01-28 04:32:44,459] {taskinstance.py:1238} INFO - 
--------------------------------------------------------------------------------
[2023-01-28 04:32:44,461] {taskinstance.py:1239} INFO - Starting attempt 2 of 3
[2023-01-28 04:32:44,462] {taskinstance.py:1240} INFO - 
--------------------------------------------------------------------------------
[2023-01-28 04:32:44,484] {taskinstance.py:1259} INFO - Executing <Task(PythonOperator): local_to_gcs_task> on 2019-06-01 00:00:00+00:00
[2023-01-28 04:32:44,494] {standard_task_runner.py:52} INFO - Started process 26556 to run task
[2023-01-28 04:32:44,502] {standard_task_runner.py:76} INFO - Running: ['***', 'tasks', 'run', 'data_ingestion_fhv_dag', 'local_to_gcs_task', 'scheduled__2019-06-01T00:00:00+00:00', '--job-id', '220', '--raw', '--subdir', 'DAGS_FOLDER/data_ingestion_fhv_dag.py', '--cfg-path', '/tmp/tmp7182umin', '--error-file', '/tmp/tmpaujlvli3']
[2023-01-28 04:32:44,506] {standard_task_runner.py:77} INFO - Job 220: Subtask local_to_gcs_task
[2023-01-28 04:32:44,647] {logging_mixin.py:109} INFO - Running <TaskInstance: data_ingestion_fhv_dag.local_to_gcs_task scheduled__2019-06-01T00:00:00+00:00 [running]> on host adbf820de9e6
[2023-01-28 04:32:44,728] {logging_mixin.py:109} WARNING - /home/***/.local/lib/python3.7/site-packages/***/utils/context.py:152 AirflowContextDeprecationWarning: Accessing 'execution_date' from the template is deprecated and will be removed in a future version. Please use 'data_interval_start' or 'logical_date' instead.
[2023-01-28 04:32:44,770] {taskinstance.py:1426} INFO - Exporting the following env vars:
AIRFLOW_CTX_DAG_OWNER=***
AIRFLOW_CTX_DAG_ID=data_ingestion_fhv_dag
AIRFLOW_CTX_TASK_ID=local_to_gcs_task
AIRFLOW_CTX_EXECUTION_DATE=2019-06-01T00:00:00+00:00
AIRFLOW_CTX_DAG_RUN_ID=scheduled__2019-06-01T00:00:00+00:00
[2023-01-28 04:33:14,021] {python.py:175} INFO - Done. Returned value was: None
[2023-01-28 04:33:14,039] {taskinstance.py:1277} INFO - Marking task as SUCCESS. dag_id=data_ingestion_fhv_dag, task_id=local_to_gcs_task, execution_date=20190601T000000, start_date=20230128T043244, end_date=20230128T043314
[2023-01-28 04:33:14,106] {local_task_job.py:154} INFO - Task exited with return code 0
[2023-01-28 04:33:14,144] {local_task_job.py:264} INFO - 1 downstream tasks scheduled from follow-on schedule check
