[2023-01-27 22:47:25,028] {taskinstance.py:1032} INFO - Dependencies all met for <TaskInstance: data_ingestion_gcs_dag.bigquery_external_table_task scheduled__2023-01-26T00:00:00+00:00 [queued]>
[2023-01-27 22:47:25,042] {taskinstance.py:1032} INFO - Dependencies all met for <TaskInstance: data_ingestion_gcs_dag.bigquery_external_table_task scheduled__2023-01-26T00:00:00+00:00 [queued]>
[2023-01-27 22:47:25,044] {taskinstance.py:1238} INFO - 
--------------------------------------------------------------------------------
[2023-01-27 22:47:25,045] {taskinstance.py:1239} INFO - Starting attempt 1 of 2
[2023-01-27 22:47:25,046] {taskinstance.py:1240} INFO - 
--------------------------------------------------------------------------------
[2023-01-27 22:47:25,062] {taskinstance.py:1259} INFO - Executing <Task(BigQueryCreateExternalTableOperator): bigquery_external_table_task> on 2023-01-26 00:00:00+00:00
[2023-01-27 22:47:25,069] {standard_task_runner.py:52} INFO - Started process 614 to run task
[2023-01-27 22:47:25,074] {standard_task_runner.py:76} INFO - Running: ['***', 'tasks', 'run', 'data_ingestion_gcs_dag', 'bigquery_external_table_task', 'scheduled__2023-01-26T00:00:00+00:00', '--job-id', '5', '--raw', '--subdir', 'DAGS_FOLDER/data_ingestion_gcs_dag.py', '--cfg-path', '/tmp/tmpp3l8gvwn', '--error-file', '/tmp/tmpli13zdjm']
[2023-01-27 22:47:25,076] {standard_task_runner.py:77} INFO - Job 5: Subtask bigquery_external_table_task
[2023-01-27 22:47:25,148] {logging_mixin.py:109} INFO - Running <TaskInstance: data_ingestion_gcs_dag.bigquery_external_table_task scheduled__2023-01-26T00:00:00+00:00 [running]> on host 5bfe79d65a6d
[2023-01-27 22:47:25,221] {taskinstance.py:1426} INFO - Exporting the following env vars:
AIRFLOW_CTX_DAG_OWNER=***
AIRFLOW_CTX_DAG_ID=data_ingestion_gcs_dag
AIRFLOW_CTX_TASK_ID=bigquery_external_table_task
AIRFLOW_CTX_EXECUTION_DATE=2023-01-26T00:00:00+00:00
AIRFLOW_CTX_DAG_RUN_ID=scheduled__2023-01-26T00:00:00+00:00
[2023-01-27 22:47:25,225] {crypto.py:82} WARNING - empty cryptography key - values will not be stored encrypted.
[2023-01-27 22:47:26,464] {taskinstance.py:1277} INFO - Marking task as SUCCESS. dag_id=data_ingestion_gcs_dag, task_id=bigquery_external_table_task, execution_date=20230126T000000, start_date=20230127T224725, end_date=20230127T224726
[2023-01-27 22:47:26,524] {local_task_job.py:154} INFO - Task exited with return code 0
[2023-01-27 22:47:26,563] {local_task_job.py:264} INFO - 0 downstream tasks scheduled from follow-on schedule check
