[2023-01-24 11:43:09,968] {taskinstance.py:1032} INFO - Dependencies all met for <TaskInstance: data_ingestion_zone_dag.download_dataset_task manual__2023-01-24T11:25:53.842431+00:00 [queued]>
[2023-01-24 11:43:09,986] {taskinstance.py:1032} INFO - Dependencies all met for <TaskInstance: data_ingestion_zone_dag.download_dataset_task manual__2023-01-24T11:25:53.842431+00:00 [queued]>
[2023-01-24 11:43:09,986] {taskinstance.py:1238} INFO - 
--------------------------------------------------------------------------------
[2023-01-24 11:43:09,986] {taskinstance.py:1239} INFO - Starting attempt 4 of 5
[2023-01-24 11:43:09,986] {taskinstance.py:1240} INFO - 
--------------------------------------------------------------------------------
[2023-01-24 11:43:10,009] {taskinstance.py:1259} INFO - Executing <Task(BashOperator): download_dataset_task> on 2023-01-24 11:25:53.842431+00:00
[2023-01-24 11:43:10,016] {standard_task_runner.py:52} INFO - Started process 5950 to run task
[2023-01-24 11:43:10,023] {standard_task_runner.py:76} INFO - Running: ['***', 'tasks', 'run', 'data_ingestion_zone_dag', 'download_dataset_task', 'manual__2023-01-24T11:25:53.842431+00:00', '--job-id', '178', '--raw', '--subdir', 'DAGS_FOLDER/data_ingestion_zone_dag.py', '--cfg-path', '/tmp/tmprodmx1tl', '--error-file', '/tmp/tmpvkpv591s']
[2023-01-24 11:43:10,025] {standard_task_runner.py:77} INFO - Job 178: Subtask download_dataset_task
[2023-01-24 11:43:10,108] {logging_mixin.py:109} INFO - Running <TaskInstance: data_ingestion_zone_dag.download_dataset_task manual__2023-01-24T11:25:53.842431+00:00 [running]> on host 07340d4b95ab
[2023-01-24 11:43:10,189] {taskinstance.py:1426} INFO - Exporting the following env vars:
AIRFLOW_CTX_DAG_OWNER=***
AIRFLOW_CTX_DAG_ID=data_ingestion_zone_dag
AIRFLOW_CTX_TASK_ID=download_dataset_task
AIRFLOW_CTX_EXECUTION_DATE=2023-01-24T11:25:53.842431+00:00
AIRFLOW_CTX_DAG_RUN_ID=manual__2023-01-24T11:25:53.842431+00:00
[2023-01-24 11:43:10,191] {subprocess.py:62} INFO - Tmp dir root location: 
 /tmp
[2023-01-24 11:43:10,192] {subprocess.py:74} INFO - Running command: ['bash', '-c', 'curl -sSL https://d37ci6vzurychx.cloudfront.net/misc/taxi+_zone_lookup.csv > /opt/***/taxi+_zone_lookup.csv']
[2023-01-24 11:43:10,208] {subprocess.py:85} INFO - Output:
[2023-01-24 11:43:10,658] {subprocess.py:93} INFO - Command exited with return code 0
[2023-01-24 11:43:10,706] {taskinstance.py:1277} INFO - Marking task as SUCCESS. dag_id=data_ingestion_zone_dag, task_id=download_dataset_task, execution_date=20230124T112553, start_date=20230124T114309, end_date=20230124T114310
[2023-01-24 11:43:10,757] {local_task_job.py:154} INFO - Task exited with return code 0
[2023-01-24 11:43:10,805] {local_task_job.py:264} INFO - 1 downstream tasks scheduled from follow-on schedule check
