[2023-01-28 04:33:13,288] {taskinstance.py:1032} INFO - Dependencies all met for <TaskInstance: data_ingestion_fhv_dag.bq_fhv_external_table_task scheduled__2019-05-01T00:00:00+00:00 [queued]>
[2023-01-28 04:33:13,302] {taskinstance.py:1032} INFO - Dependencies all met for <TaskInstance: data_ingestion_fhv_dag.bq_fhv_external_table_task scheduled__2019-05-01T00:00:00+00:00 [queued]>
[2023-01-28 04:33:13,303] {taskinstance.py:1238} INFO - 
--------------------------------------------------------------------------------
[2023-01-28 04:33:13,305] {taskinstance.py:1239} INFO - Starting attempt 1 of 2
[2023-01-28 04:33:13,306] {taskinstance.py:1240} INFO - 
--------------------------------------------------------------------------------
[2023-01-28 04:33:13,321] {taskinstance.py:1259} INFO - Executing <Task(BigQueryCreateExternalTableOperator): bq_fhv_external_table_task> on 2019-05-01 00:00:00+00:00
[2023-01-28 04:33:13,328] {standard_task_runner.py:52} INFO - Started process 26631 to run task
[2023-01-28 04:33:13,332] {standard_task_runner.py:76} INFO - Running: ['***', 'tasks', 'run', 'data_ingestion_fhv_dag', 'bq_fhv_external_table_task', 'scheduled__2019-05-01T00:00:00+00:00', '--job-id', '223', '--raw', '--subdir', 'DAGS_FOLDER/data_ingestion_fhv_dag.py', '--cfg-path', '/tmp/tmp1hozxks2', '--error-file', '/tmp/tmpjer4l49e']
[2023-01-28 04:33:13,334] {standard_task_runner.py:77} INFO - Job 223: Subtask bq_fhv_external_table_task
[2023-01-28 04:33:13,411] {logging_mixin.py:109} INFO - Running <TaskInstance: data_ingestion_fhv_dag.bq_fhv_external_table_task scheduled__2019-05-01T00:00:00+00:00 [running]> on host adbf820de9e6
[2023-01-28 04:33:13,478] {logging_mixin.py:109} WARNING - /home/***/.local/lib/python3.7/site-packages/***/utils/context.py:152 AirflowContextDeprecationWarning: Accessing 'execution_date' from the template is deprecated and will be removed in a future version. Please use 'data_interval_start' or 'logical_date' instead.
[2023-01-28 04:33:13,511] {taskinstance.py:1426} INFO - Exporting the following env vars:
AIRFLOW_CTX_DAG_OWNER=***
AIRFLOW_CTX_DAG_ID=data_ingestion_fhv_dag
AIRFLOW_CTX_TASK_ID=bq_fhv_external_table_task
AIRFLOW_CTX_EXECUTION_DATE=2019-05-01T00:00:00+00:00
AIRFLOW_CTX_DAG_RUN_ID=scheduled__2019-05-01T00:00:00+00:00
[2023-01-28 04:33:13,514] {crypto.py:82} WARNING - empty cryptography key - values will not be stored encrypted.
[2023-01-28 04:33:14,696] {taskinstance.py:1277} INFO - Marking task as SUCCESS. dag_id=data_ingestion_fhv_dag, task_id=bq_fhv_external_table_task, execution_date=20190501T000000, start_date=20230128T043313, end_date=20230128T043314
[2023-01-28 04:33:14,727] {local_task_job.py:154} INFO - Task exited with return code 0
[2023-01-28 04:33:14,762] {local_task_job.py:264} INFO - 0 downstream tasks scheduled from follow-on schedule check
[2023-01-29 13:26:18,127] {taskinstance.py:1032} INFO - Dependencies all met for <TaskInstance: data_ingestion_fhv_dag.bq_fhv_external_table_task scheduled__2019-05-01T00:00:00+00:00 [queued]>
[2023-01-29 13:26:18,140] {taskinstance.py:1032} INFO - Dependencies all met for <TaskInstance: data_ingestion_fhv_dag.bq_fhv_external_table_task scheduled__2019-05-01T00:00:00+00:00 [queued]>
[2023-01-29 13:26:18,141] {taskinstance.py:1238} INFO - 
--------------------------------------------------------------------------------
[2023-01-29 13:26:18,142] {taskinstance.py:1239} INFO - Starting attempt 1 of 2
[2023-01-29 13:26:18,142] {taskinstance.py:1240} INFO - 
--------------------------------------------------------------------------------
[2023-01-29 13:26:18,154] {taskinstance.py:1259} INFO - Executing <Task(BigQueryCreateExternalTableOperator): bq_fhv_external_table_task> on 2019-05-01 00:00:00+00:00
[2023-01-29 13:26:18,160] {standard_task_runner.py:52} INFO - Started process 1830 to run task
[2023-01-29 13:26:18,164] {standard_task_runner.py:76} INFO - Running: ['***', 'tasks', 'run', 'data_ingestion_fhv_dag', 'bq_fhv_external_table_task', 'scheduled__2019-05-01T00:00:00+00:00', '--job-id', '501', '--raw', '--subdir', 'DAGS_FOLDER/data_ingestion_fhv_dag.py', '--cfg-path', '/tmp/tmpee5995zo', '--error-file', '/tmp/tmpr0anqh9s']
[2023-01-29 13:26:18,166] {standard_task_runner.py:77} INFO - Job 501: Subtask bq_fhv_external_table_task
[2023-01-29 13:26:18,237] {logging_mixin.py:109} INFO - Running <TaskInstance: data_ingestion_fhv_dag.bq_fhv_external_table_task scheduled__2019-05-01T00:00:00+00:00 [running]> on host 2530f37057aa
[2023-01-29 13:26:18,303] {taskinstance.py:1426} INFO - Exporting the following env vars:
AIRFLOW_CTX_DAG_OWNER=***
AIRFLOW_CTX_DAG_ID=data_ingestion_fhv_dag
AIRFLOW_CTX_TASK_ID=bq_fhv_external_table_task
AIRFLOW_CTX_EXECUTION_DATE=2019-05-01T00:00:00+00:00
AIRFLOW_CTX_DAG_RUN_ID=scheduled__2019-05-01T00:00:00+00:00
[2023-01-29 13:26:18,306] {crypto.py:82} WARNING - empty cryptography key - values will not be stored encrypted.
[2023-01-29 13:26:19,301] {taskinstance.py:1277} INFO - Marking task as SUCCESS. dag_id=data_ingestion_fhv_dag, task_id=bq_fhv_external_table_task, execution_date=20190501T000000, start_date=20230129T132618, end_date=20230129T132619
[2023-01-29 13:26:19,358] {local_task_job.py:154} INFO - Task exited with return code 0
[2023-01-29 13:26:19,456] {local_task_job.py:264} INFO - 0 downstream tasks scheduled from follow-on schedule check
