[2023-01-22 13:22:04,845] {taskinstance.py:1032} INFO - Dependencies all met for <TaskInstance: data_ingestion_gcs_dag.bigquery_external_table_task manual__2023-01-22T13:16:36.950937+00:00 [queued]>
[2023-01-22 13:22:04,857] {taskinstance.py:1032} INFO - Dependencies all met for <TaskInstance: data_ingestion_gcs_dag.bigquery_external_table_task manual__2023-01-22T13:16:36.950937+00:00 [queued]>
[2023-01-22 13:22:04,858] {taskinstance.py:1238} INFO - 
--------------------------------------------------------------------------------
[2023-01-22 13:22:04,860] {taskinstance.py:1239} INFO - Starting attempt 1 of 2
[2023-01-22 13:22:04,861] {taskinstance.py:1240} INFO - 
--------------------------------------------------------------------------------
[2023-01-22 13:22:04,875] {taskinstance.py:1259} INFO - Executing <Task(BigQueryCreateExternalTableOperator): bigquery_external_table_task> on 2023-01-22 13:16:36.950937+00:00
[2023-01-22 13:22:04,883] {standard_task_runner.py:52} INFO - Started process 3965 to run task
[2023-01-22 13:22:04,889] {standard_task_runner.py:76} INFO - Running: ['***', 'tasks', 'run', 'data_ingestion_gcs_dag', 'bigquery_external_table_task', 'manual__2023-01-22T13:16:36.950937+00:00', '--job-id', '49', '--raw', '--subdir', 'DAGS_FOLDER/data_ingestion_gcs_dag.py', '--cfg-path', '/tmp/tmpyc4nq0is', '--error-file', '/tmp/tmpy69t_95n']
[2023-01-22 13:22:04,891] {standard_task_runner.py:77} INFO - Job 49: Subtask bigquery_external_table_task
[2023-01-22 13:22:04,955] {logging_mixin.py:109} INFO - Running <TaskInstance: data_ingestion_gcs_dag.bigquery_external_table_task manual__2023-01-22T13:16:36.950937+00:00 [running]> on host a0e75fa915af
[2023-01-22 13:22:05,119] {taskinstance.py:1426} INFO - Exporting the following env vars:
AIRFLOW_CTX_DAG_OWNER=***
AIRFLOW_CTX_DAG_ID=data_ingestion_gcs_dag
AIRFLOW_CTX_TASK_ID=bigquery_external_table_task
AIRFLOW_CTX_EXECUTION_DATE=2023-01-22T13:16:36.950937+00:00
AIRFLOW_CTX_DAG_RUN_ID=manual__2023-01-22T13:16:36.950937+00:00
[2023-01-22 13:22:05,123] {crypto.py:82} WARNING - empty cryptography key - values will not be stored encrypted.
[2023-01-22 13:22:06,396] {taskinstance.py:1277} INFO - Marking task as SUCCESS. dag_id=data_ingestion_gcs_dag, task_id=bigquery_external_table_task, execution_date=20230122T131636, start_date=20230122T132204, end_date=20230122T132206
[2023-01-22 13:22:06,451] {local_task_job.py:154} INFO - Task exited with return code 0
[2023-01-22 13:22:06,488] {local_task_job.py:264} INFO - 0 downstream tasks scheduled from follow-on schedule check
