[2023-01-27 01:58:23,247] {processor.py:163} INFO - Started process (PID=188) to work on /opt/airflow/dags/data_ingestion_gcs_dag.py
[2023-01-27 01:58:23,249] {processor.py:642} INFO - Processing file /opt/airflow/dags/data_ingestion_gcs_dag.py for tasks to queue
[2023-01-27 01:58:23,250] {logging_mixin.py:109} INFO - [2023-01-27 01:58:23,250] {dagbag.py:500} INFO - Filling up the DagBag from /opt/airflow/dags/data_ingestion_gcs_dag.py
[2023-01-27 01:58:24,621] {processor.py:654} INFO - DAG(s) dict_keys(['data_ingestion_gcs_dag']) retrieved from /opt/airflow/dags/data_ingestion_gcs_dag.py
[2023-01-27 01:58:25,321] {logging_mixin.py:109} INFO - [2023-01-27 01:58:25,320] {dag.py:2396} INFO - Sync 1 DAGs
[2023-01-27 01:58:25,356] {logging_mixin.py:109} INFO - [2023-01-27 01:58:25,356] {dag.py:2935} INFO - Setting next_dagrun for data_ingestion_gcs_dag to 2023-01-26 00:00:00+00:00
[2023-01-27 01:58:25,375] {processor.py:171} INFO - Processing /opt/airflow/dags/data_ingestion_gcs_dag.py took 2.133 seconds
[2023-01-27 01:58:55,612] {processor.py:163} INFO - Started process (PID=253) to work on /opt/airflow/dags/data_ingestion_gcs_dag.py
[2023-01-27 01:58:55,614] {processor.py:642} INFO - Processing file /opt/airflow/dags/data_ingestion_gcs_dag.py for tasks to queue
[2023-01-27 01:58:55,615] {logging_mixin.py:109} INFO - [2023-01-27 01:58:55,615] {dagbag.py:500} INFO - Filling up the DagBag from /opt/airflow/dags/data_ingestion_gcs_dag.py
[2023-01-27 01:58:56,425] {processor.py:654} INFO - DAG(s) dict_keys(['data_ingestion_gcs_dag']) retrieved from /opt/airflow/dags/data_ingestion_gcs_dag.py
[2023-01-27 01:58:56,438] {logging_mixin.py:109} INFO - [2023-01-27 01:58:56,437] {dag.py:2396} INFO - Sync 1 DAGs
[2023-01-27 01:58:56,556] {logging_mixin.py:109} INFO - [2023-01-27 01:58:56,556] {dag.py:2935} INFO - Setting next_dagrun for data_ingestion_gcs_dag to 2023-01-26 00:00:00+00:00
[2023-01-27 01:58:56,566] {processor.py:171} INFO - Processing /opt/airflow/dags/data_ingestion_gcs_dag.py took 0.959 seconds
[2023-01-27 01:59:26,825] {processor.py:163} INFO - Started process (PID=317) to work on /opt/airflow/dags/data_ingestion_gcs_dag.py
[2023-01-27 01:59:26,827] {processor.py:642} INFO - Processing file /opt/airflow/dags/data_ingestion_gcs_dag.py for tasks to queue
[2023-01-27 01:59:26,828] {logging_mixin.py:109} INFO - [2023-01-27 01:59:26,828] {dagbag.py:500} INFO - Filling up the DagBag from /opt/airflow/dags/data_ingestion_gcs_dag.py
[2023-01-27 01:59:27,714] {processor.py:654} INFO - DAG(s) dict_keys(['data_ingestion_gcs_dag']) retrieved from /opt/airflow/dags/data_ingestion_gcs_dag.py
[2023-01-27 01:59:27,725] {logging_mixin.py:109} INFO - [2023-01-27 01:59:27,725] {dag.py:2396} INFO - Sync 1 DAGs
[2023-01-27 01:59:27,842] {logging_mixin.py:109} INFO - [2023-01-27 01:59:27,842] {dag.py:2935} INFO - Setting next_dagrun for data_ingestion_gcs_dag to 2023-01-26 00:00:00+00:00
[2023-01-27 01:59:27,853] {processor.py:171} INFO - Processing /opt/airflow/dags/data_ingestion_gcs_dag.py took 1.032 seconds
[2023-01-27 01:59:57,990] {processor.py:163} INFO - Started process (PID=370) to work on /opt/airflow/dags/data_ingestion_gcs_dag.py
[2023-01-27 01:59:57,992] {processor.py:642} INFO - Processing file /opt/airflow/dags/data_ingestion_gcs_dag.py for tasks to queue
[2023-01-27 01:59:57,993] {logging_mixin.py:109} INFO - [2023-01-27 01:59:57,993] {dagbag.py:500} INFO - Filling up the DagBag from /opt/airflow/dags/data_ingestion_gcs_dag.py
[2023-01-27 01:59:58,806] {processor.py:654} INFO - DAG(s) dict_keys(['data_ingestion_gcs_dag']) retrieved from /opt/airflow/dags/data_ingestion_gcs_dag.py
[2023-01-27 01:59:58,913] {logging_mixin.py:109} INFO - [2023-01-27 01:59:58,913] {dag.py:2396} INFO - Sync 1 DAGs
[2023-01-27 01:59:58,931] {logging_mixin.py:109} INFO - [2023-01-27 01:59:58,931] {dag.py:2935} INFO - Setting next_dagrun for data_ingestion_gcs_dag to 2023-01-26 00:00:00+00:00
[2023-01-27 01:59:58,943] {processor.py:171} INFO - Processing /opt/airflow/dags/data_ingestion_gcs_dag.py took 0.958 seconds
[2023-01-27 02:00:29,232] {processor.py:163} INFO - Started process (PID=424) to work on /opt/airflow/dags/data_ingestion_gcs_dag.py
[2023-01-27 02:00:29,238] {processor.py:642} INFO - Processing file /opt/airflow/dags/data_ingestion_gcs_dag.py for tasks to queue
[2023-01-27 02:00:29,239] {logging_mixin.py:109} INFO - [2023-01-27 02:00:29,238] {dagbag.py:500} INFO - Filling up the DagBag from /opt/airflow/dags/data_ingestion_gcs_dag.py
[2023-01-27 02:00:30,074] {processor.py:654} INFO - DAG(s) dict_keys(['data_ingestion_gcs_dag']) retrieved from /opt/airflow/dags/data_ingestion_gcs_dag.py
[2023-01-27 02:00:30,183] {logging_mixin.py:109} INFO - [2023-01-27 02:00:30,182] {dag.py:2396} INFO - Sync 1 DAGs
[2023-01-27 02:00:30,201] {logging_mixin.py:109} INFO - [2023-01-27 02:00:30,200] {dag.py:2935} INFO - Setting next_dagrun for data_ingestion_gcs_dag to 2023-01-26 00:00:00+00:00
[2023-01-27 02:00:30,211] {processor.py:171} INFO - Processing /opt/airflow/dags/data_ingestion_gcs_dag.py took 0.983 seconds
[2023-01-27 02:01:00,469] {processor.py:163} INFO - Started process (PID=488) to work on /opt/airflow/dags/data_ingestion_gcs_dag.py
[2023-01-27 02:01:00,471] {processor.py:642} INFO - Processing file /opt/airflow/dags/data_ingestion_gcs_dag.py for tasks to queue
[2023-01-27 02:01:00,472] {logging_mixin.py:109} INFO - [2023-01-27 02:01:00,472] {dagbag.py:500} INFO - Filling up the DagBag from /opt/airflow/dags/data_ingestion_gcs_dag.py
[2023-01-27 02:01:01,297] {processor.py:654} INFO - DAG(s) dict_keys(['data_ingestion_gcs_dag']) retrieved from /opt/airflow/dags/data_ingestion_gcs_dag.py
[2023-01-27 02:01:01,406] {logging_mixin.py:109} INFO - [2023-01-27 02:01:01,406] {dag.py:2396} INFO - Sync 1 DAGs
[2023-01-27 02:01:01,424] {logging_mixin.py:109} INFO - [2023-01-27 02:01:01,424] {dag.py:2935} INFO - Setting next_dagrun for data_ingestion_gcs_dag to 2023-01-26 00:00:00+00:00
[2023-01-27 02:01:01,437] {processor.py:171} INFO - Processing /opt/airflow/dags/data_ingestion_gcs_dag.py took 0.973 seconds
[2023-01-27 02:01:31,766] {processor.py:163} INFO - Started process (PID=541) to work on /opt/airflow/dags/data_ingestion_gcs_dag.py
[2023-01-27 02:01:31,768] {processor.py:642} INFO - Processing file /opt/airflow/dags/data_ingestion_gcs_dag.py for tasks to queue
[2023-01-27 02:01:31,769] {logging_mixin.py:109} INFO - [2023-01-27 02:01:31,769] {dagbag.py:500} INFO - Filling up the DagBag from /opt/airflow/dags/data_ingestion_gcs_dag.py
[2023-01-27 02:01:32,711] {processor.py:654} INFO - DAG(s) dict_keys(['data_ingestion_gcs_dag']) retrieved from /opt/airflow/dags/data_ingestion_gcs_dag.py
[2023-01-27 02:01:32,721] {logging_mixin.py:109} INFO - [2023-01-27 02:01:32,721] {dag.py:2396} INFO - Sync 1 DAGs
[2023-01-27 02:01:32,740] {logging_mixin.py:109} INFO - [2023-01-27 02:01:32,740] {dag.py:2935} INFO - Setting next_dagrun for data_ingestion_gcs_dag to 2023-01-26 00:00:00+00:00
[2023-01-27 02:01:32,752] {processor.py:171} INFO - Processing /opt/airflow/dags/data_ingestion_gcs_dag.py took 0.990 seconds
[2023-01-27 02:02:03,287] {processor.py:163} INFO - Started process (PID=605) to work on /opt/airflow/dags/data_ingestion_gcs_dag.py
[2023-01-27 02:02:03,289] {processor.py:642} INFO - Processing file /opt/airflow/dags/data_ingestion_gcs_dag.py for tasks to queue
[2023-01-27 02:02:03,290] {logging_mixin.py:109} INFO - [2023-01-27 02:02:03,290] {dagbag.py:500} INFO - Filling up the DagBag from /opt/airflow/dags/data_ingestion_gcs_dag.py
[2023-01-27 02:02:04,235] {processor.py:654} INFO - DAG(s) dict_keys(['data_ingestion_gcs_dag']) retrieved from /opt/airflow/dags/data_ingestion_gcs_dag.py
[2023-01-27 02:02:04,246] {logging_mixin.py:109} INFO - [2023-01-27 02:02:04,246] {dag.py:2396} INFO - Sync 1 DAGs
[2023-01-27 02:02:04,265] {logging_mixin.py:109} INFO - [2023-01-27 02:02:04,265] {dag.py:2935} INFO - Setting next_dagrun for data_ingestion_gcs_dag to 2023-01-26 00:00:00+00:00
[2023-01-27 02:02:04,278] {processor.py:171} INFO - Processing /opt/airflow/dags/data_ingestion_gcs_dag.py took 0.997 seconds
[2023-01-27 02:02:34,576] {processor.py:163} INFO - Started process (PID=656) to work on /opt/airflow/dags/data_ingestion_gcs_dag.py
[2023-01-27 02:02:34,578] {processor.py:642} INFO - Processing file /opt/airflow/dags/data_ingestion_gcs_dag.py for tasks to queue
[2023-01-27 02:02:34,589] {logging_mixin.py:109} INFO - [2023-01-27 02:02:34,589] {dagbag.py:500} INFO - Filling up the DagBag from /opt/airflow/dags/data_ingestion_gcs_dag.py
[2023-01-27 02:02:35,552] {processor.py:654} INFO - DAG(s) dict_keys(['data_ingestion_gcs_dag']) retrieved from /opt/airflow/dags/data_ingestion_gcs_dag.py
[2023-01-27 02:02:35,563] {logging_mixin.py:109} INFO - [2023-01-27 02:02:35,563] {dag.py:2396} INFO - Sync 1 DAGs
[2023-01-27 02:02:35,581] {logging_mixin.py:109} INFO - [2023-01-27 02:02:35,581] {dag.py:2935} INFO - Setting next_dagrun for data_ingestion_gcs_dag to 2023-01-26 00:00:00+00:00
[2023-01-27 02:02:35,592] {processor.py:171} INFO - Processing /opt/airflow/dags/data_ingestion_gcs_dag.py took 1.032 seconds
[2023-01-27 02:03:06,126] {processor.py:163} INFO - Started process (PID=710) to work on /opt/airflow/dags/data_ingestion_gcs_dag.py
[2023-01-27 02:03:06,129] {processor.py:642} INFO - Processing file /opt/airflow/dags/data_ingestion_gcs_dag.py for tasks to queue
[2023-01-27 02:03:06,130] {logging_mixin.py:109} INFO - [2023-01-27 02:03:06,130] {dagbag.py:500} INFO - Filling up the DagBag from /opt/airflow/dags/data_ingestion_gcs_dag.py
[2023-01-27 02:03:07,292] {processor.py:654} INFO - DAG(s) dict_keys(['data_ingestion_gcs_dag']) retrieved from /opt/airflow/dags/data_ingestion_gcs_dag.py
[2023-01-27 02:03:07,303] {logging_mixin.py:109} INFO - [2023-01-27 02:03:07,302] {dag.py:2396} INFO - Sync 1 DAGs
[2023-01-27 02:03:07,322] {logging_mixin.py:109} INFO - [2023-01-27 02:03:07,322] {dag.py:2935} INFO - Setting next_dagrun for data_ingestion_gcs_dag to 2023-01-26 00:00:00+00:00
[2023-01-27 02:03:07,334] {processor.py:171} INFO - Processing /opt/airflow/dags/data_ingestion_gcs_dag.py took 1.214 seconds
[2023-01-27 02:03:37,464] {processor.py:163} INFO - Started process (PID=772) to work on /opt/airflow/dags/data_ingestion_gcs_dag.py
[2023-01-27 02:03:37,471] {processor.py:642} INFO - Processing file /opt/airflow/dags/data_ingestion_gcs_dag.py for tasks to queue
[2023-01-27 02:03:37,476] {logging_mixin.py:109} INFO - [2023-01-27 02:03:37,476] {dagbag.py:500} INFO - Filling up the DagBag from /opt/airflow/dags/data_ingestion_gcs_dag.py
[2023-01-27 02:03:38,429] {processor.py:654} INFO - DAG(s) dict_keys(['data_ingestion_gcs_dag']) retrieved from /opt/airflow/dags/data_ingestion_gcs_dag.py
[2023-01-27 02:03:38,441] {logging_mixin.py:109} INFO - [2023-01-27 02:03:38,441] {dag.py:2396} INFO - Sync 1 DAGs
[2023-01-27 02:03:38,460] {logging_mixin.py:109} INFO - [2023-01-27 02:03:38,459] {dag.py:2935} INFO - Setting next_dagrun for data_ingestion_gcs_dag to 2023-01-26 00:00:00+00:00
[2023-01-27 02:03:38,472] {processor.py:171} INFO - Processing /opt/airflow/dags/data_ingestion_gcs_dag.py took 1.026 seconds
[2023-01-27 02:04:08,641] {processor.py:163} INFO - Started process (PID=827) to work on /opt/airflow/dags/data_ingestion_gcs_dag.py
[2023-01-27 02:04:08,643] {processor.py:642} INFO - Processing file /opt/airflow/dags/data_ingestion_gcs_dag.py for tasks to queue
[2023-01-27 02:04:08,644] {logging_mixin.py:109} INFO - [2023-01-27 02:04:08,644] {dagbag.py:500} INFO - Filling up the DagBag from /opt/airflow/dags/data_ingestion_gcs_dag.py
[2023-01-27 02:04:09,606] {processor.py:654} INFO - DAG(s) dict_keys(['data_ingestion_gcs_dag']) retrieved from /opt/airflow/dags/data_ingestion_gcs_dag.py
[2023-01-27 02:04:09,630] {logging_mixin.py:109} INFO - [2023-01-27 02:04:09,629] {dag.py:2396} INFO - Sync 1 DAGs
[2023-01-27 02:04:09,722] {logging_mixin.py:109} INFO - [2023-01-27 02:04:09,722] {dag.py:2935} INFO - Setting next_dagrun for data_ingestion_gcs_dag to 2023-01-26 00:00:00+00:00
[2023-01-27 02:04:09,756] {processor.py:171} INFO - Processing /opt/airflow/dags/data_ingestion_gcs_dag.py took 1.120 seconds
[2023-01-27 02:04:39,968] {processor.py:163} INFO - Started process (PID=882) to work on /opt/airflow/dags/data_ingestion_gcs_dag.py
[2023-01-27 02:04:39,969] {processor.py:642} INFO - Processing file /opt/airflow/dags/data_ingestion_gcs_dag.py for tasks to queue
[2023-01-27 02:04:39,970] {logging_mixin.py:109} INFO - [2023-01-27 02:04:39,970] {dagbag.py:500} INFO - Filling up the DagBag from /opt/airflow/dags/data_ingestion_gcs_dag.py
[2023-01-27 02:04:40,934] {processor.py:654} INFO - DAG(s) dict_keys(['data_ingestion_gcs_dag']) retrieved from /opt/airflow/dags/data_ingestion_gcs_dag.py
[2023-01-27 02:04:40,945] {logging_mixin.py:109} INFO - [2023-01-27 02:04:40,944] {dag.py:2396} INFO - Sync 1 DAGs
[2023-01-27 02:04:40,967] {logging_mixin.py:109} INFO - [2023-01-27 02:04:40,967] {dag.py:2935} INFO - Setting next_dagrun for data_ingestion_gcs_dag to 2023-01-26 00:00:00+00:00
[2023-01-27 02:04:40,979] {processor.py:171} INFO - Processing /opt/airflow/dags/data_ingestion_gcs_dag.py took 1.016 seconds
[2023-01-27 02:05:11,122] {processor.py:163} INFO - Started process (PID=937) to work on /opt/airflow/dags/data_ingestion_gcs_dag.py
[2023-01-27 02:05:11,123] {processor.py:642} INFO - Processing file /opt/airflow/dags/data_ingestion_gcs_dag.py for tasks to queue
[2023-01-27 02:05:11,124] {logging_mixin.py:109} INFO - [2023-01-27 02:05:11,124] {dagbag.py:500} INFO - Filling up the DagBag from /opt/airflow/dags/data_ingestion_gcs_dag.py
[2023-01-27 02:05:12,076] {processor.py:654} INFO - DAG(s) dict_keys(['data_ingestion_gcs_dag']) retrieved from /opt/airflow/dags/data_ingestion_gcs_dag.py
[2023-01-27 02:05:12,087] {logging_mixin.py:109} INFO - [2023-01-27 02:05:12,087] {dag.py:2396} INFO - Sync 1 DAGs
[2023-01-27 02:05:12,106] {logging_mixin.py:109} INFO - [2023-01-27 02:05:12,106] {dag.py:2935} INFO - Setting next_dagrun for data_ingestion_gcs_dag to 2023-01-26 00:00:00+00:00
[2023-01-27 02:05:12,121] {processor.py:171} INFO - Processing /opt/airflow/dags/data_ingestion_gcs_dag.py took 1.004 seconds
[2023-01-27 02:05:42,357] {processor.py:163} INFO - Started process (PID=1001) to work on /opt/airflow/dags/data_ingestion_gcs_dag.py
[2023-01-27 02:05:42,359] {processor.py:642} INFO - Processing file /opt/airflow/dags/data_ingestion_gcs_dag.py for tasks to queue
[2023-01-27 02:05:42,360] {logging_mixin.py:109} INFO - [2023-01-27 02:05:42,360] {dagbag.py:500} INFO - Filling up the DagBag from /opt/airflow/dags/data_ingestion_gcs_dag.py
[2023-01-27 02:05:43,257] {processor.py:654} INFO - DAG(s) dict_keys(['data_ingestion_gcs_dag']) retrieved from /opt/airflow/dags/data_ingestion_gcs_dag.py
[2023-01-27 02:05:43,271] {logging_mixin.py:109} INFO - [2023-01-27 02:05:43,270] {dag.py:2396} INFO - Sync 1 DAGs
[2023-01-27 02:05:43,290] {logging_mixin.py:109} INFO - [2023-01-27 02:05:43,290] {dag.py:2935} INFO - Setting next_dagrun for data_ingestion_gcs_dag to 2023-01-26 00:00:00+00:00
[2023-01-27 02:05:43,303] {processor.py:171} INFO - Processing /opt/airflow/dags/data_ingestion_gcs_dag.py took 0.951 seconds
[2023-01-27 02:06:13,481] {processor.py:163} INFO - Started process (PID=1053) to work on /opt/airflow/dags/data_ingestion_gcs_dag.py
[2023-01-27 02:06:13,483] {processor.py:642} INFO - Processing file /opt/airflow/dags/data_ingestion_gcs_dag.py for tasks to queue
[2023-01-27 02:06:13,483] {logging_mixin.py:109} INFO - [2023-01-27 02:06:13,483] {dagbag.py:500} INFO - Filling up the DagBag from /opt/airflow/dags/data_ingestion_gcs_dag.py
[2023-01-27 02:06:14,436] {processor.py:654} INFO - DAG(s) dict_keys(['data_ingestion_gcs_dag']) retrieved from /opt/airflow/dags/data_ingestion_gcs_dag.py
[2023-01-27 02:06:14,447] {logging_mixin.py:109} INFO - [2023-01-27 02:06:14,447] {dag.py:2396} INFO - Sync 1 DAGs
[2023-01-27 02:06:14,464] {logging_mixin.py:109} INFO - [2023-01-27 02:06:14,464] {dag.py:2935} INFO - Setting next_dagrun for data_ingestion_gcs_dag to 2023-01-26 00:00:00+00:00
[2023-01-27 02:06:14,478] {processor.py:171} INFO - Processing /opt/airflow/dags/data_ingestion_gcs_dag.py took 1.002 seconds
[2023-01-27 02:06:44,701] {processor.py:163} INFO - Started process (PID=1117) to work on /opt/airflow/dags/data_ingestion_gcs_dag.py
[2023-01-27 02:06:44,704] {processor.py:642} INFO - Processing file /opt/airflow/dags/data_ingestion_gcs_dag.py for tasks to queue
[2023-01-27 02:06:44,705] {logging_mixin.py:109} INFO - [2023-01-27 02:06:44,704] {dagbag.py:500} INFO - Filling up the DagBag from /opt/airflow/dags/data_ingestion_gcs_dag.py
[2023-01-27 02:06:45,615] {processor.py:654} INFO - DAG(s) dict_keys(['data_ingestion_gcs_dag']) retrieved from /opt/airflow/dags/data_ingestion_gcs_dag.py
[2023-01-27 02:06:45,626] {logging_mixin.py:109} INFO - [2023-01-27 02:06:45,625] {dag.py:2396} INFO - Sync 1 DAGs
[2023-01-27 02:06:45,645] {logging_mixin.py:109} INFO - [2023-01-27 02:06:45,644] {dag.py:2935} INFO - Setting next_dagrun for data_ingestion_gcs_dag to 2023-01-26 00:00:00+00:00
[2023-01-27 02:06:45,656] {processor.py:171} INFO - Processing /opt/airflow/dags/data_ingestion_gcs_dag.py took 0.960 seconds
[2023-01-27 02:07:15,898] {processor.py:163} INFO - Started process (PID=1174) to work on /opt/airflow/dags/data_ingestion_gcs_dag.py
[2023-01-27 02:07:15,900] {processor.py:642} INFO - Processing file /opt/airflow/dags/data_ingestion_gcs_dag.py for tasks to queue
[2023-01-27 02:07:15,901] {logging_mixin.py:109} INFO - [2023-01-27 02:07:15,901] {dagbag.py:500} INFO - Filling up the DagBag from /opt/airflow/dags/data_ingestion_gcs_dag.py
[2023-01-27 02:07:16,812] {processor.py:654} INFO - DAG(s) dict_keys(['data_ingestion_gcs_dag']) retrieved from /opt/airflow/dags/data_ingestion_gcs_dag.py
[2023-01-27 02:07:16,823] {logging_mixin.py:109} INFO - [2023-01-27 02:07:16,823] {dag.py:2396} INFO - Sync 1 DAGs
[2023-01-27 02:07:16,841] {logging_mixin.py:109} INFO - [2023-01-27 02:07:16,841] {dag.py:2935} INFO - Setting next_dagrun for data_ingestion_gcs_dag to 2023-01-26 00:00:00+00:00
[2023-01-27 02:07:16,853] {processor.py:171} INFO - Processing /opt/airflow/dags/data_ingestion_gcs_dag.py took 0.960 seconds
[2023-01-27 02:07:47,222] {processor.py:163} INFO - Started process (PID=1235) to work on /opt/airflow/dags/data_ingestion_gcs_dag.py
[2023-01-27 02:07:47,224] {processor.py:642} INFO - Processing file /opt/airflow/dags/data_ingestion_gcs_dag.py for tasks to queue
[2023-01-27 02:07:47,225] {logging_mixin.py:109} INFO - [2023-01-27 02:07:47,225] {dagbag.py:500} INFO - Filling up the DagBag from /opt/airflow/dags/data_ingestion_gcs_dag.py
[2023-01-27 02:07:48,199] {processor.py:654} INFO - DAG(s) dict_keys(['data_ingestion_gcs_dag']) retrieved from /opt/airflow/dags/data_ingestion_gcs_dag.py
[2023-01-27 02:07:48,209] {logging_mixin.py:109} INFO - [2023-01-27 02:07:48,209] {dag.py:2396} INFO - Sync 1 DAGs
[2023-01-27 02:07:48,227] {logging_mixin.py:109} INFO - [2023-01-27 02:07:48,227] {dag.py:2935} INFO - Setting next_dagrun for data_ingestion_gcs_dag to 2023-01-26 00:00:00+00:00
[2023-01-27 02:07:48,238] {processor.py:171} INFO - Processing /opt/airflow/dags/data_ingestion_gcs_dag.py took 1.023 seconds
[2023-01-27 02:08:18,376] {processor.py:163} INFO - Started process (PID=1289) to work on /opt/airflow/dags/data_ingestion_gcs_dag.py
[2023-01-27 02:08:18,378] {processor.py:642} INFO - Processing file /opt/airflow/dags/data_ingestion_gcs_dag.py for tasks to queue
[2023-01-27 02:08:18,379] {logging_mixin.py:109} INFO - [2023-01-27 02:08:18,378] {dagbag.py:500} INFO - Filling up the DagBag from /opt/airflow/dags/data_ingestion_gcs_dag.py
[2023-01-27 02:08:19,270] {processor.py:654} INFO - DAG(s) dict_keys(['data_ingestion_gcs_dag']) retrieved from /opt/airflow/dags/data_ingestion_gcs_dag.py
[2023-01-27 02:08:19,280] {logging_mixin.py:109} INFO - [2023-01-27 02:08:19,280] {dag.py:2396} INFO - Sync 1 DAGs
[2023-01-27 02:08:19,299] {logging_mixin.py:109} INFO - [2023-01-27 02:08:19,298] {dag.py:2935} INFO - Setting next_dagrun for data_ingestion_gcs_dag to 2023-01-26 00:00:00+00:00
[2023-01-27 02:08:19,310] {processor.py:171} INFO - Processing /opt/airflow/dags/data_ingestion_gcs_dag.py took 0.938 seconds
[2023-01-27 02:08:49,583] {processor.py:163} INFO - Started process (PID=1350) to work on /opt/airflow/dags/data_ingestion_gcs_dag.py
[2023-01-27 02:08:49,586] {processor.py:642} INFO - Processing file /opt/airflow/dags/data_ingestion_gcs_dag.py for tasks to queue
[2023-01-27 02:08:49,587] {logging_mixin.py:109} INFO - [2023-01-27 02:08:49,587] {dagbag.py:500} INFO - Filling up the DagBag from /opt/airflow/dags/data_ingestion_gcs_dag.py
[2023-01-27 02:08:50,562] {processor.py:654} INFO - DAG(s) dict_keys(['data_ingestion_gcs_dag']) retrieved from /opt/airflow/dags/data_ingestion_gcs_dag.py
[2023-01-27 02:08:50,572] {logging_mixin.py:109} INFO - [2023-01-27 02:08:50,572] {dag.py:2396} INFO - Sync 1 DAGs
[2023-01-27 02:08:50,593] {logging_mixin.py:109} INFO - [2023-01-27 02:08:50,592] {dag.py:2935} INFO - Setting next_dagrun for data_ingestion_gcs_dag to 2023-01-26 00:00:00+00:00
[2023-01-27 02:08:50,603] {processor.py:171} INFO - Processing /opt/airflow/dags/data_ingestion_gcs_dag.py took 1.027 seconds
[2023-01-27 02:09:20,802] {processor.py:163} INFO - Started process (PID=1403) to work on /opt/airflow/dags/data_ingestion_gcs_dag.py
[2023-01-27 02:09:20,804] {processor.py:642} INFO - Processing file /opt/airflow/dags/data_ingestion_gcs_dag.py for tasks to queue
[2023-01-27 02:09:20,805] {logging_mixin.py:109} INFO - [2023-01-27 02:09:20,805] {dagbag.py:500} INFO - Filling up the DagBag from /opt/airflow/dags/data_ingestion_gcs_dag.py
[2023-01-27 02:09:21,814] {processor.py:654} INFO - DAG(s) dict_keys(['data_ingestion_gcs_dag']) retrieved from /opt/airflow/dags/data_ingestion_gcs_dag.py
[2023-01-27 02:09:21,824] {logging_mixin.py:109} INFO - [2023-01-27 02:09:21,823] {dag.py:2396} INFO - Sync 1 DAGs
[2023-01-27 02:09:21,840] {logging_mixin.py:109} INFO - [2023-01-27 02:09:21,840] {dag.py:2935} INFO - Setting next_dagrun for data_ingestion_gcs_dag to 2023-01-26 00:00:00+00:00
[2023-01-27 02:09:21,850] {processor.py:171} INFO - Processing /opt/airflow/dags/data_ingestion_gcs_dag.py took 1.052 seconds
[2023-01-27 02:09:52,028] {processor.py:163} INFO - Started process (PID=1461) to work on /opt/airflow/dags/data_ingestion_gcs_dag.py
[2023-01-27 02:09:52,030] {processor.py:642} INFO - Processing file /opt/airflow/dags/data_ingestion_gcs_dag.py for tasks to queue
[2023-01-27 02:09:52,031] {logging_mixin.py:109} INFO - [2023-01-27 02:09:52,030] {dagbag.py:500} INFO - Filling up the DagBag from /opt/airflow/dags/data_ingestion_gcs_dag.py
[2023-01-27 02:09:53,241] {processor.py:654} INFO - DAG(s) dict_keys(['data_ingestion_gcs_dag']) retrieved from /opt/airflow/dags/data_ingestion_gcs_dag.py
[2023-01-27 02:09:53,252] {logging_mixin.py:109} INFO - [2023-01-27 02:09:53,252] {dag.py:2396} INFO - Sync 1 DAGs
[2023-01-27 02:09:53,271] {logging_mixin.py:109} INFO - [2023-01-27 02:09:53,271] {dag.py:2935} INFO - Setting next_dagrun for data_ingestion_gcs_dag to 2023-01-26 00:00:00+00:00
[2023-01-27 02:09:53,283] {processor.py:171} INFO - Processing /opt/airflow/dags/data_ingestion_gcs_dag.py took 1.262 seconds
[2023-01-27 02:10:23,444] {processor.py:163} INFO - Started process (PID=1517) to work on /opt/airflow/dags/data_ingestion_gcs_dag.py
[2023-01-27 02:10:23,446] {processor.py:642} INFO - Processing file /opt/airflow/dags/data_ingestion_gcs_dag.py for tasks to queue
[2023-01-27 02:10:23,446] {logging_mixin.py:109} INFO - [2023-01-27 02:10:23,446] {dagbag.py:500} INFO - Filling up the DagBag from /opt/airflow/dags/data_ingestion_gcs_dag.py
[2023-01-27 02:10:24,387] {processor.py:654} INFO - DAG(s) dict_keys(['data_ingestion_gcs_dag']) retrieved from /opt/airflow/dags/data_ingestion_gcs_dag.py
[2023-01-27 02:10:24,397] {logging_mixin.py:109} INFO - [2023-01-27 02:10:24,397] {dag.py:2396} INFO - Sync 1 DAGs
[2023-01-27 02:10:24,415] {logging_mixin.py:109} INFO - [2023-01-27 02:10:24,415] {dag.py:2935} INFO - Setting next_dagrun for data_ingestion_gcs_dag to 2023-01-26 00:00:00+00:00
[2023-01-27 02:10:24,425] {processor.py:171} INFO - Processing /opt/airflow/dags/data_ingestion_gcs_dag.py took 0.986 seconds
[2023-01-27 02:10:54,528] {processor.py:163} INFO - Started process (PID=1573) to work on /opt/airflow/dags/data_ingestion_gcs_dag.py
[2023-01-27 02:10:54,531] {processor.py:642} INFO - Processing file /opt/airflow/dags/data_ingestion_gcs_dag.py for tasks to queue
[2023-01-27 02:10:54,531] {logging_mixin.py:109} INFO - [2023-01-27 02:10:54,531] {dagbag.py:500} INFO - Filling up the DagBag from /opt/airflow/dags/data_ingestion_gcs_dag.py
[2023-01-27 02:10:55,561] {processor.py:654} INFO - DAG(s) dict_keys(['data_ingestion_gcs_dag']) retrieved from /opt/airflow/dags/data_ingestion_gcs_dag.py
[2023-01-27 02:10:55,572] {logging_mixin.py:109} INFO - [2023-01-27 02:10:55,572] {dag.py:2396} INFO - Sync 1 DAGs
[2023-01-27 02:10:55,591] {logging_mixin.py:109} INFO - [2023-01-27 02:10:55,591] {dag.py:2935} INFO - Setting next_dagrun for data_ingestion_gcs_dag to 2023-01-26 00:00:00+00:00
[2023-01-27 02:10:55,602] {processor.py:171} INFO - Processing /opt/airflow/dags/data_ingestion_gcs_dag.py took 1.078 seconds
[2023-01-27 02:11:25,709] {processor.py:163} INFO - Started process (PID=1636) to work on /opt/airflow/dags/data_ingestion_gcs_dag.py
[2023-01-27 02:11:25,712] {processor.py:642} INFO - Processing file /opt/airflow/dags/data_ingestion_gcs_dag.py for tasks to queue
[2023-01-27 02:11:25,713] {logging_mixin.py:109} INFO - [2023-01-27 02:11:25,713] {dagbag.py:500} INFO - Filling up the DagBag from /opt/airflow/dags/data_ingestion_gcs_dag.py
[2023-01-27 02:11:26,749] {processor.py:654} INFO - DAG(s) dict_keys(['data_ingestion_gcs_dag']) retrieved from /opt/airflow/dags/data_ingestion_gcs_dag.py
[2023-01-27 02:11:26,770] {logging_mixin.py:109} INFO - [2023-01-27 02:11:26,769] {dag.py:2396} INFO - Sync 1 DAGs
[2023-01-27 02:11:26,811] {logging_mixin.py:109} INFO - [2023-01-27 02:11:26,811] {dag.py:2935} INFO - Setting next_dagrun for data_ingestion_gcs_dag to 2023-01-26 00:00:00+00:00
[2023-01-27 02:11:26,831] {processor.py:171} INFO - Processing /opt/airflow/dags/data_ingestion_gcs_dag.py took 1.127 seconds
[2023-01-27 02:11:56,967] {processor.py:163} INFO - Started process (PID=1691) to work on /opt/airflow/dags/data_ingestion_gcs_dag.py
[2023-01-27 02:11:56,970] {processor.py:642} INFO - Processing file /opt/airflow/dags/data_ingestion_gcs_dag.py for tasks to queue
[2023-01-27 02:11:56,972] {logging_mixin.py:109} INFO - [2023-01-27 02:11:56,971] {dagbag.py:500} INFO - Filling up the DagBag from /opt/airflow/dags/data_ingestion_gcs_dag.py
[2023-01-27 02:11:58,078] {processor.py:654} INFO - DAG(s) dict_keys(['data_ingestion_gcs_dag']) retrieved from /opt/airflow/dags/data_ingestion_gcs_dag.py
[2023-01-27 02:11:58,089] {logging_mixin.py:109} INFO - [2023-01-27 02:11:58,089] {dag.py:2396} INFO - Sync 1 DAGs
[2023-01-27 02:11:58,107] {logging_mixin.py:109} INFO - [2023-01-27 02:11:58,107] {dag.py:2935} INFO - Setting next_dagrun for data_ingestion_gcs_dag to 2023-01-26 00:00:00+00:00
[2023-01-27 02:11:58,120] {processor.py:171} INFO - Processing /opt/airflow/dags/data_ingestion_gcs_dag.py took 1.160 seconds
[2023-01-27 02:12:28,307] {processor.py:163} INFO - Started process (PID=1755) to work on /opt/airflow/dags/data_ingestion_gcs_dag.py
[2023-01-27 02:12:28,310] {processor.py:642} INFO - Processing file /opt/airflow/dags/data_ingestion_gcs_dag.py for tasks to queue
[2023-01-27 02:12:28,311] {logging_mixin.py:109} INFO - [2023-01-27 02:12:28,311] {dagbag.py:500} INFO - Filling up the DagBag from /opt/airflow/dags/data_ingestion_gcs_dag.py
[2023-01-27 02:12:29,259] {processor.py:654} INFO - DAG(s) dict_keys(['data_ingestion_gcs_dag']) retrieved from /opt/airflow/dags/data_ingestion_gcs_dag.py
[2023-01-27 02:12:29,269] {logging_mixin.py:109} INFO - [2023-01-27 02:12:29,268] {dag.py:2396} INFO - Sync 1 DAGs
[2023-01-27 02:12:29,286] {logging_mixin.py:109} INFO - [2023-01-27 02:12:29,286] {dag.py:2935} INFO - Setting next_dagrun for data_ingestion_gcs_dag to 2023-01-26 00:00:00+00:00
[2023-01-27 02:12:29,301] {processor.py:171} INFO - Processing /opt/airflow/dags/data_ingestion_gcs_dag.py took 1.001 seconds
[2023-01-27 02:13:00,069] {processor.py:163} INFO - Started process (PID=1810) to work on /opt/airflow/dags/data_ingestion_gcs_dag.py
[2023-01-27 02:13:00,070] {processor.py:642} INFO - Processing file /opt/airflow/dags/data_ingestion_gcs_dag.py for tasks to queue
[2023-01-27 02:13:00,071] {logging_mixin.py:109} INFO - [2023-01-27 02:13:00,071] {dagbag.py:500} INFO - Filling up the DagBag from /opt/airflow/dags/data_ingestion_gcs_dag.py
[2023-01-27 02:13:01,032] {processor.py:654} INFO - DAG(s) dict_keys(['data_ingestion_gcs_dag']) retrieved from /opt/airflow/dags/data_ingestion_gcs_dag.py
[2023-01-27 02:13:01,044] {logging_mixin.py:109} INFO - [2023-01-27 02:13:01,043] {dag.py:2396} INFO - Sync 1 DAGs
[2023-01-27 02:13:01,068] {logging_mixin.py:109} INFO - [2023-01-27 02:13:01,068] {dag.py:2935} INFO - Setting next_dagrun for data_ingestion_gcs_dag to 2023-01-26 00:00:00+00:00
[2023-01-27 02:13:01,080] {processor.py:171} INFO - Processing /opt/airflow/dags/data_ingestion_gcs_dag.py took 1.016 seconds
[2023-01-27 02:13:31,188] {processor.py:163} INFO - Started process (PID=1875) to work on /opt/airflow/dags/data_ingestion_gcs_dag.py
[2023-01-27 02:13:31,190] {processor.py:642} INFO - Processing file /opt/airflow/dags/data_ingestion_gcs_dag.py for tasks to queue
[2023-01-27 02:13:31,191] {logging_mixin.py:109} INFO - [2023-01-27 02:13:31,191] {dagbag.py:500} INFO - Filling up the DagBag from /opt/airflow/dags/data_ingestion_gcs_dag.py
[2023-01-27 02:13:32,154] {processor.py:654} INFO - DAG(s) dict_keys(['data_ingestion_gcs_dag']) retrieved from /opt/airflow/dags/data_ingestion_gcs_dag.py
[2023-01-27 02:13:32,165] {logging_mixin.py:109} INFO - [2023-01-27 02:13:32,164] {dag.py:2396} INFO - Sync 1 DAGs
[2023-01-27 02:13:32,190] {logging_mixin.py:109} INFO - [2023-01-27 02:13:32,190] {dag.py:2935} INFO - Setting next_dagrun for data_ingestion_gcs_dag to 2023-01-26 00:00:00+00:00
[2023-01-27 02:13:32,200] {processor.py:171} INFO - Processing /opt/airflow/dags/data_ingestion_gcs_dag.py took 1.018 seconds
[2023-01-27 02:14:02,301] {processor.py:163} INFO - Started process (PID=1928) to work on /opt/airflow/dags/data_ingestion_gcs_dag.py
[2023-01-27 02:14:02,303] {processor.py:642} INFO - Processing file /opt/airflow/dags/data_ingestion_gcs_dag.py for tasks to queue
[2023-01-27 02:14:02,304] {logging_mixin.py:109} INFO - [2023-01-27 02:14:02,304] {dagbag.py:500} INFO - Filling up the DagBag from /opt/airflow/dags/data_ingestion_gcs_dag.py
[2023-01-27 02:14:03,308] {processor.py:654} INFO - DAG(s) dict_keys(['data_ingestion_gcs_dag']) retrieved from /opt/airflow/dags/data_ingestion_gcs_dag.py
[2023-01-27 02:14:03,321] {logging_mixin.py:109} INFO - [2023-01-27 02:14:03,320] {dag.py:2396} INFO - Sync 1 DAGs
[2023-01-27 02:14:03,343] {logging_mixin.py:109} INFO - [2023-01-27 02:14:03,342] {dag.py:2935} INFO - Setting next_dagrun for data_ingestion_gcs_dag to 2023-01-26 00:00:00+00:00
[2023-01-27 02:14:03,354] {processor.py:171} INFO - Processing /opt/airflow/dags/data_ingestion_gcs_dag.py took 1.058 seconds
[2023-01-27 02:14:33,493] {processor.py:163} INFO - Started process (PID=1990) to work on /opt/airflow/dags/data_ingestion_gcs_dag.py
[2023-01-27 02:14:33,495] {processor.py:642} INFO - Processing file /opt/airflow/dags/data_ingestion_gcs_dag.py for tasks to queue
[2023-01-27 02:14:33,495] {logging_mixin.py:109} INFO - [2023-01-27 02:14:33,495] {dagbag.py:500} INFO - Filling up the DagBag from /opt/airflow/dags/data_ingestion_gcs_dag.py
[2023-01-27 02:14:34,438] {processor.py:654} INFO - DAG(s) dict_keys(['data_ingestion_gcs_dag']) retrieved from /opt/airflow/dags/data_ingestion_gcs_dag.py
[2023-01-27 02:14:34,450] {logging_mixin.py:109} INFO - [2023-01-27 02:14:34,450] {dag.py:2396} INFO - Sync 1 DAGs
[2023-01-27 02:14:34,469] {logging_mixin.py:109} INFO - [2023-01-27 02:14:34,469] {dag.py:2935} INFO - Setting next_dagrun for data_ingestion_gcs_dag to 2023-01-26 00:00:00+00:00
[2023-01-27 02:14:34,480] {processor.py:171} INFO - Processing /opt/airflow/dags/data_ingestion_gcs_dag.py took 0.991 seconds
[2023-01-27 02:15:04,677] {processor.py:163} INFO - Started process (PID=2043) to work on /opt/airflow/dags/data_ingestion_gcs_dag.py
[2023-01-27 02:15:04,680] {processor.py:642} INFO - Processing file /opt/airflow/dags/data_ingestion_gcs_dag.py for tasks to queue
[2023-01-27 02:15:04,681] {logging_mixin.py:109} INFO - [2023-01-27 02:15:04,681] {dagbag.py:500} INFO - Filling up the DagBag from /opt/airflow/dags/data_ingestion_gcs_dag.py
[2023-01-27 02:15:05,667] {processor.py:654} INFO - DAG(s) dict_keys(['data_ingestion_gcs_dag']) retrieved from /opt/airflow/dags/data_ingestion_gcs_dag.py
[2023-01-27 02:15:05,679] {logging_mixin.py:109} INFO - [2023-01-27 02:15:05,678] {dag.py:2396} INFO - Sync 1 DAGs
[2023-01-27 02:15:05,697] {logging_mixin.py:109} INFO - [2023-01-27 02:15:05,697] {dag.py:2935} INFO - Setting next_dagrun for data_ingestion_gcs_dag to 2023-01-26 00:00:00+00:00
[2023-01-27 02:15:05,707] {processor.py:171} INFO - Processing /opt/airflow/dags/data_ingestion_gcs_dag.py took 1.036 seconds
[2023-01-27 02:15:35,856] {processor.py:163} INFO - Started process (PID=2106) to work on /opt/airflow/dags/data_ingestion_gcs_dag.py
[2023-01-27 02:15:35,858] {processor.py:642} INFO - Processing file /opt/airflow/dags/data_ingestion_gcs_dag.py for tasks to queue
[2023-01-27 02:15:35,859] {logging_mixin.py:109} INFO - [2023-01-27 02:15:35,859] {dagbag.py:500} INFO - Filling up the DagBag from /opt/airflow/dags/data_ingestion_gcs_dag.py
[2023-01-27 02:15:36,850] {processor.py:654} INFO - DAG(s) dict_keys(['data_ingestion_gcs_dag']) retrieved from /opt/airflow/dags/data_ingestion_gcs_dag.py
[2023-01-27 02:15:36,860] {logging_mixin.py:109} INFO - [2023-01-27 02:15:36,860] {dag.py:2396} INFO - Sync 1 DAGs
[2023-01-27 02:15:36,878] {logging_mixin.py:109} INFO - [2023-01-27 02:15:36,878] {dag.py:2935} INFO - Setting next_dagrun for data_ingestion_gcs_dag to 2023-01-26 00:00:00+00:00
[2023-01-27 02:15:36,890] {processor.py:171} INFO - Processing /opt/airflow/dags/data_ingestion_gcs_dag.py took 1.039 seconds
[2023-01-27 02:16:07,361] {processor.py:163} INFO - Started process (PID=2160) to work on /opt/airflow/dags/data_ingestion_gcs_dag.py
[2023-01-27 02:16:07,363] {processor.py:642} INFO - Processing file /opt/airflow/dags/data_ingestion_gcs_dag.py for tasks to queue
[2023-01-27 02:16:07,364] {logging_mixin.py:109} INFO - [2023-01-27 02:16:07,364] {dagbag.py:500} INFO - Filling up the DagBag from /opt/airflow/dags/data_ingestion_gcs_dag.py
[2023-01-27 02:16:08,316] {processor.py:654} INFO - DAG(s) dict_keys(['data_ingestion_gcs_dag']) retrieved from /opt/airflow/dags/data_ingestion_gcs_dag.py
[2023-01-27 02:16:08,330] {logging_mixin.py:109} INFO - [2023-01-27 02:16:08,329] {dag.py:2396} INFO - Sync 1 DAGs
[2023-01-27 02:16:08,347] {logging_mixin.py:109} INFO - [2023-01-27 02:16:08,346] {dag.py:2935} INFO - Setting next_dagrun for data_ingestion_gcs_dag to 2023-01-26 00:00:00+00:00
[2023-01-27 02:16:08,358] {processor.py:171} INFO - Processing /opt/airflow/dags/data_ingestion_gcs_dag.py took 1.002 seconds
[2023-01-27 02:16:38,479] {processor.py:163} INFO - Started process (PID=2222) to work on /opt/airflow/dags/data_ingestion_gcs_dag.py
[2023-01-27 02:16:38,481] {processor.py:642} INFO - Processing file /opt/airflow/dags/data_ingestion_gcs_dag.py for tasks to queue
[2023-01-27 02:16:38,483] {logging_mixin.py:109} INFO - [2023-01-27 02:16:38,482] {dagbag.py:500} INFO - Filling up the DagBag from /opt/airflow/dags/data_ingestion_gcs_dag.py
[2023-01-27 02:16:39,778] {processor.py:654} INFO - DAG(s) dict_keys(['data_ingestion_gcs_dag']) retrieved from /opt/airflow/dags/data_ingestion_gcs_dag.py
[2023-01-27 02:16:39,799] {logging_mixin.py:109} INFO - [2023-01-27 02:16:39,798] {dag.py:2396} INFO - Sync 1 DAGs
[2023-01-27 02:16:39,831] {logging_mixin.py:109} INFO - [2023-01-27 02:16:39,830] {dag.py:2935} INFO - Setting next_dagrun for data_ingestion_gcs_dag to 2023-01-26 00:00:00+00:00
[2023-01-27 02:16:39,844] {processor.py:171} INFO - Processing /opt/airflow/dags/data_ingestion_gcs_dag.py took 1.372 seconds
[2023-01-27 02:17:09,946] {processor.py:163} INFO - Started process (PID=2276) to work on /opt/airflow/dags/data_ingestion_gcs_dag.py
[2023-01-27 02:17:09,949] {processor.py:642} INFO - Processing file /opt/airflow/dags/data_ingestion_gcs_dag.py for tasks to queue
[2023-01-27 02:17:09,950] {logging_mixin.py:109} INFO - [2023-01-27 02:17:09,950] {dagbag.py:500} INFO - Filling up the DagBag from /opt/airflow/dags/data_ingestion_gcs_dag.py
[2023-01-27 02:17:10,939] {processor.py:654} INFO - DAG(s) dict_keys(['data_ingestion_gcs_dag']) retrieved from /opt/airflow/dags/data_ingestion_gcs_dag.py
[2023-01-27 02:17:10,955] {logging_mixin.py:109} INFO - [2023-01-27 02:17:10,954] {dag.py:2396} INFO - Sync 1 DAGs
[2023-01-27 02:17:10,986] {logging_mixin.py:109} INFO - [2023-01-27 02:17:10,985] {dag.py:2935} INFO - Setting next_dagrun for data_ingestion_gcs_dag to 2023-01-26 00:00:00+00:00
[2023-01-27 02:17:10,997] {processor.py:171} INFO - Processing /opt/airflow/dags/data_ingestion_gcs_dag.py took 1.057 seconds
[2023-01-27 02:17:41,117] {processor.py:163} INFO - Started process (PID=2330) to work on /opt/airflow/dags/data_ingestion_gcs_dag.py
[2023-01-27 02:17:41,120] {processor.py:642} INFO - Processing file /opt/airflow/dags/data_ingestion_gcs_dag.py for tasks to queue
[2023-01-27 02:17:41,121] {logging_mixin.py:109} INFO - [2023-01-27 02:17:41,120] {dagbag.py:500} INFO - Filling up the DagBag from /opt/airflow/dags/data_ingestion_gcs_dag.py
[2023-01-27 02:17:42,356] {processor.py:654} INFO - DAG(s) dict_keys(['data_ingestion_gcs_dag']) retrieved from /opt/airflow/dags/data_ingestion_gcs_dag.py
[2023-01-27 02:17:42,370] {logging_mixin.py:109} INFO - [2023-01-27 02:17:42,370] {dag.py:2396} INFO - Sync 1 DAGs
[2023-01-27 02:17:42,400] {logging_mixin.py:109} INFO - [2023-01-27 02:17:42,400] {dag.py:2935} INFO - Setting next_dagrun for data_ingestion_gcs_dag to 2023-01-26 00:00:00+00:00
[2023-01-27 02:17:42,415] {processor.py:171} INFO - Processing /opt/airflow/dags/data_ingestion_gcs_dag.py took 1.304 seconds
[2023-01-27 02:18:12,537] {processor.py:163} INFO - Started process (PID=2394) to work on /opt/airflow/dags/data_ingestion_gcs_dag.py
[2023-01-27 02:18:12,539] {processor.py:642} INFO - Processing file /opt/airflow/dags/data_ingestion_gcs_dag.py for tasks to queue
[2023-01-27 02:18:12,540] {logging_mixin.py:109} INFO - [2023-01-27 02:18:12,539] {dagbag.py:500} INFO - Filling up the DagBag from /opt/airflow/dags/data_ingestion_gcs_dag.py
[2023-01-27 02:18:13,526] {processor.py:654} INFO - DAG(s) dict_keys(['data_ingestion_gcs_dag']) retrieved from /opt/airflow/dags/data_ingestion_gcs_dag.py
[2023-01-27 02:18:13,537] {logging_mixin.py:109} INFO - [2023-01-27 02:18:13,537] {dag.py:2396} INFO - Sync 1 DAGs
[2023-01-27 02:18:13,555] {logging_mixin.py:109} INFO - [2023-01-27 02:18:13,555] {dag.py:2935} INFO - Setting next_dagrun for data_ingestion_gcs_dag to 2023-01-26 00:00:00+00:00
[2023-01-27 02:18:13,574] {processor.py:171} INFO - Processing /opt/airflow/dags/data_ingestion_gcs_dag.py took 1.042 seconds
[2023-01-27 02:18:44,289] {processor.py:163} INFO - Started process (PID=2448) to work on /opt/airflow/dags/data_ingestion_gcs_dag.py
[2023-01-27 02:18:44,292] {processor.py:642} INFO - Processing file /opt/airflow/dags/data_ingestion_gcs_dag.py for tasks to queue
[2023-01-27 02:18:44,293] {logging_mixin.py:109} INFO - [2023-01-27 02:18:44,293] {dagbag.py:500} INFO - Filling up the DagBag from /opt/airflow/dags/data_ingestion_gcs_dag.py
[2023-01-27 02:18:45,286] {processor.py:654} INFO - DAG(s) dict_keys(['data_ingestion_gcs_dag']) retrieved from /opt/airflow/dags/data_ingestion_gcs_dag.py
[2023-01-27 02:18:45,296] {logging_mixin.py:109} INFO - [2023-01-27 02:18:45,296] {dag.py:2396} INFO - Sync 1 DAGs
[2023-01-27 02:18:45,314] {logging_mixin.py:109} INFO - [2023-01-27 02:18:45,314] {dag.py:2935} INFO - Setting next_dagrun for data_ingestion_gcs_dag to 2023-01-26 00:00:00+00:00
[2023-01-27 02:18:45,326] {processor.py:171} INFO - Processing /opt/airflow/dags/data_ingestion_gcs_dag.py took 1.041 seconds
[2023-01-27 02:19:15,600] {processor.py:163} INFO - Started process (PID=2512) to work on /opt/airflow/dags/data_ingestion_gcs_dag.py
[2023-01-27 02:19:15,603] {processor.py:642} INFO - Processing file /opt/airflow/dags/data_ingestion_gcs_dag.py for tasks to queue
[2023-01-27 02:19:15,605] {logging_mixin.py:109} INFO - [2023-01-27 02:19:15,604] {dagbag.py:500} INFO - Filling up the DagBag from /opt/airflow/dags/data_ingestion_gcs_dag.py
[2023-01-27 02:19:16,596] {processor.py:654} INFO - DAG(s) dict_keys(['data_ingestion_gcs_dag']) retrieved from /opt/airflow/dags/data_ingestion_gcs_dag.py
[2023-01-27 02:19:16,606] {logging_mixin.py:109} INFO - [2023-01-27 02:19:16,606] {dag.py:2396} INFO - Sync 1 DAGs
[2023-01-27 02:19:16,626] {logging_mixin.py:109} INFO - [2023-01-27 02:19:16,626] {dag.py:2935} INFO - Setting next_dagrun for data_ingestion_gcs_dag to 2023-01-26 00:00:00+00:00
[2023-01-27 02:19:16,637] {processor.py:171} INFO - Processing /opt/airflow/dags/data_ingestion_gcs_dag.py took 1.044 seconds
[2023-01-27 02:19:46,747] {processor.py:163} INFO - Started process (PID=2567) to work on /opt/airflow/dags/data_ingestion_gcs_dag.py
[2023-01-27 02:19:46,749] {processor.py:642} INFO - Processing file /opt/airflow/dags/data_ingestion_gcs_dag.py for tasks to queue
[2023-01-27 02:19:46,750] {logging_mixin.py:109} INFO - [2023-01-27 02:19:46,749] {dagbag.py:500} INFO - Filling up the DagBag from /opt/airflow/dags/data_ingestion_gcs_dag.py
[2023-01-27 02:19:47,716] {processor.py:654} INFO - DAG(s) dict_keys(['data_ingestion_gcs_dag']) retrieved from /opt/airflow/dags/data_ingestion_gcs_dag.py
[2023-01-27 02:19:47,727] {logging_mixin.py:109} INFO - [2023-01-27 02:19:47,727] {dag.py:2396} INFO - Sync 1 DAGs
[2023-01-27 02:19:47,747] {logging_mixin.py:109} INFO - [2023-01-27 02:19:47,747] {dag.py:2935} INFO - Setting next_dagrun for data_ingestion_gcs_dag to 2023-01-26 00:00:00+00:00
[2023-01-27 02:19:47,758] {processor.py:171} INFO - Processing /opt/airflow/dags/data_ingestion_gcs_dag.py took 1.015 seconds
[2023-01-27 02:20:17,896] {processor.py:163} INFO - Started process (PID=2630) to work on /opt/airflow/dags/data_ingestion_gcs_dag.py
[2023-01-27 02:20:17,898] {processor.py:642} INFO - Processing file /opt/airflow/dags/data_ingestion_gcs_dag.py for tasks to queue
[2023-01-27 02:20:17,898] {logging_mixin.py:109} INFO - [2023-01-27 02:20:17,898] {dagbag.py:500} INFO - Filling up the DagBag from /opt/airflow/dags/data_ingestion_gcs_dag.py
[2023-01-27 02:20:18,864] {processor.py:654} INFO - DAG(s) dict_keys(['data_ingestion_gcs_dag']) retrieved from /opt/airflow/dags/data_ingestion_gcs_dag.py
[2023-01-27 02:20:18,875] {logging_mixin.py:109} INFO - [2023-01-27 02:20:18,874] {dag.py:2396} INFO - Sync 1 DAGs
[2023-01-27 02:20:18,892] {logging_mixin.py:109} INFO - [2023-01-27 02:20:18,892] {dag.py:2935} INFO - Setting next_dagrun for data_ingestion_gcs_dag to 2023-01-26 00:00:00+00:00
[2023-01-27 02:20:18,903] {processor.py:171} INFO - Processing /opt/airflow/dags/data_ingestion_gcs_dag.py took 1.012 seconds
[2023-01-27 02:20:49,059] {processor.py:163} INFO - Started process (PID=2684) to work on /opt/airflow/dags/data_ingestion_gcs_dag.py
[2023-01-27 02:20:49,060] {processor.py:642} INFO - Processing file /opt/airflow/dags/data_ingestion_gcs_dag.py for tasks to queue
[2023-01-27 02:20:49,061] {logging_mixin.py:109} INFO - [2023-01-27 02:20:49,061] {dagbag.py:500} INFO - Filling up the DagBag from /opt/airflow/dags/data_ingestion_gcs_dag.py
[2023-01-27 02:20:50,087] {processor.py:654} INFO - DAG(s) dict_keys(['data_ingestion_gcs_dag']) retrieved from /opt/airflow/dags/data_ingestion_gcs_dag.py
[2023-01-27 02:20:50,106] {logging_mixin.py:109} INFO - [2023-01-27 02:20:50,106] {dag.py:2396} INFO - Sync 1 DAGs
[2023-01-27 02:20:50,136] {logging_mixin.py:109} INFO - [2023-01-27 02:20:50,136] {dag.py:2935} INFO - Setting next_dagrun for data_ingestion_gcs_dag to 2023-01-26 00:00:00+00:00
[2023-01-27 02:20:50,153] {processor.py:171} INFO - Processing /opt/airflow/dags/data_ingestion_gcs_dag.py took 1.099 seconds
[2023-01-27 02:21:21,154] {processor.py:163} INFO - Started process (PID=2747) to work on /opt/airflow/dags/data_ingestion_gcs_dag.py
[2023-01-27 02:21:21,157] {processor.py:642} INFO - Processing file /opt/airflow/dags/data_ingestion_gcs_dag.py for tasks to queue
[2023-01-27 02:21:21,158] {logging_mixin.py:109} INFO - [2023-01-27 02:21:21,158] {dagbag.py:500} INFO - Filling up the DagBag from /opt/airflow/dags/data_ingestion_gcs_dag.py
[2023-01-27 02:21:22,196] {processor.py:654} INFO - DAG(s) dict_keys(['data_ingestion_gcs_dag']) retrieved from /opt/airflow/dags/data_ingestion_gcs_dag.py
[2023-01-27 02:21:22,207] {logging_mixin.py:109} INFO - [2023-01-27 02:21:22,206] {dag.py:2396} INFO - Sync 1 DAGs
[2023-01-27 02:21:22,231] {logging_mixin.py:109} INFO - [2023-01-27 02:21:22,230] {dag.py:2935} INFO - Setting next_dagrun for data_ingestion_gcs_dag to 2023-01-26 00:00:00+00:00
[2023-01-27 02:21:22,244] {processor.py:171} INFO - Processing /opt/airflow/dags/data_ingestion_gcs_dag.py took 1.096 seconds
[2023-01-27 02:21:52,367] {processor.py:163} INFO - Started process (PID=2801) to work on /opt/airflow/dags/data_ingestion_gcs_dag.py
[2023-01-27 02:21:52,369] {processor.py:642} INFO - Processing file /opt/airflow/dags/data_ingestion_gcs_dag.py for tasks to queue
[2023-01-27 02:21:52,370] {logging_mixin.py:109} INFO - [2023-01-27 02:21:52,370] {dagbag.py:500} INFO - Filling up the DagBag from /opt/airflow/dags/data_ingestion_gcs_dag.py
[2023-01-27 02:21:53,347] {processor.py:654} INFO - DAG(s) dict_keys(['data_ingestion_gcs_dag']) retrieved from /opt/airflow/dags/data_ingestion_gcs_dag.py
[2023-01-27 02:21:53,357] {logging_mixin.py:109} INFO - [2023-01-27 02:21:53,357] {dag.py:2396} INFO - Sync 1 DAGs
[2023-01-27 02:21:53,375] {logging_mixin.py:109} INFO - [2023-01-27 02:21:53,375] {dag.py:2935} INFO - Setting next_dagrun for data_ingestion_gcs_dag to 2023-01-26 00:00:00+00:00
[2023-01-27 02:21:53,388] {processor.py:171} INFO - Processing /opt/airflow/dags/data_ingestion_gcs_dag.py took 1.027 seconds
[2023-01-27 02:22:23,501] {processor.py:163} INFO - Started process (PID=2864) to work on /opt/airflow/dags/data_ingestion_gcs_dag.py
[2023-01-27 02:22:23,503] {processor.py:642} INFO - Processing file /opt/airflow/dags/data_ingestion_gcs_dag.py for tasks to queue
[2023-01-27 02:22:23,504] {logging_mixin.py:109} INFO - [2023-01-27 02:22:23,504] {dagbag.py:500} INFO - Filling up the DagBag from /opt/airflow/dags/data_ingestion_gcs_dag.py
[2023-01-27 02:22:24,482] {processor.py:654} INFO - DAG(s) dict_keys(['data_ingestion_gcs_dag']) retrieved from /opt/airflow/dags/data_ingestion_gcs_dag.py
[2023-01-27 02:22:24,492] {logging_mixin.py:109} INFO - [2023-01-27 02:22:24,492] {dag.py:2396} INFO - Sync 1 DAGs
[2023-01-27 02:22:24,509] {logging_mixin.py:109} INFO - [2023-01-27 02:22:24,509] {dag.py:2935} INFO - Setting next_dagrun for data_ingestion_gcs_dag to 2023-01-26 00:00:00+00:00
[2023-01-27 02:22:24,520] {processor.py:171} INFO - Processing /opt/airflow/dags/data_ingestion_gcs_dag.py took 1.026 seconds
[2023-01-27 02:22:54,621] {processor.py:163} INFO - Started process (PID=2919) to work on /opt/airflow/dags/data_ingestion_gcs_dag.py
[2023-01-27 02:22:54,624] {processor.py:642} INFO - Processing file /opt/airflow/dags/data_ingestion_gcs_dag.py for tasks to queue
[2023-01-27 02:22:54,625] {logging_mixin.py:109} INFO - [2023-01-27 02:22:54,625] {dagbag.py:500} INFO - Filling up the DagBag from /opt/airflow/dags/data_ingestion_gcs_dag.py
[2023-01-27 02:22:55,604] {processor.py:654} INFO - DAG(s) dict_keys(['data_ingestion_gcs_dag']) retrieved from /opt/airflow/dags/data_ingestion_gcs_dag.py
[2023-01-27 02:22:55,619] {logging_mixin.py:109} INFO - [2023-01-27 02:22:55,618] {dag.py:2396} INFO - Sync 1 DAGs
[2023-01-27 02:22:55,643] {logging_mixin.py:109} INFO - [2023-01-27 02:22:55,643] {dag.py:2935} INFO - Setting next_dagrun for data_ingestion_gcs_dag to 2023-01-26 00:00:00+00:00
[2023-01-27 02:22:55,658] {processor.py:171} INFO - Processing /opt/airflow/dags/data_ingestion_gcs_dag.py took 1.044 seconds
[2023-01-27 02:23:25,736] {processor.py:163} INFO - Started process (PID=2982) to work on /opt/airflow/dags/data_ingestion_gcs_dag.py
[2023-01-27 02:23:25,739] {processor.py:642} INFO - Processing file /opt/airflow/dags/data_ingestion_gcs_dag.py for tasks to queue
[2023-01-27 02:23:25,740] {logging_mixin.py:109} INFO - [2023-01-27 02:23:25,740] {dagbag.py:500} INFO - Filling up the DagBag from /opt/airflow/dags/data_ingestion_gcs_dag.py
[2023-01-27 02:23:26,863] {processor.py:654} INFO - DAG(s) dict_keys(['data_ingestion_gcs_dag']) retrieved from /opt/airflow/dags/data_ingestion_gcs_dag.py
[2023-01-27 02:23:26,879] {logging_mixin.py:109} INFO - [2023-01-27 02:23:26,878] {dag.py:2396} INFO - Sync 1 DAGs
[2023-01-27 02:23:26,900] {logging_mixin.py:109} INFO - [2023-01-27 02:23:26,899] {dag.py:2935} INFO - Setting next_dagrun for data_ingestion_gcs_dag to 2023-01-26 00:00:00+00:00
[2023-01-27 02:23:26,912] {processor.py:171} INFO - Processing /opt/airflow/dags/data_ingestion_gcs_dag.py took 1.182 seconds
[2023-01-27 02:23:57,019] {processor.py:163} INFO - Started process (PID=3035) to work on /opt/airflow/dags/data_ingestion_gcs_dag.py
[2023-01-27 02:23:57,021] {processor.py:642} INFO - Processing file /opt/airflow/dags/data_ingestion_gcs_dag.py for tasks to queue
[2023-01-27 02:23:57,023] {logging_mixin.py:109} INFO - [2023-01-27 02:23:57,022] {dagbag.py:500} INFO - Filling up the DagBag from /opt/airflow/dags/data_ingestion_gcs_dag.py
[2023-01-27 02:23:58,004] {processor.py:654} INFO - DAG(s) dict_keys(['data_ingestion_gcs_dag']) retrieved from /opt/airflow/dags/data_ingestion_gcs_dag.py
[2023-01-27 02:23:58,018] {logging_mixin.py:109} INFO - [2023-01-27 02:23:58,018] {dag.py:2396} INFO - Sync 1 DAGs
[2023-01-27 02:23:58,040] {logging_mixin.py:109} INFO - [2023-01-27 02:23:58,040] {dag.py:2935} INFO - Setting next_dagrun for data_ingestion_gcs_dag to 2023-01-26 00:00:00+00:00
[2023-01-27 02:23:58,052] {processor.py:171} INFO - Processing /opt/airflow/dags/data_ingestion_gcs_dag.py took 1.040 seconds
[2023-01-27 02:24:28,140] {processor.py:163} INFO - Started process (PID=3098) to work on /opt/airflow/dags/data_ingestion_gcs_dag.py
[2023-01-27 02:24:28,142] {processor.py:642} INFO - Processing file /opt/airflow/dags/data_ingestion_gcs_dag.py for tasks to queue
[2023-01-27 02:24:28,143] {logging_mixin.py:109} INFO - [2023-01-27 02:24:28,143] {dagbag.py:500} INFO - Filling up the DagBag from /opt/airflow/dags/data_ingestion_gcs_dag.py
[2023-01-27 02:24:29,410] {processor.py:654} INFO - DAG(s) dict_keys(['data_ingestion_gcs_dag']) retrieved from /opt/airflow/dags/data_ingestion_gcs_dag.py
[2023-01-27 02:24:29,423] {logging_mixin.py:109} INFO - [2023-01-27 02:24:29,423] {dag.py:2396} INFO - Sync 1 DAGs
[2023-01-27 02:24:29,443] {logging_mixin.py:109} INFO - [2023-01-27 02:24:29,443] {dag.py:2935} INFO - Setting next_dagrun for data_ingestion_gcs_dag to 2023-01-26 00:00:00+00:00
[2023-01-27 02:24:29,454] {processor.py:171} INFO - Processing /opt/airflow/dags/data_ingestion_gcs_dag.py took 1.321 seconds
[2023-01-27 02:24:59,564] {processor.py:163} INFO - Started process (PID=3153) to work on /opt/airflow/dags/data_ingestion_gcs_dag.py
[2023-01-27 02:24:59,566] {processor.py:642} INFO - Processing file /opt/airflow/dags/data_ingestion_gcs_dag.py for tasks to queue
[2023-01-27 02:24:59,567] {logging_mixin.py:109} INFO - [2023-01-27 02:24:59,567] {dagbag.py:500} INFO - Filling up the DagBag from /opt/airflow/dags/data_ingestion_gcs_dag.py
[2023-01-27 02:25:00,563] {processor.py:654} INFO - DAG(s) dict_keys(['data_ingestion_gcs_dag']) retrieved from /opt/airflow/dags/data_ingestion_gcs_dag.py
[2023-01-27 02:25:00,573] {logging_mixin.py:109} INFO - [2023-01-27 02:25:00,573] {dag.py:2396} INFO - Sync 1 DAGs
[2023-01-27 02:25:00,590] {logging_mixin.py:109} INFO - [2023-01-27 02:25:00,590] {dag.py:2935} INFO - Setting next_dagrun for data_ingestion_gcs_dag to 2023-01-26 00:00:00+00:00
[2023-01-27 02:25:00,601] {processor.py:171} INFO - Processing /opt/airflow/dags/data_ingestion_gcs_dag.py took 1.042 seconds
[2023-01-27 02:25:30,725] {processor.py:163} INFO - Started process (PID=3214) to work on /opt/airflow/dags/data_ingestion_gcs_dag.py
[2023-01-27 02:25:30,729] {processor.py:642} INFO - Processing file /opt/airflow/dags/data_ingestion_gcs_dag.py for tasks to queue
[2023-01-27 02:25:30,730] {logging_mixin.py:109} INFO - [2023-01-27 02:25:30,730] {dagbag.py:500} INFO - Filling up the DagBag from /opt/airflow/dags/data_ingestion_gcs_dag.py
[2023-01-27 02:25:32,075] {processor.py:654} INFO - DAG(s) dict_keys(['data_ingestion_gcs_dag']) retrieved from /opt/airflow/dags/data_ingestion_gcs_dag.py
[2023-01-27 02:25:32,089] {logging_mixin.py:109} INFO - [2023-01-27 02:25:32,089] {dag.py:2396} INFO - Sync 1 DAGs
[2023-01-27 02:25:32,116] {logging_mixin.py:109} INFO - [2023-01-27 02:25:32,116] {dag.py:2935} INFO - Setting next_dagrun for data_ingestion_gcs_dag to 2023-01-26 00:00:00+00:00
[2023-01-27 02:25:32,131] {processor.py:171} INFO - Processing /opt/airflow/dags/data_ingestion_gcs_dag.py took 1.412 seconds
[2023-01-27 02:26:02,660] {processor.py:163} INFO - Started process (PID=3270) to work on /opt/airflow/dags/data_ingestion_gcs_dag.py
[2023-01-27 02:26:02,663] {processor.py:642} INFO - Processing file /opt/airflow/dags/data_ingestion_gcs_dag.py for tasks to queue
[2023-01-27 02:26:02,664] {logging_mixin.py:109} INFO - [2023-01-27 02:26:02,664] {dagbag.py:500} INFO - Filling up the DagBag from /opt/airflow/dags/data_ingestion_gcs_dag.py
[2023-01-27 02:26:03,710] {processor.py:654} INFO - DAG(s) dict_keys(['data_ingestion_gcs_dag']) retrieved from /opt/airflow/dags/data_ingestion_gcs_dag.py
[2023-01-27 02:26:03,728] {logging_mixin.py:109} INFO - [2023-01-27 02:26:03,727] {dag.py:2396} INFO - Sync 1 DAGs
[2023-01-27 02:26:03,759] {logging_mixin.py:109} INFO - [2023-01-27 02:26:03,759] {dag.py:2935} INFO - Setting next_dagrun for data_ingestion_gcs_dag to 2023-01-26 00:00:00+00:00
[2023-01-27 02:26:03,772] {processor.py:171} INFO - Processing /opt/airflow/dags/data_ingestion_gcs_dag.py took 1.118 seconds
[2023-01-27 02:26:33,899] {processor.py:163} INFO - Started process (PID=3324) to work on /opt/airflow/dags/data_ingestion_gcs_dag.py
[2023-01-27 02:26:33,901] {processor.py:642} INFO - Processing file /opt/airflow/dags/data_ingestion_gcs_dag.py for tasks to queue
[2023-01-27 02:26:33,902] {logging_mixin.py:109} INFO - [2023-01-27 02:26:33,902] {dagbag.py:500} INFO - Filling up the DagBag from /opt/airflow/dags/data_ingestion_gcs_dag.py
[2023-01-27 02:26:35,017] {processor.py:654} INFO - DAG(s) dict_keys(['data_ingestion_gcs_dag']) retrieved from /opt/airflow/dags/data_ingestion_gcs_dag.py
[2023-01-27 02:26:35,038] {logging_mixin.py:109} INFO - [2023-01-27 02:26:35,038] {dag.py:2396} INFO - Sync 1 DAGs
[2023-01-27 02:26:35,076] {logging_mixin.py:109} INFO - [2023-01-27 02:26:35,076] {dag.py:2935} INFO - Setting next_dagrun for data_ingestion_gcs_dag to 2023-01-26 00:00:00+00:00
[2023-01-27 02:26:35,095] {processor.py:171} INFO - Processing /opt/airflow/dags/data_ingestion_gcs_dag.py took 1.200 seconds
[2023-01-27 22:44:32,672] {processor.py:163} INFO - Started process (PID=199) to work on /opt/airflow/dags/data_ingestion_gcs_dag.py
[2023-01-27 22:44:32,676] {processor.py:642} INFO - Processing file /opt/airflow/dags/data_ingestion_gcs_dag.py for tasks to queue
[2023-01-27 22:44:32,679] {logging_mixin.py:109} INFO - [2023-01-27 22:44:32,679] {dagbag.py:500} INFO - Filling up the DagBag from /opt/airflow/dags/data_ingestion_gcs_dag.py
[2023-01-27 22:44:33,526] {processor.py:654} INFO - DAG(s) dict_keys(['data_ingestion_gcs_dag']) retrieved from /opt/airflow/dags/data_ingestion_gcs_dag.py
[2023-01-27 22:44:34,599] {logging_mixin.py:109} INFO - [2023-01-27 22:44:34,599] {manager.py:496} INFO - Created Permission View: can edit on DAG:data_ingestion_gcs_dag
[2023-01-27 22:44:34,609] {logging_mixin.py:109} INFO - [2023-01-27 22:44:34,609] {manager.py:496} INFO - Created Permission View: can read on DAG:data_ingestion_gcs_dag
[2023-01-27 22:44:34,610] {logging_mixin.py:109} INFO - [2023-01-27 22:44:34,610] {dag.py:2396} INFO - Sync 1 DAGs
[2023-01-27 22:44:34,619] {logging_mixin.py:109} INFO - [2023-01-27 22:44:34,619] {dag.py:2415} INFO - Creating ORM DAG for data_ingestion_gcs_dag
[2023-01-27 22:44:34,633] {logging_mixin.py:109} INFO - [2023-01-27 22:44:34,633] {dag.py:2935} INFO - Setting next_dagrun for data_ingestion_gcs_dag to 2023-01-26 00:00:00+00:00
[2023-01-27 22:44:34,653] {processor.py:171} INFO - Processing /opt/airflow/dags/data_ingestion_gcs_dag.py took 1.985 seconds
[2023-01-27 22:45:05,599] {processor.py:163} INFO - Started process (PID=260) to work on /opt/airflow/dags/data_ingestion_gcs_dag.py
[2023-01-27 22:45:05,601] {processor.py:642} INFO - Processing file /opt/airflow/dags/data_ingestion_gcs_dag.py for tasks to queue
[2023-01-27 22:45:05,603] {logging_mixin.py:109} INFO - [2023-01-27 22:45:05,603] {dagbag.py:500} INFO - Filling up the DagBag from /opt/airflow/dags/data_ingestion_gcs_dag.py
[2023-01-27 22:45:06,401] {processor.py:654} INFO - DAG(s) dict_keys(['data_ingestion_gcs_dag']) retrieved from /opt/airflow/dags/data_ingestion_gcs_dag.py
[2023-01-27 22:45:06,417] {logging_mixin.py:109} INFO - [2023-01-27 22:45:06,417] {dag.py:2396} INFO - Sync 1 DAGs
[2023-01-27 22:45:06,522] {logging_mixin.py:109} INFO - [2023-01-27 22:45:06,521] {dag.py:2935} INFO - Setting next_dagrun for data_ingestion_gcs_dag to 2023-01-26 00:00:00+00:00
[2023-01-27 22:45:06,537] {processor.py:171} INFO - Processing /opt/airflow/dags/data_ingestion_gcs_dag.py took 0.940 seconds
[2023-01-27 22:45:36,834] {processor.py:163} INFO - Started process (PID=336) to work on /opt/airflow/dags/data_ingestion_gcs_dag.py
[2023-01-27 22:45:36,836] {processor.py:642} INFO - Processing file /opt/airflow/dags/data_ingestion_gcs_dag.py for tasks to queue
[2023-01-27 22:45:36,838] {logging_mixin.py:109} INFO - [2023-01-27 22:45:36,837] {dagbag.py:500} INFO - Filling up the DagBag from /opt/airflow/dags/data_ingestion_gcs_dag.py
[2023-01-27 22:45:37,598] {processor.py:654} INFO - DAG(s) dict_keys(['data_ingestion_gcs_dag']) retrieved from /opt/airflow/dags/data_ingestion_gcs_dag.py
[2023-01-27 22:45:37,609] {logging_mixin.py:109} INFO - [2023-01-27 22:45:37,609] {dag.py:2396} INFO - Sync 1 DAGs
[2023-01-27 22:45:37,691] {logging_mixin.py:109} INFO - [2023-01-27 22:45:37,691] {dag.py:2935} INFO - Setting next_dagrun for data_ingestion_gcs_dag to 2023-01-26 00:00:00+00:00
[2023-01-27 22:45:37,706] {processor.py:171} INFO - Processing /opt/airflow/dags/data_ingestion_gcs_dag.py took 0.876 seconds
[2023-01-27 22:46:07,942] {processor.py:163} INFO - Started process (PID=399) to work on /opt/airflow/dags/data_ingestion_gcs_dag.py
[2023-01-27 22:46:07,945] {processor.py:642} INFO - Processing file /opt/airflow/dags/data_ingestion_gcs_dag.py for tasks to queue
[2023-01-27 22:46:07,947] {logging_mixin.py:109} INFO - [2023-01-27 22:46:07,947] {dagbag.py:500} INFO - Filling up the DagBag from /opt/airflow/dags/data_ingestion_gcs_dag.py
[2023-01-27 22:46:08,887] {processor.py:654} INFO - DAG(s) dict_keys(['data_ingestion_gcs_dag']) retrieved from /opt/airflow/dags/data_ingestion_gcs_dag.py
[2023-01-27 22:46:08,971] {logging_mixin.py:109} INFO - [2023-01-27 22:46:08,970] {dag.py:2396} INFO - Sync 1 DAGs
[2023-01-27 22:46:08,995] {logging_mixin.py:109} INFO - [2023-01-27 22:46:08,995] {dag.py:2935} INFO - Setting next_dagrun for data_ingestion_gcs_dag to 2023-01-26 00:00:00+00:00
[2023-01-27 22:46:09,013] {processor.py:171} INFO - Processing /opt/airflow/dags/data_ingestion_gcs_dag.py took 1.077 seconds
[2023-01-27 22:46:39,359] {processor.py:163} INFO - Started process (PID=473) to work on /opt/airflow/dags/data_ingestion_gcs_dag.py
[2023-01-27 22:46:39,361] {processor.py:642} INFO - Processing file /opt/airflow/dags/data_ingestion_gcs_dag.py for tasks to queue
[2023-01-27 22:46:39,363] {logging_mixin.py:109} INFO - [2023-01-27 22:46:39,363] {dagbag.py:500} INFO - Filling up the DagBag from /opt/airflow/dags/data_ingestion_gcs_dag.py
[2023-01-27 22:46:39,989] {processor.py:654} INFO - DAG(s) dict_keys(['data_ingestion_gcs_dag']) retrieved from /opt/airflow/dags/data_ingestion_gcs_dag.py
[2023-01-27 22:46:40,065] {logging_mixin.py:109} INFO - [2023-01-27 22:46:40,065] {dag.py:2396} INFO - Sync 1 DAGs
[2023-01-27 22:46:40,087] {logging_mixin.py:109} INFO - [2023-01-27 22:46:40,087] {dag.py:2935} INFO - Setting next_dagrun for data_ingestion_gcs_dag to 2023-01-26 00:00:00+00:00
[2023-01-27 22:46:40,102] {processor.py:171} INFO - Processing /opt/airflow/dags/data_ingestion_gcs_dag.py took 0.746 seconds
[2023-01-27 22:47:11,121] {processor.py:163} INFO - Started process (PID=573) to work on /opt/airflow/dags/data_ingestion_gcs_dag.py
[2023-01-27 22:47:11,124] {processor.py:642} INFO - Processing file /opt/airflow/dags/data_ingestion_gcs_dag.py for tasks to queue
[2023-01-27 22:47:11,126] {logging_mixin.py:109} INFO - [2023-01-27 22:47:11,126] {dagbag.py:500} INFO - Filling up the DagBag from /opt/airflow/dags/data_ingestion_gcs_dag.py
[2023-01-27 22:47:12,011] {processor.py:654} INFO - DAG(s) dict_keys(['data_ingestion_gcs_dag']) retrieved from /opt/airflow/dags/data_ingestion_gcs_dag.py
[2023-01-27 22:47:12,108] {logging_mixin.py:109} INFO - [2023-01-27 22:47:12,108] {dag.py:2396} INFO - Sync 1 DAGs
[2023-01-27 22:47:12,154] {processor.py:171} INFO - Processing /opt/airflow/dags/data_ingestion_gcs_dag.py took 1.042 seconds
[2023-01-27 22:47:42,366] {processor.py:163} INFO - Started process (PID=672) to work on /opt/airflow/dags/data_ingestion_gcs_dag.py
[2023-01-27 22:47:42,368] {processor.py:642} INFO - Processing file /opt/airflow/dags/data_ingestion_gcs_dag.py for tasks to queue
[2023-01-27 22:47:42,370] {logging_mixin.py:109} INFO - [2023-01-27 22:47:42,370] {dagbag.py:500} INFO - Filling up the DagBag from /opt/airflow/dags/data_ingestion_gcs_dag.py
[2023-01-27 22:47:43,209] {processor.py:654} INFO - DAG(s) dict_keys(['data_ingestion_gcs_dag']) retrieved from /opt/airflow/dags/data_ingestion_gcs_dag.py
[2023-01-27 22:47:43,221] {logging_mixin.py:109} INFO - [2023-01-27 22:47:43,221] {dag.py:2396} INFO - Sync 1 DAGs
[2023-01-27 22:47:43,252] {processor.py:171} INFO - Processing /opt/airflow/dags/data_ingestion_gcs_dag.py took 0.890 seconds
[2023-01-27 22:48:13,641] {processor.py:163} INFO - Started process (PID=754) to work on /opt/airflow/dags/data_ingestion_gcs_dag.py
[2023-01-27 22:48:13,648] {processor.py:642} INFO - Processing file /opt/airflow/dags/data_ingestion_gcs_dag.py for tasks to queue
[2023-01-27 22:48:13,652] {logging_mixin.py:109} INFO - [2023-01-27 22:48:13,652] {dagbag.py:500} INFO - Filling up the DagBag from /opt/airflow/dags/data_ingestion_gcs_dag.py
[2023-01-27 22:48:14,464] {processor.py:654} INFO - DAG(s) dict_keys(['data_ingestion_gcs_dag']) retrieved from /opt/airflow/dags/data_ingestion_gcs_dag.py
[2023-01-27 22:48:14,478] {logging_mixin.py:109} INFO - [2023-01-27 22:48:14,478] {dag.py:2396} INFO - Sync 1 DAGs
[2023-01-27 22:48:14,501] {logging_mixin.py:109} INFO - [2023-01-27 22:48:14,500] {dag.py:2935} INFO - Setting next_dagrun for data_ingestion_gcs_dag to 2023-01-27T00:00:00+00:00
[2023-01-27 22:48:14,515] {processor.py:171} INFO - Processing /opt/airflow/dags/data_ingestion_gcs_dag.py took 0.878 seconds
[2023-01-27 22:48:45,288] {processor.py:163} INFO - Started process (PID=820) to work on /opt/airflow/dags/data_ingestion_gcs_dag.py
[2023-01-27 22:48:45,314] {processor.py:642} INFO - Processing file /opt/airflow/dags/data_ingestion_gcs_dag.py for tasks to queue
[2023-01-27 22:48:45,318] {logging_mixin.py:109} INFO - [2023-01-27 22:48:45,318] {dagbag.py:500} INFO - Filling up the DagBag from /opt/airflow/dags/data_ingestion_gcs_dag.py
[2023-01-27 22:48:46,009] {processor.py:654} INFO - DAG(s) dict_keys(['data_ingestion_gcs_dag']) retrieved from /opt/airflow/dags/data_ingestion_gcs_dag.py
[2023-01-27 22:48:46,021] {logging_mixin.py:109} INFO - [2023-01-27 22:48:46,021] {dag.py:2396} INFO - Sync 1 DAGs
[2023-01-27 22:48:46,041] {logging_mixin.py:109} INFO - [2023-01-27 22:48:46,041] {dag.py:2935} INFO - Setting next_dagrun for data_ingestion_gcs_dag to 2023-01-27T00:00:00+00:00
[2023-01-27 22:48:46,053] {processor.py:171} INFO - Processing /opt/airflow/dags/data_ingestion_gcs_dag.py took 0.804 seconds
[2023-01-27 22:49:16,798] {processor.py:163} INFO - Started process (PID=892) to work on /opt/airflow/dags/data_ingestion_gcs_dag.py
[2023-01-27 22:49:16,801] {processor.py:642} INFO - Processing file /opt/airflow/dags/data_ingestion_gcs_dag.py for tasks to queue
[2023-01-27 22:49:16,802] {logging_mixin.py:109} INFO - [2023-01-27 22:49:16,802] {dagbag.py:500} INFO - Filling up the DagBag from /opt/airflow/dags/data_ingestion_gcs_dag.py
[2023-01-27 22:49:17,616] {processor.py:654} INFO - DAG(s) dict_keys(['data_ingestion_gcs_dag']) retrieved from /opt/airflow/dags/data_ingestion_gcs_dag.py
[2023-01-27 22:49:17,629] {logging_mixin.py:109} INFO - [2023-01-27 22:49:17,628] {dag.py:2396} INFO - Sync 1 DAGs
[2023-01-27 22:49:17,649] {logging_mixin.py:109} INFO - [2023-01-27 22:49:17,649] {dag.py:2935} INFO - Setting next_dagrun for data_ingestion_gcs_dag to 2023-01-27T00:00:00+00:00
[2023-01-27 22:49:17,663] {processor.py:171} INFO - Processing /opt/airflow/dags/data_ingestion_gcs_dag.py took 0.870 seconds
[2023-01-27 22:49:47,886] {processor.py:163} INFO - Started process (PID=956) to work on /opt/airflow/dags/data_ingestion_gcs_dag.py
[2023-01-27 22:49:47,890] {processor.py:642} INFO - Processing file /opt/airflow/dags/data_ingestion_gcs_dag.py for tasks to queue
[2023-01-27 22:49:47,892] {logging_mixin.py:109} INFO - [2023-01-27 22:49:47,892] {dagbag.py:500} INFO - Filling up the DagBag from /opt/airflow/dags/data_ingestion_gcs_dag.py
[2023-01-27 22:49:48,798] {processor.py:654} INFO - DAG(s) dict_keys(['data_ingestion_gcs_dag']) retrieved from /opt/airflow/dags/data_ingestion_gcs_dag.py
[2023-01-27 22:49:48,809] {logging_mixin.py:109} INFO - [2023-01-27 22:49:48,809] {dag.py:2396} INFO - Sync 1 DAGs
[2023-01-27 22:49:48,828] {logging_mixin.py:109} INFO - [2023-01-27 22:49:48,828] {dag.py:2935} INFO - Setting next_dagrun for data_ingestion_gcs_dag to 2023-01-27T00:00:00+00:00
[2023-01-27 22:49:48,841] {processor.py:171} INFO - Processing /opt/airflow/dags/data_ingestion_gcs_dag.py took 0.961 seconds
[2023-01-27 22:50:19,425] {processor.py:163} INFO - Started process (PID=1028) to work on /opt/airflow/dags/data_ingestion_gcs_dag.py
[2023-01-27 22:50:19,428] {processor.py:642} INFO - Processing file /opt/airflow/dags/data_ingestion_gcs_dag.py for tasks to queue
[2023-01-27 22:50:19,430] {logging_mixin.py:109} INFO - [2023-01-27 22:50:19,430] {dagbag.py:500} INFO - Filling up the DagBag from /opt/airflow/dags/data_ingestion_gcs_dag.py
[2023-01-27 22:50:20,282] {processor.py:654} INFO - DAG(s) dict_keys(['data_ingestion_gcs_dag']) retrieved from /opt/airflow/dags/data_ingestion_gcs_dag.py
[2023-01-27 22:50:20,301] {logging_mixin.py:109} INFO - [2023-01-27 22:50:20,301] {dag.py:2396} INFO - Sync 1 DAGs
[2023-01-27 22:50:20,335] {logging_mixin.py:109} INFO - [2023-01-27 22:50:20,335] {dag.py:2935} INFO - Setting next_dagrun for data_ingestion_gcs_dag to 2023-01-27T00:00:00+00:00
[2023-01-27 22:50:20,358] {processor.py:171} INFO - Processing /opt/airflow/dags/data_ingestion_gcs_dag.py took 0.939 seconds
[2023-01-27 22:50:51,160] {processor.py:163} INFO - Started process (PID=1101) to work on /opt/airflow/dags/data_ingestion_gcs_dag.py
[2023-01-27 22:50:51,162] {processor.py:642} INFO - Processing file /opt/airflow/dags/data_ingestion_gcs_dag.py for tasks to queue
[2023-01-27 22:50:51,163] {logging_mixin.py:109} INFO - [2023-01-27 22:50:51,163] {dagbag.py:500} INFO - Filling up the DagBag from /opt/airflow/dags/data_ingestion_gcs_dag.py
[2023-01-27 22:50:51,923] {processor.py:654} INFO - DAG(s) dict_keys(['data_ingestion_gcs_dag']) retrieved from /opt/airflow/dags/data_ingestion_gcs_dag.py
[2023-01-27 22:50:51,935] {logging_mixin.py:109} INFO - [2023-01-27 22:50:51,934] {dag.py:2396} INFO - Sync 1 DAGs
[2023-01-27 22:50:51,953] {logging_mixin.py:109} INFO - [2023-01-27 22:50:51,953] {dag.py:2935} INFO - Setting next_dagrun for data_ingestion_gcs_dag to 2023-01-27T00:00:00+00:00
[2023-01-27 22:50:51,966] {processor.py:171} INFO - Processing /opt/airflow/dags/data_ingestion_gcs_dag.py took 0.812 seconds
[2023-01-27 22:51:22,023] {processor.py:163} INFO - Started process (PID=1165) to work on /opt/airflow/dags/data_ingestion_gcs_dag.py
[2023-01-27 22:51:22,026] {processor.py:642} INFO - Processing file /opt/airflow/dags/data_ingestion_gcs_dag.py for tasks to queue
[2023-01-27 22:51:22,029] {logging_mixin.py:109} INFO - [2023-01-27 22:51:22,029] {dagbag.py:500} INFO - Filling up the DagBag from /opt/airflow/dags/data_ingestion_gcs_dag.py
[2023-01-27 22:51:22,769] {processor.py:654} INFO - DAG(s) dict_keys(['data_ingestion_gcs_dag']) retrieved from /opt/airflow/dags/data_ingestion_gcs_dag.py
[2023-01-27 22:51:22,782] {logging_mixin.py:109} INFO - [2023-01-27 22:51:22,781] {dag.py:2396} INFO - Sync 1 DAGs
[2023-01-27 22:51:22,800] {logging_mixin.py:109} INFO - [2023-01-27 22:51:22,800] {dag.py:2935} INFO - Setting next_dagrun for data_ingestion_gcs_dag to 2023-01-27T00:00:00+00:00
[2023-01-27 22:51:22,812] {processor.py:171} INFO - Processing /opt/airflow/dags/data_ingestion_gcs_dag.py took 0.794 seconds
[2023-01-27 22:51:53,008] {processor.py:163} INFO - Started process (PID=1239) to work on /opt/airflow/dags/data_ingestion_gcs_dag.py
[2023-01-27 22:51:53,010] {processor.py:642} INFO - Processing file /opt/airflow/dags/data_ingestion_gcs_dag.py for tasks to queue
[2023-01-27 22:51:53,011] {logging_mixin.py:109} INFO - [2023-01-27 22:51:53,011] {dagbag.py:500} INFO - Filling up the DagBag from /opt/airflow/dags/data_ingestion_gcs_dag.py
[2023-01-27 22:51:53,762] {processor.py:654} INFO - DAG(s) dict_keys(['data_ingestion_gcs_dag']) retrieved from /opt/airflow/dags/data_ingestion_gcs_dag.py
[2023-01-27 22:51:53,774] {logging_mixin.py:109} INFO - [2023-01-27 22:51:53,774] {dag.py:2396} INFO - Sync 1 DAGs
[2023-01-27 22:51:53,796] {logging_mixin.py:109} INFO - [2023-01-27 22:51:53,796] {dag.py:2935} INFO - Setting next_dagrun for data_ingestion_gcs_dag to 2023-01-27T00:00:00+00:00
[2023-01-27 22:51:53,810] {processor.py:171} INFO - Processing /opt/airflow/dags/data_ingestion_gcs_dag.py took 0.806 seconds
[2023-01-27 22:52:24,012] {processor.py:163} INFO - Started process (PID=1304) to work on /opt/airflow/dags/data_ingestion_gcs_dag.py
[2023-01-27 22:52:24,014] {processor.py:642} INFO - Processing file /opt/airflow/dags/data_ingestion_gcs_dag.py for tasks to queue
[2023-01-27 22:52:24,016] {logging_mixin.py:109} INFO - [2023-01-27 22:52:24,016] {dagbag.py:500} INFO - Filling up the DagBag from /opt/airflow/dags/data_ingestion_gcs_dag.py
[2023-01-27 22:52:24,870] {processor.py:654} INFO - DAG(s) dict_keys(['data_ingestion_gcs_dag']) retrieved from /opt/airflow/dags/data_ingestion_gcs_dag.py
[2023-01-27 22:52:24,885] {logging_mixin.py:109} INFO - [2023-01-27 22:52:24,884] {dag.py:2396} INFO - Sync 1 DAGs
[2023-01-27 22:52:24,904] {logging_mixin.py:109} INFO - [2023-01-27 22:52:24,904] {dag.py:2935} INFO - Setting next_dagrun for data_ingestion_gcs_dag to 2023-01-27T00:00:00+00:00
[2023-01-27 22:52:24,917] {processor.py:171} INFO - Processing /opt/airflow/dags/data_ingestion_gcs_dag.py took 0.912 seconds
[2023-01-27 22:52:55,094] {processor.py:163} INFO - Started process (PID=1378) to work on /opt/airflow/dags/data_ingestion_gcs_dag.py
[2023-01-27 22:52:55,097] {processor.py:642} INFO - Processing file /opt/airflow/dags/data_ingestion_gcs_dag.py for tasks to queue
[2023-01-27 22:52:55,098] {logging_mixin.py:109} INFO - [2023-01-27 22:52:55,098] {dagbag.py:500} INFO - Filling up the DagBag from /opt/airflow/dags/data_ingestion_gcs_dag.py
[2023-01-27 22:52:55,979] {processor.py:654} INFO - DAG(s) dict_keys(['data_ingestion_gcs_dag']) retrieved from /opt/airflow/dags/data_ingestion_gcs_dag.py
[2023-01-27 22:52:55,992] {logging_mixin.py:109} INFO - [2023-01-27 22:52:55,992] {dag.py:2396} INFO - Sync 1 DAGs
[2023-01-27 22:52:56,015] {logging_mixin.py:109} INFO - [2023-01-27 22:52:56,015] {dag.py:2935} INFO - Setting next_dagrun for data_ingestion_gcs_dag to 2023-01-27T00:00:00+00:00
[2023-01-27 22:52:56,028] {processor.py:171} INFO - Processing /opt/airflow/dags/data_ingestion_gcs_dag.py took 0.938 seconds
[2023-01-27 22:53:26,451] {processor.py:163} INFO - Started process (PID=1451) to work on /opt/airflow/dags/data_ingestion_gcs_dag.py
[2023-01-27 22:53:26,453] {processor.py:642} INFO - Processing file /opt/airflow/dags/data_ingestion_gcs_dag.py for tasks to queue
[2023-01-27 22:53:26,455] {logging_mixin.py:109} INFO - [2023-01-27 22:53:26,455] {dagbag.py:500} INFO - Filling up the DagBag from /opt/airflow/dags/data_ingestion_gcs_dag.py
[2023-01-27 22:53:27,177] {processor.py:654} INFO - DAG(s) dict_keys(['data_ingestion_gcs_dag']) retrieved from /opt/airflow/dags/data_ingestion_gcs_dag.py
[2023-01-27 22:53:27,189] {logging_mixin.py:109} INFO - [2023-01-27 22:53:27,189] {dag.py:2396} INFO - Sync 1 DAGs
[2023-01-27 22:53:27,207] {logging_mixin.py:109} INFO - [2023-01-27 22:53:27,207] {dag.py:2935} INFO - Setting next_dagrun for data_ingestion_gcs_dag to 2023-01-27T00:00:00+00:00
[2023-01-27 22:53:27,218] {processor.py:171} INFO - Processing /opt/airflow/dags/data_ingestion_gcs_dag.py took 0.770 seconds
[2023-01-27 22:53:57,436] {processor.py:163} INFO - Started process (PID=1516) to work on /opt/airflow/dags/data_ingestion_gcs_dag.py
[2023-01-27 22:53:57,438] {processor.py:642} INFO - Processing file /opt/airflow/dags/data_ingestion_gcs_dag.py for tasks to queue
[2023-01-27 22:53:57,440] {logging_mixin.py:109} INFO - [2023-01-27 22:53:57,439] {dagbag.py:500} INFO - Filling up the DagBag from /opt/airflow/dags/data_ingestion_gcs_dag.py
[2023-01-27 22:53:58,216] {processor.py:654} INFO - DAG(s) dict_keys(['data_ingestion_gcs_dag']) retrieved from /opt/airflow/dags/data_ingestion_gcs_dag.py
[2023-01-27 22:53:58,228] {logging_mixin.py:109} INFO - [2023-01-27 22:53:58,228] {dag.py:2396} INFO - Sync 1 DAGs
[2023-01-27 22:53:58,246] {logging_mixin.py:109} INFO - [2023-01-27 22:53:58,246] {dag.py:2935} INFO - Setting next_dagrun for data_ingestion_gcs_dag to 2023-01-27T00:00:00+00:00
[2023-01-27 22:53:58,257] {processor.py:171} INFO - Processing /opt/airflow/dags/data_ingestion_gcs_dag.py took 0.826 seconds
[2023-01-27 22:54:28,417] {processor.py:163} INFO - Started process (PID=1589) to work on /opt/airflow/dags/data_ingestion_gcs_dag.py
[2023-01-27 22:54:28,419] {processor.py:642} INFO - Processing file /opt/airflow/dags/data_ingestion_gcs_dag.py for tasks to queue
[2023-01-27 22:54:28,421] {logging_mixin.py:109} INFO - [2023-01-27 22:54:28,421] {dagbag.py:500} INFO - Filling up the DagBag from /opt/airflow/dags/data_ingestion_gcs_dag.py
[2023-01-27 22:54:29,250] {processor.py:654} INFO - DAG(s) dict_keys(['data_ingestion_gcs_dag']) retrieved from /opt/airflow/dags/data_ingestion_gcs_dag.py
[2023-01-27 22:54:29,262] {logging_mixin.py:109} INFO - [2023-01-27 22:54:29,262] {dag.py:2396} INFO - Sync 1 DAGs
[2023-01-27 22:54:29,282] {logging_mixin.py:109} INFO - [2023-01-27 22:54:29,280] {dag.py:2935} INFO - Setting next_dagrun for data_ingestion_gcs_dag to 2023-01-27T00:00:00+00:00
[2023-01-27 22:54:29,294] {processor.py:171} INFO - Processing /opt/airflow/dags/data_ingestion_gcs_dag.py took 0.882 seconds
[2023-01-27 22:54:59,486] {processor.py:163} INFO - Started process (PID=1653) to work on /opt/airflow/dags/data_ingestion_gcs_dag.py
[2023-01-27 22:54:59,488] {processor.py:642} INFO - Processing file /opt/airflow/dags/data_ingestion_gcs_dag.py for tasks to queue
[2023-01-27 22:54:59,490] {logging_mixin.py:109} INFO - [2023-01-27 22:54:59,490] {dagbag.py:500} INFO - Filling up the DagBag from /opt/airflow/dags/data_ingestion_gcs_dag.py
[2023-01-27 22:55:00,301] {processor.py:654} INFO - DAG(s) dict_keys(['data_ingestion_gcs_dag']) retrieved from /opt/airflow/dags/data_ingestion_gcs_dag.py
[2023-01-27 22:55:00,313] {logging_mixin.py:109} INFO - [2023-01-27 22:55:00,313] {dag.py:2396} INFO - Sync 1 DAGs
[2023-01-27 22:55:00,332] {logging_mixin.py:109} INFO - [2023-01-27 22:55:00,332] {dag.py:2935} INFO - Setting next_dagrun for data_ingestion_gcs_dag to 2023-01-27T00:00:00+00:00
[2023-01-27 22:55:00,346] {processor.py:171} INFO - Processing /opt/airflow/dags/data_ingestion_gcs_dag.py took 0.865 seconds
[2023-01-27 22:55:30,556] {processor.py:163} INFO - Started process (PID=1727) to work on /opt/airflow/dags/data_ingestion_gcs_dag.py
[2023-01-27 22:55:30,559] {processor.py:642} INFO - Processing file /opt/airflow/dags/data_ingestion_gcs_dag.py for tasks to queue
[2023-01-27 22:55:30,560] {logging_mixin.py:109} INFO - [2023-01-27 22:55:30,560] {dagbag.py:500} INFO - Filling up the DagBag from /opt/airflow/dags/data_ingestion_gcs_dag.py
[2023-01-27 22:55:31,348] {processor.py:654} INFO - DAG(s) dict_keys(['data_ingestion_gcs_dag']) retrieved from /opt/airflow/dags/data_ingestion_gcs_dag.py
[2023-01-27 22:55:31,363] {logging_mixin.py:109} INFO - [2023-01-27 22:55:31,363] {dag.py:2396} INFO - Sync 1 DAGs
[2023-01-27 22:55:31,383] {logging_mixin.py:109} INFO - [2023-01-27 22:55:31,382] {dag.py:2935} INFO - Setting next_dagrun for data_ingestion_gcs_dag to 2023-01-27T00:00:00+00:00
[2023-01-27 22:55:31,396] {processor.py:171} INFO - Processing /opt/airflow/dags/data_ingestion_gcs_dag.py took 0.846 seconds
[2023-01-27 22:56:01,562] {processor.py:163} INFO - Started process (PID=1790) to work on /opt/airflow/dags/data_ingestion_gcs_dag.py
[2023-01-27 22:56:01,563] {processor.py:642} INFO - Processing file /opt/airflow/dags/data_ingestion_gcs_dag.py for tasks to queue
[2023-01-27 22:56:01,565] {logging_mixin.py:109} INFO - [2023-01-27 22:56:01,565] {dagbag.py:500} INFO - Filling up the DagBag from /opt/airflow/dags/data_ingestion_gcs_dag.py
[2023-01-27 22:56:02,317] {processor.py:654} INFO - DAG(s) dict_keys(['data_ingestion_gcs_dag']) retrieved from /opt/airflow/dags/data_ingestion_gcs_dag.py
[2023-01-27 22:56:02,329] {logging_mixin.py:109} INFO - [2023-01-27 22:56:02,328] {dag.py:2396} INFO - Sync 1 DAGs
[2023-01-27 22:56:02,347] {logging_mixin.py:109} INFO - [2023-01-27 22:56:02,347] {dag.py:2935} INFO - Setting next_dagrun for data_ingestion_gcs_dag to 2023-01-27T00:00:00+00:00
[2023-01-27 22:56:02,359] {processor.py:171} INFO - Processing /opt/airflow/dags/data_ingestion_gcs_dag.py took 0.801 seconds
[2023-01-27 22:56:32,551] {processor.py:163} INFO - Started process (PID=1862) to work on /opt/airflow/dags/data_ingestion_gcs_dag.py
[2023-01-27 22:56:32,554] {processor.py:642} INFO - Processing file /opt/airflow/dags/data_ingestion_gcs_dag.py for tasks to queue
[2023-01-27 22:56:32,555] {logging_mixin.py:109} INFO - [2023-01-27 22:56:32,555] {dagbag.py:500} INFO - Filling up the DagBag from /opt/airflow/dags/data_ingestion_gcs_dag.py
[2023-01-27 22:56:33,330] {processor.py:654} INFO - DAG(s) dict_keys(['data_ingestion_gcs_dag']) retrieved from /opt/airflow/dags/data_ingestion_gcs_dag.py
[2023-01-27 22:56:33,347] {logging_mixin.py:109} INFO - [2023-01-27 22:56:33,346] {dag.py:2396} INFO - Sync 1 DAGs
[2023-01-27 22:56:33,366] {logging_mixin.py:109} INFO - [2023-01-27 22:56:33,366] {dag.py:2935} INFO - Setting next_dagrun for data_ingestion_gcs_dag to 2023-01-27T00:00:00+00:00
[2023-01-27 22:56:33,383] {processor.py:171} INFO - Processing /opt/airflow/dags/data_ingestion_gcs_dag.py took 0.838 seconds
[2023-01-27 22:57:03,550] {processor.py:163} INFO - Started process (PID=1933) to work on /opt/airflow/dags/data_ingestion_gcs_dag.py
[2023-01-27 22:57:03,552] {processor.py:642} INFO - Processing file /opt/airflow/dags/data_ingestion_gcs_dag.py for tasks to queue
[2023-01-27 22:57:03,554] {logging_mixin.py:109} INFO - [2023-01-27 22:57:03,554] {dagbag.py:500} INFO - Filling up the DagBag from /opt/airflow/dags/data_ingestion_gcs_dag.py
[2023-01-27 22:57:04,332] {processor.py:654} INFO - DAG(s) dict_keys(['data_ingestion_gcs_dag']) retrieved from /opt/airflow/dags/data_ingestion_gcs_dag.py
[2023-01-27 22:57:04,345] {logging_mixin.py:109} INFO - [2023-01-27 22:57:04,345] {dag.py:2396} INFO - Sync 1 DAGs
[2023-01-27 22:57:04,366] {logging_mixin.py:109} INFO - [2023-01-27 22:57:04,365] {dag.py:2935} INFO - Setting next_dagrun for data_ingestion_gcs_dag to 2023-01-27T00:00:00+00:00
[2023-01-27 22:57:04,378] {processor.py:171} INFO - Processing /opt/airflow/dags/data_ingestion_gcs_dag.py took 0.834 seconds
[2023-01-27 22:57:34,589] {processor.py:163} INFO - Started process (PID=1997) to work on /opt/airflow/dags/data_ingestion_gcs_dag.py
[2023-01-27 22:57:34,591] {processor.py:642} INFO - Processing file /opt/airflow/dags/data_ingestion_gcs_dag.py for tasks to queue
[2023-01-27 22:57:34,593] {logging_mixin.py:109} INFO - [2023-01-27 22:57:34,593] {dagbag.py:500} INFO - Filling up the DagBag from /opt/airflow/dags/data_ingestion_gcs_dag.py
[2023-01-27 22:57:35,364] {processor.py:654} INFO - DAG(s) dict_keys(['data_ingestion_gcs_dag']) retrieved from /opt/airflow/dags/data_ingestion_gcs_dag.py
[2023-01-27 22:57:35,377] {logging_mixin.py:109} INFO - [2023-01-27 22:57:35,377] {dag.py:2396} INFO - Sync 1 DAGs
[2023-01-27 22:57:35,394] {logging_mixin.py:109} INFO - [2023-01-27 22:57:35,394] {dag.py:2935} INFO - Setting next_dagrun for data_ingestion_gcs_dag to 2023-01-27T00:00:00+00:00
[2023-01-27 22:57:35,404] {processor.py:171} INFO - Processing /opt/airflow/dags/data_ingestion_gcs_dag.py took 0.821 seconds
[2023-01-27 22:58:05,583] {processor.py:163} INFO - Started process (PID=2071) to work on /opt/airflow/dags/data_ingestion_gcs_dag.py
[2023-01-27 22:58:05,586] {processor.py:642} INFO - Processing file /opt/airflow/dags/data_ingestion_gcs_dag.py for tasks to queue
[2023-01-27 22:58:05,587] {logging_mixin.py:109} INFO - [2023-01-27 22:58:05,587] {dagbag.py:500} INFO - Filling up the DagBag from /opt/airflow/dags/data_ingestion_gcs_dag.py
[2023-01-27 22:58:06,348] {processor.py:654} INFO - DAG(s) dict_keys(['data_ingestion_gcs_dag']) retrieved from /opt/airflow/dags/data_ingestion_gcs_dag.py
[2023-01-27 22:58:06,360] {logging_mixin.py:109} INFO - [2023-01-27 22:58:06,359] {dag.py:2396} INFO - Sync 1 DAGs
[2023-01-27 22:58:06,376] {logging_mixin.py:109} INFO - [2023-01-27 22:58:06,376] {dag.py:2935} INFO - Setting next_dagrun for data_ingestion_gcs_dag to 2023-01-27T00:00:00+00:00
[2023-01-27 22:58:06,391] {processor.py:171} INFO - Processing /opt/airflow/dags/data_ingestion_gcs_dag.py took 0.812 seconds
