[2023-01-22 13:21:43,439] {taskinstance.py:1032} INFO - Dependencies all met for <TaskInstance: data_ingestion_gcs_dag.format_to_parquet_task manual__2023-01-22T13:16:36.950937+00:00 [queued]>
[2023-01-22 13:21:43,463] {taskinstance.py:1032} INFO - Dependencies all met for <TaskInstance: data_ingestion_gcs_dag.format_to_parquet_task manual__2023-01-22T13:16:36.950937+00:00 [queued]>
[2023-01-22 13:21:43,465] {taskinstance.py:1238} INFO - 
--------------------------------------------------------------------------------
[2023-01-22 13:21:43,468] {taskinstance.py:1239} INFO - Starting attempt 1 of 2
[2023-01-22 13:21:43,469] {taskinstance.py:1240} INFO - 
--------------------------------------------------------------------------------
[2023-01-22 13:21:43,510] {taskinstance.py:1259} INFO - Executing <Task(PythonOperator): format_to_parquet_task> on 2023-01-22 13:16:36.950937+00:00
[2023-01-22 13:21:43,542] {standard_task_runner.py:52} INFO - Started process 3942 to run task
[2023-01-22 13:21:43,572] {standard_task_runner.py:76} INFO - Running: ['***', 'tasks', 'run', 'data_ingestion_gcs_dag', 'format_to_parquet_task', 'manual__2023-01-22T13:16:36.950937+00:00', '--job-id', '47', '--raw', '--subdir', 'DAGS_FOLDER/data_ingestion_gcs_dag.py', '--cfg-path', '/tmp/tmpmt50k6b8', '--error-file', '/tmp/tmp44w1vuam']
[2023-01-22 13:21:43,579] {standard_task_runner.py:77} INFO - Job 47: Subtask format_to_parquet_task
[2023-01-22 13:21:43,730] {logging_mixin.py:109} INFO - Running <TaskInstance: data_ingestion_gcs_dag.format_to_parquet_task manual__2023-01-22T13:16:36.950937+00:00 [running]> on host a0e75fa915af
[2023-01-22 13:21:43,908] {taskinstance.py:1426} INFO - Exporting the following env vars:
AIRFLOW_CTX_DAG_OWNER=***
AIRFLOW_CTX_DAG_ID=data_ingestion_gcs_dag
AIRFLOW_CTX_TASK_ID=format_to_parquet_task
AIRFLOW_CTX_EXECUTION_DATE=2023-01-22T13:16:36.950937+00:00
AIRFLOW_CTX_DAG_RUN_ID=manual__2023-01-22T13:16:36.950937+00:00
[2023-01-22 13:21:43,910] {data_ingestion_gcs_dag.py:31} ERROR - Can only accept source files in CSV format, for the moment
[2023-01-22 13:21:43,912] {python.py:175} INFO - Done. Returned value was: None
[2023-01-22 13:21:43,955] {taskinstance.py:1277} INFO - Marking task as SUCCESS. dag_id=data_ingestion_gcs_dag, task_id=format_to_parquet_task, execution_date=20230122T131636, start_date=20230122T132143, end_date=20230122T132143
[2023-01-22 13:21:44,185] {local_task_job.py:154} INFO - Task exited with return code 0
[2023-01-22 13:21:44,240] {local_task_job.py:264} INFO - 0 downstream tasks scheduled from follow-on schedule check
