[2023-01-24 02:21:26,420] {taskinstance.py:1032} INFO - Dependencies all met for <TaskInstance: LocalIngestionDag.wget manual__2023-01-24T02:21:24.954164+00:00 [queued]>
[2023-01-24 02:21:26,432] {taskinstance.py:1032} INFO - Dependencies all met for <TaskInstance: LocalIngestionDag.wget manual__2023-01-24T02:21:24.954164+00:00 [queued]>
[2023-01-24 02:21:26,433] {taskinstance.py:1238} INFO - 
--------------------------------------------------------------------------------
[2023-01-24 02:21:26,433] {taskinstance.py:1239} INFO - Starting attempt 1 of 1
[2023-01-24 02:21:26,433] {taskinstance.py:1240} INFO - 
--------------------------------------------------------------------------------
[2023-01-24 02:21:26,447] {taskinstance.py:1259} INFO - Executing <Task(BashOperator): wget> on 2023-01-24 02:21:24.954164+00:00
[2023-01-24 02:21:26,453] {standard_task_runner.py:52} INFO - Started process 5087 to run task
[2023-01-24 02:21:26,460] {standard_task_runner.py:76} INFO - Running: ['***', 'tasks', 'run', 'LocalIngestionDag', 'wget', 'manual__2023-01-24T02:21:24.954164+00:00', '--job-id', '56', '--raw', '--subdir', 'DAGS_FOLDER/data_ingestion_local.py', '--cfg-path', '/tmp/tmpra3ry05u', '--error-file', '/tmp/tmput1wlfcc']
[2023-01-24 02:21:26,461] {standard_task_runner.py:77} INFO - Job 56: Subtask wget
[2023-01-24 02:21:26,535] {logging_mixin.py:109} INFO - Running <TaskInstance: LocalIngestionDag.wget manual__2023-01-24T02:21:24.954164+00:00 [running]> on host 6018d13d82e3
[2023-01-24 02:21:26,610] {taskinstance.py:1426} INFO - Exporting the following env vars:
AIRFLOW_CTX_DAG_OWNER=***
AIRFLOW_CTX_DAG_ID=LocalIngestionDag
AIRFLOW_CTX_TASK_ID=wget
AIRFLOW_CTX_EXECUTION_DATE=2023-01-24T02:21:24.954164+00:00
AIRFLOW_CTX_DAG_RUN_ID=manual__2023-01-24T02:21:24.954164+00:00
[2023-01-24 02:21:26,612] {subprocess.py:62} INFO - Tmp dir root location: 
 /tmp
[2023-01-24 02:21:26,613] {subprocess.py:74} INFO - Running command: ['bash', '-c', 'curl -sS https://d37ci6vzurychx.cloudfront.net/trip-data/yellow_tripdata_2021-01.parquet > /opt/***/yellow_tripdata_2021-01.parquet']
[2023-01-24 02:21:26,628] {subprocess.py:85} INFO - Output:
[2023-01-24 02:21:31,034] {subprocess.py:93} INFO - Command exited with return code 0
[2023-01-24 02:21:31,064] {taskinstance.py:1277} INFO - Marking task as SUCCESS. dag_id=LocalIngestionDag, task_id=wget, execution_date=20230124T022124, start_date=20230124T022126, end_date=20230124T022131
[2023-01-24 02:21:31,091] {local_task_job.py:154} INFO - Task exited with return code 0
[2023-01-24 02:21:31,139] {local_task_job.py:264} INFO - 1 downstream tasks scheduled from follow-on schedule check
