[2023-01-24 11:32:25,052] {taskinstance.py:1032} INFO - Dependencies all met for <TaskInstance: data_ingestion_zone_dag.local_to_gcs_task scheduled__2019-01-01T00:00:00+00:00 [queued]>
[2023-01-24 11:32:25,064] {taskinstance.py:1032} INFO - Dependencies all met for <TaskInstance: data_ingestion_zone_dag.local_to_gcs_task scheduled__2019-01-01T00:00:00+00:00 [queued]>
[2023-01-24 11:32:25,065] {taskinstance.py:1238} INFO - 
--------------------------------------------------------------------------------
[2023-01-24 11:32:25,065] {taskinstance.py:1239} INFO - Starting attempt 1 of 2
[2023-01-24 11:32:25,065] {taskinstance.py:1240} INFO - 
--------------------------------------------------------------------------------
[2023-01-24 11:32:25,078] {taskinstance.py:1259} INFO - Executing <Task(PythonOperator): local_to_gcs_task> on 2019-01-01 00:00:00+00:00
[2023-01-24 11:32:25,086] {standard_task_runner.py:52} INFO - Started process 4644 to run task
[2023-01-24 11:32:25,091] {standard_task_runner.py:76} INFO - Running: ['***', 'tasks', 'run', 'data_ingestion_zone_dag', 'local_to_gcs_task', 'scheduled__2019-01-01T00:00:00+00:00', '--job-id', '168', '--raw', '--subdir', 'DAGS_FOLDER/data_ingestion_zone_dag.py', '--cfg-path', '/tmp/tmp2vz35uk5', '--error-file', '/tmp/tmpmv0vuiif']
[2023-01-24 11:32:25,092] {standard_task_runner.py:77} INFO - Job 168: Subtask local_to_gcs_task
[2023-01-24 11:32:25,158] {logging_mixin.py:109} INFO - Running <TaskInstance: data_ingestion_zone_dag.local_to_gcs_task scheduled__2019-01-01T00:00:00+00:00 [running]> on host 07340d4b95ab
[2023-01-24 11:32:25,231] {taskinstance.py:1426} INFO - Exporting the following env vars:
AIRFLOW_CTX_DAG_OWNER=***
AIRFLOW_CTX_DAG_ID=data_ingestion_zone_dag
AIRFLOW_CTX_TASK_ID=local_to_gcs_task
AIRFLOW_CTX_EXECUTION_DATE=2019-01-01T00:00:00+00:00
AIRFLOW_CTX_DAG_RUN_ID=scheduled__2019-01-01T00:00:00+00:00
[2023-01-24 11:32:25,546] {python.py:175} INFO - Done. Returned value was: None
[2023-01-24 11:32:25,562] {taskinstance.py:1277} INFO - Marking task as SUCCESS. dag_id=data_ingestion_zone_dag, task_id=local_to_gcs_task, execution_date=20190101T000000, start_date=20230124T113225, end_date=20230124T113225
[2023-01-24 11:32:25,625] {local_task_job.py:154} INFO - Task exited with return code 0
[2023-01-24 11:32:25,663] {local_task_job.py:264} INFO - 0 downstream tasks scheduled from follow-on schedule check
