[2023-01-24 11:42:27,629] {taskinstance.py:1032} INFO - Dependencies all met for <TaskInstance: data_ingestion_zone_dag.local_to_gcs_task scheduled__2019-01-01T00:00:00+00:00 [queued]>
[2023-01-24 11:42:27,641] {taskinstance.py:1032} INFO - Dependencies all met for <TaskInstance: data_ingestion_zone_dag.local_to_gcs_task scheduled__2019-01-01T00:00:00+00:00 [queued]>
[2023-01-24 11:42:27,642] {taskinstance.py:1238} INFO - 
--------------------------------------------------------------------------------
[2023-01-24 11:42:27,642] {taskinstance.py:1239} INFO - Starting attempt 3 of 4
[2023-01-24 11:42:27,642] {taskinstance.py:1240} INFO - 
--------------------------------------------------------------------------------
[2023-01-24 11:42:27,660] {taskinstance.py:1259} INFO - Executing <Task(PythonOperator): local_to_gcs_task> on 2019-01-01 00:00:00+00:00
[2023-01-24 11:42:27,668] {standard_task_runner.py:52} INFO - Started process 5854 to run task
[2023-01-24 11:42:27,675] {standard_task_runner.py:76} INFO - Running: ['***', 'tasks', 'run', 'data_ingestion_zone_dag', 'local_to_gcs_task', 'scheduled__2019-01-01T00:00:00+00:00', '--job-id', '177', '--raw', '--subdir', 'DAGS_FOLDER/data_ingestion_zone_dag.py', '--cfg-path', '/tmp/tmpzfekz9pn', '--error-file', '/tmp/tmposefi91x']
[2023-01-24 11:42:27,676] {standard_task_runner.py:77} INFO - Job 177: Subtask local_to_gcs_task
[2023-01-24 11:42:27,751] {logging_mixin.py:109} INFO - Running <TaskInstance: data_ingestion_zone_dag.local_to_gcs_task scheduled__2019-01-01T00:00:00+00:00 [running]> on host 07340d4b95ab
[2023-01-24 11:42:27,821] {taskinstance.py:1426} INFO - Exporting the following env vars:
AIRFLOW_CTX_DAG_OWNER=***
AIRFLOW_CTX_DAG_ID=data_ingestion_zone_dag
AIRFLOW_CTX_TASK_ID=local_to_gcs_task
AIRFLOW_CTX_EXECUTION_DATE=2019-01-01T00:00:00+00:00
AIRFLOW_CTX_DAG_RUN_ID=scheduled__2019-01-01T00:00:00+00:00
[2023-01-24 11:42:28,122] {python.py:175} INFO - Done. Returned value was: None
[2023-01-24 11:42:28,136] {taskinstance.py:1277} INFO - Marking task as SUCCESS. dag_id=data_ingestion_zone_dag, task_id=local_to_gcs_task, execution_date=20190101T000000, start_date=20230124T114227, end_date=20230124T114228
[2023-01-24 11:42:28,169] {local_task_job.py:154} INFO - Task exited with return code 0
[2023-01-24 11:42:28,207] {local_task_job.py:264} INFO - 0 downstream tasks scheduled from follow-on schedule check
