[2023-01-28 04:33:17,134] {taskinstance.py:1032} INFO - Dependencies all met for <TaskInstance: data_ingestion_fhv_dag.download_dataset_task scheduled__2019-09-01T00:00:00+00:00 [queued]>
[2023-01-28 04:33:17,149] {taskinstance.py:1032} INFO - Dependencies all met for <TaskInstance: data_ingestion_fhv_dag.download_dataset_task scheduled__2019-09-01T00:00:00+00:00 [queued]>
[2023-01-28 04:33:17,150] {taskinstance.py:1238} INFO - 
--------------------------------------------------------------------------------
[2023-01-28 04:33:17,151] {taskinstance.py:1239} INFO - Starting attempt 2 of 3
[2023-01-28 04:33:17,152] {taskinstance.py:1240} INFO - 
--------------------------------------------------------------------------------
[2023-01-28 04:33:17,166] {taskinstance.py:1259} INFO - Executing <Task(BashOperator): download_dataset_task> on 2019-09-01 00:00:00+00:00
[2023-01-28 04:33:17,173] {standard_task_runner.py:52} INFO - Started process 26647 to run task
[2023-01-28 04:33:17,177] {standard_task_runner.py:76} INFO - Running: ['***', 'tasks', 'run', 'data_ingestion_fhv_dag', 'download_dataset_task', 'scheduled__2019-09-01T00:00:00+00:00', '--job-id', '225', '--raw', '--subdir', 'DAGS_FOLDER/data_ingestion_fhv_dag.py', '--cfg-path', '/tmp/tmpahdxp3dd', '--error-file', '/tmp/tmpk2t30brp']
[2023-01-28 04:33:17,179] {standard_task_runner.py:77} INFO - Job 225: Subtask download_dataset_task
[2023-01-28 04:33:17,290] {logging_mixin.py:109} INFO - Running <TaskInstance: data_ingestion_fhv_dag.download_dataset_task scheduled__2019-09-01T00:00:00+00:00 [running]> on host adbf820de9e6
[2023-01-28 04:33:17,346] {logging_mixin.py:109} WARNING - /home/***/.local/lib/python3.7/site-packages/***/utils/context.py:152 AirflowContextDeprecationWarning: Accessing 'execution_date' from the template is deprecated and will be removed in a future version. Please use 'data_interval_start' or 'logical_date' instead.
[2023-01-28 04:33:17,365] {taskinstance.py:1426} INFO - Exporting the following env vars:
AIRFLOW_CTX_DAG_OWNER=***
AIRFLOW_CTX_DAG_ID=data_ingestion_fhv_dag
AIRFLOW_CTX_TASK_ID=download_dataset_task
AIRFLOW_CTX_EXECUTION_DATE=2019-09-01T00:00:00+00:00
AIRFLOW_CTX_DAG_RUN_ID=scheduled__2019-09-01T00:00:00+00:00
[2023-01-28 04:33:17,367] {subprocess.py:62} INFO - Tmp dir root location: 
 /tmp
[2023-01-28 04:33:17,368] {subprocess.py:74} INFO - Running command: ['bash', '-c', 'curl -sSLf https://d37ci6vzurychx.cloudfront.net/trip-data/fhv_tripdata_2019-09.parquet > /opt/***/fhv_tripdata_2019-09.parquet']
[2023-01-28 04:33:17,381] {subprocess.py:85} INFO - Output:
[2023-01-28 04:33:20,728] {subprocess.py:93} INFO - Command exited with return code 0
[2023-01-28 04:33:20,767] {taskinstance.py:1277} INFO - Marking task as SUCCESS. dag_id=data_ingestion_fhv_dag, task_id=download_dataset_task, execution_date=20190901T000000, start_date=20230128T043317, end_date=20230128T043320
[2023-01-28 04:33:20,793] {local_task_job.py:154} INFO - Task exited with return code 0
[2023-01-28 04:33:20,837] {local_task_job.py:264} INFO - 1 downstream tasks scheduled from follow-on schedule check
